                                      1 ;--------------------------------------------------------------------------
                                      2 ;  crtclear.asm - C run-time: clear DATA/IDATA
                                      3 ;
                                      4 ;  Copyright (C) 2004, Erik Petrich
                                      5 ;
                                      6 ;  This library is free software; you can redistribute it and/or modify it
                                      7 ;  under the terms of the GNU General Public License as published by the
                                      8 ;  Free Software Foundation; either version 2, or (at your option) any
                                      9 ;  later version.
                                     10 ;
                                     11 ;  This library is distributed in the hope that it will be useful,
                                     12 ;  but WITHOUT ANY WARRANTY; without even the implied warranty of
                                     13 ;  MERCHANTABILITY or FITNESS FOR A PARTICULAR PURPOSE. See the
                                     14 ;  GNU General Public License for more details.
                                     15 ;
                                     16 ;  You should have received a copy of the GNU General Public License 
                                     17 ;  along with this library; see the file COPYING. If not, write to the
                                     18 ;  Free Software Foundation, 51 Franklin Street, Fifth Floor, Boston,
                                     19 ;   MA 02110-1301, USA.
                                     20 ;
                                     21 ;  As a special exception, if you link this library with other files,
                                     22 ;  some of which are compiled with SDCC, to produce an executable,
                                     23 ;  this library does not by itself cause the resulting executable to
                                     24 ;  be covered by the GNU General Public License. This exception does
                                     25 ;  not however invalidate any other reasons why the executable file
                                     26 ;  might be covered by the GNU General Public License.
                                     27 ;--------------------------------------------------------------------------
                                     28 
                                     29 	.area CSEG    (CODE)
                                     30 	.area GSINIT0 (CODE)
                                     31 	.area GSINIT1 (CODE)
                                     32 	.area GSINIT2 (CODE)
                                     33 	.area GSINIT3 (CODE)
                                     34 	.area GSINIT4 (CODE)
                                     35 	.area GSINIT5 (CODE)
                                     36 	.area GSINIT  (CODE)
                                     37 	.area GSFINAL (CODE)
                                     38 
                                     39 	.area GSINIT4 (CODE)
                                     40 
      000000                         41 __mcs51_genRAMCLEAR::
      000000 E4               [12]   42 	clr	a
      000001 78rFF            [12]   43 	mov	r0,#(l_IRAM-1)	; mov r0,a will do for most devices
      000003 F6               [12]   44 00004$:	mov	@r0,a
      000004 D8 FD            [24]   45 	djnz	r0,00004$
                                     46 ;	_mcs51_genRAMCLEAR() end
