                                      1 ;--------------------------------------------------------------------------
                                      2 ;  crtxclear.asm - C run-time: clear XSEG
                                      3 ;
                                      4 ;  Copyright (C) 2004, Erik Petrich
                                      5 ;
                                      6 ;  This library is free software; you can redistribute it and/or modify it
                                      7 ;  under the terms of the GNU General Public License as published by the
                                      8 ;  Free Software Foundation; either version 2, or (at your option) any
                                      9 ;  later version.
                                     10 ;
                                     11 ;  This library is distributed in the hope that it will be useful,
                                     12 ;  but WITHOUT ANY WARRANTY; without even the implied warranty of
                                     13 ;  MERCHANTABILITY or FITNESS FOR A PARTICULAR PURPOSE. See the
                                     14 ;  GNU General Public License for more details.
                                     15 ;
                                     16 ;  You should have received a copy of the GNU General Public License 
                                     17 ;  along with this library; see the file COPYING. If not, write to the
                                     18 ;  Free Software Foundation, 51 Franklin Street, Fifth Floor, Boston,
                                     19 ;   MA 02110-1301, USA.
                                     20 ;
                                     21 ;  As a special exception, if you link this library with other files,
                                     22 ;  some of which are compiled with SDCC, to produce an executable,
                                     23 ;  this library does not by itself cause the resulting executable to
                                     24 ;  be covered by the GNU General Public License. This exception does
                                     25 ;  not however invalidate any other reasons why the executable file
                                     26 ;  might be covered by the GNU General Public License.
                                     27 ;--------------------------------------------------------------------------
                                     28 
                                     29 	.area CSEG    (CODE)
                                     30 	.area GSINIT0 (CODE)
                                     31 	.area GSINIT1 (CODE)
                                     32 	.area GSINIT2 (CODE)
                                     33 	.area GSINIT3 (CODE)
                                     34 	.area GSINIT4 (CODE)
                                     35 	.area GSINIT5 (CODE)
                                     36 	.area GSINIT  (CODE)
                                     37 	.area GSFINAL (CODE)
                                     38 
                                     39 	.area GSINIT4 (CODE)
                                     40 
      000000                         41 __mcs51_genXRAMCLEAR::
      000000 78r00            [12]   42 	mov	r0,#l_PSEG
      000002 E8               [12]   43 	mov	a,r0
      000003 44s00            [12]   44 	orl	a,#(l_PSEG >> 8)
      000005 60 0A            [24]   45 	jz	00006$
      000007 79r00            [12]   46 	mov	r1,#s_PSEG
      000009 75*00s00         [24]   47 	mov	__XPAGE,#(s_PSEG >> 8)
      00000C E4               [12]   48 	clr     a
      00000D F3               [24]   49 00005$:	movx	@r1,a
      00000E 09               [12]   50 	inc	r1
      00000F D8 FC            [24]   51 	djnz	r0,00005$
                                     52 
      000011                         53 00006$:
      000011 78r00            [12]   54 	mov	r0,#l_XSEG
      000013 E8               [12]   55 	mov	a,r0
      000014 44s00            [12]   56 	orl	a,#(l_XSEG >> 8)
      000016 60 0C            [24]   57 	jz	00008$
      000018 79s00            [12]   58 	mov	r1,#((l_XSEG + 255) >> 8)
      00001A 90r00r00         [24]   59 	mov	dptr,#s_XSEG
      00001D E4               [12]   60 	clr     a
      00001E F0               [24]   61 00007$:	movx	@dptr,a
      00001F A3               [24]   62 	inc	dptr
      000020 D8 FC            [24]   63 	djnz	r0,00007$
      000022 D9 FA            [24]   64 	djnz	r1,00007$
      000024                         65 00008$:
                                     66 
