                                      1 ;--------------------------------------------------------
                                      2 ; File Created by SDCC : free open source ANSI-C Compiler
                                      3 ; Version 3.3.1 #8898 (Nov 27 2013) (Linux)
                                      4 ; This file was generated Wed Nov 27 12:27:58 2013
                                      5 ;--------------------------------------------------------
                                      6 	.module _autobaud
                                      7 	.optsdcc -mmcs51 --model-large
                                      8 	
                                      9 ;--------------------------------------------------------
                                     10 ; Public variables in this module
                                     11 ;--------------------------------------------------------
                                     12 	.globl _autobaud
                                     13 	.globl _CY
                                     14 	.globl _AC
                                     15 	.globl _F0
                                     16 	.globl _RS1
                                     17 	.globl _RS0
                                     18 	.globl _OV
                                     19 	.globl _F1
                                     20 	.globl _P
                                     21 	.globl _PS
                                     22 	.globl _PT1
                                     23 	.globl _PX1
                                     24 	.globl _PT0
                                     25 	.globl _PX0
                                     26 	.globl _RD
                                     27 	.globl _WR
                                     28 	.globl _T1
                                     29 	.globl _T0
                                     30 	.globl _INT1
                                     31 	.globl _INT0
                                     32 	.globl _TXD
                                     33 	.globl _RXD
                                     34 	.globl _P3_7
                                     35 	.globl _P3_6
                                     36 	.globl _P3_5
                                     37 	.globl _P3_4
                                     38 	.globl _P3_3
                                     39 	.globl _P3_2
                                     40 	.globl _P3_1
                                     41 	.globl _P3_0
                                     42 	.globl _EA
                                     43 	.globl _ES
                                     44 	.globl _ET1
                                     45 	.globl _EX1
                                     46 	.globl _ET0
                                     47 	.globl _EX0
                                     48 	.globl _P2_7
                                     49 	.globl _P2_6
                                     50 	.globl _P2_5
                                     51 	.globl _P2_4
                                     52 	.globl _P2_3
                                     53 	.globl _P2_2
                                     54 	.globl _P2_1
                                     55 	.globl _P2_0
                                     56 	.globl _SM0
                                     57 	.globl _SM1
                                     58 	.globl _SM2
                                     59 	.globl _REN
                                     60 	.globl _TB8
                                     61 	.globl _RB8
                                     62 	.globl _TI
                                     63 	.globl _RI
                                     64 	.globl _P1_7
                                     65 	.globl _P1_6
                                     66 	.globl _P1_5
                                     67 	.globl _P1_4
                                     68 	.globl _P1_3
                                     69 	.globl _P1_2
                                     70 	.globl _P1_1
                                     71 	.globl _P1_0
                                     72 	.globl _TF1
                                     73 	.globl _TR1
                                     74 	.globl _TF0
                                     75 	.globl _TR0
                                     76 	.globl _IE1
                                     77 	.globl _IT1
                                     78 	.globl _IE0
                                     79 	.globl _IT0
                                     80 	.globl _P0_7
                                     81 	.globl _P0_6
                                     82 	.globl _P0_5
                                     83 	.globl _P0_4
                                     84 	.globl _P0_3
                                     85 	.globl _P0_2
                                     86 	.globl _P0_1
                                     87 	.globl _P0_0
                                     88 	.globl _B
                                     89 	.globl _ACC
                                     90 	.globl _PSW
                                     91 	.globl _IP
                                     92 	.globl _P3
                                     93 	.globl _IE
                                     94 	.globl _P2
                                     95 	.globl _SBUF
                                     96 	.globl _SCON
                                     97 	.globl _P1
                                     98 	.globl _TH1
                                     99 	.globl _TH0
                                    100 	.globl _TL1
                                    101 	.globl _TL0
                                    102 	.globl _TMOD
                                    103 	.globl _TCON
                                    104 	.globl _PCON
                                    105 	.globl _DPH
                                    106 	.globl _DPL
                                    107 	.globl _SP
                                    108 	.globl _P0
                                    109 ;--------------------------------------------------------
                                    110 ; special function registers
                                    111 ;--------------------------------------------------------
                                    112 	.area RSEG    (ABS,DATA)
      000000                        113 	.org 0x0000
                           000080   114 _P0	=	0x0080
                           000081   115 _SP	=	0x0081
                           000082   116 _DPL	=	0x0082
                           000083   117 _DPH	=	0x0083
                           000087   118 _PCON	=	0x0087
                           000088   119 _TCON	=	0x0088
                           000089   120 _TMOD	=	0x0089
                           00008A   121 _TL0	=	0x008a
                           00008B   122 _TL1	=	0x008b
                           00008C   123 _TH0	=	0x008c
                           00008D   124 _TH1	=	0x008d
                           000090   125 _P1	=	0x0090
                           000098   126 _SCON	=	0x0098
                           000099   127 _SBUF	=	0x0099
                           0000A0   128 _P2	=	0x00a0
                           0000A8   129 _IE	=	0x00a8
                           0000B0   130 _P3	=	0x00b0
                           0000B8   131 _IP	=	0x00b8
                           0000D0   132 _PSW	=	0x00d0
                           0000E0   133 _ACC	=	0x00e0
                           0000F0   134 _B	=	0x00f0
                                    135 ;--------------------------------------------------------
                                    136 ; special function bits
                                    137 ;--------------------------------------------------------
                                    138 	.area RSEG    (ABS,DATA)
      000000                        139 	.org 0x0000
                           000080   140 _P0_0	=	0x0080
                           000081   141 _P0_1	=	0x0081
                           000082   142 _P0_2	=	0x0082
                           000083   143 _P0_3	=	0x0083
                           000084   144 _P0_4	=	0x0084
                           000085   145 _P0_5	=	0x0085
                           000086   146 _P0_6	=	0x0086
                           000087   147 _P0_7	=	0x0087
                           000088   148 _IT0	=	0x0088
                           000089   149 _IE0	=	0x0089
                           00008A   150 _IT1	=	0x008a
                           00008B   151 _IE1	=	0x008b
                           00008C   152 _TR0	=	0x008c
                           00008D   153 _TF0	=	0x008d
                           00008E   154 _TR1	=	0x008e
                           00008F   155 _TF1	=	0x008f
                           000090   156 _P1_0	=	0x0090
                           000091   157 _P1_1	=	0x0091
                           000092   158 _P1_2	=	0x0092
                           000093   159 _P1_3	=	0x0093
                           000094   160 _P1_4	=	0x0094
                           000095   161 _P1_5	=	0x0095
                           000096   162 _P1_6	=	0x0096
                           000097   163 _P1_7	=	0x0097
                           000098   164 _RI	=	0x0098
                           000099   165 _TI	=	0x0099
                           00009A   166 _RB8	=	0x009a
                           00009B   167 _TB8	=	0x009b
                           00009C   168 _REN	=	0x009c
                           00009D   169 _SM2	=	0x009d
                           00009E   170 _SM1	=	0x009e
                           00009F   171 _SM0	=	0x009f
                           0000A0   172 _P2_0	=	0x00a0
                           0000A1   173 _P2_1	=	0x00a1
                           0000A2   174 _P2_2	=	0x00a2
                           0000A3   175 _P2_3	=	0x00a3
                           0000A4   176 _P2_4	=	0x00a4
                           0000A5   177 _P2_5	=	0x00a5
                           0000A6   178 _P2_6	=	0x00a6
                           0000A7   179 _P2_7	=	0x00a7
                           0000A8   180 _EX0	=	0x00a8
                           0000A9   181 _ET0	=	0x00a9
                           0000AA   182 _EX1	=	0x00aa
                           0000AB   183 _ET1	=	0x00ab
                           0000AC   184 _ES	=	0x00ac
                           0000AF   185 _EA	=	0x00af
                           0000B0   186 _P3_0	=	0x00b0
                           0000B1   187 _P3_1	=	0x00b1
                           0000B2   188 _P3_2	=	0x00b2
                           0000B3   189 _P3_3	=	0x00b3
                           0000B4   190 _P3_4	=	0x00b4
                           0000B5   191 _P3_5	=	0x00b5
                           0000B6   192 _P3_6	=	0x00b6
                           0000B7   193 _P3_7	=	0x00b7
                           0000B0   194 _RXD	=	0x00b0
                           0000B1   195 _TXD	=	0x00b1
                           0000B2   196 _INT0	=	0x00b2
                           0000B3   197 _INT1	=	0x00b3
                           0000B4   198 _T0	=	0x00b4
                           0000B5   199 _T1	=	0x00b5
                           0000B6   200 _WR	=	0x00b6
                           0000B7   201 _RD	=	0x00b7
                           0000B8   202 _PX0	=	0x00b8
                           0000B9   203 _PT0	=	0x00b9
                           0000BA   204 _PX1	=	0x00ba
                           0000BB   205 _PT1	=	0x00bb
                           0000BC   206 _PS	=	0x00bc
                           0000D0   207 _P	=	0x00d0
                           0000D1   208 _F1	=	0x00d1
                           0000D2   209 _OV	=	0x00d2
                           0000D3   210 _RS0	=	0x00d3
                           0000D4   211 _RS1	=	0x00d4
                           0000D5   212 _F0	=	0x00d5
                           0000D6   213 _AC	=	0x00d6
                           0000D7   214 _CY	=	0x00d7
                                    215 ;--------------------------------------------------------
                                    216 ; overlayable register banks
                                    217 ;--------------------------------------------------------
                                    218 	.area REG_BANK_0	(REL,OVR,DATA)
      000000                        219 	.ds 8
                                    220 ;--------------------------------------------------------
                                    221 ; internal ram data
                                    222 ;--------------------------------------------------------
                                    223 	.area DSEG    (DATA)
                                    224 ;--------------------------------------------------------
                                    225 ; overlayable items in internal ram 
                                    226 ;--------------------------------------------------------
                                    227 ;--------------------------------------------------------
                                    228 ; indirectly addressable internal ram data
                                    229 ;--------------------------------------------------------
                                    230 	.area ISEG    (DATA)
                                    231 ;--------------------------------------------------------
                                    232 ; absolute internal ram data
                                    233 ;--------------------------------------------------------
                                    234 	.area IABS    (ABS,DATA)
                                    235 	.area IABS    (ABS,DATA)
                                    236 ;--------------------------------------------------------
                                    237 ; bit data
                                    238 ;--------------------------------------------------------
                                    239 	.area BSEG    (BIT)
                                    240 ;--------------------------------------------------------
                                    241 ; paged external ram data
                                    242 ;--------------------------------------------------------
                                    243 	.area PSEG    (PAG,XDATA)
                                    244 ;--------------------------------------------------------
                                    245 ; external ram data
                                    246 ;--------------------------------------------------------
                                    247 	.area XSEG    (XDATA)
                                    248 ;--------------------------------------------------------
                                    249 ; absolute external ram data
                                    250 ;--------------------------------------------------------
                                    251 	.area XABS    (ABS,XDATA)
                                    252 ;--------------------------------------------------------
                                    253 ; external initialized ram data
                                    254 ;--------------------------------------------------------
                                    255 	.area XISEG   (XDATA)
                                    256 	.area HOME    (CODE)
                                    257 	.area GSINIT0 (CODE)
                                    258 	.area GSINIT1 (CODE)
                                    259 	.area GSINIT2 (CODE)
                                    260 	.area GSINIT3 (CODE)
                                    261 	.area GSINIT4 (CODE)
                                    262 	.area GSINIT5 (CODE)
                                    263 	.area GSINIT  (CODE)
                                    264 	.area GSFINAL (CODE)
                                    265 	.area CSEG    (CODE)
                                    266 ;--------------------------------------------------------
                                    267 ; global & static initialisations
                                    268 ;--------------------------------------------------------
                                    269 	.area HOME    (CODE)
                                    270 	.area GSINIT  (CODE)
                                    271 	.area GSFINAL (CODE)
                                    272 	.area GSINIT  (CODE)
                                    273 ;--------------------------------------------------------
                                    274 ; Home
                                    275 ;--------------------------------------------------------
                                    276 	.area HOME    (CODE)
                                    277 	.area HOME    (CODE)
                                    278 ;--------------------------------------------------------
                                    279 ; code
                                    280 ;--------------------------------------------------------
                                    281 	.area CSEG    (CODE)
                                    282 ;------------------------------------------------------------
                                    283 ;Allocation info for local variables in function 'autobaud'
                                    284 ;------------------------------------------------------------
                                    285 ;	_autobaud.c:57: void autobaud ()
                                    286 ;	-----------------------------------------
                                    287 ;	 function autobaud
                                    288 ;	-----------------------------------------
      000000                        289 _autobaud:
                           000007   290 	ar7 = 0x07
                           000006   291 	ar6 = 0x06
                           000005   292 	ar5 = 0x05
                           000004   293 	ar4 = 0x04
                           000003   294 	ar3 = 0x03
                           000002   295 	ar2 = 0x02
                           000001   296 	ar1 = 0x01
                           000000   297 	ar0 = 0x00
                                    298 ;	_autobaud.c:61: TMOD=0x11;
      000000 75 89 11         [24]  299 	mov	_TMOD,#0x11
                                    300 ;	_autobaud.c:62: TCON = 0;
      000003 75 88 00         [24]  301 	mov	_TCON,#0x00
                                    302 ;	_autobaud.c:63: TH1 = TL1 = 0;
      000006 75 8B 00         [24]  303 	mov	_TL1,#0x00
      000009 75 8D 00         [24]  304 	mov	_TH1,#0x00
                                    305 ;	_autobaud.c:67: while(RXD) ; 
      00000C                        306 00102$:
      00000C 20 B0 FD         [24]  307 	jb	_RXD,00102$
                                    308 ;	_autobaud.c:71: if (RXD) goto autobaud2;
      00000F 20 B0 FA         [24]  309 	jb	_RXD,00102$
                                    310 ;	_autobaud.c:72: if (RXD) goto autobaud2;
      000012 20 B0 F7         [24]  311 	jb	_RXD,00102$
                                    312 ;	_autobaud.c:73: if (RXD) goto autobaud2;
      000015 20 B0 F4         [24]  313 	jb	_RXD,00102$
                                    314 ;	_autobaud.c:74: if (RXD) goto autobaud2;
      000018 20 B0 F1         [24]  315 	jb	_RXD,00102$
                                    316 ;	_autobaud.c:77: while (!RXD);
      00001B                        317 00113$:
      00001B 30 B0 FD         [24]  318 	jnb	_RXD,00113$
                                    319 ;	_autobaud.c:78: TR1 = 1; /* start the timer */
      00001E D2 8E            [12]  320 	setb	_TR1
                                    321 ;	_autobaud.c:79: while (RXD);             // wait for bit #1 to begin
      000020                        322 00116$:
      000020 20 B0 FD         [24]  323 	jb	_RXD,00116$
                                    324 ;	_autobaud.c:80: while(!RXD);             // wait for bit #2 to begin
      000023                        325 00119$:
      000023 30 B0 FD         [24]  326 	jnb	_RXD,00119$
                                    327 ;	_autobaud.c:81: while(RXD);              // wait for bit #4 to begin
      000026                        328 00122$:
      000026 20 B0 FD         [24]  329 	jb	_RXD,00122$
                                    330 ;	_autobaud.c:82: while (!RXD);            // wait for stop bit to begin
      000029                        331 00125$:
      000029 30 B0 FD         [24]  332 	jnb	_RXD,00125$
                                    333 ;	_autobaud.c:83: TR1 = 0;                 // stop timing
      00002C C2 8E            [12]  334 	clr	_TR1
                                    335 ;	_autobaud.c:86: TH1 = (TH1 << 1) | (TL1 >> 7);
      00002E E5 8D            [12]  336 	mov	a,_TH1
      000030 25 E0            [12]  337 	add	a,acc
      000032 FF               [12]  338 	mov	r7,a
      000033 E5 8B            [12]  339 	mov	a,_TL1
      000035 23               [12]  340 	rl	a
      000036 54 01            [12]  341 	anl	a,#0x01
      000038 4F               [12]  342 	orl	a,r7
      000039 F5 8D            [12]  343 	mov	_TH1,a
                                    344 ;	_autobaud.c:89: TH1 = (TH1 << 1) | ((TL1 >> 6) & 0x01);
      00003B E5 8D            [12]  345 	mov	a,_TH1
      00003D 25 E0            [12]  346 	add	a,acc
      00003F FF               [12]  347 	mov	r7,a
      000040 E5 8B            [12]  348 	mov	a,_TL1
      000042 23               [12]  349 	rl	a
      000043 23               [12]  350 	rl	a
      000044 54 01            [12]  351 	anl	a,#0x01
      000046 4F               [12]  352 	orl	a,r7
      000047 F5 8D            [12]  353 	mov	_TH1,a
                                    354 ;	_autobaud.c:92: TH1 = ~TH1;
      000049 E5 8D            [12]  355 	mov	a,_TH1
      00004B F4               [12]  356 	cpl	a
      00004C F5 8D            [12]  357 	mov	_TH1,a
                                    358 ;	_autobaud.c:95: TH1++ ;
      00004E 05 8D            [12]  359 	inc	_TH1
                                    360 ;	_autobaud.c:97: TL1 = TH1;
      000050 85 8D 8B         [24]  361 	mov	_TL1,_TH1
                                    362 ;	_autobaud.c:98: TMOD =  0x21     ;      // set timer #1 for 8 bit auto-reload
      000053 75 89 21         [24]  363 	mov	_TMOD,#0x21
                                    364 ;	_autobaud.c:99: PCON =  0x80     ;      // configure built-in uart
      000056 75 87 80         [24]  365 	mov	_PCON,#0x80
                                    366 ;	_autobaud.c:100: SCON =  0x52     ;
      000059 75 98 52         [24]  367 	mov	_SCON,#0x52
      00005C 22               [24]  368 	ret
                                    369 	.area CSEG    (CODE)
                                    370 	.area CONST   (CODE)
                                    371 	.area XINIT   (CODE)
                                    372 	.area CABS    (ABS,CODE)
