                                      1 ;--------------------------------------------------------
                                      2 ; File Created by SDCC : free open source ANSI-C Compiler
                                      3 ; Version 3.3.1 #8898 (Nov 27 2013) (Linux)
                                      4 ; This file was generated Wed Nov 27 12:27:57 2013
                                      5 ;--------------------------------------------------------
                                      6 	.module _calloc
                                      7 	.optsdcc -mmcs51 --model-large
                                      8 	
                                      9 ;--------------------------------------------------------
                                     10 ; Public variables in this module
                                     11 ;--------------------------------------------------------
                                     12 	.globl _memset
                                     13 	.globl _malloc
                                     14 	.globl _calloc_PARM_2
                                     15 	.globl _calloc
                                     16 ;--------------------------------------------------------
                                     17 ; special function registers
                                     18 ;--------------------------------------------------------
                                     19 	.area RSEG    (ABS,DATA)
      000000                         20 	.org 0x0000
                                     21 ;--------------------------------------------------------
                                     22 ; special function bits
                                     23 ;--------------------------------------------------------
                                     24 	.area RSEG    (ABS,DATA)
      000000                         25 	.org 0x0000
                                     26 ;--------------------------------------------------------
                                     27 ; overlayable register banks
                                     28 ;--------------------------------------------------------
                                     29 	.area REG_BANK_0	(REL,OVR,DATA)
      000000                         30 	.ds 8
                                     31 ;--------------------------------------------------------
                                     32 ; internal ram data
                                     33 ;--------------------------------------------------------
                                     34 	.area DSEG    (DATA)
                                     35 ;--------------------------------------------------------
                                     36 ; overlayable items in internal ram 
                                     37 ;--------------------------------------------------------
                                     38 ;--------------------------------------------------------
                                     39 ; indirectly addressable internal ram data
                                     40 ;--------------------------------------------------------
                                     41 	.area ISEG    (DATA)
                                     42 ;--------------------------------------------------------
                                     43 ; absolute internal ram data
                                     44 ;--------------------------------------------------------
                                     45 	.area IABS    (ABS,DATA)
                                     46 	.area IABS    (ABS,DATA)
                                     47 ;--------------------------------------------------------
                                     48 ; bit data
                                     49 ;--------------------------------------------------------
                                     50 	.area BSEG    (BIT)
                                     51 ;--------------------------------------------------------
                                     52 ; paged external ram data
                                     53 ;--------------------------------------------------------
                                     54 	.area PSEG    (PAG,XDATA)
                                     55 ;--------------------------------------------------------
                                     56 ; external ram data
                                     57 ;--------------------------------------------------------
                                     58 	.area XSEG    (XDATA)
      000000                         59 _calloc_PARM_2:
      000000                         60 	.ds 2
      000002                         61 _calloc_nmemb_1_25:
      000002                         62 	.ds 2
                                     63 ;--------------------------------------------------------
                                     64 ; absolute external ram data
                                     65 ;--------------------------------------------------------
                                     66 	.area XABS    (ABS,XDATA)
                                     67 ;--------------------------------------------------------
                                     68 ; external initialized ram data
                                     69 ;--------------------------------------------------------
                                     70 	.area XISEG   (XDATA)
                                     71 	.area HOME    (CODE)
                                     72 	.area GSINIT0 (CODE)
                                     73 	.area GSINIT1 (CODE)
                                     74 	.area GSINIT2 (CODE)
                                     75 	.area GSINIT3 (CODE)
                                     76 	.area GSINIT4 (CODE)
                                     77 	.area GSINIT5 (CODE)
                                     78 	.area GSINIT  (CODE)
                                     79 	.area GSFINAL (CODE)
                                     80 	.area CSEG    (CODE)
                                     81 ;--------------------------------------------------------
                                     82 ; global & static initialisations
                                     83 ;--------------------------------------------------------
                                     84 	.area HOME    (CODE)
                                     85 	.area GSINIT  (CODE)
                                     86 	.area GSFINAL (CODE)
                                     87 	.area GSINIT  (CODE)
                                     88 ;--------------------------------------------------------
                                     89 ; Home
                                     90 ;--------------------------------------------------------
                                     91 	.area HOME    (CODE)
                                     92 	.area HOME    (CODE)
                                     93 ;--------------------------------------------------------
                                     94 ; code
                                     95 ;--------------------------------------------------------
                                     96 	.area CSEG    (CODE)
                                     97 ;------------------------------------------------------------
                                     98 ;Allocation info for local variables in function 'calloc'
                                     99 ;------------------------------------------------------------
                                    100 ;size                      Allocated with name '_calloc_PARM_2'
                                    101 ;nmemb                     Allocated with name '_calloc_nmemb_1_25'
                                    102 ;ptr                       Allocated with name '_calloc_ptr_1_26'
                                    103 ;------------------------------------------------------------
                                    104 ;	_calloc.c:70: void __xdata * calloc (size_t nmemb, size_t size)
                                    105 ;	-----------------------------------------
                                    106 ;	 function calloc
                                    107 ;	-----------------------------------------
      000000                        108 _calloc:
                           000007   109 	ar7 = 0x07
                           000006   110 	ar6 = 0x06
                           000005   111 	ar5 = 0x05
                           000004   112 	ar4 = 0x04
                           000003   113 	ar3 = 0x03
                           000002   114 	ar2 = 0x02
                           000001   115 	ar1 = 0x01
                           000000   116 	ar0 = 0x00
      000000 AF 83            [24]  117 	mov	r7,dph
      000002 E5 82            [12]  118 	mov	a,dpl
      000004 90r00r02         [24]  119 	mov	dptr,#_calloc_nmemb_1_25
      000007 F0               [24]  120 	movx	@dptr,a
      000008 EF               [12]  121 	mov	a,r7
      000009 A3               [24]  122 	inc	dptr
      00000A F0               [24]  123 	movx	@dptr,a
                                    124 ;	_calloc.c:74: ptr = malloc(nmemb * size);
      00000B 90r00r00         [24]  125 	mov	dptr,#_calloc_PARM_2
      00000E E0               [24]  126 	movx	a,@dptr
      00000F FE               [12]  127 	mov	r6,a
      000010 A3               [24]  128 	inc	dptr
      000011 E0               [24]  129 	movx	a,@dptr
      000012 FF               [12]  130 	mov	r7,a
      000013 90r00r02         [24]  131 	mov	dptr,#_calloc_nmemb_1_25
      000016 E0               [24]  132 	movx	a,@dptr
      000017 FC               [12]  133 	mov	r4,a
      000018 A3               [24]  134 	inc	dptr
      000019 E0               [24]  135 	movx	a,@dptr
      00001A FD               [12]  136 	mov	r5,a
      00001B 90r00r00         [24]  137 	mov	dptr,#__mulint_PARM_2
      00001E EE               [12]  138 	mov	a,r6
      00001F F0               [24]  139 	movx	@dptr,a
      000020 EF               [12]  140 	mov	a,r7
      000021 A3               [24]  141 	inc	dptr
      000022 F0               [24]  142 	movx	@dptr,a
      000023 8C 82            [24]  143 	mov	dpl,r4
      000025 8D 83            [24]  144 	mov	dph,r5
      000027 12r00r00         [24]  145 	lcall	__mulint
      00002A AE 82            [24]  146 	mov	r6,dpl
      00002C AF 83            [24]  147 	mov  r7,dph
      00002E C0 07            [24]  148 	push	ar7
      000030 C0 06            [24]  149 	push	ar6
      000032 12r00r00         [24]  150 	lcall	_malloc
      000035 AC 82            [24]  151 	mov	r4,dpl
      000037 AD 83            [24]  152 	mov	r5,dph
      000039 D0 06            [24]  153 	pop	ar6
      00003B D0 07            [24]  154 	pop	ar7
                                    155 ;	_calloc.c:75: if (ptr)
      00003D EC               [12]  156 	mov	a,r4
      00003E 4D               [12]  157 	orl	a,r5
      00003F 60 26            [24]  158 	jz	00102$
                                    159 ;	_calloc.c:77: memset(ptr, 0, nmemb * size);
      000041 8C 02            [24]  160 	mov	ar2,r4
      000043 8D 03            [24]  161 	mov	ar3,r5
      000045 8B 01            [24]  162 	mov	ar1,r3
      000047 7B 00            [12]  163 	mov	r3,#0x00
      000049 90r00r00         [24]  164 	mov	dptr,#_memset_PARM_2
      00004C E4               [12]  165 	clr	a
      00004D F0               [24]  166 	movx	@dptr,a
      00004E 90r00r00         [24]  167 	mov	dptr,#_memset_PARM_3
      000051 EE               [12]  168 	mov	a,r6
      000052 F0               [24]  169 	movx	@dptr,a
      000053 EF               [12]  170 	mov	a,r7
      000054 A3               [24]  171 	inc	dptr
      000055 F0               [24]  172 	movx	@dptr,a
      000056 8A 82            [24]  173 	mov	dpl,r2
      000058 89 83            [24]  174 	mov	dph,r1
      00005A 8B F0            [24]  175 	mov	b,r3
      00005C C0 05            [24]  176 	push	ar5
      00005E C0 04            [24]  177 	push	ar4
      000060 12r00r00         [24]  178 	lcall	_memset
      000063 D0 04            [24]  179 	pop	ar4
      000065 D0 05            [24]  180 	pop	ar5
      000067                        181 00102$:
                                    182 ;	_calloc.c:79: return ptr;
      000067 8C 82            [24]  183 	mov	dpl,r4
      000069 8D 83            [24]  184 	mov	dph,r5
      00006B 22               [24]  185 	ret
                                    186 	.area CSEG    (CODE)
                                    187 	.area CONST   (CODE)
                                    188 	.area XINIT   (CODE)
                                    189 	.area CABS    (ABS,CODE)
