                                      1 ;--------------------------------------------------------
                                      2 ; File Created by SDCC : free open source ANSI-C Compiler
                                      3 ; Version 3.3.1 #8898 (Nov 27 2013) (Linux)
                                      4 ; This file was generated Wed Nov 27 12:27:55 2013
                                      5 ;--------------------------------------------------------
                                      6 	.module _fs2slong
                                      7 	.optsdcc -mmcs51 --model-large
                                      8 	
                                      9 ;--------------------------------------------------------
                                     10 ; Public variables in this module
                                     11 ;--------------------------------------------------------
                                     12 ;--------------------------------------------------------
                                     13 ; special function registers
                                     14 ;--------------------------------------------------------
                                     15 	.area RSEG    (ABS,DATA)
      000000                         16 	.org 0x0000
                                     17 ;--------------------------------------------------------
                                     18 ; special function bits
                                     19 ;--------------------------------------------------------
                                     20 	.area RSEG    (ABS,DATA)
      000000                         21 	.org 0x0000
                                     22 ;--------------------------------------------------------
                                     23 ; overlayable register banks
                                     24 ;--------------------------------------------------------
                                     25 	.area REG_BANK_0	(REL,OVR,DATA)
      000000                         26 	.ds 8
                                     27 ;--------------------------------------------------------
                                     28 ; internal ram data
                                     29 ;--------------------------------------------------------
                                     30 	.area DSEG    (DATA)
                                     31 ;--------------------------------------------------------
                                     32 ; overlayable items in internal ram 
                                     33 ;--------------------------------------------------------
                                     34 ;--------------------------------------------------------
                                     35 ; indirectly addressable internal ram data
                                     36 ;--------------------------------------------------------
                                     37 	.area ISEG    (DATA)
                                     38 ;--------------------------------------------------------
                                     39 ; absolute internal ram data
                                     40 ;--------------------------------------------------------
                                     41 	.area IABS    (ABS,DATA)
                                     42 	.area IABS    (ABS,DATA)
                                     43 ;--------------------------------------------------------
                                     44 ; bit data
                                     45 ;--------------------------------------------------------
                                     46 	.area BSEG    (BIT)
                                     47 ;--------------------------------------------------------
                                     48 ; paged external ram data
                                     49 ;--------------------------------------------------------
                                     50 	.area PSEG    (PAG,XDATA)
                                     51 ;--------------------------------------------------------
                                     52 ; external ram data
                                     53 ;--------------------------------------------------------
                                     54 	.area XSEG    (XDATA)
                                     55 ;--------------------------------------------------------
                                     56 ; absolute external ram data
                                     57 ;--------------------------------------------------------
                                     58 	.area XABS    (ABS,XDATA)
                                     59 ;--------------------------------------------------------
                                     60 ; external initialized ram data
                                     61 ;--------------------------------------------------------
                                     62 	.area XISEG   (XDATA)
                                     63 	.area HOME    (CODE)
                                     64 	.area GSINIT0 (CODE)
                                     65 	.area GSINIT1 (CODE)
                                     66 	.area GSINIT2 (CODE)
                                     67 	.area GSINIT3 (CODE)
                                     68 	.area GSINIT4 (CODE)
                                     69 	.area GSINIT5 (CODE)
                                     70 	.area GSINIT  (CODE)
                                     71 	.area GSFINAL (CODE)
                                     72 	.area CSEG    (CODE)
                                     73 ;--------------------------------------------------------
                                     74 ; global & static initialisations
                                     75 ;--------------------------------------------------------
                                     76 	.area HOME    (CODE)
                                     77 	.area GSINIT  (CODE)
                                     78 	.area GSFINAL (CODE)
                                     79 	.area GSINIT  (CODE)
                                     80 ;--------------------------------------------------------
                                     81 ; Home
                                     82 ;--------------------------------------------------------
                                     83 	.area HOME    (CODE)
                                     84 	.area HOME    (CODE)
                                     85 ;--------------------------------------------------------
                                     86 ; code
                                     87 ;--------------------------------------------------------
                                     88 	.area CSEG    (CODE)
                                     89 ;------------------------------------------------------------
                                     90 ;Allocation info for local variables in function 'dummy'
                                     91 ;------------------------------------------------------------
                                     92 ;	_fs2slong.c:37: static void dummy(void) __naked
                                     93 ;	-----------------------------------------
                                     94 ;	 function dummy
                                     95 ;	-----------------------------------------
      000000                         96 _dummy:
                                     97 ;	naked function: no prologue.
                                     98 ;	_fs2slong.c:102: __endasm;
                                     99 	.globl ___fs2slong
      000000                        100 	___fs2slong:
      000000 12r00r00         [24]  101 	lcall fsgetarg
      000003 C3               [12]  102 	clr c
      000004 74 9E            [12]  103 	mov a, #158
      000006 95 82            [12]  104 	subb a, dpl
      000008 40 39            [24]  105 	jc fs2slong_maxval
      00000A                        106 	fs2slong_int_ok:
      00000A 79 00            [12]  107 	mov r1, #0
      00000C 12r00r00         [24]  108 	lcall fs_rshift_a
      00000F 30 D1 26         [24]  109 	jnb psw.1, fs2slong_pos
      000012                        110 	fs2slong_neg:
      000012 E9               [12]  111 	mov a, r1
      000013 F4               [12]  112 	cpl a
      000014 24 01            [12]  113 	add a, #1
      000016 F5 82            [12]  114 	mov dpl, a
      000018 EA               [12]  115 	mov a, r2
      000019 F4               [12]  116 	cpl a
      00001A 34 00            [12]  117 	addc a, #0
      00001C F5 83            [12]  118 	mov dph, a
      00001E EB               [12]  119 	mov a, r3
      00001F F4               [12]  120 	cpl a
      000020 34 00            [12]  121 	addc a, #0
      000022 F5 F0            [12]  122 	mov b, a
      000024 EC               [12]  123 	mov a, r4
      000025 F4               [12]  124 	cpl a
      000026 34 00            [12]  125 	addc a, #0
      000028 70 0A            [24]  126 	jnz fs2slong_not_zero
      00002A E5 82            [12]  127 	mov a, dpl
      00002C 45 83            [12]  128 	orl a, dph
      00002E 45 F0            [12]  129 	orl a, b
      000030 70 01            [24]  130 	jnz fs2slong_clr_a
      000032 22               [24]  131 	ret
      000033                        132 	fs2slong_clr_a:
      000033 E4               [12]  133 	clr a
      000034                        134 	fs2slong_not_zero:
      000034 30 E7 0F         [24]  135 	jnb acc.7, fs2slong_maxval_neg
      000037 22               [24]  136 	ret
      000038                        137 	fs2slong_pos:
      000038 EC               [12]  138 	mov a, r4
      000039 20 E7 14         [24]  139 	jb acc.7, fs2slong_maxval_pos
      00003C 89 82            [24]  140 	mov dpl, r1
      00003E 8A 83            [24]  141 	mov dph, r2
      000040 8B F0            [24]  142 	mov b, r3
      000042 22               [24]  143 	ret
      000043                        144 	fs2slong_maxval:
      000043 30 D1 0A         [24]  145 	jnb psw.1, fs2slong_maxval_pos
      000046                        146 	fs2slong_maxval_neg:
      000046 E4               [12]  147 	clr a
      000047 F5 82            [12]  148 	mov dpl, a
      000049 F5 83            [12]  149 	mov dph, a
      00004B F5 F0            [12]  150 	mov b, a
      00004D 74 80            [12]  151 	mov a, #0x80
      00004F 22               [24]  152 	ret
      000050                        153 	fs2slong_maxval_pos:
      000050 74 FF            [12]  154 	mov a, #0xFF
      000052 F5 82            [12]  155 	mov dpl, a
      000054 F5 83            [12]  156 	mov dph, a
      000056 F5 F0            [12]  157 	mov b, a
      000058 74 7F            [12]  158 	mov a, #0x7F
      00005A 22               [24]  159 	ret
                                    160 ;	naked function: no epilogue.
                                    161 	.area CSEG    (CODE)
                                    162 	.area CONST   (CODE)
                                    163 	.area XINIT   (CODE)
                                    164 	.area CABS    (ABS,CODE)
