                                      1 ;--------------------------------------------------------
                                      2 ; File Created by SDCC : free open source ANSI-C Compiler
                                      3 ; Version 3.3.1 #8898 (Nov 27 2013) (Linux)
                                      4 ; This file was generated Wed Nov 27 12:27:55 2013
                                      5 ;--------------------------------------------------------
                                      6 	.module _fs2ulong
                                      7 	.optsdcc -mmcs51 --model-large
                                      8 	
                                      9 ;--------------------------------------------------------
                                     10 ; Public variables in this module
                                     11 ;--------------------------------------------------------
                                     12 ;--------------------------------------------------------
                                     13 ; special function registers
                                     14 ;--------------------------------------------------------
                                     15 	.area RSEG    (ABS,DATA)
      000000                         16 	.org 0x0000
                                     17 ;--------------------------------------------------------
                                     18 ; special function bits
                                     19 ;--------------------------------------------------------
                                     20 	.area RSEG    (ABS,DATA)
      000000                         21 	.org 0x0000
                                     22 ;--------------------------------------------------------
                                     23 ; overlayable register banks
                                     24 ;--------------------------------------------------------
                                     25 	.area REG_BANK_0	(REL,OVR,DATA)
      000000                         26 	.ds 8
                                     27 ;--------------------------------------------------------
                                     28 ; internal ram data
                                     29 ;--------------------------------------------------------
                                     30 	.area DSEG    (DATA)
                                     31 ;--------------------------------------------------------
                                     32 ; overlayable items in internal ram 
                                     33 ;--------------------------------------------------------
                                     34 ;--------------------------------------------------------
                                     35 ; indirectly addressable internal ram data
                                     36 ;--------------------------------------------------------
                                     37 	.area ISEG    (DATA)
                                     38 ;--------------------------------------------------------
                                     39 ; absolute internal ram data
                                     40 ;--------------------------------------------------------
                                     41 	.area IABS    (ABS,DATA)
                                     42 	.area IABS    (ABS,DATA)
                                     43 ;--------------------------------------------------------
                                     44 ; bit data
                                     45 ;--------------------------------------------------------
                                     46 	.area BSEG    (BIT)
                                     47 ;--------------------------------------------------------
                                     48 ; paged external ram data
                                     49 ;--------------------------------------------------------
                                     50 	.area PSEG    (PAG,XDATA)
                                     51 ;--------------------------------------------------------
                                     52 ; external ram data
                                     53 ;--------------------------------------------------------
                                     54 	.area XSEG    (XDATA)
                                     55 ;--------------------------------------------------------
                                     56 ; absolute external ram data
                                     57 ;--------------------------------------------------------
                                     58 	.area XABS    (ABS,XDATA)
                                     59 ;--------------------------------------------------------
                                     60 ; external initialized ram data
                                     61 ;--------------------------------------------------------
                                     62 	.area XISEG   (XDATA)
                                     63 	.area HOME    (CODE)
                                     64 	.area GSINIT0 (CODE)
                                     65 	.area GSINIT1 (CODE)
                                     66 	.area GSINIT2 (CODE)
                                     67 	.area GSINIT3 (CODE)
                                     68 	.area GSINIT4 (CODE)
                                     69 	.area GSINIT5 (CODE)
                                     70 	.area GSINIT  (CODE)
                                     71 	.area GSFINAL (CODE)
                                     72 	.area CSEG    (CODE)
                                     73 ;--------------------------------------------------------
                                     74 ; global & static initialisations
                                     75 ;--------------------------------------------------------
                                     76 	.area HOME    (CODE)
                                     77 	.area GSINIT  (CODE)
                                     78 	.area GSFINAL (CODE)
                                     79 	.area GSINIT  (CODE)
                                     80 ;--------------------------------------------------------
                                     81 ; Home
                                     82 ;--------------------------------------------------------
                                     83 	.area HOME    (CODE)
                                     84 	.area HOME    (CODE)
                                     85 ;--------------------------------------------------------
                                     86 ; code
                                     87 ;--------------------------------------------------------
                                     88 	.area CSEG    (CODE)
                                     89 ;------------------------------------------------------------
                                     90 ;Allocation info for local variables in function 'dummy'
                                     91 ;------------------------------------------------------------
                                     92 ;	_fs2ulong.c:37: static void dummy(void) __naked
                                     93 ;	-----------------------------------------
                                     94 ;	 function dummy
                                     95 ;	-----------------------------------------
      000000                         96 _dummy:
                                     97 ;	naked function: no prologue.
                                     98 ;	_fs2ulong.c:71: __endasm;
                                     99 	.globl ___fs2ulong
      000000                        100 	___fs2ulong:
      000000 7F 9E            [12]  101 	mov r7, #158
                                    102 	.globl fs2ulong_begin
      000002                        103 	fs2ulong_begin:
      000002 12r00r00         [24]  104 	lcall fsgetarg
      000005 30 D1 03         [24]  105 	jnb psw.1, fs2ulong_int
      000008 02r00r00         [24]  106 	ljmp fs_return_zero
      00000B                        107 	fs2ulong_int:
      00000B C3               [12]  108 	clr c
      00000C EF               [12]  109 	mov a, r7
      00000D 95 82            [12]  110 	subb a, dpl
      00000F 50 09            [24]  111 	jnc fs2ulong_int_ok
      000011 74 FF            [12]  112 	mov a, #0xFF
      000013 F5 F0            [12]  113 	mov b, a
      000015 F5 83            [12]  114 	mov dph, a
      000017 F5 82            [12]  115 	mov dpl, a
      000019 22               [24]  116 	ret
      00001A                        117 	fs2ulong_int_ok:
      00001A 79 00            [12]  118 	mov r1, #0
      00001C 12r00r00         [24]  119 	lcall fs_rshift_a
      00001F                        120 	fs2ulong_done:
      00001F 89 82            [24]  121 	mov dpl, r1
      000021 8A 83            [24]  122 	mov dph, r2
      000023 8B F0            [24]  123 	mov b, r3
      000025 EC               [12]  124 	mov a, r4
      000026 22               [24]  125 	ret
                                    126 ;	naked function: no epilogue.
                                    127 	.area CSEG    (CODE)
                                    128 	.area CONST   (CODE)
                                    129 	.area XINIT   (CODE)
                                    130 	.area CABS    (ABS,CODE)
