                                      1 ;--------------------------------------------------------
                                      2 ; File Created by SDCC : free open source ANSI-C Compiler
                                      3 ; Version 3.3.1 #8898 (Nov 27 2013) (Linux)
                                      4 ; This file was generated Wed Nov 27 12:27:57 2013
                                      5 ;--------------------------------------------------------
                                      6 	.module _iscntrl
                                      7 	.optsdcc -mmcs51 --model-large
                                      8 	
                                      9 ;--------------------------------------------------------
                                     10 ; Public variables in this module
                                     11 ;--------------------------------------------------------
                                     12 	.globl _iscntrl
                                     13 ;--------------------------------------------------------
                                     14 ; special function registers
                                     15 ;--------------------------------------------------------
                                     16 	.area RSEG    (ABS,DATA)
      000000                         17 	.org 0x0000
                                     18 ;--------------------------------------------------------
                                     19 ; special function bits
                                     20 ;--------------------------------------------------------
                                     21 	.area RSEG    (ABS,DATA)
      000000                         22 	.org 0x0000
                                     23 ;--------------------------------------------------------
                                     24 ; overlayable register banks
                                     25 ;--------------------------------------------------------
                                     26 	.area REG_BANK_0	(REL,OVR,DATA)
      000000                         27 	.ds 8
                                     28 ;--------------------------------------------------------
                                     29 ; internal ram data
                                     30 ;--------------------------------------------------------
                                     31 	.area DSEG    (DATA)
                                     32 ;--------------------------------------------------------
                                     33 ; overlayable items in internal ram 
                                     34 ;--------------------------------------------------------
                                     35 ;--------------------------------------------------------
                                     36 ; indirectly addressable internal ram data
                                     37 ;--------------------------------------------------------
                                     38 	.area ISEG    (DATA)
                                     39 ;--------------------------------------------------------
                                     40 ; absolute internal ram data
                                     41 ;--------------------------------------------------------
                                     42 	.area IABS    (ABS,DATA)
                                     43 	.area IABS    (ABS,DATA)
                                     44 ;--------------------------------------------------------
                                     45 ; bit data
                                     46 ;--------------------------------------------------------
                                     47 	.area BSEG    (BIT)
                                     48 ;--------------------------------------------------------
                                     49 ; paged external ram data
                                     50 ;--------------------------------------------------------
                                     51 	.area PSEG    (PAG,XDATA)
                                     52 ;--------------------------------------------------------
                                     53 ; external ram data
                                     54 ;--------------------------------------------------------
                                     55 	.area XSEG    (XDATA)
      000000                         56 _iscntrl_c_1_10:
      000000                         57 	.ds 1
                                     58 ;--------------------------------------------------------
                                     59 ; absolute external ram data
                                     60 ;--------------------------------------------------------
                                     61 	.area XABS    (ABS,XDATA)
                                     62 ;--------------------------------------------------------
                                     63 ; external initialized ram data
                                     64 ;--------------------------------------------------------
                                     65 	.area XISEG   (XDATA)
                                     66 	.area HOME    (CODE)
                                     67 	.area GSINIT0 (CODE)
                                     68 	.area GSINIT1 (CODE)
                                     69 	.area GSINIT2 (CODE)
                                     70 	.area GSINIT3 (CODE)
                                     71 	.area GSINIT4 (CODE)
                                     72 	.area GSINIT5 (CODE)
                                     73 	.area GSINIT  (CODE)
                                     74 	.area GSFINAL (CODE)
                                     75 	.area CSEG    (CODE)
                                     76 ;--------------------------------------------------------
                                     77 ; global & static initialisations
                                     78 ;--------------------------------------------------------
                                     79 	.area HOME    (CODE)
                                     80 	.area GSINIT  (CODE)
                                     81 	.area GSFINAL (CODE)
                                     82 	.area GSINIT  (CODE)
                                     83 ;--------------------------------------------------------
                                     84 ; Home
                                     85 ;--------------------------------------------------------
                                     86 	.area HOME    (CODE)
                                     87 	.area HOME    (CODE)
                                     88 ;--------------------------------------------------------
                                     89 ; code
                                     90 ;--------------------------------------------------------
                                     91 	.area CSEG    (CODE)
                                     92 ;------------------------------------------------------------
                                     93 ;Allocation info for local variables in function 'iscntrl'
                                     94 ;------------------------------------------------------------
                                     95 ;c                         Allocated with name '_iscntrl_c_1_10'
                                     96 ;------------------------------------------------------------
                                     97 ;	_iscntrl.c:31: char iscntrl (unsigned char c)
                                     98 ;	-----------------------------------------
                                     99 ;	 function iscntrl
                                    100 ;	-----------------------------------------
      000000                        101 _iscntrl:
                           000007   102 	ar7 = 0x07
                           000006   103 	ar6 = 0x06
                           000005   104 	ar5 = 0x05
                           000004   105 	ar4 = 0x04
                           000003   106 	ar3 = 0x03
                           000002   107 	ar2 = 0x02
                           000001   108 	ar1 = 0x01
                           000000   109 	ar0 = 0x00
      000000 E5 82            [12]  110 	mov	a,dpl
      000002 90r00r00         [24]  111 	mov	dptr,#_iscntrl_c_1_10
      000005 F0               [24]  112 	movx	@dptr,a
                                    113 ;	_iscntrl.c:33: if  ( c <= 0x1F || c == 0x7f )
      000006 E0               [24]  114 	movx	a,@dptr
      000007 FF               [12]  115 	mov  r7,a
      000008 24 E0            [12]  116 	add	a,#0xff - 0x1F
      00000A 50 03            [24]  117 	jnc	00101$
      00000C BF 7F 04         [24]  118 	cjne	r7,#0x7F,00102$
      00000F                        119 00101$:
                                    120 ;	_iscntrl.c:34: return 1;
      00000F 75 82 01         [24]  121 	mov	dpl,#0x01
      000012 22               [24]  122 	ret
      000013                        123 00102$:
                                    124 ;	_iscntrl.c:35: return 0;
      000013 75 82 00         [24]  125 	mov	dpl,#0x00
      000016 22               [24]  126 	ret
                                    127 	.area CSEG    (CODE)
                                    128 	.area CONST   (CODE)
                                    129 	.area XINIT   (CODE)
                                    130 	.area CABS    (ABS,CODE)
