                                      1 ;--------------------------------------------------------
                                      2 ; File Created by SDCC : free open source ANSI-C Compiler
                                      3 ; Version 3.3.1 #8898 (Nov 27 2013) (Linux)
                                      4 ; This file was generated Wed Nov 27 12:27:56 2013
                                      5 ;--------------------------------------------------------
                                      6 	.module _modslong
                                      7 	.optsdcc -mmcs51 --model-large
                                      8 	
                                      9 ;--------------------------------------------------------
                                     10 ; Public variables in this module
                                     11 ;--------------------------------------------------------
                                     12 	.globl __modslong_PARM_2
                                     13 	.globl __modslong
                                     14 ;--------------------------------------------------------
                                     15 ; special function registers
                                     16 ;--------------------------------------------------------
                                     17 	.area RSEG    (ABS,DATA)
      000000                         18 	.org 0x0000
                                     19 ;--------------------------------------------------------
                                     20 ; special function bits
                                     21 ;--------------------------------------------------------
                                     22 	.area RSEG    (ABS,DATA)
      000000                         23 	.org 0x0000
                                     24 ;--------------------------------------------------------
                                     25 ; overlayable register banks
                                     26 ;--------------------------------------------------------
                                     27 	.area REG_BANK_0	(REL,OVR,DATA)
      000000                         28 	.ds 8
                                     29 ;--------------------------------------------------------
                                     30 ; internal ram data
                                     31 ;--------------------------------------------------------
                                     32 	.area DSEG    (DATA)
      000000                         33 __modslong_sloc0_1_0:
      000000                         34 	.ds 4
      000004                         35 __modslong_sloc1_1_0:
      000004                         36 	.ds 4
                                     37 ;--------------------------------------------------------
                                     38 ; overlayable items in internal ram 
                                     39 ;--------------------------------------------------------
                                     40 ;--------------------------------------------------------
                                     41 ; indirectly addressable internal ram data
                                     42 ;--------------------------------------------------------
                                     43 	.area ISEG    (DATA)
                                     44 ;--------------------------------------------------------
                                     45 ; absolute internal ram data
                                     46 ;--------------------------------------------------------
                                     47 	.area IABS    (ABS,DATA)
                                     48 	.area IABS    (ABS,DATA)
                                     49 ;--------------------------------------------------------
                                     50 ; bit data
                                     51 ;--------------------------------------------------------
                                     52 	.area BSEG    (BIT)
                                     53 ;--------------------------------------------------------
                                     54 ; paged external ram data
                                     55 ;--------------------------------------------------------
                                     56 	.area PSEG    (PAG,XDATA)
                                     57 ;--------------------------------------------------------
                                     58 ; external ram data
                                     59 ;--------------------------------------------------------
                                     60 	.area XSEG    (XDATA)
      000000                         61 __modslong_PARM_2:
      000000                         62 	.ds 4
      000004                         63 __modslong_a_1_1:
      000004                         64 	.ds 4
                                     65 ;--------------------------------------------------------
                                     66 ; absolute external ram data
                                     67 ;--------------------------------------------------------
                                     68 	.area XABS    (ABS,XDATA)
                                     69 ;--------------------------------------------------------
                                     70 ; external initialized ram data
                                     71 ;--------------------------------------------------------
                                     72 	.area XISEG   (XDATA)
                                     73 	.area HOME    (CODE)
                                     74 	.area GSINIT0 (CODE)
                                     75 	.area GSINIT1 (CODE)
                                     76 	.area GSINIT2 (CODE)
                                     77 	.area GSINIT3 (CODE)
                                     78 	.area GSINIT4 (CODE)
                                     79 	.area GSINIT5 (CODE)
                                     80 	.area GSINIT  (CODE)
                                     81 	.area GSFINAL (CODE)
                                     82 	.area CSEG    (CODE)
                                     83 ;--------------------------------------------------------
                                     84 ; global & static initialisations
                                     85 ;--------------------------------------------------------
                                     86 	.area HOME    (CODE)
                                     87 	.area GSINIT  (CODE)
                                     88 	.area GSFINAL (CODE)
                                     89 	.area GSINIT  (CODE)
                                     90 ;--------------------------------------------------------
                                     91 ; Home
                                     92 ;--------------------------------------------------------
                                     93 	.area HOME    (CODE)
                                     94 	.area HOME    (CODE)
                                     95 ;--------------------------------------------------------
                                     96 ; code
                                     97 ;--------------------------------------------------------
                                     98 	.area CSEG    (CODE)
                                     99 ;------------------------------------------------------------
                                    100 ;Allocation info for local variables in function '_modslong'
                                    101 ;------------------------------------------------------------
                                    102 ;sloc0                     Allocated with name '__modslong_sloc0_1_0'
                                    103 ;sloc1                     Allocated with name '__modslong_sloc1_1_0'
                                    104 ;b                         Allocated with name '__modslong_PARM_2'
                                    105 ;a                         Allocated with name '__modslong_a_1_1'
                                    106 ;r                         Allocated with name '__modslong_r_1_2'
                                    107 ;------------------------------------------------------------
                                    108 ;	_modslong.c:259: _modslong (long a, long b)
                                    109 ;	-----------------------------------------
                                    110 ;	 function _modslong
                                    111 ;	-----------------------------------------
      000000                        112 __modslong:
                           000007   113 	ar7 = 0x07
                           000006   114 	ar6 = 0x06
                           000005   115 	ar5 = 0x05
                           000004   116 	ar4 = 0x04
                           000003   117 	ar3 = 0x03
                           000002   118 	ar2 = 0x02
                           000001   119 	ar1 = 0x01
                           000000   120 	ar0 = 0x00
      000000 AF 82            [24]  121 	mov	r7,dpl
      000002 AE 83            [24]  122 	mov	r6,dph
      000004 AD F0            [24]  123 	mov	r5,b
      000006 FC               [12]  124 	mov	r4,a
      000007 90r00r04         [24]  125 	mov	dptr,#__modslong_a_1_1
      00000A EF               [12]  126 	mov	a,r7
      00000B F0               [24]  127 	movx	@dptr,a
      00000C EE               [12]  128 	mov	a,r6
      00000D A3               [24]  129 	inc	dptr
      00000E F0               [24]  130 	movx	@dptr,a
      00000F ED               [12]  131 	mov	a,r5
      000010 A3               [24]  132 	inc	dptr
      000011 F0               [24]  133 	movx	@dptr,a
      000012 EC               [12]  134 	mov	a,r4
      000013 A3               [24]  135 	inc	dptr
      000014 F0               [24]  136 	movx	@dptr,a
                                    137 ;	_modslong.c:263: r = (unsigned long)(a < 0 ? -a : a) % (unsigned long)(b < 0 ? -b : b);
      000015 90r00r04         [24]  138 	mov	dptr,#__modslong_a_1_1
      000018 E0               [24]  139 	movx	a,@dptr
      000019 FC               [12]  140 	mov	r4,a
      00001A A3               [24]  141 	inc	dptr
      00001B E0               [24]  142 	movx	a,@dptr
      00001C FD               [12]  143 	mov	r5,a
      00001D A3               [24]  144 	inc	dptr
      00001E E0               [24]  145 	movx	a,@dptr
      00001F FE               [12]  146 	mov	r6,a
      000020 A3               [24]  147 	inc	dptr
      000021 E0               [24]  148 	movx	a,@dptr
      000022 FF               [12]  149 	mov	r7,a
      000023 33               [12]  150 	rlc	a
      000024 E4               [12]  151 	clr	a
      000025 33               [12]  152 	rlc	a
      000026 FB               [12]  153 	mov	r3,a
      000027 60 13            [24]  154 	jz	00106$
      000029 C3               [12]  155 	clr	c
      00002A E4               [12]  156 	clr	a
      00002B 9C               [12]  157 	subb	a,r4
      00002C F5*00            [12]  158 	mov	__modslong_sloc0_1_0,a
      00002E E4               [12]  159 	clr	a
      00002F 9D               [12]  160 	subb	a,r5
      000030 F5*01            [12]  161 	mov	(__modslong_sloc0_1_0 + 1),a
      000032 E4               [12]  162 	clr	a
      000033 9E               [12]  163 	subb	a,r6
      000034 F5*02            [12]  164 	mov	(__modslong_sloc0_1_0 + 2),a
      000036 E4               [12]  165 	clr	a
      000037 9F               [12]  166 	subb	a,r7
      000038 F5*03            [12]  167 	mov	(__modslong_sloc0_1_0 + 3),a
      00003A 80 08            [24]  168 	sjmp	00107$
      00003C                        169 00106$:
      00003C 8C*00            [24]  170 	mov	__modslong_sloc0_1_0,r4
      00003E 8D*01            [24]  171 	mov	(__modslong_sloc0_1_0 + 1),r5
      000040 8E*02            [24]  172 	mov	(__modslong_sloc0_1_0 + 2),r6
      000042 8F*03            [24]  173 	mov	(__modslong_sloc0_1_0 + 3),r7
      000044                        174 00107$:
      000044 AC*00            [24]  175 	mov	r4,__modslong_sloc0_1_0
      000046 AD*01            [24]  176 	mov	r5,(__modslong_sloc0_1_0 + 1)
      000048 AE*02            [24]  177 	mov	r6,(__modslong_sloc0_1_0 + 2)
      00004A AF*03            [24]  178 	mov	r7,(__modslong_sloc0_1_0 + 3)
      00004C 90r00r00         [24]  179 	mov	dptr,#__modslong_PARM_2
      00004F E0               [24]  180 	movx	a,@dptr
      000050 F5*00            [12]  181 	mov	__modslong_sloc0_1_0,a
      000052 A3               [24]  182 	inc	dptr
      000053 E0               [24]  183 	movx	a,@dptr
      000054 F5*01            [12]  184 	mov	(__modslong_sloc0_1_0 + 1),a
      000056 A3               [24]  185 	inc	dptr
      000057 E0               [24]  186 	movx	a,@dptr
      000058 F5*02            [12]  187 	mov	(__modslong_sloc0_1_0 + 2),a
      00005A A3               [24]  188 	inc	dptr
      00005B E0               [24]  189 	movx	a,@dptr
      00005C F5*03            [12]  190 	mov	(__modslong_sloc0_1_0 + 3),a
      00005E 30 E7 17         [24]  191 	jnb	acc.7,00108$
      000061 C3               [12]  192 	clr	c
      000062 E4               [12]  193 	clr	a
      000063 95*00            [12]  194 	subb	a,__modslong_sloc0_1_0
      000065 F5*04            [12]  195 	mov	__modslong_sloc1_1_0,a
      000067 E4               [12]  196 	clr	a
      000068 95*01            [12]  197 	subb	a,(__modslong_sloc0_1_0 + 1)
      00006A F5*05            [12]  198 	mov	(__modslong_sloc1_1_0 + 1),a
      00006C E4               [12]  199 	clr	a
      00006D 95*02            [12]  200 	subb	a,(__modslong_sloc0_1_0 + 2)
      00006F F5*06            [12]  201 	mov	(__modslong_sloc1_1_0 + 2),a
      000071 E4               [12]  202 	clr	a
      000072 95*03            [12]  203 	subb	a,(__modslong_sloc0_1_0 + 3)
      000074 F5*07            [12]  204 	mov	(__modslong_sloc1_1_0 + 3),a
      000076 80 0C            [24]  205 	sjmp	00109$
      000078                        206 00108$:
      000078 85*00*04         [24]  207 	mov	__modslong_sloc1_1_0,__modslong_sloc0_1_0
      00007B 85*01*05         [24]  208 	mov	(__modslong_sloc1_1_0 + 1),(__modslong_sloc0_1_0 + 1)
      00007E 85*02*06         [24]  209 	mov	(__modslong_sloc1_1_0 + 2),(__modslong_sloc0_1_0 + 2)
      000081 85*03*07         [24]  210 	mov	(__modslong_sloc1_1_0 + 3),(__modslong_sloc0_1_0 + 3)
      000084                        211 00109$:
      000084 90r00r00         [24]  212 	mov	dptr,#__modulong_PARM_2
      000087 E5*04            [12]  213 	mov	a,__modslong_sloc1_1_0
      000089 F0               [24]  214 	movx	@dptr,a
      00008A E5*05            [12]  215 	mov	a,(__modslong_sloc1_1_0 + 1)
      00008C A3               [24]  216 	inc	dptr
      00008D F0               [24]  217 	movx	@dptr,a
      00008E E5*06            [12]  218 	mov	a,(__modslong_sloc1_1_0 + 2)
      000090 A3               [24]  219 	inc	dptr
      000091 F0               [24]  220 	movx	@dptr,a
      000092 E5*07            [12]  221 	mov	a,(__modslong_sloc1_1_0 + 3)
      000094 A3               [24]  222 	inc	dptr
      000095 F0               [24]  223 	movx	@dptr,a
                                    224 ;	_modslong.c:265: if (a < 0)
      000096 8C 82            [24]  225 	mov	dpl,r4
      000098 8D 83            [24]  226 	mov	dph,r5
      00009A 8E F0            [24]  227 	mov	b,r6
      00009C EF               [12]  228 	mov	a,r7
      00009D C0 03            [24]  229 	push	ar3
      00009F 12r00r00         [24]  230 	lcall	__modulong
      0000A2 AC 82            [24]  231 	mov	r4,dpl
      0000A4 AD 83            [24]  232 	mov	r5,dph
      0000A6 AE F0            [24]  233 	mov	r6,b
      0000A8 FF               [12]  234 	mov	r7,a
      0000A9 D0 03            [24]  235 	pop	ar3
      0000AB EB               [12]  236 	mov	a,r3
      0000AC 60 13            [24]  237 	jz	00102$
                                    238 ;	_modslong.c:266: return -r;
      0000AE C3               [12]  239 	clr	c
      0000AF E4               [12]  240 	clr	a
      0000B0 9C               [12]  241 	subb	a,r4
      0000B1 F8               [12]  242 	mov	r0,a
      0000B2 E4               [12]  243 	clr	a
      0000B3 9D               [12]  244 	subb	a,r5
      0000B4 F9               [12]  245 	mov	r1,a
      0000B5 E4               [12]  246 	clr	a
      0000B6 9E               [12]  247 	subb	a,r6
      0000B7 FA               [12]  248 	mov	r2,a
      0000B8 E4               [12]  249 	clr	a
      0000B9 9F               [12]  250 	subb	a,r7
      0000BA 88 82            [24]  251 	mov	dpl,r0
      0000BC 89 83            [24]  252 	mov	dph,r1
      0000BE 8A F0            [24]  253 	mov	b,r2
      0000C0 22               [24]  254 	ret
      0000C1                        255 00102$:
                                    256 ;	_modslong.c:268: return r;
      0000C1 8C 82            [24]  257 	mov	dpl,r4
      0000C3 8D 83            [24]  258 	mov	dph,r5
      0000C5 8E F0            [24]  259 	mov	b,r6
      0000C7 EF               [12]  260 	mov	a,r7
      0000C8 22               [24]  261 	ret
                                    262 	.area CSEG    (CODE)
                                    263 	.area CONST   (CODE)
                                    264 	.area XINIT   (CODE)
                                    265 	.area CABS    (ABS,CODE)
