                                      1 ;--------------------------------------------------------
                                      2 ; File Created by SDCC : free open source ANSI-C Compiler
                                      3 ; Version 3.3.1 #8898 (Nov 27 2013) (Linux)
                                      4 ; This file was generated Wed Nov 27 12:27:57 2013
                                      5 ;--------------------------------------------------------
                                      6 	.module rand
                                      7 	.optsdcc -mmcs51 --model-large
                                      8 	
                                      9 ;--------------------------------------------------------
                                     10 ; Public variables in this module
                                     11 ;--------------------------------------------------------
                                     12 	.globl _rand
                                     13 	.globl _srand
                                     14 ;--------------------------------------------------------
                                     15 ; special function registers
                                     16 ;--------------------------------------------------------
                                     17 	.area RSEG    (ABS,DATA)
      000000                         18 	.org 0x0000
                                     19 ;--------------------------------------------------------
                                     20 ; special function bits
                                     21 ;--------------------------------------------------------
                                     22 	.area RSEG    (ABS,DATA)
      000000                         23 	.org 0x0000
                                     24 ;--------------------------------------------------------
                                     25 ; overlayable register banks
                                     26 ;--------------------------------------------------------
                                     27 	.area REG_BANK_0	(REL,OVR,DATA)
      000000                         28 	.ds 8
                                     29 ;--------------------------------------------------------
                                     30 ; internal ram data
                                     31 ;--------------------------------------------------------
                                     32 	.area DSEG    (DATA)
                                     33 ;--------------------------------------------------------
                                     34 ; overlayable items in internal ram 
                                     35 ;--------------------------------------------------------
                                     36 ;--------------------------------------------------------
                                     37 ; indirectly addressable internal ram data
                                     38 ;--------------------------------------------------------
                                     39 	.area ISEG    (DATA)
                                     40 ;--------------------------------------------------------
                                     41 ; absolute internal ram data
                                     42 ;--------------------------------------------------------
                                     43 	.area IABS    (ABS,DATA)
                                     44 	.area IABS    (ABS,DATA)
                                     45 ;--------------------------------------------------------
                                     46 ; bit data
                                     47 ;--------------------------------------------------------
                                     48 	.area BSEG    (BIT)
                                     49 ;--------------------------------------------------------
                                     50 ; paged external ram data
                                     51 ;--------------------------------------------------------
                                     52 	.area PSEG    (PAG,XDATA)
                                     53 ;--------------------------------------------------------
                                     54 ; external ram data
                                     55 ;--------------------------------------------------------
                                     56 	.area XSEG    (XDATA)
      000000                         57 _srand_seed_1_18:
      000000                         58 	.ds 2
                                     59 ;--------------------------------------------------------
                                     60 ; absolute external ram data
                                     61 ;--------------------------------------------------------
                                     62 	.area XABS    (ABS,XDATA)
                                     63 ;--------------------------------------------------------
                                     64 ; external initialized ram data
                                     65 ;--------------------------------------------------------
                                     66 	.area XISEG   (XDATA)
      000000                         67 _next:
      000000                         68 	.ds 4
                                     69 	.area HOME    (CODE)
                                     70 	.area GSINIT0 (CODE)
                                     71 	.area GSINIT1 (CODE)
                                     72 	.area GSINIT2 (CODE)
                                     73 	.area GSINIT3 (CODE)
                                     74 	.area GSINIT4 (CODE)
                                     75 	.area GSINIT5 (CODE)
                                     76 	.area GSINIT  (CODE)
                                     77 	.area GSFINAL (CODE)
                                     78 	.area CSEG    (CODE)
                                     79 ;--------------------------------------------------------
                                     80 ; global & static initialisations
                                     81 ;--------------------------------------------------------
                                     82 	.area HOME    (CODE)
                                     83 	.area GSINIT  (CODE)
                                     84 	.area GSFINAL (CODE)
                                     85 	.area GSINIT  (CODE)
                                     86 ;--------------------------------------------------------
                                     87 ; Home
                                     88 ;--------------------------------------------------------
                                     89 	.area HOME    (CODE)
                                     90 	.area HOME    (CODE)
                                     91 ;--------------------------------------------------------
                                     92 ; code
                                     93 ;--------------------------------------------------------
                                     94 	.area CSEG    (CODE)
                                     95 ;------------------------------------------------------------
                                     96 ;Allocation info for local variables in function 'rand'
                                     97 ;------------------------------------------------------------
                                     98 ;	rand.c:33: int rand(void)
                                     99 ;	-----------------------------------------
                                    100 ;	 function rand
                                    101 ;	-----------------------------------------
      000000                        102 _rand:
                           000007   103 	ar7 = 0x07
                           000006   104 	ar6 = 0x06
                           000005   105 	ar5 = 0x05
                           000004   106 	ar4 = 0x04
                           000003   107 	ar3 = 0x03
                           000002   108 	ar2 = 0x02
                           000001   109 	ar1 = 0x01
                           000000   110 	ar0 = 0x00
                                    111 ;	rand.c:35: next = next * 1103515245UL + 12345;
      000000 90r00r00         [24]  112 	mov	dptr,#_next
      000003 E0               [24]  113 	movx	a,@dptr
      000004 FC               [12]  114 	mov	r4,a
      000005 A3               [24]  115 	inc	dptr
      000006 E0               [24]  116 	movx	a,@dptr
      000007 FD               [12]  117 	mov	r5,a
      000008 A3               [24]  118 	inc	dptr
      000009 E0               [24]  119 	movx	a,@dptr
      00000A FE               [12]  120 	mov	r6,a
      00000B A3               [24]  121 	inc	dptr
      00000C E0               [24]  122 	movx	a,@dptr
      00000D FF               [12]  123 	mov	r7,a
      00000E 90r00r00         [24]  124 	mov	dptr,#__mullong_PARM_2
      000011 EC               [12]  125 	mov	a,r4
      000012 F0               [24]  126 	movx	@dptr,a
      000013 ED               [12]  127 	mov	a,r5
      000014 A3               [24]  128 	inc	dptr
      000015 F0               [24]  129 	movx	@dptr,a
      000016 EE               [12]  130 	mov	a,r6
      000017 A3               [24]  131 	inc	dptr
      000018 F0               [24]  132 	movx	@dptr,a
      000019 EF               [12]  133 	mov	a,r7
      00001A A3               [24]  134 	inc	dptr
      00001B F0               [24]  135 	movx	@dptr,a
      00001C 90 4E 6D         [24]  136 	mov	dptr,#0x4E6D
      00001F 75 F0 C6         [24]  137 	mov	b,#0xC6
      000022 74 41            [12]  138 	mov	a,#0x41
      000024 12r00r00         [24]  139 	lcall	__mullong
      000027 AC 82            [24]  140 	mov	r4,dpl
      000029 AD 83            [24]  141 	mov	r5,dph
      00002B AE F0            [24]  142 	mov	r6,b
      00002D FF               [12]  143 	mov	r7,a
      00002E 90r00r00         [24]  144 	mov	dptr,#_next
      000031 74 39            [12]  145 	mov	a,#0x39
      000033 2C               [12]  146 	add	a,r4
      000034 F0               [24]  147 	movx	@dptr,a
      000035 74 30            [12]  148 	mov	a,#0x30
      000037 3D               [12]  149 	addc	a,r5
      000038 A3               [24]  150 	inc	dptr
      000039 F0               [24]  151 	movx	@dptr,a
      00003A E4               [12]  152 	clr	a
      00003B 3E               [12]  153 	addc	a,r6
      00003C A3               [24]  154 	inc	dptr
      00003D F0               [24]  155 	movx	@dptr,a
      00003E E4               [12]  156 	clr	a
      00003F 3F               [12]  157 	addc	a,r7
      000040 A3               [24]  158 	inc	dptr
      000041 F0               [24]  159 	movx	@dptr,a
                                    160 ;	rand.c:36: return (unsigned int)(next/65536) % (RAND_MAX + 1U);
      000042 90r00r00         [24]  161 	mov	dptr,#_next
      000045 E0               [24]  162 	movx	a,@dptr
      000046 A3               [24]  163 	inc	dptr
      000047 E0               [24]  164 	movx	a,@dptr
      000048 A3               [24]  165 	inc	dptr
      000049 E0               [24]  166 	movx	a,@dptr
      00004A FE               [12]  167 	mov	r6,a
      00004B A3               [24]  168 	inc	dptr
      00004C E0               [24]  169 	movx	a,@dptr
      00004D FF               [12]  170 	mov	r7,a
      00004E 8E 04            [24]  171 	mov	ar4,r6
      000050 8F 05            [24]  172 	mov	ar5,r7
      000052 53 05 7F         [24]  173 	anl	ar5,#0x7F
      000055 8C 82            [24]  174 	mov	dpl,r4
      000057 8D 83            [24]  175 	mov	dph,r5
      000059 22               [24]  176 	ret
                                    177 ;------------------------------------------------------------
                                    178 ;Allocation info for local variables in function 'srand'
                                    179 ;------------------------------------------------------------
                                    180 ;seed                      Allocated with name '_srand_seed_1_18'
                                    181 ;------------------------------------------------------------
                                    182 ;	rand.c:39: void srand(unsigned int seed)
                                    183 ;	-----------------------------------------
                                    184 ;	 function srand
                                    185 ;	-----------------------------------------
      00005A                        186 _srand:
      00005A AF 83            [24]  187 	mov	r7,dph
      00005C E5 82            [12]  188 	mov	a,dpl
      00005E 90r00r00         [24]  189 	mov	dptr,#_srand_seed_1_18
      000061 F0               [24]  190 	movx	@dptr,a
      000062 EF               [12]  191 	mov	a,r7
      000063 A3               [24]  192 	inc	dptr
      000064 F0               [24]  193 	movx	@dptr,a
                                    194 ;	rand.c:41: next = seed;
      000065 90r00r00         [24]  195 	mov	dptr,#_srand_seed_1_18
      000068 E0               [24]  196 	movx	a,@dptr
      000069 FE               [12]  197 	mov	r6,a
      00006A A3               [24]  198 	inc	dptr
      00006B E0               [24]  199 	movx	a,@dptr
      00006C FF               [12]  200 	mov	r7,a
      00006D 90r00r00         [24]  201 	mov	dptr,#_next
      000070 EE               [12]  202 	mov	a,r6
      000071 F0               [24]  203 	movx	@dptr,a
      000072 EF               [12]  204 	mov	a,r7
      000073 A3               [24]  205 	inc	dptr
      000074 F0               [24]  206 	movx	@dptr,a
      000075 E4               [12]  207 	clr	a
      000076 A3               [24]  208 	inc	dptr
      000077 F0               [24]  209 	movx	@dptr,a
      000078 A3               [24]  210 	inc	dptr
      000079 F0               [24]  211 	movx	@dptr,a
      00007A 22               [24]  212 	ret
                                    213 	.area CSEG    (CODE)
                                    214 	.area CONST   (CODE)
                                    215 	.area XINIT   (CODE)
      000000                        216 __xinit__next:
      000000 01 00 00 00            217 	.byte #0x01,#0x00,#0x00,#0x00	; 1
                                    218 	.area CABS    (ABS,CODE)
