                                      1 ;--------------------------------------------------------
                                      2 ; File Created by SDCC : free open source ANSI-C Compiler
                                      3 ; Version 3.3.1 #8898 (Nov 27 2013) (Linux)
                                      4 ; This file was generated Wed Nov 27 12:28:13 2013
                                      5 ;--------------------------------------------------------
                                      6 	.module coshf
                                      7 	.optsdcc -mmcs51 --model-huge
                                      8 	
                                      9 ;--------------------------------------------------------
                                     10 ; Public variables in this module
                                     11 ;--------------------------------------------------------
                                     12 	.globl _sincoshf
                                     13 	.globl _coshf
                                     14 ;--------------------------------------------------------
                                     15 ; special function registers
                                     16 ;--------------------------------------------------------
                                     17 	.area RSEG    (ABS,DATA)
      000000                         18 	.org 0x0000
                                     19 ;--------------------------------------------------------
                                     20 ; special function bits
                                     21 ;--------------------------------------------------------
                                     22 	.area RSEG    (ABS,DATA)
      000000                         23 	.org 0x0000
                                     24 ;--------------------------------------------------------
                                     25 ; overlayable register banks
                                     26 ;--------------------------------------------------------
                                     27 	.area REG_BANK_0	(REL,OVR,DATA)
      000000                         28 	.ds 8
                                     29 ;--------------------------------------------------------
                                     30 ; internal ram data
                                     31 ;--------------------------------------------------------
                                     32 	.area DSEG    (DATA)
                                     33 ;--------------------------------------------------------
                                     34 ; overlayable items in internal ram 
                                     35 ;--------------------------------------------------------
                                     36 ;--------------------------------------------------------
                                     37 ; indirectly addressable internal ram data
                                     38 ;--------------------------------------------------------
                                     39 	.area ISEG    (DATA)
                                     40 ;--------------------------------------------------------
                                     41 ; absolute internal ram data
                                     42 ;--------------------------------------------------------
                                     43 	.area IABS    (ABS,DATA)
                                     44 	.area IABS    (ABS,DATA)
                                     45 ;--------------------------------------------------------
                                     46 ; bit data
                                     47 ;--------------------------------------------------------
                                     48 	.area BSEG    (BIT)
                                     49 ;--------------------------------------------------------
                                     50 ; paged external ram data
                                     51 ;--------------------------------------------------------
                                     52 	.area PSEG    (PAG,XDATA)
                                     53 ;--------------------------------------------------------
                                     54 ; external ram data
                                     55 ;--------------------------------------------------------
                                     56 	.area XSEG    (XDATA)
                                     57 ;--------------------------------------------------------
                                     58 ; absolute external ram data
                                     59 ;--------------------------------------------------------
                                     60 	.area XABS    (ABS,XDATA)
                                     61 ;--------------------------------------------------------
                                     62 ; external initialized ram data
                                     63 ;--------------------------------------------------------
                                     64 	.area XISEG   (XDATA)
                                     65 	.area HOME    (CODE)
                                     66 	.area GSINIT0 (CODE)
                                     67 	.area GSINIT1 (CODE)
                                     68 	.area GSINIT2 (CODE)
                                     69 	.area GSINIT3 (CODE)
                                     70 	.area GSINIT4 (CODE)
                                     71 	.area GSINIT5 (CODE)
                                     72 	.area GSINIT  (CODE)
                                     73 	.area GSFINAL (CODE)
                                     74 	.area CSEG    (CODE)
                                     75 ;--------------------------------------------------------
                                     76 ; global & static initialisations
                                     77 ;--------------------------------------------------------
                                     78 	.area HOME    (CODE)
                                     79 	.area GSINIT  (CODE)
                                     80 	.area GSFINAL (CODE)
                                     81 	.area GSINIT  (CODE)
                                     82 ;--------------------------------------------------------
                                     83 ; Home
                                     84 ;--------------------------------------------------------
                                     85 	.area HOME    (CODE)
                                     86 	.area HOME    (CODE)
                                     87 ;--------------------------------------------------------
                                     88 ; code
                                     89 ;--------------------------------------------------------
                                     90 	.area CSEG    (CODE)
                                     91 ;------------------------------------------------------------
                                     92 ;Allocation info for local variables in function 'coshf'
                                     93 ;------------------------------------------------------------
                                     94 ;x                         Allocated to registers r4 r5 r6 r7 
                                     95 ;------------------------------------------------------------
                                     96 ;	coshf.c:35: float coshf(const float x) _FLOAT_FUNC_REENTRANT
                                     97 ;	-----------------------------------------
                                     98 ;	 function coshf
                                     99 ;	-----------------------------------------
      000000                        100 _coshf:
                           000007   101 	ar7 = 0x07
                           000006   102 	ar6 = 0x06
                           000005   103 	ar5 = 0x05
                           000004   104 	ar4 = 0x04
                           000003   105 	ar3 = 0x03
                           000002   106 	ar2 = 0x02
                           000001   107 	ar1 = 0x01
                           000000   108 	ar0 = 0x00
      000000 AC 82            [24]  109 	mov	r4,dpl
      000002 AD 83            [24]  110 	mov	r5,dph
      000004 AE F0            [24]  111 	mov	r6,b
      000006 FF               [12]  112 	mov	r7,a
                                    113 ;	coshf.c:37: return sincoshf(x, 1);
      000007 74 01            [12]  114 	mov	a,#0x01
      000009 C0 E0            [24]  115 	push	acc
      00000B E4               [12]  116 	clr	a
      00000C C0 E0            [24]  117 	push	acc
      00000E 8C 82            [24]  118 	mov	dpl,r4
      000010 8D 83            [24]  119 	mov	dph,r5
      000012 8E F0            [24]  120 	mov	b,r6
      000014 EF               [12]  121 	mov	a,r7
      000015 78r00            [12]  122 	mov	r0,#_sincoshf
      000017 79s00            [12]  123 	mov	r1,#(_sincoshf >> 8)
      000019 7As00            [12]  124 	mov	r2,#(_sincoshf >> 16)
      00001B 12r00r00         [24]  125 	lcall	__sdcc_banked_call
      00001E AC 82            [24]  126 	mov	r4,dpl
      000020 AD 83            [24]  127 	mov	r5,dph
      000022 AE F0            [24]  128 	mov	r6,b
      000024 FF               [12]  129 	mov	r7,a
      000025 15 81            [12]  130 	dec	sp
      000027 15 81            [12]  131 	dec	sp
      000029 8C 82            [24]  132 	mov	dpl,r4
      00002B 8D 83            [24]  133 	mov	dph,r5
      00002D 8E F0            [24]  134 	mov	b,r6
      00002F EF               [12]  135 	mov	a,r7
      000030 02r00r00         [24]  136 	ljmp	__sdcc_banked_ret
                                    137 	.area CSEG    (CODE)
                                    138 	.area CONST   (CODE)
                                    139 	.area XINIT   (CODE)
                                    140 	.area CABS    (ABS,CODE)
