                                      1 ;--------------------------------------------------------
                                      2 ; File Created by SDCC : free open source ANSI-C Compiler
                                      3 ; Version 3.3.1 #8898 (Nov 27 2013) (Linux)
                                      4 ; This file was generated Wed Nov 27 12:28:07 2013
                                      5 ;--------------------------------------------------------
                                      6 	.module _fsrshift
                                      7 	.optsdcc -mmcs51 --model-medium
                                      8 	
                                      9 ;--------------------------------------------------------
                                     10 ; Public variables in this module
                                     11 ;--------------------------------------------------------
                                     12 ;--------------------------------------------------------
                                     13 ; special function registers
                                     14 ;--------------------------------------------------------
                                     15 	.area RSEG    (ABS,DATA)
      000000                         16 	.org 0x0000
                                     17 ;--------------------------------------------------------
                                     18 ; special function bits
                                     19 ;--------------------------------------------------------
                                     20 	.area RSEG    (ABS,DATA)
      000000                         21 	.org 0x0000
                                     22 ;--------------------------------------------------------
                                     23 ; overlayable register banks
                                     24 ;--------------------------------------------------------
                                     25 	.area REG_BANK_0	(REL,OVR,DATA)
      000000                         26 	.ds 8
                                     27 ;--------------------------------------------------------
                                     28 ; internal ram data
                                     29 ;--------------------------------------------------------
                                     30 	.area DSEG    (DATA)
                                     31 ;--------------------------------------------------------
                                     32 ; overlayable items in internal ram 
                                     33 ;--------------------------------------------------------
                                     34 ;--------------------------------------------------------
                                     35 ; indirectly addressable internal ram data
                                     36 ;--------------------------------------------------------
                                     37 	.area ISEG    (DATA)
                                     38 ;--------------------------------------------------------
                                     39 ; absolute internal ram data
                                     40 ;--------------------------------------------------------
                                     41 	.area IABS    (ABS,DATA)
                                     42 	.area IABS    (ABS,DATA)
                                     43 ;--------------------------------------------------------
                                     44 ; bit data
                                     45 ;--------------------------------------------------------
                                     46 	.area BSEG    (BIT)
                                     47 ;--------------------------------------------------------
                                     48 ; paged external ram data
                                     49 ;--------------------------------------------------------
                                     50 	.area PSEG    (PAG,XDATA)
                                     51 ;--------------------------------------------------------
                                     52 ; external ram data
                                     53 ;--------------------------------------------------------
                                     54 	.area XSEG    (XDATA)
                                     55 ;--------------------------------------------------------
                                     56 ; absolute external ram data
                                     57 ;--------------------------------------------------------
                                     58 	.area XABS    (ABS,XDATA)
                                     59 ;--------------------------------------------------------
                                     60 ; external initialized ram data
                                     61 ;--------------------------------------------------------
                                     62 	.area XISEG   (XDATA)
                                     63 	.area HOME    (CODE)
                                     64 	.area GSINIT0 (CODE)
                                     65 	.area GSINIT1 (CODE)
                                     66 	.area GSINIT2 (CODE)
                                     67 	.area GSINIT3 (CODE)
                                     68 	.area GSINIT4 (CODE)
                                     69 	.area GSINIT5 (CODE)
                                     70 	.area GSINIT  (CODE)
                                     71 	.area GSFINAL (CODE)
                                     72 	.area CSEG    (CODE)
                                     73 ;--------------------------------------------------------
                                     74 ; global & static initialisations
                                     75 ;--------------------------------------------------------
                                     76 	.area HOME    (CODE)
                                     77 	.area GSINIT  (CODE)
                                     78 	.area GSFINAL (CODE)
                                     79 	.area GSINIT  (CODE)
                                     80 ;--------------------------------------------------------
                                     81 ; Home
                                     82 ;--------------------------------------------------------
                                     83 	.area HOME    (CODE)
                                     84 	.area HOME    (CODE)
                                     85 ;--------------------------------------------------------
                                     86 ; code
                                     87 ;--------------------------------------------------------
                                     88 	.area CSEG    (CODE)
                                     89 ;------------------------------------------------------------
                                     90 ;Allocation info for local variables in function 'dummy'
                                     91 ;------------------------------------------------------------
                                     92 ;	_fsrshift.c:37: static void dummy(void) __naked
                                     93 ;	-----------------------------------------
                                     94 ;	 function dummy
                                     95 ;	-----------------------------------------
      000000                         96 _dummy:
                                     97 ;	naked function: no prologue.
                                     98 ;	_fsrshift.c:107: __endasm;
                                     99 	.globl fs_rshift_a
      000000                        100 	fs_rshift_a:
      000000 60 40            [24]  101 	jz 00020$
      000002 F8               [12]  102 	mov r0, a
      000003 25 82            [12]  103 	add a, dpl
      000005 50 02            [24]  104 	jnc 00001$
      000007 74 FF            [12]  105 	mov a, #255
      000009                        106 	00001$:
      000009 F5 82            [12]  107 	mov dpl, a
      00000B E8               [12]  108 	mov a, r0
      00000C 24 F8            [12]  109 	add a, #248
      00000E 50 1E            [24]  110 	jnc 00003$
      000010 CC               [12]  111 	xch a, r4
      000011 CB               [12]  112 	xch a, r3
      000012 CA               [12]  113 	xch a, r2
      000013 F9               [12]  114 	mov r1, a
      000014 E4               [12]  115 	clr a
      000015 CC               [12]  116 	xch a, r4
      000016 24 F8            [12]  117 	add a, #248
      000018 50 14            [24]  118 	jnc 00003$
      00001A CB               [12]  119 	xch a, r3
      00001B CA               [12]  120 	xch a, r2
      00001C F9               [12]  121 	mov r1, a
      00001D E4               [12]  122 	clr a
      00001E CB               [12]  123 	xch a, r3
      00001F 24 F8            [12]  124 	add a, #248
      000021 50 0B            [24]  125 	jnc 00003$
      000023 CA               [12]  126 	xch a, r2
      000024 F9               [12]  127 	mov r1, a
      000025 E4               [12]  128 	clr a
      000026 CA               [12]  129 	xch a, r2
      000027 24 F8            [12]  130 	add a, #248
      000029 50 03            [24]  131 	jnc 00003$
      00002B 79 00            [12]  132 	mov r1, #0
      00002D 22               [24]  133 	ret
      00002E                        134 	00003$:
      00002E 24 08            [12]  135 	add a, #8
      000030 60 10            [24]  136 	jz 00020$
      000032 F8               [12]  137 	mov r0, a
      000033                        138 	00005$:
      000033 C3               [12]  139 	clr c
      000034 EC               [12]  140 	mov a, r4
      000035 13               [12]  141 	rrc a
      000036 FC               [12]  142 	mov r4, a
      000037 EB               [12]  143 	mov a, r3
      000038 13               [12]  144 	rrc a
      000039 FB               [12]  145 	mov r3, a
      00003A EA               [12]  146 	mov a, r2
      00003B 13               [12]  147 	rrc a
      00003C FA               [12]  148 	mov r2, a
      00003D E9               [12]  149 	mov a, r1
      00003E 13               [12]  150 	rrc a
      00003F F9               [12]  151 	mov r1, a
      000040 D8 F1            [24]  152 	djnz r0, 00005$
      000042                        153 	00020$:
      000042 22               [24]  154 	ret
                                    155 ;	naked function: no epilogue.
                                    156 	.area CSEG    (CODE)
                                    157 	.area CONST   (CODE)
                                    158 	.area XINIT   (CODE)
                                    159 	.area CABS    (ABS,CODE)
