                                      1 ;--------------------------------------------------------
                                      2 ; File Created by SDCC : free open source ANSI-C Compiler
                                      3 ; Version 3.3.1 #8898 (Nov 27 2013) (Linux)
                                      4 ; This file was generated Wed Nov 27 12:28:07 2013
                                      5 ;--------------------------------------------------------
                                      6 	.module _fsswapargs
                                      7 	.optsdcc -mmcs51 --model-medium
                                      8 	
                                      9 ;--------------------------------------------------------
                                     10 ; Public variables in this module
                                     11 ;--------------------------------------------------------
                                     12 ;--------------------------------------------------------
                                     13 ; special function registers
                                     14 ;--------------------------------------------------------
                                     15 	.area RSEG    (ABS,DATA)
      000000                         16 	.org 0x0000
                                     17 ;--------------------------------------------------------
                                     18 ; special function bits
                                     19 ;--------------------------------------------------------
                                     20 	.area RSEG    (ABS,DATA)
      000000                         21 	.org 0x0000
                                     22 ;--------------------------------------------------------
                                     23 ; overlayable register banks
                                     24 ;--------------------------------------------------------
                                     25 	.area REG_BANK_0	(REL,OVR,DATA)
      000000                         26 	.ds 8
                                     27 ;--------------------------------------------------------
                                     28 ; internal ram data
                                     29 ;--------------------------------------------------------
                                     30 	.area DSEG    (DATA)
                                     31 ;--------------------------------------------------------
                                     32 ; overlayable items in internal ram 
                                     33 ;--------------------------------------------------------
                                     34 ;--------------------------------------------------------
                                     35 ; indirectly addressable internal ram data
                                     36 ;--------------------------------------------------------
                                     37 	.area ISEG    (DATA)
                                     38 ;--------------------------------------------------------
                                     39 ; absolute internal ram data
                                     40 ;--------------------------------------------------------
                                     41 	.area IABS    (ABS,DATA)
                                     42 	.area IABS    (ABS,DATA)
                                     43 ;--------------------------------------------------------
                                     44 ; bit data
                                     45 ;--------------------------------------------------------
                                     46 	.area BSEG    (BIT)
                                     47 ;--------------------------------------------------------
                                     48 ; paged external ram data
                                     49 ;--------------------------------------------------------
                                     50 	.area PSEG    (PAG,XDATA)
                                     51 ;--------------------------------------------------------
                                     52 ; external ram data
                                     53 ;--------------------------------------------------------
                                     54 	.area XSEG    (XDATA)
                                     55 ;--------------------------------------------------------
                                     56 ; absolute external ram data
                                     57 ;--------------------------------------------------------
                                     58 	.area XABS    (ABS,XDATA)
                                     59 ;--------------------------------------------------------
                                     60 ; external initialized ram data
                                     61 ;--------------------------------------------------------
                                     62 	.area XISEG   (XDATA)
                                     63 	.area HOME    (CODE)
                                     64 	.area GSINIT0 (CODE)
                                     65 	.area GSINIT1 (CODE)
                                     66 	.area GSINIT2 (CODE)
                                     67 	.area GSINIT3 (CODE)
                                     68 	.area GSINIT4 (CODE)
                                     69 	.area GSINIT5 (CODE)
                                     70 	.area GSINIT  (CODE)
                                     71 	.area GSFINAL (CODE)
                                     72 	.area CSEG    (CODE)
                                     73 ;--------------------------------------------------------
                                     74 ; global & static initialisations
                                     75 ;--------------------------------------------------------
                                     76 	.area HOME    (CODE)
                                     77 	.area GSINIT  (CODE)
                                     78 	.area GSFINAL (CODE)
                                     79 	.area GSINIT  (CODE)
                                     80 ;--------------------------------------------------------
                                     81 ; Home
                                     82 ;--------------------------------------------------------
                                     83 	.area HOME    (CODE)
                                     84 	.area HOME    (CODE)
                                     85 ;--------------------------------------------------------
                                     86 ; code
                                     87 ;--------------------------------------------------------
                                     88 	.area CSEG    (CODE)
                                     89 ;------------------------------------------------------------
                                     90 ;Allocation info for local variables in function 'dummy'
                                     91 ;------------------------------------------------------------
                                     92 ;	_fsswapargs.c:37: static void dummy(void) __naked
                                     93 ;	-----------------------------------------
                                     94 ;	 function dummy
                                     95 ;	-----------------------------------------
      000000                         96 _dummy:
                                     97 ;	naked function: no prologue.
                                     98 ;	_fsswapargs.c:66: __endasm;
                                     99 	.globl fs_swap_a_b
      000000                        100 	fs_swap_a_b:
      000000 E5 82            [12]  101 	mov a, dpl
      000002 C5 83            [12]  102 	xch a, dph
      000004 F5 82            [12]  103 	mov dpl, a
      000006 A2 D1            [12]  104 	mov c, psw.1
      000008 33               [12]  105 	rlc a
      000009 A2 D5            [12]  106 	mov c, psw.5
      00000B 92 D1            [24]  107 	mov psw.1, c
      00000D 13               [12]  108 	rrc a
      00000E 92 D5            [24]  109 	mov psw.5, c
      000010 EC               [12]  110 	mov a, r4
      000011 CF               [12]  111 	xch a, r7
      000012 FC               [12]  112 	mov r4, a
      000013 EB               [12]  113 	mov a, r3
      000014 CE               [12]  114 	xch a, r6
      000015 FB               [12]  115 	mov r3, a
      000016 EA               [12]  116 	mov a, r2
      000017 CD               [12]  117 	xch a, r5
      000018 FA               [12]  118 	mov r2, a
      000019 22               [24]  119 	ret
                                    120 ;	naked function: no epilogue.
                                    121 	.area CSEG    (CODE)
                                    122 	.area CONST   (CODE)
                                    123 	.area XINIT   (CODE)
                                    124 	.area CABS    (ABS,CODE)
