                                      1 ;--------------------------------------------------------
                                      2 ; File Created by SDCC : free open source ANSI-C Compiler
                                      3 ; Version 3.3.1 #8898 (Nov 27 2013) (Linux)
                                      4 ; This file was generated Wed Nov 27 12:28:08 2013
                                      5 ;--------------------------------------------------------
                                      6 	.module _strlen
                                      7 	.optsdcc -mmcs51 --model-medium
                                      8 	
                                      9 ;--------------------------------------------------------
                                     10 ; Public variables in this module
                                     11 ;--------------------------------------------------------
                                     12 	.globl _strlen
                                     13 ;--------------------------------------------------------
                                     14 ; special function registers
                                     15 ;--------------------------------------------------------
                                     16 	.area RSEG    (ABS,DATA)
      000000                         17 	.org 0x0000
                                     18 ;--------------------------------------------------------
                                     19 ; special function bits
                                     20 ;--------------------------------------------------------
                                     21 	.area RSEG    (ABS,DATA)
      000000                         22 	.org 0x0000
                                     23 ;--------------------------------------------------------
                                     24 ; overlayable register banks
                                     25 ;--------------------------------------------------------
                                     26 	.area REG_BANK_0	(REL,OVR,DATA)
      000000                         27 	.ds 8
                                     28 ;--------------------------------------------------------
                                     29 ; internal ram data
                                     30 ;--------------------------------------------------------
                                     31 	.area DSEG    (DATA)
                                     32 ;--------------------------------------------------------
                                     33 ; overlayable items in internal ram 
                                     34 ;--------------------------------------------------------
                                     35 ;--------------------------------------------------------
                                     36 ; indirectly addressable internal ram data
                                     37 ;--------------------------------------------------------
                                     38 	.area ISEG    (DATA)
                                     39 ;--------------------------------------------------------
                                     40 ; absolute internal ram data
                                     41 ;--------------------------------------------------------
                                     42 	.area IABS    (ABS,DATA)
                                     43 	.area IABS    (ABS,DATA)
                                     44 ;--------------------------------------------------------
                                     45 ; bit data
                                     46 ;--------------------------------------------------------
                                     47 	.area BSEG    (BIT)
                                     48 ;--------------------------------------------------------
                                     49 ; paged external ram data
                                     50 ;--------------------------------------------------------
                                     51 	.area PSEG    (PAG,XDATA)
                                     52 ;--------------------------------------------------------
                                     53 ; external ram data
                                     54 ;--------------------------------------------------------
                                     55 	.area XSEG    (XDATA)
                                     56 ;--------------------------------------------------------
                                     57 ; absolute external ram data
                                     58 ;--------------------------------------------------------
                                     59 	.area XABS    (ABS,XDATA)
                                     60 ;--------------------------------------------------------
                                     61 ; external initialized ram data
                                     62 ;--------------------------------------------------------
                                     63 	.area XISEG   (XDATA)
                                     64 	.area HOME    (CODE)
                                     65 	.area GSINIT0 (CODE)
                                     66 	.area GSINIT1 (CODE)
                                     67 	.area GSINIT2 (CODE)
                                     68 	.area GSINIT3 (CODE)
                                     69 	.area GSINIT4 (CODE)
                                     70 	.area GSINIT5 (CODE)
                                     71 	.area GSINIT  (CODE)
                                     72 	.area GSFINAL (CODE)
                                     73 	.area CSEG    (CODE)
                                     74 ;--------------------------------------------------------
                                     75 ; global & static initialisations
                                     76 ;--------------------------------------------------------
                                     77 	.area HOME    (CODE)
                                     78 	.area GSINIT  (CODE)
                                     79 	.area GSFINAL (CODE)
                                     80 	.area GSINIT  (CODE)
                                     81 ;--------------------------------------------------------
                                     82 ; Home
                                     83 ;--------------------------------------------------------
                                     84 	.area HOME    (CODE)
                                     85 	.area HOME    (CODE)
                                     86 ;--------------------------------------------------------
                                     87 ; code
                                     88 ;--------------------------------------------------------
                                     89 	.area CSEG    (CODE)
                                     90 ;------------------------------------------------------------
                                     91 ;Allocation info for local variables in function 'strlen'
                                     92 ;------------------------------------------------------------
                                     93 ;str                       Allocated to registers 
                                     94 ;------------------------------------------------------------
                                     95 ;	_strlen.c:52: size_t strlen ( const char * str ) __naked
                                     96 ;	-----------------------------------------
                                     97 ;	 function strlen
                                     98 ;	-----------------------------------------
      000000                         99 _strlen:
                                    100 ;	naked function: no prologue.
                                    101 ;	_strlen.c:86: __endasm;
                                    102 ; dptr holds pointer
                                    103 ; b holds pointer memspace
                                    104 ;
                                    105 ; char *ptr = str:
      000000 AA 82            [24]  106 	mov r2,dpl
      000002 AB 83            [24]  107 	mov r3,dph
                                    108 ;
                                    109 ; while ( *ptr ) ptr++;
      000004                        110 	    L00101$:
      000004 12r00r00         [24]  111 	lcall __gptrget
      000007 60 03            [24]  112 	jz L00102$
      000009 A3               [24]  113 	inc dptr
      00000A 80 F8            [24]  114 	sjmp L00101$
                                    115 ;
      00000C                        116 	    L00102$:
                                    117 ; return ptr - str;
      00000C C3               [12]  118 	clr c
      00000D E5 82            [12]  119 	mov a,dpl
      00000F 9A               [12]  120 	subb a,r2
      000010 F5 82            [12]  121 	mov dpl,a
                                    122 ;
      000012 E5 83            [12]  123 	mov a,dph
      000014 9B               [12]  124 	subb a,r3
      000015 F5 83            [12]  125 	mov dph,a
                                    126 ;
      000017 22               [24]  127 	ret
                                    128 ;	naked function: no epilogue.
                                    129 	.area CSEG    (CODE)
                                    130 	.area CONST   (CODE)
                                    131 	.area XINIT   (CODE)
                                    132 	.area CABS    (ABS,CODE)
