                                      1 ;--------------------------------------------------------
                                      2 ; File Created by SDCC : free open source ANSI-C Compiler
                                      3 ; Version 3.3.1 #8898 (Nov 27 2013) (Linux)
                                      4 ; This file was generated Wed Nov 27 12:28:06 2013
                                      5 ;--------------------------------------------------------
                                      6 	.module ldexpf
                                      7 	.optsdcc -mmcs51 --model-medium
                                      8 	
                                      9 ;--------------------------------------------------------
                                     10 ; Public variables in this module
                                     11 ;--------------------------------------------------------
                                     12 	.globl _ldexpf
                                     13 ;--------------------------------------------------------
                                     14 ; special function registers
                                     15 ;--------------------------------------------------------
                                     16 	.area RSEG    (ABS,DATA)
      000000                         17 	.org 0x0000
                                     18 ;--------------------------------------------------------
                                     19 ; special function bits
                                     20 ;--------------------------------------------------------
                                     21 	.area RSEG    (ABS,DATA)
      000000                         22 	.org 0x0000
                                     23 ;--------------------------------------------------------
                                     24 ; overlayable register banks
                                     25 ;--------------------------------------------------------
                                     26 	.area REG_BANK_0	(REL,OVR,DATA)
      000000                         27 	.ds 8
                                     28 ;--------------------------------------------------------
                                     29 ; internal ram data
                                     30 ;--------------------------------------------------------
                                     31 	.area DSEG    (DATA)
                                     32 ;--------------------------------------------------------
                                     33 ; overlayable items in internal ram 
                                     34 ;--------------------------------------------------------
                                     35 ;--------------------------------------------------------
                                     36 ; indirectly addressable internal ram data
                                     37 ;--------------------------------------------------------
                                     38 	.area ISEG    (DATA)
                                     39 ;--------------------------------------------------------
                                     40 ; absolute internal ram data
                                     41 ;--------------------------------------------------------
                                     42 	.area IABS    (ABS,DATA)
                                     43 	.area IABS    (ABS,DATA)
                                     44 ;--------------------------------------------------------
                                     45 ; bit data
                                     46 ;--------------------------------------------------------
                                     47 	.area BSEG    (BIT)
                                     48 ;--------------------------------------------------------
                                     49 ; paged external ram data
                                     50 ;--------------------------------------------------------
                                     51 	.area PSEG    (PAG,XDATA)
                                     52 ;--------------------------------------------------------
                                     53 ; external ram data
                                     54 ;--------------------------------------------------------
                                     55 	.area XSEG    (XDATA)
                                     56 ;--------------------------------------------------------
                                     57 ; absolute external ram data
                                     58 ;--------------------------------------------------------
                                     59 	.area XABS    (ABS,XDATA)
                                     60 ;--------------------------------------------------------
                                     61 ; external initialized ram data
                                     62 ;--------------------------------------------------------
                                     63 	.area XISEG   (XDATA)
                                     64 	.area HOME    (CODE)
                                     65 	.area GSINIT0 (CODE)
                                     66 	.area GSINIT1 (CODE)
                                     67 	.area GSINIT2 (CODE)
                                     68 	.area GSINIT3 (CODE)
                                     69 	.area GSINIT4 (CODE)
                                     70 	.area GSINIT5 (CODE)
                                     71 	.area GSINIT  (CODE)
                                     72 	.area GSFINAL (CODE)
                                     73 	.area CSEG    (CODE)
                                     74 ;--------------------------------------------------------
                                     75 ; global & static initialisations
                                     76 ;--------------------------------------------------------
                                     77 	.area HOME    (CODE)
                                     78 	.area GSINIT  (CODE)
                                     79 	.area GSFINAL (CODE)
                                     80 	.area GSINIT  (CODE)
                                     81 ;--------------------------------------------------------
                                     82 ; Home
                                     83 ;--------------------------------------------------------
                                     84 	.area HOME    (CODE)
                                     85 	.area HOME    (CODE)
                                     86 ;--------------------------------------------------------
                                     87 ; code
                                     88 ;--------------------------------------------------------
                                     89 	.area CSEG    (CODE)
                                     90 ;------------------------------------------------------------
                                     91 ;Allocation info for local variables in function 'ldexpf'
                                     92 ;------------------------------------------------------------
                                     93 ;pw2                       Allocated to stack - _bp -4
                                     94 ;x                         Allocated to registers r4 r5 r6 r7 
                                     95 ;fl                        Allocated to stack - _bp +9
                                     96 ;e                         Allocated to stack - _bp +13
                                     97 ;sloc0                     Allocated to stack - _bp +1
                                     98 ;sloc1                     Allocated to stack - _bp +5
                                     99 ;------------------------------------------------------------
                                    100 ;	ldexpf.c:34: float ldexpf(const float x, const int pw2)
                                    101 ;	-----------------------------------------
                                    102 ;	 function ldexpf
                                    103 ;	-----------------------------------------
      000000                        104 _ldexpf:
                           000007   105 	ar7 = 0x07
                           000006   106 	ar6 = 0x06
                           000005   107 	ar5 = 0x05
                           000004   108 	ar4 = 0x04
                           000003   109 	ar3 = 0x03
                           000002   110 	ar2 = 0x02
                           000001   111 	ar1 = 0x01
                           000000   112 	ar0 = 0x00
      000000 C0*00            [24]  113 	push	_bp
      000002 85 81*00         [24]  114 	mov	_bp,sp
      000005 AC 82            [24]  115 	mov	r4,dpl
      000007 AD 83            [24]  116 	mov	r5,dph
      000009 AE F0            [24]  117 	mov	r6,b
      00000B FF               [12]  118 	mov	r7,a
      00000C E5 81            [12]  119 	mov	a,sp
      00000E 24 10            [12]  120 	add	a,#0x10
      000010 F5 81            [12]  121 	mov	sp,a
                                    122 ;	ldexpf.c:39: fl.f = x;
      000012 E5*00            [12]  123 	mov	a,_bp
      000014 24 09            [12]  124 	add	a,#0x09
      000016 F8               [12]  125 	mov	r0,a
      000017 A6 04            [24]  126 	mov	@r0,ar4
      000019 08               [12]  127 	inc	r0
      00001A A6 05            [24]  128 	mov	@r0,ar5
      00001C 08               [12]  129 	inc	r0
      00001D A6 06            [24]  130 	mov	@r0,ar6
      00001F 08               [12]  131 	inc	r0
      000020 A6 07            [24]  132 	mov	@r0,ar7
                                    133 ;	ldexpf.c:41: e=(fl.l >> 23) & 0x000000ff;
      000022 E5*00            [12]  134 	mov	a,_bp
      000024 24 09            [12]  135 	add	a,#0x09
      000026 F9               [12]  136 	mov	r1,a
      000027 87 04            [24]  137 	mov	ar4,@r1
      000029 09               [12]  138 	inc	r1
      00002A 87 05            [24]  139 	mov	ar5,@r1
      00002C 09               [12]  140 	inc	r1
      00002D 87 06            [24]  141 	mov	ar6,@r1
      00002F 09               [12]  142 	inc	r1
      000030 87 07            [24]  143 	mov	ar7,@r1
      000032 19               [12]  144 	dec	r1
      000033 19               [12]  145 	dec	r1
      000034 19               [12]  146 	dec	r1
      000035 8E 04            [24]  147 	mov	ar4,r6
      000037 EF               [12]  148 	mov	a,r7
      000038 A2 E7            [12]  149 	mov	c,acc.7
      00003A CC               [12]  150 	xch	a,r4
      00003B 33               [12]  151 	rlc	a
      00003C CC               [12]  152 	xch	a,r4
      00003D 33               [12]  153 	rlc	a
      00003E CC               [12]  154 	xch	a,r4
      00003F 54 01            [12]  155 	anl	a,#0x01
      000041 30 E0 02         [24]  156 	jnb	acc.0,00103$
      000044 44 FE            [12]  157 	orl	a,#0xFE
      000046                        158 00103$:
      000046 33               [12]  159 	rlc	a
      000047 95 E0            [12]  160 	subb	a,acc
      000049 E5*00            [12]  161 	mov	a,_bp
      00004B 24 0D            [12]  162 	add	a,#0x0d
      00004D F8               [12]  163 	mov	r0,a
      00004E A6 04            [24]  164 	mov	@r0,ar4
      000050 08               [12]  165 	inc	r0
      000051 76 00            [12]  166 	mov	@r0,#0x00
      000053 08               [12]  167 	inc	r0
      000054 76 00            [12]  168 	mov	@r0,#0x00
      000056 08               [12]  169 	inc	r0
      000057 76 00            [12]  170 	mov	@r0,#0x00
                                    171 ;	ldexpf.c:42: e+=pw2;
      000059 E5*00            [12]  172 	mov	a,_bp
      00005B 24 FC            [12]  173 	add	a,#0xfc
      00005D F8               [12]  174 	mov	r0,a
      00005E 86 02            [24]  175 	mov	ar2,@r0
      000060 08               [12]  176 	inc	r0
      000061 86 03            [24]  177 	mov	ar3,@r0
      000063 E6               [12]  178 	mov	a,@r0
      000064 33               [12]  179 	rlc	a
      000065 95 E0            [12]  180 	subb	a,acc
      000067 FE               [12]  181 	mov	r6,a
      000068 FF               [12]  182 	mov	r7,a
      000069 E5*00            [12]  183 	mov	a,_bp
      00006B 24 0D            [12]  184 	add	a,#0x0d
      00006D F8               [12]  185 	mov	r0,a
      00006E EA               [12]  186 	mov	a,r2
      00006F 26               [12]  187 	add	a,@r0
      000070 F6               [12]  188 	mov	@r0,a
      000071 EB               [12]  189 	mov	a,r3
      000072 08               [12]  190 	inc	r0
      000073 36               [12]  191 	addc	a,@r0
      000074 F6               [12]  192 	mov	@r0,a
      000075 EE               [12]  193 	mov	a,r6
      000076 08               [12]  194 	inc	r0
      000077 36               [12]  195 	addc	a,@r0
      000078 F6               [12]  196 	mov	@r0,a
      000079 EF               [12]  197 	mov	a,r7
      00007A 08               [12]  198 	inc	r0
      00007B 36               [12]  199 	addc	a,@r0
      00007C F6               [12]  200 	mov	@r0,a
                                    201 ;	ldexpf.c:43: fl.l= ((e & 0xff) << 23) | (fl.l & 0x807fffff);
      00007D E5*00            [12]  202 	mov	a,_bp
      00007F 24 0D            [12]  203 	add	a,#0x0d
      000081 F8               [12]  204 	mov	r0,a
      000082 86 04            [24]  205 	mov	ar4,@r0
      000084 7D 00            [12]  206 	mov	r5,#0x00
      000086 A8*00            [24]  207 	mov	r0,_bp
      000088 08               [12]  208 	inc	r0
      000089 08               [12]  209 	inc	r0
      00008A 08               [12]  210 	inc	r0
      00008B A6 04            [24]  211 	mov	@r0,ar4
      00008D ED               [12]  212 	mov	a,r5
      00008E 54 01            [12]  213 	anl	a,#0x01
      000090 A2 E0            [12]  214 	mov	c,acc.0
      000092 C6               [12]  215 	xch	a,@r0
      000093 13               [12]  216 	rrc	a
      000094 C6               [12]  217 	xch	a,@r0
      000095 13               [12]  218 	rrc	a
      000096 C6               [12]  219 	xch	a,@r0
      000097 08               [12]  220 	inc	r0
      000098 F6               [12]  221 	mov	@r0,a
      000099 18               [12]  222 	dec	r0
      00009A 18               [12]  223 	dec	r0
      00009B 76 00            [12]  224 	mov	@r0,#0x00
      00009D 18               [12]  225 	dec	r0
      00009E 76 00            [12]  226 	mov	@r0,#0x00
      0000A0 87 02            [24]  227 	mov	ar2,@r1
      0000A2 09               [12]  228 	inc	r1
      0000A3 87 03            [24]  229 	mov	ar3,@r1
      0000A5 09               [12]  230 	inc	r1
      0000A6 87 06            [24]  231 	mov	ar6,@r1
      0000A8 09               [12]  232 	inc	r1
      0000A9 87 07            [24]  233 	mov	ar7,@r1
      0000AB 19               [12]  234 	dec	r1
      0000AC 19               [12]  235 	dec	r1
      0000AD 19               [12]  236 	dec	r1
      0000AE E5*00            [12]  237 	mov	a,_bp
      0000B0 24 05            [12]  238 	add	a,#0x05
      0000B2 F8               [12]  239 	mov	r0,a
      0000B3 A6 02            [24]  240 	mov	@r0,ar2
      0000B5 08               [12]  241 	inc	r0
      0000B6 A6 03            [24]  242 	mov	@r0,ar3
      0000B8 74 7F            [12]  243 	mov	a,#0x7F
      0000BA 5E               [12]  244 	anl	a,r6
      0000BB 08               [12]  245 	inc	r0
      0000BC F6               [12]  246 	mov	@r0,a
      0000BD 74 80            [12]  247 	mov	a,#0x80
      0000BF 5F               [12]  248 	anl	a,r7
      0000C0 08               [12]  249 	inc	r0
      0000C1 F6               [12]  250 	mov	@r0,a
      0000C2 A8*00            [24]  251 	mov	r0,_bp
      0000C4 08               [12]  252 	inc	r0
      0000C5 86 04            [24]  253 	mov	ar4,@r0
      0000C7 08               [12]  254 	inc	r0
      0000C8 86 05            [24]  255 	mov	ar5,@r0
      0000CA 08               [12]  256 	inc	r0
      0000CB 86 06            [24]  257 	mov	ar6,@r0
      0000CD 08               [12]  258 	inc	r0
      0000CE 86 07            [24]  259 	mov	ar7,@r0
      0000D0 E5*00            [12]  260 	mov	a,_bp
      0000D2 24 05            [12]  261 	add	a,#0x05
      0000D4 F8               [12]  262 	mov	r0,a
      0000D5 E6               [12]  263 	mov	a,@r0
      0000D6 42 04            [12]  264 	orl	ar4,a
      0000D8 08               [12]  265 	inc	r0
      0000D9 E6               [12]  266 	mov	a,@r0
      0000DA 42 05            [12]  267 	orl	ar5,a
      0000DC 08               [12]  268 	inc	r0
      0000DD E6               [12]  269 	mov	a,@r0
      0000DE 42 06            [12]  270 	orl	ar6,a
      0000E0 08               [12]  271 	inc	r0
      0000E1 E6               [12]  272 	mov	a,@r0
      0000E2 42 07            [12]  273 	orl	ar7,a
      0000E4 A7 04            [24]  274 	mov	@r1,ar4
      0000E6 09               [12]  275 	inc	r1
      0000E7 A7 05            [24]  276 	mov	@r1,ar5
      0000E9 09               [12]  277 	inc	r1
      0000EA A7 06            [24]  278 	mov	@r1,ar6
      0000EC 09               [12]  279 	inc	r1
      0000ED A7 07            [24]  280 	mov	@r1,ar7
                                    281 ;	ldexpf.c:45: return(fl.f);
      0000EF E5*00            [12]  282 	mov	a,_bp
      0000F1 24 09            [12]  283 	add	a,#0x09
      0000F3 F9               [12]  284 	mov	r1,a
      0000F4 87 04            [24]  285 	mov	ar4,@r1
      0000F6 09               [12]  286 	inc	r1
      0000F7 87 05            [24]  287 	mov	ar5,@r1
      0000F9 09               [12]  288 	inc	r1
      0000FA 87 06            [24]  289 	mov	ar6,@r1
      0000FC 09               [12]  290 	inc	r1
      0000FD 87 07            [24]  291 	mov	ar7,@r1
      0000FF 8C 82            [24]  292 	mov	dpl,r4
      000101 8D 83            [24]  293 	mov	dph,r5
      000103 8E F0            [24]  294 	mov	b,r6
      000105 EF               [12]  295 	mov	a,r7
      000106 85*00 81         [24]  296 	mov	sp,_bp
      000109 D0*00            [24]  297 	pop	_bp
      00010B 22               [24]  298 	ret
                                    299 	.area CSEG    (CODE)
                                    300 	.area CONST   (CODE)
                                    301 	.area XINIT   (CODE)
                                    302 	.area CABS    (ABS,CODE)
