                                      1 ;--------------------------------------------------------
                                      2 ; File Created by SDCC : free open source ANSI-C Compiler
                                      3 ; Version 3.3.1 #8898 (Nov 27 2013) (Linux)
                                      4 ; This file was generated Wed Nov 27 12:28:07 2013
                                      5 ;--------------------------------------------------------
                                      6 	.module rand
                                      7 	.optsdcc -mmcs51 --model-medium
                                      8 	
                                      9 ;--------------------------------------------------------
                                     10 ; Public variables in this module
                                     11 ;--------------------------------------------------------
                                     12 	.globl _rand
                                     13 	.globl _srand
                                     14 ;--------------------------------------------------------
                                     15 ; special function registers
                                     16 ;--------------------------------------------------------
                                     17 	.area RSEG    (ABS,DATA)
      000000                         18 	.org 0x0000
                                     19 ;--------------------------------------------------------
                                     20 ; special function bits
                                     21 ;--------------------------------------------------------
                                     22 	.area RSEG    (ABS,DATA)
      000000                         23 	.org 0x0000
                                     24 ;--------------------------------------------------------
                                     25 ; overlayable register banks
                                     26 ;--------------------------------------------------------
                                     27 	.area REG_BANK_0	(REL,OVR,DATA)
      000000                         28 	.ds 8
                                     29 ;--------------------------------------------------------
                                     30 ; internal ram data
                                     31 ;--------------------------------------------------------
                                     32 	.area DSEG    (DATA)
                                     33 ;--------------------------------------------------------
                                     34 ; overlayable items in internal ram 
                                     35 ;--------------------------------------------------------
                                     36 ;--------------------------------------------------------
                                     37 ; indirectly addressable internal ram data
                                     38 ;--------------------------------------------------------
                                     39 	.area ISEG    (DATA)
                                     40 ;--------------------------------------------------------
                                     41 ; absolute internal ram data
                                     42 ;--------------------------------------------------------
                                     43 	.area IABS    (ABS,DATA)
                                     44 	.area IABS    (ABS,DATA)
                                     45 ;--------------------------------------------------------
                                     46 ; bit data
                                     47 ;--------------------------------------------------------
                                     48 	.area BSEG    (BIT)
                                     49 ;--------------------------------------------------------
                                     50 ; paged external ram data
                                     51 ;--------------------------------------------------------
                                     52 	.area PSEG    (PAG,XDATA)
      000000                         53 _next:
      000000                         54 	.ds 4
                                     55 ;--------------------------------------------------------
                                     56 ; external ram data
                                     57 ;--------------------------------------------------------
                                     58 	.area XSEG    (XDATA)
                                     59 ;--------------------------------------------------------
                                     60 ; absolute external ram data
                                     61 ;--------------------------------------------------------
                                     62 	.area XABS    (ABS,XDATA)
                                     63 ;--------------------------------------------------------
                                     64 ; external initialized ram data
                                     65 ;--------------------------------------------------------
                                     66 	.area XISEG   (XDATA)
                                     67 	.area HOME    (CODE)
                                     68 	.area GSINIT0 (CODE)
                                     69 	.area GSINIT1 (CODE)
                                     70 	.area GSINIT2 (CODE)
                                     71 	.area GSINIT3 (CODE)
                                     72 	.area GSINIT4 (CODE)
                                     73 	.area GSINIT5 (CODE)
                                     74 	.area GSINIT  (CODE)
                                     75 	.area GSFINAL (CODE)
                                     76 	.area CSEG    (CODE)
                                     77 ;--------------------------------------------------------
                                     78 ; global & static initialisations
                                     79 ;--------------------------------------------------------
                                     80 	.area HOME    (CODE)
                                     81 	.area GSINIT  (CODE)
                                     82 	.area GSFINAL (CODE)
                                     83 	.area GSINIT  (CODE)
                                     84 ;	rand.c:31: static unsigned long int next = 1;
      000000 78r00            [12]   85 	mov	r0,#_next
      000002 74 01            [12]   86 	mov	a,#0x01
      000004 F2               [24]   87 	movx	@r0,a
      000005 08               [12]   88 	inc	r0
      000006 E4               [12]   89 	clr	a
      000007 F2               [24]   90 	movx	@r0,a
      000008 08               [12]   91 	inc	r0
      000009 F2               [24]   92 	movx	@r0,a
      00000A 08               [12]   93 	inc	r0
      00000B F2               [24]   94 	movx	@r0,a
                                     95 ;--------------------------------------------------------
                                     96 ; Home
                                     97 ;--------------------------------------------------------
                                     98 	.area HOME    (CODE)
                                     99 	.area HOME    (CODE)
                                    100 ;--------------------------------------------------------
                                    101 ; code
                                    102 ;--------------------------------------------------------
                                    103 	.area CSEG    (CODE)
                                    104 ;------------------------------------------------------------
                                    105 ;Allocation info for local variables in function 'rand'
                                    106 ;------------------------------------------------------------
                                    107 ;	rand.c:33: int rand(void)
                                    108 ;	-----------------------------------------
                                    109 ;	 function rand
                                    110 ;	-----------------------------------------
      000000                        111 _rand:
                           000007   112 	ar7 = 0x07
                           000006   113 	ar6 = 0x06
                           000005   114 	ar5 = 0x05
                           000004   115 	ar4 = 0x04
                           000003   116 	ar3 = 0x03
                           000002   117 	ar2 = 0x02
                           000001   118 	ar1 = 0x01
                           000000   119 	ar0 = 0x00
                                    120 ;	rand.c:35: next = next * 1103515245UL + 12345;
      000000 78r00            [12]  121 	mov	r0,#_next
      000002 E2               [24]  122 	movx	a,@r0
      000003 C0 E0            [24]  123 	push	acc
      000005 08               [12]  124 	inc	r0
      000006 E2               [24]  125 	movx	a,@r0
      000007 C0 E0            [24]  126 	push	acc
      000009 08               [12]  127 	inc	r0
      00000A E2               [24]  128 	movx	a,@r0
      00000B C0 E0            [24]  129 	push	acc
      00000D 08               [12]  130 	inc	r0
      00000E E2               [24]  131 	movx	a,@r0
      00000F C0 E0            [24]  132 	push	acc
      000011 90 4E 6D         [24]  133 	mov	dptr,#0x4E6D
      000014 75 F0 C6         [24]  134 	mov	b,#0xC6
      000017 74 41            [12]  135 	mov	a,#0x41
      000019 12r00r00         [24]  136 	lcall	__mullong
      00001C AC 82            [24]  137 	mov	r4,dpl
      00001E AD 83            [24]  138 	mov	r5,dph
      000020 AE F0            [24]  139 	mov	r6,b
      000022 FF               [12]  140 	mov	r7,a
      000023 E5 81            [12]  141 	mov	a,sp
      000025 24 FC            [12]  142 	add	a,#0xfc
      000027 F5 81            [12]  143 	mov	sp,a
      000029 78r00            [12]  144 	mov	r0,#_next
      00002B 74 39            [12]  145 	mov	a,#0x39
      00002D 2C               [12]  146 	add	a,r4
      00002E F2               [24]  147 	movx	@r0,a
      00002F 74 30            [12]  148 	mov	a,#0x30
      000031 3D               [12]  149 	addc	a,r5
      000032 08               [12]  150 	inc	r0
      000033 F2               [24]  151 	movx	@r0,a
      000034 E4               [12]  152 	clr	a
      000035 3E               [12]  153 	addc	a,r6
      000036 08               [12]  154 	inc	r0
      000037 F2               [24]  155 	movx	@r0,a
      000038 E4               [12]  156 	clr	a
      000039 3F               [12]  157 	addc	a,r7
      00003A 08               [12]  158 	inc	r0
      00003B F2               [24]  159 	movx	@r0,a
                                    160 ;	rand.c:36: return (unsigned int)(next/65536) % (RAND_MAX + 1U);
      00003C 78r02            [12]  161 	mov	r0,#(_next + 2)
      00003E E2               [24]  162 	movx	a,@r0
      00003F FC               [12]  163 	mov	r4,a
      000040 08               [12]  164 	inc	r0
      000041 E2               [24]  165 	movx	a,@r0
      000042 FD               [12]  166 	mov	r5,a
      000043 8C 82            [24]  167 	mov	dpl,r4
      000045 74 7F            [12]  168 	mov	a,#0x7F
      000047 5D               [12]  169 	anl	a,r5
      000048 F5 83            [12]  170 	mov	dph,a
      00004A 22               [24]  171 	ret
                                    172 ;------------------------------------------------------------
                                    173 ;Allocation info for local variables in function 'srand'
                                    174 ;------------------------------------------------------------
                                    175 ;seed                      Allocated to registers r6 r7 
                                    176 ;------------------------------------------------------------
                                    177 ;	rand.c:39: void srand(unsigned int seed)
                                    178 ;	-----------------------------------------
                                    179 ;	 function srand
                                    180 ;	-----------------------------------------
      00004B                        181 _srand:
      00004B AE 82            [24]  182 	mov	r6,dpl
      00004D AF 83            [24]  183 	mov	r7,dph
                                    184 ;	rand.c:41: next = seed;
      00004F 78r00            [12]  185 	mov	r0,#_next
      000051 EE               [12]  186 	mov	a,r6
      000052 F2               [24]  187 	movx	@r0,a
      000053 08               [12]  188 	inc	r0
      000054 EF               [12]  189 	mov	a,r7
      000055 F2               [24]  190 	movx	@r0,a
      000056 08               [12]  191 	inc	r0
      000057 E4               [12]  192 	clr	a
      000058 F2               [24]  193 	movx	@r0,a
      000059 08               [12]  194 	inc	r0
      00005A F2               [24]  195 	movx	@r0,a
      00005B 22               [24]  196 	ret
                                    197 	.area CSEG    (CODE)
                                    198 	.area CONST   (CODE)
                                    199 	.area XINIT   (CODE)
                                    200 	.area CABS    (ABS,CODE)
