This file contains any messages produced by compilers while
running configure, to aid debugging if configure makes a mistake.

It was created by configure, which was
generated by GNU Autoconf 2.64.  Invocation command line was

  $ /home/ixaxaar/Desktop/src/sdcc/support/sdbinutils/bfd/configure --cache-file=./config.cache --with-system-zlib --disable-option-checking --prefix=/usr/local --disable-gbz80-port --disable-z80-port --disable-ds390-port --disable-ds400-port --disable-pic14-port --disable-pic16-port --disable-hc08-port --disable-r2k-port --disable-z180-port --disable-sdcdb --disable-ucsim --cache-file=/dev/null --program-transform-name=s,y,y, --disable-option-checking --build=x86_64-unknown-linux-gnu --host=x86_64-unknown-linux-gnu --target=x86_64-unknown-linux-gnu --srcdir=.././bfd

## --------- ##
## Platform. ##
## --------- ##

hostname = falxifer
uname -m = x86_64
uname -r = 3.8.0-19-generic
uname -s = Linux
uname -v = #29-Ubuntu SMP Wed Apr 17 18:16:28 UTC 2013

/usr/bin/uname -p = unknown
/bin/uname -X     = unknown

/bin/arch              = unknown
/usr/bin/arch -k       = unknown
/usr/convex/getsysinfo = unknown
/usr/bin/hostinfo      = unknown
/bin/machine           = unknown
/usr/bin/oslevel       = unknown
/bin/universe          = unknown

PATH: /usr/local/sbin
PATH: /usr/local/bin
PATH: /usr/sbin
PATH: /usr/bin
PATH: /sbin
PATH: /bin
PATH: /usr/games
PATH: /usr/local/games


## ----------- ##
## Core tests. ##
## ----------- ##

configure:2562: checking build system type
configure:2576: result: x86_64-unknown-linux-gnu
configure:2596: checking host system type
configure:2609: result: x86_64-unknown-linux-gnu
configure:2629: checking target system type
configure:2642: result: x86_64-unknown-linux-gnu
configure:2676: checking for x86_64-unknown-linux-gnu-gcc
configure:2703: result: gcc
configure:2972: checking for C compiler version
configure:2981: gcc --version >&5
gcc (Ubuntu/Linaro 4.7.3-1ubuntu1) 4.7.3
Copyright (C) 2012 Free Software Foundation, Inc.
This is free software; see the source for copying conditions.  There is NO
warranty; not even for MERCHANTABILITY or FITNESS FOR A PARTICULAR PURPOSE.

configure:2992: $? = 0
configure:2981: gcc -v >&5
Using built-in specs.
COLLECT_GCC=gcc
COLLECT_LTO_WRAPPER=/usr/lib/gcc/x86_64-linux-gnu/4.7/lto-wrapper
Target: x86_64-linux-gnu
Configured with: ../src/configure -v --with-pkgversion='Ubuntu/Linaro 4.7.3-1ubuntu1' --with-bugurl=file:///usr/share/doc/gcc-4.7/README.Bugs --enable-languages=c,c++,go,fortran,objc,obj-c++ --prefix=/usr --program-suffix=-4.7 --enable-shared --enable-linker-build-id --libexecdir=/usr/lib --without-included-gettext --enable-threads=posix --with-gxx-include-dir=/usr/include/c++/4.7 --libdir=/usr/lib --enable-nls --with-sysroot=/ --enable-clocale=gnu --enable-libstdcxx-debug --enable-libstdcxx-time=yes --enable-gnu-unique-object --enable-plugin --with-system-zlib --enable-objc-gc --with-cloog --enable-cloog-backend=ppl --disable-cloog-version-check --disable-ppl-version-check --enable-multiarch --disable-werror --with-arch-32=i686 --with-abi=m64 --with-multilib-list=m32,m64,mx32 --with-tune=generic --enable-checking=release --build=x86_64-linux-gnu --host=x86_64-linux-gnu --target=x86_64-linux-gnu
Thread model: posix
gcc version 4.7.3 (Ubuntu/Linaro 4.7.3-1ubuntu1) 
configure:2992: $? = 0
configure:2981: gcc -V >&5
gcc: error: unrecognized command line option '-V'
gcc: fatal error: no input files
compilation terminated.
configure:2992: $? = 4
configure:2981: gcc -qversion >&5
gcc: error: unrecognized command line option '-qversion'
gcc: fatal error: no input files
compilation terminated.
configure:2992: $? = 4
configure:3012: checking for C compiler default output file name
configure:3034: gcc -g -O2    conftest.c  >&5
configure:3038: $? = 0
configure:3075: result: a.out
configure:3091: checking whether the C compiler works
configure:3100: ./a.out
configure:3104: $? = 0
configure:3119: result: yes
configure:3126: checking whether we are cross compiling
configure:3128: result: no
configure:3131: checking for suffix of executables
configure:3138: gcc -o conftest -g -O2    conftest.c  >&5
configure:3142: $? = 0
configure:3164: result: 
configure:3170: checking for suffix of object files
configure:3192: gcc -c -g -O2  conftest.c >&5
configure:3196: $? = 0
configure:3217: result: o
configure:3221: checking whether we are using the GNU C compiler
configure:3240: gcc -c -g -O2  conftest.c >&5
configure:3240: $? = 0
configure:3249: result: yes
configure:3258: checking whether gcc accepts -g
configure:3278: gcc -c -g  conftest.c >&5
configure:3278: $? = 0
configure:3319: result: yes
configure:3336: checking for gcc option to accept ISO C89
configure:3400: gcc  -c -g -O2  conftest.c >&5
configure:3400: $? = 0
configure:3413: result: none needed
configure:3434: checking for library containing strerror
configure:3465: gcc -o conftest -g -O2    conftest.c  >&5
configure:3465: $? = 0
configure:3482: result: none required
configure:3507: checking for a BSD-compatible install
configure:3575: result: /usr/bin/install -c
configure:3586: checking whether build environment is sane
configure:3636: result: yes
configure:3777: checking for a thread-safe mkdir -p
configure:3816: result: /bin/mkdir -p
configure:3829: checking for gawk
configure:3856: result: gawk
configure:3867: checking whether make sets $(MAKE)
configure:3889: result: yes
configure:3919: checking for style of include used by make
configure:3947: result: GNU
configure:4032: checking dependency style of gcc
configure:4142: result: gcc3
configure:4162: checking for x86_64-unknown-linux-gnu-ar
configure:4189: result: ar
configure:4254: checking for x86_64-unknown-linux-gnu-ranlib
configure:4281: result: ranlib
configure:4384: checking for x86_64-unknown-linux-gnu-gcc
configure:4411: result: gcc
configure:4680: checking for C compiler version
configure:4689: gcc --version >&5
gcc (Ubuntu/Linaro 4.7.3-1ubuntu1) 4.7.3
Copyright (C) 2012 Free Software Foundation, Inc.
This is free software; see the source for copying conditions.  There is NO
warranty; not even for MERCHANTABILITY or FITNESS FOR A PARTICULAR PURPOSE.

configure:4700: $? = 0
configure:4689: gcc -v >&5
Using built-in specs.
COLLECT_GCC=gcc
COLLECT_LTO_WRAPPER=/usr/lib/gcc/x86_64-linux-gnu/4.7/lto-wrapper
Target: x86_64-linux-gnu
Configured with: ../src/configure -v --with-pkgversion='Ubuntu/Linaro 4.7.3-1ubuntu1' --with-bugurl=file:///usr/share/doc/gcc-4.7/README.Bugs --enable-languages=c,c++,go,fortran,objc,obj-c++ --prefix=/usr --program-suffix=-4.7 --enable-shared --enable-linker-build-id --libexecdir=/usr/lib --without-included-gettext --enable-threads=posix --with-gxx-include-dir=/usr/include/c++/4.7 --libdir=/usr/lib --enable-nls --with-sysroot=/ --enable-clocale=gnu --enable-libstdcxx-debug --enable-libstdcxx-time=yes --enable-gnu-unique-object --enable-plugin --with-system-zlib --enable-objc-gc --with-cloog --enable-cloog-backend=ppl --disable-cloog-version-check --disable-ppl-version-check --enable-multiarch --disable-werror --with-arch-32=i686 --with-abi=m64 --with-multilib-list=m32,m64,mx32 --with-tune=generic --enable-checking=release --build=x86_64-linux-gnu --host=x86_64-linux-gnu --target=x86_64-linux-gnu
Thread model: posix
gcc version 4.7.3 (Ubuntu/Linaro 4.7.3-1ubuntu1) 
configure:4700: $? = 0
configure:4689: gcc -V >&5
gcc: error: unrecognized command line option '-V'
gcc: fatal error: no input files
compilation terminated.
configure:4700: $? = 4
configure:4689: gcc -qversion >&5
gcc: error: unrecognized command line option '-qversion'
gcc: fatal error: no input files
compilation terminated.
configure:4700: $? = 4
configure:4704: checking whether we are using the GNU C compiler
configure:4732: result: yes
configure:4741: checking whether gcc accepts -g
configure:4802: result: yes
configure:4819: checking for gcc option to accept ISO C89
configure:4896: result: none needed
configure:4921: checking how to run the C preprocessor
configure:4952: gcc -E  conftest.c
configure:4952: $? = 0
configure:4966: gcc -E  conftest.c
conftest.c:11:28: fatal error: ac_nonexistent.h: No such file or directory
compilation terminated.
configure:4966: $? = 1
configure: failed program was:
| /* confdefs.h */
| #define PACKAGE_NAME ""
| #define PACKAGE_TARNAME ""
| #define PACKAGE_VERSION ""
| #define PACKAGE_STRING ""
| #define PACKAGE_BUGREPORT ""
| #define PACKAGE_URL ""
| #define PACKAGE "bfd"
| #define VERSION "2.23.2"
| /* end confdefs.h.  */
| #include <ac_nonexistent.h>
configure:4991: result: gcc -E
configure:5011: gcc -E  conftest.c
configure:5011: $? = 0
configure:5025: gcc -E  conftest.c
conftest.c:11:28: fatal error: ac_nonexistent.h: No such file or directory
compilation terminated.
configure:5025: $? = 1
configure: failed program was:
| /* confdefs.h */
| #define PACKAGE_NAME ""
| #define PACKAGE_TARNAME ""
| #define PACKAGE_VERSION ""
| #define PACKAGE_STRING ""
| #define PACKAGE_BUGREPORT ""
| #define PACKAGE_URL ""
| #define PACKAGE "bfd"
| #define VERSION "2.23.2"
| /* end confdefs.h.  */
| #include <ac_nonexistent.h>
configure:5054: checking for grep that handles long lines and -e
configure:5112: result: /bin/grep
configure:5117: checking for egrep
configure:5179: result: /bin/grep -E
configure:5184: checking for ANSI C header files
configure:5204: gcc -c -g -O2  conftest.c >&5
configure:5204: $? = 0
configure:5277: gcc -o conftest -g -O2    conftest.c  >&5
configure:5277: $? = 0
configure:5277: ./conftest
configure:5277: $? = 0
configure:5288: result: yes
configure:5301: checking for sys/types.h
configure:5301: gcc -c -g -O2  conftest.c >&5
configure:5301: $? = 0
configure:5301: result: yes
configure:5301: checking for sys/stat.h
configure:5301: gcc -c -g -O2  conftest.c >&5
configure:5301: $? = 0
configure:5301: result: yes
configure:5301: checking for stdlib.h
configure:5301: gcc -c -g -O2  conftest.c >&5
configure:5301: $? = 0
configure:5301: result: yes
configure:5301: checking for string.h
configure:5301: gcc -c -g -O2  conftest.c >&5
configure:5301: $? = 0
configure:5301: result: yes
configure:5301: checking for memory.h
configure:5301: gcc -c -g -O2  conftest.c >&5
configure:5301: $? = 0
configure:5301: result: yes
configure:5301: checking for strings.h
configure:5301: gcc -c -g -O2  conftest.c >&5
configure:5301: $? = 0
configure:5301: result: yes
configure:5301: checking for inttypes.h
configure:5301: gcc -c -g -O2  conftest.c >&5
configure:5301: $? = 0
configure:5301: result: yes
configure:5301: checking for stdint.h
configure:5301: gcc -c -g -O2  conftest.c >&5
configure:5301: $? = 0
configure:5301: result: yes
configure:5301: checking for unistd.h
configure:5301: gcc -c -g -O2  conftest.c >&5
configure:5301: $? = 0
configure:5301: result: yes
configure:5315: checking minix/config.h usability
configure:5315: gcc -c -g -O2  conftest.c >&5
conftest.c:54:26: fatal error: minix/config.h: No such file or directory
compilation terminated.
configure:5315: $? = 1
configure: failed program was:
| /* confdefs.h */
| #define PACKAGE_NAME ""
| #define PACKAGE_TARNAME ""
| #define PACKAGE_VERSION ""
| #define PACKAGE_STRING ""
| #define PACKAGE_BUGREPORT ""
| #define PACKAGE_URL ""
| #define PACKAGE "bfd"
| #define VERSION "2.23.2"
| #define STDC_HEADERS 1
| #define HAVE_SYS_TYPES_H 1
| #define HAVE_SYS_STAT_H 1
| #define HAVE_STDLIB_H 1
| #define HAVE_STRING_H 1
| #define HAVE_MEMORY_H 1
| #define HAVE_STRINGS_H 1
| #define HAVE_INTTYPES_H 1
| #define HAVE_STDINT_H 1
| #define HAVE_UNISTD_H 1
| /* end confdefs.h.  */
| #include <stdio.h>
| #ifdef HAVE_SYS_TYPES_H
| # include <sys/types.h>
| #endif
| #ifdef HAVE_SYS_STAT_H
| # include <sys/stat.h>
| #endif
| #ifdef STDC_HEADERS
| # include <stdlib.h>
| # include <stddef.h>
| #else
| # ifdef HAVE_STDLIB_H
| #  include <stdlib.h>
| # endif
| #endif
| #ifdef HAVE_STRING_H
| # if !defined STDC_HEADERS && defined HAVE_MEMORY_H
| #  include <memory.h>
| # endif
| # include <string.h>
| #endif
| #ifdef HAVE_STRINGS_H
| # include <strings.h>
| #endif
| #ifdef HAVE_INTTYPES_H
| # include <inttypes.h>
| #endif
| #ifdef HAVE_STDINT_H
| # include <stdint.h>
| #endif
| #ifdef HAVE_UNISTD_H
| # include <unistd.h>
| #endif
| #include <minix/config.h>
configure:5315: result: no
configure:5315: checking minix/config.h presence
configure:5315: gcc -E  conftest.c
conftest.c:21:26: fatal error: minix/config.h: No such file or directory
compilation terminated.
configure:5315: $? = 1
configure: failed program was:
| /* confdefs.h */
| #define PACKAGE_NAME ""
| #define PACKAGE_TARNAME ""
| #define PACKAGE_VERSION ""
| #define PACKAGE_STRING ""
| #define PACKAGE_BUGREPORT ""
| #define PACKAGE_URL ""
| #define PACKAGE "bfd"
| #define VERSION "2.23.2"
| #define STDC_HEADERS 1
| #define HAVE_SYS_TYPES_H 1
| #define HAVE_SYS_STAT_H 1
| #define HAVE_STDLIB_H 1
| #define HAVE_STRING_H 1
| #define HAVE_MEMORY_H 1
| #define HAVE_STRINGS_H 1
| #define HAVE_INTTYPES_H 1
| #define HAVE_STDINT_H 1
| #define HAVE_UNISTD_H 1
| /* end confdefs.h.  */
| #include <minix/config.h>
configure:5315: result: no
configure:5315: checking for minix/config.h
configure:5315: result: no
configure:5336: checking whether it is safe to define __EXTENSIONS__
configure:5354: gcc -c -g -O2  conftest.c >&5
configure:5354: $? = 0
configure:5361: result: yes
configure:5424: checking how to print strings
configure:5451: result: printf
configure:5472: checking for a sed that does not truncate output
configure:5536: result: /bin/sed
configure:5554: checking for fgrep
configure:5616: result: /bin/grep -F
configure:5651: checking for ld used by gcc
configure:5718: result: ld
configure:5725: checking if the linker (ld) is GNU ld
configure:5740: result: yes
configure:5752: checking for BSD- or MS-compatible name lister (nm)
configure:5801: result: nm
configure:5931: checking the name lister (nm) interface
configure:5938: gcc -c -g -O2  conftest.c >&5
configure:5941: nm "conftest.o"
configure:5944: output
0000000000000000 B some_variable
configure:5951: result: BSD nm
configure:5954: checking whether ln -s works
configure:5958: result: yes
configure:5966: checking the maximum length of command line arguments
configure:6091: result: 3458764513820540925
configure:6108: checking whether the shell understands some XSI constructs
configure:6118: result: yes
configure:6122: checking whether the shell understands "+="
configure:6128: result: yes
configure:6163: checking for ld option to reload object files
configure:6170: result: -r
configure:6199: checking for x86_64-unknown-linux-gnu-objdump
configure:6226: result: objdump
configure:6298: checking how to recognize dependent libraries
configure:6499: result: pass_all
configure:6519: checking for x86_64-unknown-linux-gnu-ar
configure:6546: result: ar
configure:6624: checking for x86_64-unknown-linux-gnu-strip
configure:6654: result: no
configure:6664: checking for strip
configure:6680: found /usr/bin/strip
configure:6691: result: strip
configure:6723: checking for x86_64-unknown-linux-gnu-ranlib
configure:6750: result: ranlib
configure:6892: checking command to parse nm output from gcc object
configure:7010: gcc -c -g -O2  conftest.c >&5
configure:7013: $? = 0
configure:7017: nm conftest.o \| sed -n -e 's/^.*[ ]\([ABCDGIRSTW][ABCDGIRSTW]*\)[ ][ ]*\([_A-Za-z][_A-Za-z0-9]*\)$/\1 \2 \2/p' \> conftest.nm
configure:7020: $? = 0
configure:7074: gcc -o conftest -g -O2    conftest.c conftstm.o >&5
configure:7077: $? = 0
configure:7115: result: ok
configure:7210: gcc -c -g -O2  conftest.c >&5
configure:7213: $? = 0
configure:7950: checking for dlfcn.h
configure:7950: gcc -c -g -O2  conftest.c >&5
configure:7950: $? = 0
configure:7950: result: yes
configure:8106: checking for objdir
configure:8121: result: .libs
configure:8392: checking if gcc supports -fno-rtti -fno-exceptions
configure:8410: gcc -c -g -O2  -fno-rtti -fno-exceptions conftest.c >&5
cc1: warning: command line option '-fno-rtti' is valid for C++/ObjC++ but not for C [enabled by default]
configure:8414: $? = 0
configure:8427: result: no
configure:8447: checking for gcc option to produce PIC
configure:8732: result: -fPIC -DPIC
configure:8744: checking if gcc PIC flag -fPIC -DPIC works
configure:8762: gcc -c -g -O2  -fPIC -DPIC -DPIC conftest.c >&5
configure:8766: $? = 0
configure:8779: result: yes
configure:8803: checking if gcc static flag -static works
configure:8831: result: yes
configure:8846: checking if gcc supports -c -o file.o
configure:8867: gcc -c -g -O2  -o out/conftest2.o conftest.c >&5
configure:8871: $? = 0
configure:8893: result: yes
configure:8901: checking if gcc supports -c -o file.o
configure:8948: result: yes
configure:8981: checking whether the gcc linker (ld -m elf_x86_64) supports shared libraries
configure:10052: result: yes
configure:10297: checking dynamic linker characteristics
configure:10748: gcc -o conftest -g -O2    -Wl,-rpath -Wl,/foo conftest.c  >&5
configure:10748: $? = 0
configure:10970: result: GNU/Linux ld.so
configure:11077: checking how to hardcode library paths into programs
configure:11102: result: immediate
configure:11196: checking for shl_load
configure:11196: gcc -o conftest -g -O2    conftest.c  >&5
/tmp/ccuyUxXI.o: In function `main':
/home/ixaxaar/Desktop/src/sdcc/support/sdbinutils/bfd/conftest.c:62: undefined reference to `shl_load'
collect2: error: ld returned 1 exit status
configure:11196: $? = 1
configure: failed program was:
| /* confdefs.h */
| #define PACKAGE_NAME ""
| #define PACKAGE_TARNAME ""
| #define PACKAGE_VERSION ""
| #define PACKAGE_STRING ""
| #define PACKAGE_BUGREPORT ""
| #define PACKAGE_URL ""
| #define PACKAGE "bfd"
| #define VERSION "2.23.2"
| #define STDC_HEADERS 1
| #define HAVE_SYS_TYPES_H 1
| #define HAVE_SYS_STAT_H 1
| #define HAVE_STDLIB_H 1
| #define HAVE_STRING_H 1
| #define HAVE_MEMORY_H 1
| #define HAVE_STRINGS_H 1
| #define HAVE_INTTYPES_H 1
| #define HAVE_STDINT_H 1
| #define HAVE_UNISTD_H 1
| #define __EXTENSIONS__ 1
| #define _ALL_SOURCE 1
| #define _GNU_SOURCE 1
| #define _POSIX_PTHREAD_SEMANTICS 1
| #define _TANDEM_SOURCE 1
| #define HAVE_DLFCN_H 1
| #define LT_OBJDIR ".libs/"
| /* end confdefs.h.  */
| /* Define shl_load to an innocuous variant, in case <limits.h> declares shl_load.
|    For example, HP-UX 11i <limits.h> declares gettimeofday.  */
| #define shl_load innocuous_shl_load
| 
| /* System header to define __stub macros and hopefully few prototypes,
|     which can conflict with char shl_load (); below.
|     Prefer <limits.h> to <assert.h> if __STDC__ is defined, since
|     <limits.h> exists even on freestanding compilers.  */
| 
| #ifdef __STDC__
| # include <limits.h>
| #else
| # include <assert.h>
| #endif
| 
| #undef shl_load
| 
| /* Override any GCC internal prototype to avoid an error.
|    Use char because int might match the return type of a GCC
|    builtin and then its argument prototype would still apply.  */
| #ifdef __cplusplus
| extern "C"
| #endif
| char shl_load ();
| /* The GNU C library defines this for functions which it implements
|     to always fail with ENOSYS.  Some functions are actually named
|     something starting with __ and the normal name is an alias.  */
| #if defined __stub_shl_load || defined __stub___shl_load
| choke me
| #endif
| 
| int
| main ()
| {
| return shl_load ();
|   ;
|   return 0;
| }
configure:11196: result: no
configure:11200: checking for shl_load in -ldld
configure:11225: gcc -o conftest -g -O2    conftest.c -ldld   >&5
/usr/bin/ld: cannot find -ldld
collect2: error: ld returned 1 exit status
configure:11225: $? = 1
configure: failed program was:
| /* confdefs.h */
| #define PACKAGE_NAME ""
| #define PACKAGE_TARNAME ""
| #define PACKAGE_VERSION ""
| #define PACKAGE_STRING ""
| #define PACKAGE_BUGREPORT ""
| #define PACKAGE_URL ""
| #define PACKAGE "bfd"
| #define VERSION "2.23.2"
| #define STDC_HEADERS 1
| #define HAVE_SYS_TYPES_H 1
| #define HAVE_SYS_STAT_H 1
| #define HAVE_STDLIB_H 1
| #define HAVE_STRING_H 1
| #define HAVE_MEMORY_H 1
| #define HAVE_STRINGS_H 1
| #define HAVE_INTTYPES_H 1
| #define HAVE_STDINT_H 1
| #define HAVE_UNISTD_H 1
| #define __EXTENSIONS__ 1
| #define _ALL_SOURCE 1
| #define _GNU_SOURCE 1
| #define _POSIX_PTHREAD_SEMANTICS 1
| #define _TANDEM_SOURCE 1
| #define HAVE_DLFCN_H 1
| #define LT_OBJDIR ".libs/"
| /* end confdefs.h.  */
| 
| /* Override any GCC internal prototype to avoid an error.
|    Use char because int might match the return type of a GCC
|    builtin and then its argument prototype would still apply.  */
| #ifdef __cplusplus
| extern "C"
| #endif
| char shl_load ();
| int
| main ()
| {
| return shl_load ();
|   ;
|   return 0;
| }
configure:11234: result: no
configure:11239: checking for dlopen
configure:11239: gcc -o conftest -g -O2    conftest.c  >&5
/tmp/ccTGMetS.o: In function `main':
/home/ixaxaar/Desktop/src/sdcc/support/sdbinutils/bfd/conftest.c:62: undefined reference to `dlopen'
collect2: error: ld returned 1 exit status
configure:11239: $? = 1
configure: failed program was:
| /* confdefs.h */
| #define PACKAGE_NAME ""
| #define PACKAGE_TARNAME ""
| #define PACKAGE_VERSION ""
| #define PACKAGE_STRING ""
| #define PACKAGE_BUGREPORT ""
| #define PACKAGE_URL ""
| #define PACKAGE "bfd"
| #define VERSION "2.23.2"
| #define STDC_HEADERS 1
| #define HAVE_SYS_TYPES_H 1
| #define HAVE_SYS_STAT_H 1
| #define HAVE_STDLIB_H 1
| #define HAVE_STRING_H 1
| #define HAVE_MEMORY_H 1
| #define HAVE_STRINGS_H 1
| #define HAVE_INTTYPES_H 1
| #define HAVE_STDINT_H 1
| #define HAVE_UNISTD_H 1
| #define __EXTENSIONS__ 1
| #define _ALL_SOURCE 1
| #define _GNU_SOURCE 1
| #define _POSIX_PTHREAD_SEMANTICS 1
| #define _TANDEM_SOURCE 1
| #define HAVE_DLFCN_H 1
| #define LT_OBJDIR ".libs/"
| /* end confdefs.h.  */
| /* Define dlopen to an innocuous variant, in case <limits.h> declares dlopen.
|    For example, HP-UX 11i <limits.h> declares gettimeofday.  */
| #define dlopen innocuous_dlopen
| 
| /* System header to define __stub macros and hopefully few prototypes,
|     which can conflict with char dlopen (); below.
|     Prefer <limits.h> to <assert.h> if __STDC__ is defined, since
|     <limits.h> exists even on freestanding compilers.  */
| 
| #ifdef __STDC__
| # include <limits.h>
| #else
| # include <assert.h>
| #endif
| 
| #undef dlopen
| 
| /* Override any GCC internal prototype to avoid an error.
|    Use char because int might match the return type of a GCC
|    builtin and then its argument prototype would still apply.  */
| #ifdef __cplusplus
| extern "C"
| #endif
| char dlopen ();
| /* The GNU C library defines this for functions which it implements
|     to always fail with ENOSYS.  Some functions are actually named
|     something starting with __ and the normal name is an alias.  */
| #if defined __stub_dlopen || defined __stub___dlopen
| choke me
| #endif
| 
| int
| main ()
| {
| return dlopen ();
|   ;
|   return 0;
| }
configure:11239: result: no
configure:11243: checking for dlopen in -ldl
configure:11268: gcc -o conftest -g -O2    conftest.c -ldl   >&5
configure:11268: $? = 0
configure:11277: result: yes
configure:11396: checking whether a program can dlopen itself
configure:11476: gcc -o conftest -g -O2  -DHAVE_DLFCN_H   -Wl,--export-dynamic conftest.c -ldl  >&5
configure:11479: $? = 0
configure:11497: result: yes
configure:11502: checking whether a statically linked program can dlopen itself
configure:11582: gcc -o conftest -g -O2  -DHAVE_DLFCN_H   -Wl,--export-dynamic -static conftest.c -ldl  >&5
/tmp/ccr6Qxw7.o: In function `main':
/home/ixaxaar/Desktop/src/sdcc/support/sdbinutils/bfd/configure:11562: warning: Using 'dlopen' in statically linked applications requires at runtime the shared libraries from the glibc version used for linking
/usr/bin/ld: dynamic STT_GNU_IFUNC symbol `strcmp' with pointer equality in `/usr/lib/gcc/x86_64-linux-gnu/4.7/../../../x86_64-linux-gnu/libc.a(strcmp.o)' can not be used when making an executable; recompile with -fPIE and relink with -pie
collect2: error: ld returned 1 exit status
configure:11585: $? = 1
configure:11603: result: no
configure:11642: checking whether stripping libraries is possible
configure:11647: result: yes
configure:11682: checking if libtool supports shared libraries
configure:11684: result: yes
configure:11687: checking whether to build shared libraries
configure:11708: result: no
configure:11711: checking whether to build static libraries
configure:11715: result: yes
configure:11795: checking for special C compiler options needed for large files
configure:11840: result: no
configure:11846: checking for _FILE_OFFSET_BITS value needed for large files
configure:11871: gcc -c -g -O2  conftest.c >&5
configure:11871: $? = 0
configure:11903: result: no
configure:12232: checking whether to enable maintainer-specific portions of Makefiles
configure:12241: result: no
configure:12277: checking whether to install libbfd
configure:12290: result: no
configure:12340: checking whether NLS is requested
configure:12343: result: no
configure:12411: checking whether NLS is requested
configure:12420: result: yes
configure:12458: checking for msgfmt
configure:12489: result: /usr/bin/msgfmt
configure:12498: checking for gmsgfmt
configure:12529: result: /usr/bin/msgfmt
configure:12569: checking for xgettext
configure:12600: result: /usr/bin/xgettext
configure:12640: checking for msgmerge
configure:12670: result: /usr/bin/msgmerge
configure:12723: checking size of long long
configure:12728: gcc -o conftest -g -O2    conftest.c  >&5
configure:12728: $? = 0
configure:12728: ./conftest
configure:12728: $? = 0
configure:12743: result: 8
configure:12757: checking size of void *
configure:12762: gcc -o conftest -g -O2    conftest.c  >&5
configure:12762: $? = 0
configure:12762: ./conftest
configure:12762: $? = 0
configure:12777: result: 8
configure:12791: checking size of long
configure:12796: gcc -o conftest -g -O2    conftest.c  >&5
configure:12796: $? = 0
configure:12796: ./conftest
configure:12796: $? = 0
configure:12811: result: 8
configure:12893: checking alloca.h usability
configure:12893: gcc -c -g -O2  conftest.c >&5
configure:12893: $? = 0
configure:12893: result: yes
configure:12893: checking alloca.h presence
configure:12893: gcc -E  conftest.c
configure:12893: $? = 0
configure:12893: result: yes
configure:12893: checking for alloca.h
configure:12893: result: yes
configure:12893: checking stddef.h usability
configure:12893: gcc -c -g -O2  conftest.c >&5
configure:12893: $? = 0
configure:12893: result: yes
configure:12893: checking stddef.h presence
configure:12893: gcc -E  conftest.c
configure:12893: $? = 0
configure:12893: result: yes
configure:12893: checking for stddef.h
configure:12893: result: yes
configure:12893: checking for string.h
configure:12893: result: yes
configure:12893: checking for strings.h
configure:12893: result: yes
configure:12893: checking for stdlib.h
configure:12893: result: yes
configure:12893: checking time.h usability
configure:12893: gcc -c -g -O2  conftest.c >&5
configure:12893: $? = 0
configure:12893: result: yes
configure:12893: checking time.h presence
configure:12893: gcc -E  conftest.c
configure:12893: $? = 0
configure:12893: result: yes
configure:12893: checking for time.h
configure:12893: result: yes
configure:12893: checking for unistd.h
configure:12893: result: yes
configure:12907: checking fcntl.h usability
configure:12907: gcc -c -g -O2  conftest.c >&5
configure:12907: $? = 0
configure:12907: result: yes
configure:12907: checking fcntl.h presence
configure:12907: gcc -E  conftest.c
configure:12907: $? = 0
configure:12907: result: yes
configure:12907: checking for fcntl.h
configure:12907: result: yes
configure:12907: checking sys/file.h usability
configure:12907: gcc -c -g -O2  conftest.c >&5
configure:12907: $? = 0
configure:12907: result: yes
configure:12907: checking sys/file.h presence
configure:12907: gcc -E  conftest.c
configure:12907: $? = 0
configure:12907: result: yes
configure:12907: checking for sys/file.h
configure:12907: result: yes
configure:12907: checking sys/time.h usability
configure:12907: gcc -c -g -O2  conftest.c >&5
configure:12907: $? = 0
configure:12907: result: yes
configure:12907: checking sys/time.h presence
configure:12907: gcc -E  conftest.c
configure:12907: $? = 0
configure:12907: result: yes
configure:12907: checking for sys/time.h
configure:12907: result: yes
configure:12907: checking for sys/stat.h
configure:12907: result: yes
configure:12931: checking for uintmax_t
configure:12931: gcc -c -g -O2  conftest.c >&5
configure:12931: $? = 0
configure:12931: gcc -c -g -O2  conftest.c >&5
conftest.c: In function 'main':
conftest.c:48:24: error: expected expression before ')' token
configure:12931: $? = 1
configure: failed program was:
| /* confdefs.h */
| #define PACKAGE_NAME ""
| #define PACKAGE_TARNAME ""
| #define PACKAGE_VERSION ""
| #define PACKAGE_STRING ""
| #define PACKAGE_BUGREPORT ""
| #define PACKAGE_URL ""
| #define PACKAGE "bfd"
| #define VERSION "2.23.2"
| #define STDC_HEADERS 1
| #define HAVE_SYS_TYPES_H 1
| #define HAVE_SYS_STAT_H 1
| #define HAVE_STDLIB_H 1
| #define HAVE_STRING_H 1
| #define HAVE_MEMORY_H 1
| #define HAVE_STRINGS_H 1
| #define HAVE_INTTYPES_H 1
| #define HAVE_STDINT_H 1
| #define HAVE_UNISTD_H 1
| #define __EXTENSIONS__ 1
| #define _ALL_SOURCE 1
| #define _GNU_SOURCE 1
| #define _POSIX_PTHREAD_SEMANTICS 1
| #define _TANDEM_SOURCE 1
| #define HAVE_DLFCN_H 1
| #define LT_OBJDIR ".libs/"
| #define SIZEOF_LONG_LONG 8
| #define SIZEOF_VOID_P 8
| #define SIZEOF_LONG 8
| #define HAVE_ALLOCA_H 1
| #define HAVE_STDDEF_H 1
| #define HAVE_STRING_H 1
| #define HAVE_STRINGS_H 1
| #define HAVE_STDLIB_H 1
| #define HAVE_TIME_H 1
| #define HAVE_UNISTD_H 1
| #define HAVE_FCNTL_H 1
| #define HAVE_SYS_FILE_H 1
| #define HAVE_SYS_TIME_H 1
| #define HAVE_SYS_STAT_H 1
| /* end confdefs.h.  */
| #include <sys/types.h>
| #include <stdint.h>
| 
| int
| main ()
| {
| if (sizeof ((uintmax_t)))
| 	    return 0;
|   ;
|   return 0;
| }
configure:12931: result: yes
configure:12940: checking for uintptr_t
configure:12940: gcc -c -g -O2  conftest.c >&5
configure:12940: $? = 0
configure:12940: gcc -c -g -O2  conftest.c >&5
conftest.c: In function 'main':
conftest.c:48:24: error: expected expression before ')' token
configure:12940: $? = 1
configure: failed program was:
| /* confdefs.h */
| #define PACKAGE_NAME ""
| #define PACKAGE_TARNAME ""
| #define PACKAGE_VERSION ""
| #define PACKAGE_STRING ""
| #define PACKAGE_BUGREPORT ""
| #define PACKAGE_URL ""
| #define PACKAGE "bfd"
| #define VERSION "2.23.2"
| #define STDC_HEADERS 1
| #define HAVE_SYS_TYPES_H 1
| #define HAVE_SYS_STAT_H 1
| #define HAVE_STDLIB_H 1
| #define HAVE_STRING_H 1
| #define HAVE_MEMORY_H 1
| #define HAVE_STRINGS_H 1
| #define HAVE_INTTYPES_H 1
| #define HAVE_STDINT_H 1
| #define HAVE_UNISTD_H 1
| #define __EXTENSIONS__ 1
| #define _ALL_SOURCE 1
| #define _GNU_SOURCE 1
| #define _POSIX_PTHREAD_SEMANTICS 1
| #define _TANDEM_SOURCE 1
| #define HAVE_DLFCN_H 1
| #define LT_OBJDIR ".libs/"
| #define SIZEOF_LONG_LONG 8
| #define SIZEOF_VOID_P 8
| #define SIZEOF_LONG 8
| #define HAVE_ALLOCA_H 1
| #define HAVE_STDDEF_H 1
| #define HAVE_STRING_H 1
| #define HAVE_STRINGS_H 1
| #define HAVE_STDLIB_H 1
| #define HAVE_TIME_H 1
| #define HAVE_UNISTD_H 1
| #define HAVE_FCNTL_H 1
| #define HAVE_SYS_FILE_H 1
| #define HAVE_SYS_TIME_H 1
| #define HAVE_SYS_STAT_H 1
| /* end confdefs.h.  */
| #include <sys/types.h>
| #include <stdint.h>
| 
| int
| main ()
| {
| if (sizeof ((uintptr_t)))
| 	    return 0;
|   ;
|   return 0;
| }
configure:12940: result: yes
configure:12949: checking for int_least32_t
configure:12949: gcc -c -g -O2  conftest.c >&5
configure:12949: $? = 0
configure:12949: gcc -c -g -O2  conftest.c >&5
conftest.c: In function 'main':
conftest.c:48:28: error: expected expression before ')' token
configure:12949: $? = 1
configure: failed program was:
| /* confdefs.h */
| #define PACKAGE_NAME ""
| #define PACKAGE_TARNAME ""
| #define PACKAGE_VERSION ""
| #define PACKAGE_STRING ""
| #define PACKAGE_BUGREPORT ""
| #define PACKAGE_URL ""
| #define PACKAGE "bfd"
| #define VERSION "2.23.2"
| #define STDC_HEADERS 1
| #define HAVE_SYS_TYPES_H 1
| #define HAVE_SYS_STAT_H 1
| #define HAVE_STDLIB_H 1
| #define HAVE_STRING_H 1
| #define HAVE_MEMORY_H 1
| #define HAVE_STRINGS_H 1
| #define HAVE_INTTYPES_H 1
| #define HAVE_STDINT_H 1
| #define HAVE_UNISTD_H 1
| #define __EXTENSIONS__ 1
| #define _ALL_SOURCE 1
| #define _GNU_SOURCE 1
| #define _POSIX_PTHREAD_SEMANTICS 1
| #define _TANDEM_SOURCE 1
| #define HAVE_DLFCN_H 1
| #define LT_OBJDIR ".libs/"
| #define SIZEOF_LONG_LONG 8
| #define SIZEOF_VOID_P 8
| #define SIZEOF_LONG 8
| #define HAVE_ALLOCA_H 1
| #define HAVE_STDDEF_H 1
| #define HAVE_STRING_H 1
| #define HAVE_STRINGS_H 1
| #define HAVE_STDLIB_H 1
| #define HAVE_TIME_H 1
| #define HAVE_UNISTD_H 1
| #define HAVE_FCNTL_H 1
| #define HAVE_SYS_FILE_H 1
| #define HAVE_SYS_TIME_H 1
| #define HAVE_SYS_STAT_H 1
| /* end confdefs.h.  */
| #include <sys/types.h>
| #include <stdint.h>
| 
| int
| main ()
| {
| if (sizeof ((int_least32_t)))
| 	    return 0;
|   ;
|   return 0;
| }
configure:12949: result: yes
configure:12958: checking for int_fast32_t
configure:12958: gcc -c -g -O2  conftest.c >&5
configure:12958: $? = 0
configure:12958: gcc -c -g -O2  conftest.c >&5
conftest.c: In function 'main':
conftest.c:48:27: error: expected expression before ')' token
configure:12958: $? = 1
configure: failed program was:
| /* confdefs.h */
| #define PACKAGE_NAME ""
| #define PACKAGE_TARNAME ""
| #define PACKAGE_VERSION ""
| #define PACKAGE_STRING ""
| #define PACKAGE_BUGREPORT ""
| #define PACKAGE_URL ""
| #define PACKAGE "bfd"
| #define VERSION "2.23.2"
| #define STDC_HEADERS 1
| #define HAVE_SYS_TYPES_H 1
| #define HAVE_SYS_STAT_H 1
| #define HAVE_STDLIB_H 1
| #define HAVE_STRING_H 1
| #define HAVE_MEMORY_H 1
| #define HAVE_STRINGS_H 1
| #define HAVE_INTTYPES_H 1
| #define HAVE_STDINT_H 1
| #define HAVE_UNISTD_H 1
| #define __EXTENSIONS__ 1
| #define _ALL_SOURCE 1
| #define _GNU_SOURCE 1
| #define _POSIX_PTHREAD_SEMANTICS 1
| #define _TANDEM_SOURCE 1
| #define HAVE_DLFCN_H 1
| #define LT_OBJDIR ".libs/"
| #define SIZEOF_LONG_LONG 8
| #define SIZEOF_VOID_P 8
| #define SIZEOF_LONG 8
| #define HAVE_ALLOCA_H 1
| #define HAVE_STDDEF_H 1
| #define HAVE_STRING_H 1
| #define HAVE_STRINGS_H 1
| #define HAVE_STDLIB_H 1
| #define HAVE_TIME_H 1
| #define HAVE_UNISTD_H 1
| #define HAVE_FCNTL_H 1
| #define HAVE_SYS_FILE_H 1
| #define HAVE_SYS_TIME_H 1
| #define HAVE_SYS_STAT_H 1
| /* end confdefs.h.  */
| #include <sys/types.h>
| #include <stdint.h>
| 
| int
| main ()
| {
| if (sizeof ((int_fast32_t)))
| 	    return 0;
|   ;
|   return 0;
| }
configure:12958: result: yes
configure:12967: checking for uint64_t
configure:12967: gcc -c -g -O2  conftest.c >&5
configure:12967: $? = 0
configure:12967: gcc -c -g -O2  conftest.c >&5
conftest.c: In function 'main':
conftest.c:48:23: error: expected expression before ')' token
configure:12967: $? = 1
configure: failed program was:
| /* confdefs.h */
| #define PACKAGE_NAME ""
| #define PACKAGE_TARNAME ""
| #define PACKAGE_VERSION ""
| #define PACKAGE_STRING ""
| #define PACKAGE_BUGREPORT ""
| #define PACKAGE_URL ""
| #define PACKAGE "bfd"
| #define VERSION "2.23.2"
| #define STDC_HEADERS 1
| #define HAVE_SYS_TYPES_H 1
| #define HAVE_SYS_STAT_H 1
| #define HAVE_STDLIB_H 1
| #define HAVE_STRING_H 1
| #define HAVE_MEMORY_H 1
| #define HAVE_STRINGS_H 1
| #define HAVE_INTTYPES_H 1
| #define HAVE_STDINT_H 1
| #define HAVE_UNISTD_H 1
| #define __EXTENSIONS__ 1
| #define _ALL_SOURCE 1
| #define _GNU_SOURCE 1
| #define _POSIX_PTHREAD_SEMANTICS 1
| #define _TANDEM_SOURCE 1
| #define HAVE_DLFCN_H 1
| #define LT_OBJDIR ".libs/"
| #define SIZEOF_LONG_LONG 8
| #define SIZEOF_VOID_P 8
| #define SIZEOF_LONG 8
| #define HAVE_ALLOCA_H 1
| #define HAVE_STDDEF_H 1
| #define HAVE_STRING_H 1
| #define HAVE_STRINGS_H 1
| #define HAVE_STDLIB_H 1
| #define HAVE_TIME_H 1
| #define HAVE_UNISTD_H 1
| #define HAVE_FCNTL_H 1
| #define HAVE_SYS_FILE_H 1
| #define HAVE_SYS_TIME_H 1
| #define HAVE_SYS_STAT_H 1
| /* end confdefs.h.  */
| #include <sys/types.h>
| #include <stdint.h>
| 
| int
| main ()
| {
| if (sizeof ((uint64_t)))
| 	    return 0;
|   ;
|   return 0;
| }
configure:12967: result: yes
configure:13048: checking what to include in bfd_stdint.h
configure:13076: result: stdint.h (already complete)
configure:13324: checking whether time.h and sys/time.h may both be included
configure:13344: gcc -c -g -O2  conftest.c >&5
configure:13344: $? = 0
configure:13351: result: yes
configure:13362: checking for dirent.h that defines DIR
configure:13381: gcc -c -g -O2  conftest.c >&5
configure:13381: $? = 0
configure:13389: result: yes
configure:13403: checking for library containing opendir
configure:13434: gcc -o conftest -g -O2    conftest.c  >&5
configure:13434: $? = 0
configure:13451: result: none required
configure:13522: checking windows.h usability
configure:13522: gcc -c -g -O2  conftest.c >&5
conftest.c:77:21: fatal error: windows.h: No such file or directory
compilation terminated.
configure:13522: $? = 1
configure: failed program was:
| /* confdefs.h */
| #define PACKAGE_NAME ""
| #define PACKAGE_TARNAME ""
| #define PACKAGE_VERSION ""
| #define PACKAGE_STRING ""
| #define PACKAGE_BUGREPORT ""
| #define PACKAGE_URL ""
| #define PACKAGE "bfd"
| #define VERSION "2.23.2"
| #define STDC_HEADERS 1
| #define HAVE_SYS_TYPES_H 1
| #define HAVE_SYS_STAT_H 1
| #define HAVE_STDLIB_H 1
| #define HAVE_STRING_H 1
| #define HAVE_MEMORY_H 1
| #define HAVE_STRINGS_H 1
| #define HAVE_INTTYPES_H 1
| #define HAVE_STDINT_H 1
| #define HAVE_UNISTD_H 1
| #define __EXTENSIONS__ 1
| #define _ALL_SOURCE 1
| #define _GNU_SOURCE 1
| #define _POSIX_PTHREAD_SEMANTICS 1
| #define _TANDEM_SOURCE 1
| #define HAVE_DLFCN_H 1
| #define LT_OBJDIR ".libs/"
| #define SIZEOF_LONG_LONG 8
| #define SIZEOF_VOID_P 8
| #define SIZEOF_LONG 8
| #define HAVE_ALLOCA_H 1
| #define HAVE_STDDEF_H 1
| #define HAVE_STRING_H 1
| #define HAVE_STRINGS_H 1
| #define HAVE_STDLIB_H 1
| #define HAVE_TIME_H 1
| #define HAVE_UNISTD_H 1
| #define HAVE_FCNTL_H 1
| #define HAVE_SYS_FILE_H 1
| #define HAVE_SYS_TIME_H 1
| #define HAVE_SYS_STAT_H 1
| #define TIME_WITH_SYS_TIME 1
| #define HAVE_DIRENT_H 1
| /* end confdefs.h.  */
| #include <stdio.h>
| #ifdef HAVE_SYS_TYPES_H
| # include <sys/types.h>
| #endif
| #ifdef HAVE_SYS_STAT_H
| # include <sys/stat.h>
| #endif
| #ifdef STDC_HEADERS
| # include <stdlib.h>
| # include <stddef.h>
| #else
| # ifdef HAVE_STDLIB_H
| #  include <stdlib.h>
| # endif
| #endif
| #ifdef HAVE_STRING_H
| # if !defined STDC_HEADERS && defined HAVE_MEMORY_H
| #  include <memory.h>
| # endif
| # include <string.h>
| #endif
| #ifdef HAVE_STRINGS_H
| # include <strings.h>
| #endif
| #ifdef HAVE_INTTYPES_H
| # include <inttypes.h>
| #endif
| #ifdef HAVE_STDINT_H
| # include <stdint.h>
| #endif
| #ifdef HAVE_UNISTD_H
| # include <unistd.h>
| #endif
| #include <windows.h>
configure:13522: result: no
configure:13522: checking windows.h presence
configure:13522: gcc -E  conftest.c
conftest.c:44:21: fatal error: windows.h: No such file or directory
compilation terminated.
configure:13522: $? = 1
configure: failed program was:
| /* confdefs.h */
| #define PACKAGE_NAME ""
| #define PACKAGE_TARNAME ""
| #define PACKAGE_VERSION ""
| #define PACKAGE_STRING ""
| #define PACKAGE_BUGREPORT ""
| #define PACKAGE_URL ""
| #define PACKAGE "bfd"
| #define VERSION "2.23.2"
| #define STDC_HEADERS 1
| #define HAVE_SYS_TYPES_H 1
| #define HAVE_SYS_STAT_H 1
| #define HAVE_STDLIB_H 1
| #define HAVE_STRING_H 1
| #define HAVE_MEMORY_H 1
| #define HAVE_STRINGS_H 1
| #define HAVE_INTTYPES_H 1
| #define HAVE_STDINT_H 1
| #define HAVE_UNISTD_H 1
| #define __EXTENSIONS__ 1
| #define _ALL_SOURCE 1
| #define _GNU_SOURCE 1
| #define _POSIX_PTHREAD_SEMANTICS 1
| #define _TANDEM_SOURCE 1
| #define HAVE_DLFCN_H 1
| #define LT_OBJDIR ".libs/"
| #define SIZEOF_LONG_LONG 8
| #define SIZEOF_VOID_P 8
| #define SIZEOF_LONG 8
| #define HAVE_ALLOCA_H 1
| #define HAVE_STDDEF_H 1
| #define HAVE_STRING_H 1
| #define HAVE_STRINGS_H 1
| #define HAVE_STDLIB_H 1
| #define HAVE_TIME_H 1
| #define HAVE_UNISTD_H 1
| #define HAVE_FCNTL_H 1
| #define HAVE_SYS_FILE_H 1
| #define HAVE_SYS_TIME_H 1
| #define HAVE_SYS_STAT_H 1
| #define TIME_WITH_SYS_TIME 1
| #define HAVE_DIRENT_H 1
| /* end confdefs.h.  */
| #include <windows.h>
configure:13522: result: no
configure:13522: checking for windows.h
configure:13522: result: no
configure:13522: checking for dlfcn.h
configure:13522: result: yes
configure:13534: checking whether string.h and strings.h may both be included
configure:13551: gcc -c -g -O2  conftest.c >&5
configure:13551: $? = 0
configure:13558: result: yes
configure:13569: checking for fcntl
configure:13569: gcc -o conftest -g -O2    conftest.c  >&5
configure:13569: $? = 0
configure:13569: result: yes
configure:13569: checking for getpagesize
configure:13569: gcc -o conftest -g -O2    conftest.c  >&5
configure:13569: $? = 0
configure:13569: result: yes
configure:13569: checking for setitimer
configure:13569: gcc -o conftest -g -O2    conftest.c  >&5
configure:13569: $? = 0
configure:13569: result: yes
configure:13569: checking for sysconf
configure:13569: gcc -o conftest -g -O2    conftest.c  >&5
configure:13569: $? = 0
configure:13569: result: yes
configure:13569: checking for fdopen
configure:13569: gcc -o conftest -g -O2    conftest.c  >&5
configure:13569: $? = 0
configure:13569: result: yes
configure:13569: checking for getuid
configure:13569: gcc -o conftest -g -O2    conftest.c  >&5
configure:13569: $? = 0
configure:13569: result: yes
configure:13569: checking for getgid
configure:13569: gcc -o conftest -g -O2    conftest.c  >&5
configure:13569: $? = 0
configure:13569: result: yes
configure:13569: checking for fileno
configure:13569: gcc -o conftest -g -O2    conftest.c  >&5
configure:13569: $? = 0
configure:13569: result: yes
configure:13581: checking for strtoull
configure:13581: gcc -o conftest -g -O2    conftest.c  >&5
configure:13581: $? = 0
configure:13581: result: yes
configure:13591: checking whether basename is declared
configure:13591: gcc -c -g -O2  conftest.c >&5
configure:13591: $? = 0
configure:13591: result: yes
configure:13602: checking whether ftello is declared
configure:13602: gcc -c -g -O2  conftest.c >&5
configure:13602: $? = 0
configure:13602: result: yes
configure:13613: checking whether ftello64 is declared
configure:13613: gcc -c -g -O2  conftest.c >&5
configure:13613: $? = 0
configure:13613: result: yes
configure:13624: checking whether fseeko is declared
configure:13624: gcc -c -g -O2  conftest.c >&5
configure:13624: $? = 0
configure:13624: result: yes
configure:13635: checking whether fseeko64 is declared
configure:13635: gcc -c -g -O2  conftest.c >&5
configure:13635: $? = 0
configure:13635: result: yes
configure:13655: checking whether ffs is declared
configure:13655: gcc -c -g -O2  conftest.c >&5
configure:13655: $? = 0
configure:13655: result: yes
configure:13666: checking whether free is declared
configure:13666: gcc -c -g -O2  conftest.c >&5
configure:13666: $? = 0
configure:13666: result: yes
configure:13677: checking whether getenv is declared
configure:13677: gcc -c -g -O2  conftest.c >&5
configure:13677: $? = 0
configure:13677: result: yes
configure:13688: checking whether malloc is declared
configure:13688: gcc -c -g -O2  conftest.c >&5
configure:13688: $? = 0
configure:13688: result: yes
configure:13699: checking whether realloc is declared
configure:13699: gcc -c -g -O2  conftest.c >&5
configure:13699: $? = 0
configure:13699: result: yes
configure:13710: checking whether stpcpy is declared
configure:13710: gcc -c -g -O2  conftest.c >&5
configure:13710: $? = 0
configure:13710: result: yes
configure:13721: checking whether strstr is declared
configure:13721: gcc -c -g -O2  conftest.c >&5
configure:13721: $? = 0
configure:13721: result: yes
configure:13732: checking whether snprintf is declared
configure:13732: gcc -c -g -O2  conftest.c >&5
configure:13732: $? = 0
configure:13732: result: yes
configure:13743: checking whether vsnprintf is declared
configure:13743: gcc -c -g -O2  conftest.c >&5
configure:13743: $? = 0
configure:13743: result: yes
configure:13769: checking for library containing zlibVersion
configure:13800: gcc -o conftest -g -O2    conftest.c  >&5
/tmp/ccudvHVV.o: In function `main':
/home/ixaxaar/Desktop/src/sdcc/support/sdbinutils/bfd/conftest.c:80: undefined reference to `zlibVersion'
collect2: error: ld returned 1 exit status
configure:13800: $? = 1
configure: failed program was:
| /* confdefs.h */
| #define PACKAGE_NAME ""
| #define PACKAGE_TARNAME ""
| #define PACKAGE_VERSION ""
| #define PACKAGE_STRING ""
| #define PACKAGE_BUGREPORT ""
| #define PACKAGE_URL ""
| #define PACKAGE "bfd"
| #define VERSION "2.23.2"
| #define STDC_HEADERS 1
| #define HAVE_SYS_TYPES_H 1
| #define HAVE_SYS_STAT_H 1
| #define HAVE_STDLIB_H 1
| #define HAVE_STRING_H 1
| #define HAVE_MEMORY_H 1
| #define HAVE_STRINGS_H 1
| #define HAVE_INTTYPES_H 1
| #define HAVE_STDINT_H 1
| #define HAVE_UNISTD_H 1
| #define __EXTENSIONS__ 1
| #define _ALL_SOURCE 1
| #define _GNU_SOURCE 1
| #define _POSIX_PTHREAD_SEMANTICS 1
| #define _TANDEM_SOURCE 1
| #define HAVE_DLFCN_H 1
| #define LT_OBJDIR ".libs/"
| #define SIZEOF_LONG_LONG 8
| #define SIZEOF_VOID_P 8
| #define SIZEOF_LONG 8
| #define HAVE_ALLOCA_H 1
| #define HAVE_STDDEF_H 1
| #define HAVE_STRING_H 1
| #define HAVE_STRINGS_H 1
| #define HAVE_STDLIB_H 1
| #define HAVE_TIME_H 1
| #define HAVE_UNISTD_H 1
| #define HAVE_FCNTL_H 1
| #define HAVE_SYS_FILE_H 1
| #define HAVE_SYS_TIME_H 1
| #define HAVE_SYS_STAT_H 1
| #define TIME_WITH_SYS_TIME 1
| #define HAVE_DIRENT_H 1
| #define HAVE_DLFCN_H 1
| #define STRING_WITH_STRINGS 1
| #define HAVE_FCNTL 1
| #define HAVE_GETPAGESIZE 1
| #define HAVE_SETITIMER 1
| #define HAVE_SYSCONF 1
| #define HAVE_FDOPEN 1
| #define HAVE_GETUID 1
| #define HAVE_GETGID 1
| #define HAVE_FILENO 1
| #define HAVE_STRTOULL 1
| #define HAVE_DECL_BASENAME 1
| #define HAVE_DECL_FTELLO 1
| #define HAVE_DECL_FTELLO64 1
| #define HAVE_DECL_FSEEKO 1
| #define HAVE_DECL_FSEEKO64 1
| #define HAVE_DECL_FFS 1
| #define HAVE_DECL_FREE 1
| #define HAVE_DECL_GETENV 1
| #define HAVE_DECL_MALLOC 1
| #define HAVE_DECL_REALLOC 1
| #define HAVE_DECL_STPCPY 1
| #define HAVE_DECL_STRSTR 1
| #define HAVE_DECL_SNPRINTF 1
| #define HAVE_DECL_VSNPRINTF 1
| /* end confdefs.h.  */
| 
| /* Override any GCC internal prototype to avoid an error.
|    Use char because int might match the return type of a GCC
|    builtin and then its argument prototype would still apply.  */
| #ifdef __cplusplus
| extern "C"
| #endif
| char zlibVersion ();
| int
| main ()
| {
| return zlibVersion ();
|   ;
|   return 0;
| }
configure:13800: gcc -o conftest -g -O2    conftest.c -lz   >&5
configure:13800: $? = 0
configure:13817: result: -lz
configure:13824: checking zlib.h usability
configure:13824: gcc -c -g -O2  conftest.c >&5
configure:13824: $? = 0
configure:13824: result: yes
configure:13824: checking zlib.h presence
configure:13824: gcc -E  conftest.c
configure:13824: $? = 0
configure:13824: result: yes
configure:13824: checking for zlib.h
configure:13824: result: yes
configure:14906: checking linker --as-needed support
configure:14917: result: yes
configure:15008: checking for cos in -lm
configure:15033: gcc -o conftest -g -O2    conftest.c -lm  -lz  >&5
conftest.c:77:6: warning: conflicting types for built-in function 'cos' [enabled by default]
configure:15033: $? = 0
configure:15042: result: yes
configure:15638: checking for ftello
configure:15638: gcc -o conftest -g -O2    conftest.c -lz  >&5
configure:15638: $? = 0
configure:15638: result: yes
configure:15638: checking for ftello64
configure:15638: gcc -o conftest -g -O2    conftest.c -lz  >&5
configure:15638: $? = 0
configure:15638: result: yes
configure:15638: checking for fseeko
configure:15638: gcc -o conftest -g -O2    conftest.c -lz  >&5
configure:15638: $? = 0
configure:15638: result: yes
configure:15638: checking for fseeko64
configure:15638: gcc -o conftest -g -O2    conftest.c -lz  >&5
configure:15638: $? = 0
configure:15638: result: yes
configure:15638: checking for fopen64
configure:15638: gcc -o conftest -g -O2    conftest.c -lz  >&5
configure:15638: $? = 0
configure:15638: result: yes
configure:15653: checking size of off_t
configure:15658: gcc -o conftest -g -O2    conftest.c -lz  >&5
configure:15658: $? = 0
configure:15658: ./conftest
configure:15658: $? = 0
configure:15673: result: 8
configure:15684: checking file_ptr type
configure:15693: result: BFD_HOST_64_BIT
configure:15710: checking for stdlib.h
configure:15710: result: yes
configure:15710: checking for unistd.h
configure:15710: result: yes
configure:15723: checking for getpagesize
configure:15723: result: yes
configure:15732: checking for working mmap
configure:15869: gcc -o conftest -g -O2    conftest.c -lz  >&5
configure:15869: $? = 0
configure:15869: ./conftest
configure:15869: $? = 0
configure:15879: result: yes
configure:15891: checking for madvise
configure:15891: gcc -o conftest -g -O2    conftest.c -lz  >&5
configure:15891: $? = 0
configure:15891: result: yes
configure:15891: checking for mprotect
configure:15891: gcc -o conftest -g -O2    conftest.c -lz  >&5
configure:15891: $? = 0
configure:15891: result: yes
configure:16073: creating ./config.status

## ---------------------- ##
## Running config.status. ##
## ---------------------- ##

This file was extended by config.status, which was
generated by GNU Autoconf 2.64.  Invocation command line was

  CONFIG_FILES    = 
  CONFIG_HEADERS  = 
  CONFIG_LINKS    = 
  CONFIG_COMMANDS = 
  $ ./config.status 

on falxifer

config.status:1213: creating Makefile
config.status:1213: creating doc/Makefile
config.status:1213: creating bfd-in3.h
config.status:1213: creating config.h
config.status:1433: executing depfiles commands
config.status:1433: executing libtool commands
config.status:1433: executing default-1 commands
config.status:1433: executing bfd_stdint.h commands

## ---------------- ##
## Cache variables. ##
## ---------------- ##

ac_cv_build=x86_64-unknown-linux-gnu
ac_cv_c_compiler_gnu=yes
ac_cv_env_CC_set=set
ac_cv_env_CC_value=gcc
ac_cv_env_CFLAGS_set=set
ac_cv_env_CFLAGS_value='-g -O2'
ac_cv_env_CPPFLAGS_set=
ac_cv_env_CPPFLAGS_value=
ac_cv_env_CPP_set=
ac_cv_env_CPP_value=
ac_cv_env_LDFLAGS_set=set
ac_cv_env_LDFLAGS_value=' '
ac_cv_env_LIBS_set=
ac_cv_env_LIBS_value=
ac_cv_env_build_alias_set=set
ac_cv_env_build_alias_value=x86_64-unknown-linux-gnu
ac_cv_env_host_alias_set=set
ac_cv_env_host_alias_value=x86_64-unknown-linux-gnu
ac_cv_env_target_alias_set=set
ac_cv_env_target_alias_value=x86_64-unknown-linux-gnu
ac_cv_func_dlopen=no
ac_cv_func_fcntl=yes
ac_cv_func_fdopen=yes
ac_cv_func_fileno=yes
ac_cv_func_fopen64=yes
ac_cv_func_fseeko64=yes
ac_cv_func_fseeko=yes
ac_cv_func_ftello64=yes
ac_cv_func_ftello=yes
ac_cv_func_getgid=yes
ac_cv_func_getpagesize=yes
ac_cv_func_getuid=yes
ac_cv_func_madvise=yes
ac_cv_func_mmap_fixed_mapped=yes
ac_cv_func_mprotect=yes
ac_cv_func_setitimer=yes
ac_cv_func_shl_load=no
ac_cv_func_strtoull=yes
ac_cv_func_sysconf=yes
ac_cv_have_decl_basename=yes
ac_cv_have_decl_ffs=yes
ac_cv_have_decl_free=yes
ac_cv_have_decl_fseeko64=yes
ac_cv_have_decl_fseeko=yes
ac_cv_have_decl_ftello64=yes
ac_cv_have_decl_ftello=yes
ac_cv_have_decl_getenv=yes
ac_cv_have_decl_malloc=yes
ac_cv_have_decl_realloc=yes
ac_cv_have_decl_snprintf=yes
ac_cv_have_decl_stpcpy=yes
ac_cv_have_decl_strstr=yes
ac_cv_have_decl_vsnprintf=yes
ac_cv_header_alloca_h=yes
ac_cv_header_dirent_dirent_h=yes
ac_cv_header_dlfcn_h=yes
ac_cv_header_fcntl_h=yes
ac_cv_header_inttypes_h=yes
ac_cv_header_memory_h=yes
ac_cv_header_minix_config_h=no
ac_cv_header_stdc=yes
ac_cv_header_stddef_h=yes
ac_cv_header_stdint_h=yes
ac_cv_header_stdlib_h=yes
ac_cv_header_string_h=yes
ac_cv_header_strings_h=yes
ac_cv_header_sys_file_h=yes
ac_cv_header_sys_stat_h=yes
ac_cv_header_sys_time_h=yes
ac_cv_header_sys_types_h=yes
ac_cv_header_time=yes
ac_cv_header_time_h=yes
ac_cv_header_unistd_h=yes
ac_cv_header_windows_h=no
ac_cv_header_zlib_h=yes
ac_cv_host=x86_64-unknown-linux-gnu
ac_cv_lib_dl_dlopen=yes
ac_cv_lib_dld_shl_load=no
ac_cv_lib_m_cos=yes
ac_cv_objext=o
ac_cv_path_EGREP='/bin/grep -E'
ac_cv_path_FGREP='/bin/grep -F'
ac_cv_path_GMSGFMT=/usr/bin/msgfmt
ac_cv_path_GREP=/bin/grep
ac_cv_path_MSGFMT=/usr/bin/msgfmt
ac_cv_path_MSGMERGE=/usr/bin/msgmerge
ac_cv_path_SED=/bin/sed
ac_cv_path_XGETTEXT=/usr/bin/xgettext
ac_cv_path_mkdir=/bin/mkdir
ac_cv_prog_AR=ar
ac_cv_prog_AWK=gawk
ac_cv_prog_CC=gcc
ac_cv_prog_CPP='gcc -E'
ac_cv_prog_OBJDUMP=objdump
ac_cv_prog_RANLIB=ranlib
ac_cv_prog_ac_ct_STRIP=strip
ac_cv_prog_cc_c89=
ac_cv_prog_cc_g=yes
ac_cv_prog_make_make_set=yes
ac_cv_safe_to_define___extensions__=yes
ac_cv_search_opendir='none required'
ac_cv_search_strerror='none required'
ac_cv_search_zlibVersion=-lz
ac_cv_sizeof_long=8
ac_cv_sizeof_long_long=8
ac_cv_sizeof_off_t=8
ac_cv_sizeof_void_p=8
ac_cv_sys_file_offset_bits=no
ac_cv_sys_largefile_CC=no
ac_cv_target=x86_64-unknown-linux-gnu
ac_cv_type_int_fast32_t=yes
ac_cv_type_int_least32_t=yes
ac_cv_type_u_int64_t=no
ac_cv_type_uint64_t=yes
ac_cv_type_uintmax_t=yes
ac_cv_type_uintptr_t=yes
acx_cv_header_stdint=stdint.h
acx_cv_header_stdint_kind='(already complete)'
am_cv_CC_dependencies_compiler_type=gcc3
bfd_cv_ld_as_needed=yes
gcc_cv_header_string=yes
lt_cv_deplibs_check_method=pass_all
lt_cv_dlopen=dlopen
lt_cv_dlopen_libs=-ldl
lt_cv_dlopen_self=yes
lt_cv_dlopen_self_static=no
lt_cv_file_magic_cmd='$MAGIC_CMD'
lt_cv_file_magic_test_file=
lt_cv_ld_reload_flag=-r
lt_cv_nm_interface='BSD nm'
lt_cv_objdir=.libs
lt_cv_path_LD=ld
lt_cv_path_NM=nm
lt_cv_prog_compiler_c_o=yes
lt_cv_prog_compiler_pic_works=yes
lt_cv_prog_compiler_rtti_exceptions=no
lt_cv_prog_compiler_static_works=yes
lt_cv_prog_gnu_ld=yes
lt_cv_shlibpath_overrides_runpath=no
lt_cv_sys_global_symbol_pipe='sed -n -e '\''s/^.*[	 ]\([ABCDGIRSTW][ABCDGIRSTW]*\)[	 ][	 ]*\([_A-Za-z][_A-Za-z0-9]*\)$/\1 \2 \2/p'\'''
lt_cv_sys_global_symbol_to_c_name_address='sed -n -e '\''s/^: \([^ ]*\) $/  {\"\1\", (void *) 0},/p'\'' -e '\''s/^[ABCDGIRSTW]* \([^ ]*\) \([^ ]*\)$/  {"\2", (void *) \&\2},/p'\'''
lt_cv_sys_global_symbol_to_c_name_address_lib_prefix='sed -n -e '\''s/^: \([^ ]*\) $/  {\"\1\", (void *) 0},/p'\'' -e '\''s/^[ABCDGIRSTW]* \([^ ]*\) \(lib[^ ]*\)$/  {"\2", (void *) \&\2},/p'\'' -e '\''s/^[ABCDGIRSTW]* \([^ ]*\) \([^ ]*\)$/  {"lib\2", (void *) \&\2},/p'\'''
lt_cv_sys_global_symbol_to_cdecl='sed -n -e '\''s/^T .* \(.*\)$/extern int \1();/p'\'' -e '\''s/^[ABCDGIRSTW]* .* \(.*\)$/extern char \1;/p'\'''
lt_cv_sys_max_cmd_len=3458764513820540925

## ----------------- ##
## Output variables. ##
## ----------------- ##

ACLOCAL='${SHELL} /home/ixaxaar/Desktop/src/sdcc/support/sdbinutils/missing --run aclocal-1.11'
AMDEPBACKSLASH='\'
AMDEP_FALSE='#'
AMDEP_TRUE=''
AMTAR='${SHELL} /home/ixaxaar/Desktop/src/sdcc/support/sdbinutils/missing --run tar'
AR='ar'
AUTOCONF='${SHELL} /home/ixaxaar/Desktop/src/sdcc/support/sdbinutils/missing --run autoconf'
AUTOHEADER='${SHELL} /home/ixaxaar/Desktop/src/sdcc/support/sdbinutils/missing --run autoheader'
AUTOMAKE='${SHELL} /home/ixaxaar/Desktop/src/sdcc/support/sdbinutils/missing --run automake-1.11'
AWK='gawk'
BFD_HOSTPTR_T='unsigned long'
BFD_HOST_64BIT_LONG='1'
BFD_HOST_64BIT_LONG_LONG='0'
BFD_HOST_64_BIT='long'
BFD_HOST_64_BIT_DEFINED='1'
BFD_HOST_U_64_BIT='unsigned long'
CATALOGS=''
CATOBJEXT=''
CC='gcc'
CCDEPMODE='depmode=gcc3'
CC_FOR_BUILD='gcc'
CFLAGS='-g -O2'
COREFILE=''
COREFLAG=''
CPP='gcc -E'
CPPFLAGS=''
CYGPATH_W='echo'
DATADIRNAME=''
DEBUGDIR='${exec_prefix}/lib/debug'
DEFS='-DHAVE_CONFIG_H'
DEPDIR='.deps'
DSYMUTIL=''
DUMPBIN=''
ECHO_C=''
ECHO_N='-n'
ECHO_T=''
EGREP='/bin/grep -E'
EXEEXT=''
EXEEXT_FOR_BUILD='$(EXEEXT)'
FGREP='/bin/grep -F'
GENCAT=''
GENINSRC_NEVER_FALSE=''
GENINSRC_NEVER_TRUE='#'
GMSGFMT='/usr/bin/msgfmt'
GREP='/bin/grep'
HDEFINES=''
INCINTL=''
INSTALL_DATA='/usr/bin/install -c -m 644'
INSTALL_LIBBFD_FALSE=''
INSTALL_LIBBFD_TRUE='#'
INSTALL_PROGRAM='/usr/bin/install -c'
INSTALL_SCRIPT='/usr/bin/install -c'
INSTALL_STRIP_PROGRAM='$(install_sh) -c -s'
INSTOBJEXT=''
LD='ld -m elf_x86_64'
LDFLAGS=' '
LIBINTL=''
LIBINTL_DEP=''
LIBM='-lm'
LIBOBJS=''
LIBS='-lz '
LIBTOOL='$(SHELL) $(top_builddir)/libtool'
LIPO=''
LN_S='ln -s'
LTLIBOBJS=''
MAINT='#'
MAINTAINER_MODE_FALSE=''
MAINTAINER_MODE_TRUE='#'
MAKEINFO='/home/ixaxaar/Desktop/src/sdcc/support/sdbinutils/missing makeinfo --split-size=5000000'
MKDIR_P='/bin/mkdir -p'
MKINSTALLDIRS='$(top_builddir)/./../mkinstalldirs'
MSGFMT='/usr/bin/msgfmt'
MSGMERGE='/usr/bin/msgmerge'
NM='nm'
NMEDIT=''
NO_WERROR='-Wno-error'
OBJDUMP='objdump'
OBJEXT='o'
OTOOL64=''
OTOOL=''
PACKAGE='bfd'
PACKAGE_BUGREPORT=''
PACKAGE_NAME=''
PACKAGE_STRING=''
PACKAGE_TARNAME=''
PACKAGE_URL=''
PACKAGE_VERSION=''
PATH_SEPARATOR=':'
PKGVERSION='(sdbinutils derived from GNU Binutils) '
PLUGINS_FALSE=''
PLUGINS_TRUE='#'
POSUB=''
RANLIB='ranlib'
REPORT_BUGS_TEXI='@uref{http://sourceforge.net/tracker/?group_id=599&atid=100599}'
REPORT_BUGS_TO='<http://sourceforge.net/tracker/?group_id=599&atid=100599>'
SED='/bin/sed'
SET_MAKE=''
SHARED_LDFLAGS=''
SHARED_LIBADD=''
SHELL='/bin/bash'
STRIP='strip'
TDEFINES=' '
USE_NLS='yes'
VERSION='2.23.2'
WARN_CFLAGS='-W -Wall -Wstrict-prototypes -Wmissing-prototypes -Wshadow -Werror'
XGETTEXT='/usr/bin/xgettext'
ac_ct_CC=''
ac_ct_DUMPBIN=''
all_backends='$(BFD32_BACKENDS)'
am__EXEEXT_FALSE=''
am__EXEEXT_TRUE='#'
am__fastdepCC_FALSE='#'
am__fastdepCC_TRUE=''
am__include='include'
am__isrc=''
am__leading_dot='.'
am__quote=''
am__tar='${AMTAR} chof - "$$tardir"'
am__untar='${AMTAR} xf -'
bfd64_libs=''
bfd_backends=' asxxxx.lo'
bfd_default_target_size='32'
bfd_file_ptr='BFD_HOST_64_BIT'
bfd_machines=' cpu-z80.lo'
bfd_ufile_ptr='BFD_HOST_U_64_BIT'
bfdincludedir='$(exec_prefix)/$(host_noncanonical)/$(target_noncanonical)/include'
bfdlibdir='$(exec_prefix)/$(host_noncanonical)/$(target_noncanonical)/lib'
bindir='${exec_prefix}/bin'
build='x86_64-unknown-linux-gnu'
build_alias='x86_64-unknown-linux-gnu'
build_cpu='x86_64'
build_os='linux-gnu'
build_vendor='unknown'
datadir='${datarootdir}'
datarootdir='${prefix}/share'
docdir='${datarootdir}/doc/${PACKAGE}'
dvidir='${docdir}'
exec_prefix='${prefix}'
havevecs='-DHAVE_asxxxx_vec'
host='x86_64-unknown-linux-gnu'
host_alias='x86_64-unknown-linux-gnu'
host_cpu='x86_64'
host_noncanonical='x86_64-unknown-linux-gnu'
host_os='linux-gnu'
host_vendor='unknown'
htmldir='${docdir}'
includedir='${prefix}/include'
infodir='${datarootdir}/info'
install_sh='${SHELL} /home/ixaxaar/Desktop/src/sdcc/support/sdbinutils/install-sh'
libdir='${exec_prefix}/lib'
libexecdir='${exec_prefix}/libexec'
localedir='${datarootdir}/locale'
localstatedir='${prefix}/var'
mandir='${datarootdir}/man'
mkdir_p='/bin/mkdir -p'
oldincludedir='/usr/include'
pdfdir='${docdir}'
prefix='/usr/local'
program_transform_name='s,y,y,'
psdir='${docdir}'
sbindir='${exec_prefix}/sbin'
sharedstatedir='${prefix}/com'
supports_plugins='0'
sysconfdir='${prefix}/etc'
target='asxxxx-unknown-unknown'
target_alias='x86_64-unknown-linux-gnu'
target_cpu='x86_64'
target_noncanonical='x86_64-unknown-linux-gnu'
target_os='linux-gnu'
target_vendor='unknown'
tdefaults=' -DDEFAULT_VECTOR=asxxxx_vec -DSELECT_VECS='\''&asxxxx_vec'\'' -DSELECT_ARCHITECTURES='\''&bfd_z80_arch'\'''
wordsize='32'

## ----------- ##
## confdefs.h. ##
## ----------- ##

/* confdefs.h */
#define PACKAGE_NAME ""
#define PACKAGE_TARNAME ""
#define PACKAGE_VERSION ""
#define PACKAGE_STRING ""
#define PACKAGE_BUGREPORT ""
#define PACKAGE_URL ""
#define PACKAGE "bfd"
#define VERSION "2.23.2"
#define STDC_HEADERS 1
#define HAVE_SYS_TYPES_H 1
#define HAVE_SYS_STAT_H 1
#define HAVE_STDLIB_H 1
#define HAVE_STRING_H 1
#define HAVE_MEMORY_H 1
#define HAVE_STRINGS_H 1
#define HAVE_INTTYPES_H 1
#define HAVE_STDINT_H 1
#define HAVE_UNISTD_H 1
#define __EXTENSIONS__ 1
#define _ALL_SOURCE 1
#define _GNU_SOURCE 1
#define _POSIX_PTHREAD_SEMANTICS 1
#define _TANDEM_SOURCE 1
#define HAVE_DLFCN_H 1
#define LT_OBJDIR ".libs/"
#define SIZEOF_LONG_LONG 8
#define SIZEOF_VOID_P 8
#define SIZEOF_LONG 8
#define HAVE_ALLOCA_H 1
#define HAVE_STDDEF_H 1
#define HAVE_STRING_H 1
#define HAVE_STRINGS_H 1
#define HAVE_STDLIB_H 1
#define HAVE_TIME_H 1
#define HAVE_UNISTD_H 1
#define HAVE_FCNTL_H 1
#define HAVE_SYS_FILE_H 1
#define HAVE_SYS_TIME_H 1
#define HAVE_SYS_STAT_H 1
#define TIME_WITH_SYS_TIME 1
#define HAVE_DIRENT_H 1
#define HAVE_DLFCN_H 1
#define STRING_WITH_STRINGS 1
#define HAVE_FCNTL 1
#define HAVE_GETPAGESIZE 1
#define HAVE_SETITIMER 1
#define HAVE_SYSCONF 1
#define HAVE_FDOPEN 1
#define HAVE_GETUID 1
#define HAVE_GETGID 1
#define HAVE_FILENO 1
#define HAVE_STRTOULL 1
#define HAVE_DECL_BASENAME 1
#define HAVE_DECL_FTELLO 1
#define HAVE_DECL_FTELLO64 1
#define HAVE_DECL_FSEEKO 1
#define HAVE_DECL_FSEEKO64 1
#define HAVE_DECL_FFS 1
#define HAVE_DECL_FREE 1
#define HAVE_DECL_GETENV 1
#define HAVE_DECL_MALLOC 1
#define HAVE_DECL_REALLOC 1
#define HAVE_DECL_STPCPY 1
#define HAVE_DECL_STRSTR 1
#define HAVE_DECL_SNPRINTF 1
#define HAVE_DECL_VSNPRINTF 1
#define HAVE_ZLIB_H 1
#define HAVE_FTELLO 1
#define HAVE_FTELLO64 1
#define HAVE_FSEEKO 1
#define HAVE_FSEEKO64 1
#define HAVE_FOPEN64 1
#define SIZEOF_OFF_T 8
#define HAVE_STDLIB_H 1
#define HAVE_UNISTD_H 1
#define HAVE_GETPAGESIZE 1
#define HAVE_MMAP 1
#define HAVE_MADVISE 1
#define HAVE_MPROTECT 1

configure: exit 0
