This file contains any messages produced by compilers while
running configure, to aid debugging if configure makes a mistake.

It was created by configure, which was
generated by GNU Autoconf 2.69.  Invocation command line was

  $ ./configure --disable-option-checking --prefix=/usr/local --disable-gbz80-port --disable-z80-port --disable-ds390-port --disable-ds400-port --disable-pic14-port --disable-pic16-port --disable-hc08-port --disable-r2k-port --disable-z180-port --disable-sdcdb --disable-ucsim docdir=${datarootdir}/doc/${PACKAGE} --cache-file=/dev/null --srcdir=.

## --------- ##
## Platform. ##
## --------- ##

hostname = falxifer
uname -m = x86_64
uname -r = 3.8.0-19-generic
uname -s = Linux
uname -v = #29-Ubuntu SMP Wed Apr 17 18:16:28 UTC 2013

/usr/bin/uname -p = unknown
/bin/uname -X     = unknown

/bin/arch              = unknown
/usr/bin/arch -k       = unknown
/usr/convex/getsysinfo = unknown
/usr/bin/hostinfo      = unknown
/bin/machine           = unknown
/usr/bin/oslevel       = unknown
/bin/universe          = unknown

PATH: /usr/local/sbin
PATH: /usr/local/bin
PATH: /usr/sbin
PATH: /usr/bin
PATH: /sbin
PATH: /bin
PATH: /usr/games
PATH: /usr/local/games


## ----------- ##
## Core tests. ##
## ----------- ##

configure:2398: checking for gcc
configure:2414: found /usr/bin/gcc
configure:2425: result: gcc
configure:2654: checking for C compiler version
configure:2663: gcc --version >&5
gcc (Ubuntu/Linaro 4.7.3-1ubuntu1) 4.7.3
Copyright (C) 2012 Free Software Foundation, Inc.
This is free software; see the source for copying conditions.  There is NO
warranty; not even for MERCHANTABILITY or FITNESS FOR A PARTICULAR PURPOSE.

configure:2674: $? = 0
configure:2663: gcc -v >&5
Using built-in specs.
COLLECT_GCC=gcc
COLLECT_LTO_WRAPPER=/usr/lib/gcc/x86_64-linux-gnu/4.7/lto-wrapper
Target: x86_64-linux-gnu
Configured with: ../src/configure -v --with-pkgversion='Ubuntu/Linaro 4.7.3-1ubuntu1' --with-bugurl=file:///usr/share/doc/gcc-4.7/README.Bugs --enable-languages=c,c++,go,fortran,objc,obj-c++ --prefix=/usr --program-suffix=-4.7 --enable-shared --enable-linker-build-id --libexecdir=/usr/lib --without-included-gettext --enable-threads=posix --with-gxx-include-dir=/usr/include/c++/4.7 --libdir=/usr/lib --enable-nls --with-sysroot=/ --enable-clocale=gnu --enable-libstdcxx-debug --enable-libstdcxx-time=yes --enable-gnu-unique-object --enable-plugin --with-system-zlib --enable-objc-gc --with-cloog --enable-cloog-backend=ppl --disable-cloog-version-check --disable-ppl-version-check --enable-multiarch --disable-werror --with-arch-32=i686 --with-abi=m64 --with-multilib-list=m32,m64,mx32 --with-tune=generic --enable-checking=release --build=x86_64-linux-gnu --host=x86_64-linux-gnu --target=x86_64-linux-gnu
Thread model: posix
gcc version 4.7.3 (Ubuntu/Linaro 4.7.3-1ubuntu1) 
configure:2674: $? = 0
configure:2663: gcc -V >&5
gcc: error: unrecognized command line option '-V'
gcc: fatal error: no input files
compilation terminated.
configure:2674: $? = 4
configure:2663: gcc -qversion >&5
gcc: error: unrecognized command line option '-qversion'
gcc: fatal error: no input files
compilation terminated.
configure:2674: $? = 4
configure:2694: checking whether the C compiler works
configure:2716: gcc    conftest.c  >&5
configure:2720: $? = 0
configure:2768: result: yes
configure:2771: checking for C compiler default output file name
configure:2773: result: a.out
configure:2779: checking for suffix of executables
configure:2786: gcc -o conftest    conftest.c  >&5
configure:2790: $? = 0
configure:2812: result: 
configure:2834: checking whether we are cross compiling
configure:2842: gcc -o conftest    conftest.c  >&5
configure:2846: $? = 0
configure:2853: ./conftest
configure:2857: $? = 0
configure:2872: result: no
configure:2877: checking for suffix of object files
configure:2899: gcc -c   conftest.c >&5
configure:2903: $? = 0
configure:2924: result: o
configure:2928: checking whether we are using the GNU C compiler
configure:2947: gcc -c   conftest.c >&5
configure:2947: $? = 0
configure:2956: result: yes
configure:2965: checking whether gcc accepts -g
configure:2985: gcc -c -g  conftest.c >&5
configure:2985: $? = 0
configure:3026: result: yes
configure:3043: checking for gcc option to accept ISO C89
configure:3106: gcc  -c -g -O2  conftest.c >&5
configure:3106: $? = 0
configure:3119: result: none needed
configure:3140: checking whether gcc and cc understand -c and -o together
configure:3171: gcc -c conftest.c -o conftest2.o >&5
configure:3175: $? = 0
configure:3181: gcc -c conftest.c -o conftest2.o >&5
configure:3185: $? = 0
configure:3196: cc -c conftest.c >&5
configure:3200: $? = 0
configure:3208: cc -c conftest.c -o conftest2.o >&5
configure:3212: $? = 0
configure:3218: cc -c conftest.c -o conftest2.o >&5
configure:3222: $? = 0
configure:3240: result: yes
configure:3264: checking how to run the C preprocessor
configure:3295: gcc -E  conftest.c
configure:3295: $? = 0
configure:3309: gcc -E  conftest.c
conftest.c:9:28: fatal error: ac_nonexistent.h: No such file or directory
compilation terminated.
configure:3309: $? = 1
configure: failed program was:
| /* confdefs.h */
| #define PACKAGE_NAME ""
| #define PACKAGE_TARNAME ""
| #define PACKAGE_VERSION ""
| #define PACKAGE_STRING ""
| #define PACKAGE_BUGREPORT ""
| #define PACKAGE_URL ""
| /* end confdefs.h.  */
| #include <ac_nonexistent.h>
configure:3334: result: gcc -E
configure:3354: gcc -E  conftest.c
configure:3354: $? = 0
configure:3368: gcc -E  conftest.c
conftest.c:9:28: fatal error: ac_nonexistent.h: No such file or directory
compilation terminated.
configure:3368: $? = 1
configure: failed program was:
| /* confdefs.h */
| #define PACKAGE_NAME ""
| #define PACKAGE_TARNAME ""
| #define PACKAGE_VERSION ""
| #define PACKAGE_STRING ""
| #define PACKAGE_BUGREPORT ""
| #define PACKAGE_URL ""
| /* end confdefs.h.  */
| #include <ac_nonexistent.h>
configure:3397: checking for inline
configure:3413: gcc -c -g -O2  conftest.c >&5
configure:3413: $? = 0
configure:3421: result: inline
configure:3440: checking for built-in _Bool
configure:3456: gcc -c -g -O2  conftest.c >&5
configure:3456: $? = 0
configure:3464: result: yes
configure:3474: checking size of short
configure:3494: gcc -c -g -O2  conftest.c >&5
conftest.c: In function 'main':
conftest.c:17:20: error: duplicate case value
conftest.c:17:12: error: previously used here
configure:3494: $? = 1
configure: failed program was:
| /* confdefs.h */
| #define PACKAGE_NAME ""
| #define PACKAGE_TARNAME ""
| #define PACKAGE_VERSION ""
| #define PACKAGE_STRING ""
| #define PACKAGE_BUGREPORT ""
| #define PACKAGE_URL ""
| #define HAVE__BOOL 1
| /* end confdefs.h.  */
| #include "confdefs.h"
| #include <sys/types.h>
| 
| 
| int
| main ()
| {
| switch (0) case 0: case (sizeof (short) == 4):;
|   ;
|   return 0;
| }
configure:3494: gcc -c -g -O2  conftest.c >&5
conftest.c: In function 'main':
conftest.c:17:20: error: duplicate case value
conftest.c:17:12: error: previously used here
configure:3494: $? = 1
configure: failed program was:
| /* confdefs.h */
| #define PACKAGE_NAME ""
| #define PACKAGE_TARNAME ""
| #define PACKAGE_VERSION ""
| #define PACKAGE_STRING ""
| #define PACKAGE_BUGREPORT ""
| #define PACKAGE_URL ""
| #define HAVE__BOOL 1
| /* end confdefs.h.  */
| #include "confdefs.h"
| #include <sys/types.h>
| 
| 
| int
| main ()
| {
| switch (0) case 0: case (sizeof (short) == 8):;
|   ;
|   return 0;
| }
configure:3494: gcc -c -g -O2  conftest.c >&5
conftest.c: In function 'main':
conftest.c:17:20: error: duplicate case value
conftest.c:17:12: error: previously used here
configure:3494: $? = 1
configure: failed program was:
| /* confdefs.h */
| #define PACKAGE_NAME ""
| #define PACKAGE_TARNAME ""
| #define PACKAGE_VERSION ""
| #define PACKAGE_STRING ""
| #define PACKAGE_BUGREPORT ""
| #define PACKAGE_URL ""
| #define HAVE__BOOL 1
| /* end confdefs.h.  */
| #include "confdefs.h"
| #include <sys/types.h>
| 
| 
| int
| main ()
| {
| switch (0) case 0: case (sizeof (short) == 1):;
|   ;
|   return 0;
| }
configure:3494: gcc -c -g -O2  conftest.c >&5
configure:3494: $? = 0
configure:3506: result: 2
configure:3514: checking size of int
configure:3534: gcc -c -g -O2  conftest.c >&5
configure:3534: $? = 0
configure:3546: result: 4
configure:3554: checking size of long
configure:3574: gcc -c -g -O2  conftest.c >&5
conftest.c: In function 'main':
conftest.c:19:20: error: duplicate case value
conftest.c:19:12: error: previously used here
configure:3574: $? = 1
configure: failed program was:
| /* confdefs.h */
| #define PACKAGE_NAME ""
| #define PACKAGE_TARNAME ""
| #define PACKAGE_VERSION ""
| #define PACKAGE_STRING ""
| #define PACKAGE_BUGREPORT ""
| #define PACKAGE_URL ""
| #define HAVE__BOOL 1
| #define SIZEOF_SHORT 2
| #define SIZEOF_INT 4
| /* end confdefs.h.  */
| #include "confdefs.h"
| #include <sys/types.h>
| 
| 
| int
| main ()
| {
| switch (0) case 0: case (sizeof (long) == 4):;
|   ;
|   return 0;
| }
configure:3574: gcc -c -g -O2  conftest.c >&5
configure:3574: $? = 0
configure:3586: result: 8
configure:3596: checking for grep that handles long lines and -e
configure:3654: result: /bin/grep
configure:3659: checking for egrep
configure:3721: result: /bin/grep -E
configure:3726: checking execution character set
configure:3763: result: ASCII
configure:3782: checking whether make sets $(MAKE)
configure:3804: result: yes
configure:3814: checking whether a default assembler was specified
configure:3825: result: no
configure:3829: checking whether a default linker was specified
configure:3840: result: no
configure:3849: checking for gawk
configure:3865: found /usr/bin/gawk
configure:3876: result: gawk
configure:3893: checking whether ln works
configure:3916: result: yes
configure:3928: checking whether ln -s works
configure:3951: result: yes
configure:4006: checking for ranlib
configure:4022: found /usr/bin/ranlib
configure:4033: result: ranlib
configure:4094: checking for a BSD compatible install
configure:4136: result: /usr/bin/install -c
configure:4146: checking for ANSI C header files
configure:4166: gcc -c -g -O2  conftest.c >&5
configure:4166: $? = 0
configure:4239: gcc -o conftest -g -O2   conftest.c  >&5
configure:4239: $? = 0
configure:4239: ./conftest
configure:4239: $? = 0
configure:4250: result: yes
configure:4258: checking whether time.h and sys/time.h may both be included
configure:4278: gcc -c -g -O2  conftest.c >&5
configure:4278: $? = 0
configure:4285: result: yes
configure:4293: checking for working stdbool.h
configure:4309: gcc -c -g -O2  conftest.c >&5
configure:4309: $? = 0
configure:4316: result: yes
configure:4324: checking whether string.h and strings.h may both be included
configure:4341: gcc -c -g -O2  conftest.c >&5
configure:4341: $? = 0
configure:4348: result: yes
configure:4356: checking for sys/wait.h that is POSIX.1 compatible
configure:4382: gcc -c -g -O2  conftest.c >&5
configure:4382: $? = 0
configure:4389: result: yes
configure:4402: checking for sys/types.h
configure:4402: gcc -c -g -O2  conftest.c >&5
configure:4402: $? = 0
configure:4402: result: yes
configure:4402: checking for sys/stat.h
configure:4402: gcc -c -g -O2  conftest.c >&5
configure:4402: $? = 0
configure:4402: result: yes
configure:4402: checking for stdlib.h
configure:4402: gcc -c -g -O2  conftest.c >&5
configure:4402: $? = 0
configure:4402: result: yes
configure:4402: checking for string.h
configure:4402: gcc -c -g -O2  conftest.c >&5
configure:4402: $? = 0
configure:4402: result: yes
configure:4402: checking for memory.h
configure:4402: gcc -c -g -O2  conftest.c >&5
configure:4402: $? = 0
configure:4402: result: yes
configure:4402: checking for strings.h
configure:4402: gcc -c -g -O2  conftest.c >&5
configure:4402: $? = 0
configure:4402: result: yes
configure:4402: checking for inttypes.h
configure:4402: gcc -c -g -O2  conftest.c >&5
configure:4402: $? = 0
configure:4402: result: yes
configure:4402: checking for stdint.h
configure:4402: gcc -c -g -O2  conftest.c >&5
configure:4402: $? = 0
configure:4402: result: yes
configure:4402: checking for unistd.h
configure:4402: gcc -c -g -O2  conftest.c >&5
configure:4402: $? = 0
configure:4402: result: yes
configure:4420: checking limits.h usability
configure:4420: gcc -c -g -O2  conftest.c >&5
configure:4420: $? = 0
configure:4420: result: yes
configure:4420: checking limits.h presence
configure:4420: gcc -E  conftest.c
configure:4420: $? = 0
configure:4420: result: yes
configure:4420: checking for limits.h
configure:4420: result: yes
configure:4420: checking stddef.h usability
configure:4420: gcc -c -g -O2  conftest.c >&5
configure:4420: $? = 0
configure:4420: result: yes
configure:4420: checking stddef.h presence
configure:4420: gcc -E  conftest.c
configure:4420: $? = 0
configure:4420: result: yes
configure:4420: checking for stddef.h
configure:4420: result: yes
configure:4420: checking for string.h
configure:4420: result: yes
configure:4420: checking for strings.h
configure:4420: result: yes
configure:4420: checking for stdlib.h
configure:4420: result: yes
configure:4420: checking time.h usability
configure:4420: gcc -c -g -O2  conftest.c >&5
configure:4420: $? = 0
configure:4420: result: yes
configure:4420: checking time.h presence
configure:4420: gcc -E  conftest.c
configure:4420: $? = 0
configure:4420: result: yes
configure:4420: checking for time.h
configure:4420: result: yes
configure:4420: checking fcntl.h usability
configure:4420: gcc -c -g -O2  conftest.c >&5
configure:4420: $? = 0
configure:4420: result: yes
configure:4420: checking fcntl.h presence
configure:4420: gcc -E  conftest.c
configure:4420: $? = 0
configure:4420: result: yes
configure:4420: checking for fcntl.h
configure:4420: result: yes
configure:4420: checking for unistd.h
configure:4420: result: yes
configure:4420: checking sys/file.h usability
configure:4420: gcc -c -g -O2  conftest.c >&5
configure:4420: $? = 0
configure:4420: result: yes
configure:4420: checking sys/file.h presence
configure:4420: gcc -E  conftest.c
configure:4420: $? = 0
configure:4420: result: yes
configure:4420: checking for sys/file.h
configure:4420: result: yes
configure:4420: checking sys/time.h usability
configure:4420: gcc -c -g -O2  conftest.c >&5
configure:4420: $? = 0
configure:4420: result: yes
configure:4420: checking sys/time.h presence
configure:4420: gcc -E  conftest.c
configure:4420: $? = 0
configure:4420: result: yes
configure:4420: checking for sys/time.h
configure:4420: result: yes
configure:4420: checking sys/param.h usability
configure:4420: gcc -c -g -O2  conftest.c >&5
configure:4420: $? = 0
configure:4420: result: yes
configure:4420: checking sys/param.h presence
configure:4420: gcc -E  conftest.c
configure:4420: $? = 0
configure:4420: result: yes
configure:4420: checking for sys/param.h
configure:4420: result: yes
configure:4420: checking for sys/stat.h
configure:4420: result: yes
configure:4420: checking direct.h usability
configure:4420: gcc -c -g -O2  conftest.c >&5
conftest.c:72:20: fatal error: direct.h: No such file or directory
compilation terminated.
configure:4420: $? = 1
configure: failed program was:
| /* confdefs.h */
| #define PACKAGE_NAME ""
| #define PACKAGE_TARNAME ""
| #define PACKAGE_VERSION ""
| #define PACKAGE_STRING ""
| #define PACKAGE_BUGREPORT ""
| #define PACKAGE_URL ""
| #define HAVE__BOOL 1
| #define SIZEOF_SHORT 2
| #define SIZEOF_INT 4
| #define SIZEOF_LONG 8
| #define STDC_HEADERS 1
| #define TIME_WITH_SYS_TIME 1
| #define HAVE_STDBOOL_H 1
| #define STRING_WITH_STRINGS 1
| #define HAVE_SYS_WAIT_H 1
| #define HAVE_SYS_TYPES_H 1
| #define HAVE_SYS_STAT_H 1
| #define HAVE_STDLIB_H 1
| #define HAVE_STRING_H 1
| #define HAVE_MEMORY_H 1
| #define HAVE_STRINGS_H 1
| #define HAVE_INTTYPES_H 1
| #define HAVE_STDINT_H 1
| #define HAVE_UNISTD_H 1
| #define HAVE_LIMITS_H 1
| #define HAVE_STDDEF_H 1
| #define HAVE_STRING_H 1
| #define HAVE_STRINGS_H 1
| #define HAVE_STDLIB_H 1
| #define HAVE_TIME_H 1
| #define HAVE_FCNTL_H 1
| #define HAVE_UNISTD_H 1
| #define HAVE_SYS_FILE_H 1
| #define HAVE_SYS_TIME_H 1
| #define HAVE_SYS_PARAM_H 1
| #define HAVE_SYS_STAT_H 1
| /* end confdefs.h.  */
| #include <stdio.h>
| #ifdef HAVE_SYS_TYPES_H
| # include <sys/types.h>
| #endif
| #ifdef HAVE_SYS_STAT_H
| # include <sys/stat.h>
| #endif
| #ifdef STDC_HEADERS
| # include <stdlib.h>
| # include <stddef.h>
| #else
| # ifdef HAVE_STDLIB_H
| #  include <stdlib.h>
| # endif
| #endif
| #ifdef HAVE_STRING_H
| # if !defined STDC_HEADERS && defined HAVE_MEMORY_H
| #  include <memory.h>
| # endif
| # include <string.h>
| #endif
| #ifdef HAVE_STRINGS_H
| # include <strings.h>
| #endif
| #ifdef HAVE_INTTYPES_H
| # include <inttypes.h>
| #endif
| #ifdef HAVE_STDINT_H
| # include <stdint.h>
| #endif
| #ifdef HAVE_UNISTD_H
| # include <unistd.h>
| #endif
| #include <direct.h>
configure:4420: result: no
configure:4420: checking direct.h presence
configure:4420: gcc -E  conftest.c
conftest.c:39:20: fatal error: direct.h: No such file or directory
compilation terminated.
configure:4420: $? = 1
configure: failed program was:
| /* confdefs.h */
| #define PACKAGE_NAME ""
| #define PACKAGE_TARNAME ""
| #define PACKAGE_VERSION ""
| #define PACKAGE_STRING ""
| #define PACKAGE_BUGREPORT ""
| #define PACKAGE_URL ""
| #define HAVE__BOOL 1
| #define SIZEOF_SHORT 2
| #define SIZEOF_INT 4
| #define SIZEOF_LONG 8
| #define STDC_HEADERS 1
| #define TIME_WITH_SYS_TIME 1
| #define HAVE_STDBOOL_H 1
| #define STRING_WITH_STRINGS 1
| #define HAVE_SYS_WAIT_H 1
| #define HAVE_SYS_TYPES_H 1
| #define HAVE_SYS_STAT_H 1
| #define HAVE_STDLIB_H 1
| #define HAVE_STRING_H 1
| #define HAVE_MEMORY_H 1
| #define HAVE_STRINGS_H 1
| #define HAVE_INTTYPES_H 1
| #define HAVE_STDINT_H 1
| #define HAVE_UNISTD_H 1
| #define HAVE_LIMITS_H 1
| #define HAVE_STDDEF_H 1
| #define HAVE_STRING_H 1
| #define HAVE_STRINGS_H 1
| #define HAVE_STDLIB_H 1
| #define HAVE_TIME_H 1
| #define HAVE_FCNTL_H 1
| #define HAVE_UNISTD_H 1
| #define HAVE_SYS_FILE_H 1
| #define HAVE_SYS_TIME_H 1
| #define HAVE_SYS_PARAM_H 1
| #define HAVE_SYS_STAT_H 1
| /* end confdefs.h.  */
| #include <direct.h>
configure:4420: result: no
configure:4420: checking for direct.h
configure:4420: result: no
configure:4420: checking malloc.h usability
configure:4420: gcc -c -g -O2  conftest.c >&5
configure:4420: $? = 0
configure:4420: result: yes
configure:4420: checking malloc.h presence
configure:4420: gcc -E  conftest.c
configure:4420: $? = 0
configure:4420: result: yes
configure:4420: checking for malloc.h
configure:4420: result: yes
configure:4434: checking for CHAR_BIT
configure:4458: result: yes
configure:4504: checking whether byte ordering is bigendian
configure:4519: gcc -c -g -O2  conftest.c >&5
conftest.c:41:9: error: unknown type name 'not'
conftest.c:41:15: error: expected '=', ',', ';', 'asm' or '__attribute__' before 'universal'
conftest.c:41:15: error: unknown type name 'universal'
configure:4519: $? = 1
configure: failed program was:
| /* confdefs.h */
| #define PACKAGE_NAME ""
| #define PACKAGE_TARNAME ""
| #define PACKAGE_VERSION ""
| #define PACKAGE_STRING ""
| #define PACKAGE_BUGREPORT ""
| #define PACKAGE_URL ""
| #define HAVE__BOOL 1
| #define SIZEOF_SHORT 2
| #define SIZEOF_INT 4
| #define SIZEOF_LONG 8
| #define STDC_HEADERS 1
| #define TIME_WITH_SYS_TIME 1
| #define HAVE_STDBOOL_H 1
| #define STRING_WITH_STRINGS 1
| #define HAVE_SYS_WAIT_H 1
| #define HAVE_SYS_TYPES_H 1
| #define HAVE_SYS_STAT_H 1
| #define HAVE_STDLIB_H 1
| #define HAVE_STRING_H 1
| #define HAVE_MEMORY_H 1
| #define HAVE_STRINGS_H 1
| #define HAVE_INTTYPES_H 1
| #define HAVE_STDINT_H 1
| #define HAVE_UNISTD_H 1
| #define HAVE_LIMITS_H 1
| #define HAVE_STDDEF_H 1
| #define HAVE_STRING_H 1
| #define HAVE_STRINGS_H 1
| #define HAVE_STDLIB_H 1
| #define HAVE_TIME_H 1
| #define HAVE_FCNTL_H 1
| #define HAVE_UNISTD_H 1
| #define HAVE_SYS_FILE_H 1
| #define HAVE_SYS_TIME_H 1
| #define HAVE_SYS_PARAM_H 1
| #define HAVE_SYS_STAT_H 1
| #define HAVE_MALLOC_H 1
| /* end confdefs.h.  */
| #ifndef __APPLE_CC__
| 	       not a universal capable compiler
| 	     #endif
| 	     typedef int dummy;
| 
configure:4564: gcc -c -g -O2  conftest.c >&5
configure:4564: $? = 0
configure:4582: gcc -c -g -O2  conftest.c >&5
conftest.c: In function 'main':
conftest.c:47:4: error: unknown type name 'not'
conftest.c:47:12: error: expected '=', ',', ';', 'asm' or '__attribute__' before 'endian'
configure:4582: $? = 1
configure: failed program was:
| /* confdefs.h */
| #define PACKAGE_NAME ""
| #define PACKAGE_TARNAME ""
| #define PACKAGE_VERSION ""
| #define PACKAGE_STRING ""
| #define PACKAGE_BUGREPORT ""
| #define PACKAGE_URL ""
| #define HAVE__BOOL 1
| #define SIZEOF_SHORT 2
| #define SIZEOF_INT 4
| #define SIZEOF_LONG 8
| #define STDC_HEADERS 1
| #define TIME_WITH_SYS_TIME 1
| #define HAVE_STDBOOL_H 1
| #define STRING_WITH_STRINGS 1
| #define HAVE_SYS_WAIT_H 1
| #define HAVE_SYS_TYPES_H 1
| #define HAVE_SYS_STAT_H 1
| #define HAVE_STDLIB_H 1
| #define HAVE_STRING_H 1
| #define HAVE_MEMORY_H 1
| #define HAVE_STRINGS_H 1
| #define HAVE_INTTYPES_H 1
| #define HAVE_STDINT_H 1
| #define HAVE_UNISTD_H 1
| #define HAVE_LIMITS_H 1
| #define HAVE_STDDEF_H 1
| #define HAVE_STRING_H 1
| #define HAVE_STRINGS_H 1
| #define HAVE_STDLIB_H 1
| #define HAVE_TIME_H 1
| #define HAVE_FCNTL_H 1
| #define HAVE_UNISTD_H 1
| #define HAVE_SYS_FILE_H 1
| #define HAVE_SYS_TIME_H 1
| #define HAVE_SYS_PARAM_H 1
| #define HAVE_SYS_STAT_H 1
| #define HAVE_MALLOC_H 1
| /* end confdefs.h.  */
| #include <sys/types.h>
| 		#include <sys/param.h>
| 
| int
| main ()
| {
| #if BYTE_ORDER != BIG_ENDIAN
| 		 not big endian
| 		#endif
| 
|   ;
|   return 0;
| }
configure:4710: result: no
configure:4732: checking for mktemp
configure:4748: found /bin/mktemp
configure:4760: result: yes
configure:4771: checking for strip
configure:4787: found /usr/bin/strip
configure:4799: result: strip
configure:4810: checking for preprocessor stringizing operator
configure:4830: result: yes
configure:4843: checking for clock
configure:4843: gcc -o conftest -g -O2   conftest.c  >&5
configure:4843: $? = 0
configure:4843: result: yes
configure:4843: checking for strsignal
configure:4843: gcc -o conftest -g -O2   conftest.c  >&5
configure:4843: $? = 0
configure:4843: result: yes
configure:4843: checking for strchr
configure:4843: gcc -o conftest -g -O2   conftest.c  >&5
conftest.c:66:6: warning: conflicting types for built-in function 'strchr' [enabled by default]
configure:4843: $? = 0
configure:4843: result: yes
configure:4843: checking for strrchr
configure:4843: gcc -o conftest -g -O2   conftest.c  >&5
conftest.c:67:6: warning: conflicting types for built-in function 'strrchr' [enabled by default]
configure:4843: $? = 0
configure:4843: result: yes
configure:4843: checking for lstat
configure:4843: gcc -o conftest -g -O2   conftest.c  >&5
configure:4843: $? = 0
configure:4843: result: yes
configure:4853: checking for ssize_t
configure:4853: gcc -c -g -O2  conftest.c >&5
configure:4853: $? = 0
configure:4853: gcc -c -g -O2  conftest.c >&5
conftest.c: In function 'main':
conftest.c:82:22: error: expected expression before ')' token
configure:4853: $? = 1
configure: failed program was:
| /* confdefs.h */
| #define PACKAGE_NAME ""
| #define PACKAGE_TARNAME ""
| #define PACKAGE_VERSION ""
| #define PACKAGE_STRING ""
| #define PACKAGE_BUGREPORT ""
| #define PACKAGE_URL ""
| #define HAVE__BOOL 1
| #define SIZEOF_SHORT 2
| #define SIZEOF_INT 4
| #define SIZEOF_LONG 8
| #define STDC_HEADERS 1
| #define TIME_WITH_SYS_TIME 1
| #define HAVE_STDBOOL_H 1
| #define STRING_WITH_STRINGS 1
| #define HAVE_SYS_WAIT_H 1
| #define HAVE_SYS_TYPES_H 1
| #define HAVE_SYS_STAT_H 1
| #define HAVE_STDLIB_H 1
| #define HAVE_STRING_H 1
| #define HAVE_MEMORY_H 1
| #define HAVE_STRINGS_H 1
| #define HAVE_INTTYPES_H 1
| #define HAVE_STDINT_H 1
| #define HAVE_UNISTD_H 1
| #define HAVE_LIMITS_H 1
| #define HAVE_STDDEF_H 1
| #define HAVE_STRING_H 1
| #define HAVE_STRINGS_H 1
| #define HAVE_STDLIB_H 1
| #define HAVE_TIME_H 1
| #define HAVE_FCNTL_H 1
| #define HAVE_UNISTD_H 1
| #define HAVE_SYS_FILE_H 1
| #define HAVE_SYS_TIME_H 1
| #define HAVE_SYS_PARAM_H 1
| #define HAVE_SYS_STAT_H 1
| #define HAVE_MALLOC_H 1
| #define HAVE_STRINGIZE 1
| #define HAVE_CLOCK 1
| #define HAVE_STRSIGNAL 1
| #define HAVE_STRCHR 1
| #define HAVE_STRRCHR 1
| #define HAVE_LSTAT 1
| /* end confdefs.h.  */
| #include <stdio.h>
| #ifdef HAVE_SYS_TYPES_H
| # include <sys/types.h>
| #endif
| #ifdef HAVE_SYS_STAT_H
| # include <sys/stat.h>
| #endif
| #ifdef STDC_HEADERS
| # include <stdlib.h>
| # include <stddef.h>
| #else
| # ifdef HAVE_STDLIB_H
| #  include <stdlib.h>
| # endif
| #endif
| #ifdef HAVE_STRING_H
| # if !defined STDC_HEADERS && defined HAVE_MEMORY_H
| #  include <memory.h>
| # endif
| # include <string.h>
| #endif
| #ifdef HAVE_STRINGS_H
| # include <strings.h>
| #endif
| #ifdef HAVE_INTTYPES_H
| # include <inttypes.h>
| #endif
| #ifdef HAVE_STDINT_H
| # include <stdint.h>
| #endif
| #ifdef HAVE_UNISTD_H
| # include <unistd.h>
| #endif
| int
| main ()
| {
| if (sizeof ((ssize_t)))
| 	    return 0;
|   ;
|   return 0;
| }
configure:4853: result: yes
configure:4867: checking for getpagesize
configure:4867: gcc -o conftest -g -O2   conftest.c  >&5
configure:4867: $? = 0
configure:4867: result: yes
configure:5122: checking for working mmap from /dev/zero
configure:5142: gcc -o conftest -g -O2   conftest.c  >&5
In file included from conftest.c:47:0:
ct-mmap.inc: In function 'test_0':
ct-mmap.inc:97:5: warning: incompatible implicit declaration of built-in function 'exit' [enabled by default]
ct-mmap.inc:102:5: warning: incompatible implicit declaration of built-in function 'exit' [enabled by default]
ct-mmap.inc: In function 'test_1':
ct-mmap.inc:112:5: warning: incompatible implicit declaration of built-in function 'exit' [enabled by default]
ct-mmap.inc:116:5: warning: incompatible implicit declaration of built-in function 'exit' [enabled by default]
ct-mmap.inc:122:5: warning: incompatible implicit declaration of built-in function 'exit' [enabled by default]
ct-mmap.inc:128:7: warning: incompatible implicit declaration of built-in function 'exit' [enabled by default]
ct-mmap.inc:131:5: warning: incompatible implicit declaration of built-in function 'exit' [enabled by default]
ct-mmap.inc: In function 'test_2':
ct-mmap.inc:141:5: warning: incompatible implicit declaration of built-in function 'exit' [enabled by default]
ct-mmap.inc:145:5: warning: incompatible implicit declaration of built-in function 'exit' [enabled by default]
ct-mmap.inc:151:5: warning: incompatible implicit declaration of built-in function 'exit' [enabled by default]
ct-mmap.inc:158:7: warning: incompatible implicit declaration of built-in function 'exit' [enabled by default]
ct-mmap.inc:162:5: warning: incompatible implicit declaration of built-in function 'exit' [enabled by default]
ct-mmap.inc: In function 'test_3':
ct-mmap.inc:182:5: warning: incompatible implicit declaration of built-in function 'exit' [enabled by default]
ct-mmap.inc:185:5: warning: incompatible implicit declaration of built-in function 'exit' [enabled by default]
ct-mmap.inc:195:4: warning: incompatible implicit declaration of built-in function 'exit' [enabled by default]
ct-mmap.inc:201:5: warning: incompatible implicit declaration of built-in function 'exit' [enabled by default]
ct-mmap.inc:207:5: warning: incompatible implicit declaration of built-in function 'exit' [enabled by default]
ct-mmap.inc:212:7: warning: incompatible implicit declaration of built-in function 'exit' [enabled by default]
ct-mmap.inc:219:7: warning: incompatible implicit declaration of built-in function 'exit' [enabled by default]
ct-mmap.inc: In function 'main':
ct-mmap.inc:232:5: warning: incompatible implicit declaration of built-in function 'exit' [enabled by default]
ct-mmap.inc:240:3: warning: incompatible implicit declaration of built-in function 'exit' [enabled by default]
configure:5142: $? = 0
configure:5142: ./conftest
configure:5142: $? = 0
configure:5156: result: yes
configure:5164: checking for working mmap with MAP_ANON(YMOUS)
configure:5179: gcc -o conftest -g -O2   conftest.c  >&5
In file included from conftest.c:49:0:
ct-mmap.inc: In function 'test_0':
ct-mmap.inc:97:5: warning: incompatible implicit declaration of built-in function 'exit' [enabled by default]
ct-mmap.inc:102:5: warning: incompatible implicit declaration of built-in function 'exit' [enabled by default]
ct-mmap.inc: In function 'test_1':
ct-mmap.inc:112:5: warning: incompatible implicit declaration of built-in function 'exit' [enabled by default]
ct-mmap.inc:116:5: warning: incompatible implicit declaration of built-in function 'exit' [enabled by default]
ct-mmap.inc:122:5: warning: incompatible implicit declaration of built-in function 'exit' [enabled by default]
ct-mmap.inc:128:7: warning: incompatible implicit declaration of built-in function 'exit' [enabled by default]
ct-mmap.inc:131:5: warning: incompatible implicit declaration of built-in function 'exit' [enabled by default]
ct-mmap.inc: In function 'test_2':
ct-mmap.inc:141:5: warning: incompatible implicit declaration of built-in function 'exit' [enabled by default]
ct-mmap.inc:145:5: warning: incompatible implicit declaration of built-in function 'exit' [enabled by default]
ct-mmap.inc:151:5: warning: incompatible implicit declaration of built-in function 'exit' [enabled by default]
ct-mmap.inc:158:7: warning: incompatible implicit declaration of built-in function 'exit' [enabled by default]
ct-mmap.inc:162:5: warning: incompatible implicit declaration of built-in function 'exit' [enabled by default]
ct-mmap.inc: In function 'test_3':
ct-mmap.inc:182:5: warning: incompatible implicit declaration of built-in function 'exit' [enabled by default]
ct-mmap.inc:185:5: warning: incompatible implicit declaration of built-in function 'exit' [enabled by default]
ct-mmap.inc:195:4: warning: incompatible implicit declaration of built-in function 'exit' [enabled by default]
ct-mmap.inc:201:5: warning: incompatible implicit declaration of built-in function 'exit' [enabled by default]
ct-mmap.inc:207:5: warning: incompatible implicit declaration of built-in function 'exit' [enabled by default]
ct-mmap.inc:212:7: warning: incompatible implicit declaration of built-in function 'exit' [enabled by default]
ct-mmap.inc:219:7: warning: incompatible implicit declaration of built-in function 'exit' [enabled by default]
ct-mmap.inc: In function 'main':
ct-mmap.inc:240:3: warning: incompatible implicit declaration of built-in function 'exit' [enabled by default]
configure:5179: $? = 0
configure:5179: ./conftest
configure:5179: $? = 0
configure:5193: result: yes
configure:5202: checking for working mmap of a file
configure:5254: gcc -o conftest -g -O2   conftest.c  >&5
conftest.c: In function 'main':
conftest.c:66:5: warning: incompatible implicit declaration of built-in function 'exit' [enabled by default]
configure:5254: $? = 0
configure:5254: ./conftest
configure:5254: $? = 0
configure:5264: result: yes
configure:5280: checking whether getenv is declared
configure:5303: gcc -c -g -O2 -I. -I./libiberty -I./libcpp/include  conftest.c >&5
configure:5303: $? = 0
configure:5312: result: yes
configure:5280: checking whether abort is declared
configure:5303: gcc -c -g -O2 -I. -I./libiberty -I./libcpp/include  conftest.c >&5
configure:5303: $? = 0
configure:5312: result: yes
configure:5280: checking whether strsignal is declared
configure:5303: gcc -c -g -O2 -I. -I./libiberty -I./libcpp/include  conftest.c >&5
configure:5303: $? = 0
configure:5312: result: yes
configure:5280: checking whether errno is declared
configure:5303: gcc -c -g -O2 -I. -I./libiberty -I./libcpp/include  conftest.c >&5
configure:5303: $? = 0
configure:5312: result: yes
configure:5280: checking whether malloc is declared
configure:5303: gcc -c -g -O2 -I. -I./libiberty -I./libcpp/include  conftest.c >&5
configure:5303: $? = 0
configure:5312: result: yes
configure:5280: checking whether realloc is declared
configure:5303: gcc -c -g -O2 -I. -I./libiberty -I./libcpp/include  conftest.c >&5
configure:5303: $? = 0
configure:5312: result: yes
configure:5280: checking whether calloc is declared
configure:5303: gcc -c -g -O2 -I. -I./libiberty -I./libcpp/include  conftest.c >&5
configure:5303: $? = 0
configure:5312: result: yes
configure:5280: checking whether free is declared
configure:5303: gcc -c -g -O2 -I. -I./libiberty -I./libcpp/include  conftest.c >&5
configure:5303: $? = 0
configure:5312: result: yes
configure:5280: checking whether clock is declared
configure:5303: gcc -c -g -O2 -I. -I./libiberty -I./libcpp/include  conftest.c >&5
configure:5303: $? = 0
configure:5312: result: yes
configure:5353: checking if mkdir takes one argument
configure:5379: gcc -c -g -O2  conftest.c >&5
configure:5379: $? = 0
configure:5386: result: no
configure:5527: checking what assembler to use
configure:5609: result: /usr/bin/as
configure:5614: checking what nm to use
configure:5622: result: nm
configure:5626: checking whether to enable maintainer-specific portions of Makefiles
configure:5636: result: no
configure:5843: creating ./config.status

## ---------------------- ##
## Running config.status. ##
## ---------------------- ##

This file was extended by config.status, which was
generated by GNU Autoconf 2.69.  Invocation command line was

  CONFIG_FILES    = 
  CONFIG_HEADERS  = 
  CONFIG_LINKS    = 
  CONFIG_COMMANDS = 
  $ ./config.status 

on falxifer

config.status:938: creating Makefile
config.status:938: creating auto-host.h
config.status:1122: executing default commands

## ---------------- ##
## Cache variables. ##
## ---------------- ##

ac_cv_c_bigendian=no
ac_cv_c_charset=ASCII
ac_cv_c_compiler_gnu=yes
ac_cv_c_inline=inline
ac_cv_c_stringize=yes
ac_cv_env_CC_set=
ac_cv_env_CC_value=
ac_cv_env_CFLAGS_set=
ac_cv_env_CFLAGS_value=
ac_cv_env_CPPFLAGS_set=
ac_cv_env_CPPFLAGS_value=
ac_cv_env_CPP_set=
ac_cv_env_CPP_value=
ac_cv_env_LDFLAGS_set=
ac_cv_env_LDFLAGS_value=
ac_cv_env_LIBS_set=
ac_cv_env_LIBS_value=
ac_cv_env_build_alias_set=
ac_cv_env_build_alias_value=
ac_cv_env_host_alias_set=
ac_cv_env_host_alias_value=
ac_cv_env_target_alias_set=
ac_cv_env_target_alias_value=
ac_cv_func_clock=yes
ac_cv_func_getpagesize=yes
ac_cv_func_lstat=yes
ac_cv_func_mmap_anon=yes
ac_cv_func_mmap_dev_zero=yes
ac_cv_func_mmap_file=yes
ac_cv_func_strchr=yes
ac_cv_func_strrchr=yes
ac_cv_func_strsignal=yes
ac_cv_header_direct_h=no
ac_cv_header_fcntl_h=yes
ac_cv_header_inttypes_h=yes
ac_cv_header_limits_h=yes
ac_cv_header_malloc_h=yes
ac_cv_header_memory_h=yes
ac_cv_header_stdbool_h=yes
ac_cv_header_stdc=yes
ac_cv_header_stddef_h=yes
ac_cv_header_stdint_h=yes
ac_cv_header_stdlib_h=yes
ac_cv_header_string_h=yes
ac_cv_header_strings_h=yes
ac_cv_header_sys_file_h=yes
ac_cv_header_sys_param_h=yes
ac_cv_header_sys_stat_h=yes
ac_cv_header_sys_time_h=yes
ac_cv_header_sys_types_h=yes
ac_cv_header_sys_wait_h=yes
ac_cv_header_time=yes
ac_cv_header_time_h=yes
ac_cv_header_unistd_h=yes
ac_cv_objext=o
ac_cv_path_EGREP='/bin/grep -E'
ac_cv_path_GREP=/bin/grep
ac_cv_path_install='/usr/bin/install -c'
ac_cv_prog_AWK=gawk
ac_cv_prog_CPP='gcc -E'
ac_cv_prog_STRIP=strip
ac_cv_prog_ac_ct_CC=gcc
ac_cv_prog_ac_ct_RANLIB=ranlib
ac_cv_prog_cc_c89=
ac_cv_prog_cc_g=yes
ac_cv_prog_cc_gcc_c_o=yes
ac_cv_prog_have_mktemp_command=yes
ac_cv_prog_make_make_set=yes
ac_cv_sizeof_int=4
ac_cv_sizeof_long=8
ac_cv_sizeof_short=2
ac_cv_type_ssize_t=yes
gcc_cv_as=/usr/bin/as
gcc_cv_as_gas_srcdir=./gas
gcc_cv_c__bool=yes
gcc_cv_decl_char_bit=yes
gcc_cv_gas_major_version=
gcc_cv_gas_minor_version=
gcc_cv_have_decl_abort=yes
gcc_cv_have_decl_calloc=yes
gcc_cv_have_decl_clock=yes
gcc_cv_have_decl_errno=yes
gcc_cv_have_decl_free=yes
gcc_cv_have_decl_getenv=yes
gcc_cv_have_decl_malloc=yes
gcc_cv_have_decl_realloc=yes
gcc_cv_have_decl_strsignal=yes
gcc_cv_header_string=yes
gcc_cv_mkdir_takes_one_arg=no
gcc_cv_nm=nm
gcc_cv_prog_LN=ln
gcc_cv_prog_LN_S='ln -s'

## ----------------- ##
## Output variables. ##
## ----------------- ##

AWK='gawk'
CC='gcc'
CFLAGS='-g -O2'
CPP='gcc -E'
CPPFLAGS=''
DEFS='-DHAVE_CONFIG_H'
ECHO_C=''
ECHO_N='-n'
ECHO_T=''
EGREP='/bin/grep -E'
EXEEXT=''
GREP='/bin/grep'
INSTALL='/usr/bin/install -c'
INSTALL_DATA='${INSTALL} -m 644'
INSTALL_PROGRAM='${INSTALL}'
LDFLAGS=''
LIBOBJS=''
LIBS=''
LN='ln'
LN_S='ln -s'
LTLIBOBJS=''
MAINT='#'
NO_MINUS_C_MINUS_O=''
OBJEXT='o'
OUTPUT_OPTION='-o $@'
PACKAGE='sdcc'
PACKAGE_BUGREPORT=''
PACKAGE_NAME=''
PACKAGE_STRING=''
PACKAGE_TARNAME=''
PACKAGE_URL=''
PACKAGE_VERSION=''
PATH_SEPARATOR=':'
RANLIB='ranlib'
SET_MAKE=''
SHELL='/bin/bash'
STRIP='strip'
VERSION='const'
WALL_FLAG='-Wall'
ac_ct_CC='gcc'
all_stagestuff=''
bindir='${exec_prefix}/bin'
build_alias=''
build_canonical=''
build_exeext=''
build_install_headers_dir='install-headers-tar'
build_xm_defines=''
build_xm_file='auto-host.h ansidecl.h  /.h defaults.h'
build_xm_file_list=''
c_target_objs=''
check_languages=''
const char pkgversion_string[] = PKGVERSION;'
datadir='${datarootdir}'
datarootdir='${prefix}/share'
dep_host_xmake_file=''
dep_tmake_file=''
docdir='${datarootdir}/doc/${PACKAGE}'
dvidir='${docdir}'
exec_prefix='${prefix}'
extra_c_flags=''
extra_headers_list=''
extra_objs=' '
extra_parts=''
extra_passes=''
extra_programs=''
gcc_config_arguments=''
gcc_version='const'
gcc_version_full='const char version_string[] = BASEVER DATESTAMP DEVPHASE VERSUFFIX;
gcc_version_trigger='./version.c'
have_mktemp_command='yes'
host_alias=''
host_canonical=''
host_exeext=''
host_extra_gcc_objs=''
htmldir='${docdir}'
includedir='${prefix}/include'
infodir='${datarootdir}/info'
install=''
lang_tree_files=''
libdir='${exec_prefix}/lib'
libexecdir='${exec_prefix}/libexec'
local_prefix='/usr/local'
localedir='${datarootdir}/locale'
localstatedir='${prefix}/var'
mandir='${datarootdir}/man'
manext='.1'
md_file='/.md'
objdir='/home/ixaxaar/Desktop/src/sdcc/support/cpp'
objext='.o'
oldincludedir='/usr/include'
out_file='/.c'
out_object_file='.c.o'
pdfdir='${docdir}'
prefix='/usr/local'
program_transform_name='s,x,x,'
psdir='${docdir}'
sbindir='${exec_prefix}/sbin'
sharedstatedir='${prefix}/com'
symbolic_link='ln -s'
sysconfdir='${prefix}/etc'
target_alias=''
target_subdir=''
thread_file=''
warn_cflags='$(GCC_WARN_CFLAGS)'

## ----------- ##
## confdefs.h. ##
## ----------- ##

/* confdefs.h */
#define PACKAGE_NAME ""
#define PACKAGE_TARNAME ""
#define PACKAGE_VERSION ""
#define PACKAGE_STRING ""
#define PACKAGE_BUGREPORT ""
#define PACKAGE_URL ""
#define HAVE__BOOL 1
#define SIZEOF_SHORT 2
#define SIZEOF_INT 4
#define SIZEOF_LONG 8
#define STDC_HEADERS 1
#define TIME_WITH_SYS_TIME 1
#define HAVE_STDBOOL_H 1
#define STRING_WITH_STRINGS 1
#define HAVE_SYS_WAIT_H 1
#define HAVE_SYS_TYPES_H 1
#define HAVE_SYS_STAT_H 1
#define HAVE_STDLIB_H 1
#define HAVE_STRING_H 1
#define HAVE_MEMORY_H 1
#define HAVE_STRINGS_H 1
#define HAVE_INTTYPES_H 1
#define HAVE_STDINT_H 1
#define HAVE_UNISTD_H 1
#define HAVE_LIMITS_H 1
#define HAVE_STDDEF_H 1
#define HAVE_STRING_H 1
#define HAVE_STRINGS_H 1
#define HAVE_STDLIB_H 1
#define HAVE_TIME_H 1
#define HAVE_FCNTL_H 1
#define HAVE_UNISTD_H 1
#define HAVE_SYS_FILE_H 1
#define HAVE_SYS_TIME_H 1
#define HAVE_SYS_PARAM_H 1
#define HAVE_SYS_STAT_H 1
#define HAVE_MALLOC_H 1
#define HAVE_STRINGIZE 1
#define HAVE_CLOCK 1
#define HAVE_STRSIGNAL 1
#define HAVE_STRCHR 1
#define HAVE_STRRCHR 1
#define HAVE_LSTAT 1
#define HAVE_GETPAGESIZE 1
#define HAVE_MMAP_DEV_ZERO 1
#define HAVE_MMAP_ANON 1
#define HAVE_MMAP_FILE 1
#define HAVE_DECL_GETENV 1
#define HAVE_DECL_ABORT 1
#define HAVE_DECL_STRSIGNAL 1
#define HAVE_DECL_ERRNO 1
#define HAVE_DECL_MALLOC 1
#define HAVE_DECL_REALLOC 1
#define HAVE_DECL_CALLOC 1
#define HAVE_DECL_FREE 1
#define HAVE_DECL_CLOCK 1
#define PACKAGE "sdcc"
#define VERSION "const"

configure: exit 0
