                                      1 ;--------------------------------------------------------
                                      2 ; File Created by SDCC : free open source ANSI-C Compiler
                                      3 ; Version 3.3.1 #8898 (Nov 27 2013) (Linux)
                                      4 ; This file was generated Wed Nov 27 12:27:50 2013
                                      5 ;--------------------------------------------------------
                                      6 	.module _isspace
                                      7 	.optsdcc -mmcs51 --model-small
                                      8 	
                                      9 ;--------------------------------------------------------
                                     10 ; Public variables in this module
                                     11 ;--------------------------------------------------------
                                     12 	.globl _isspace
                                     13 ;--------------------------------------------------------
                                     14 ; special function registers
                                     15 ;--------------------------------------------------------
                                     16 	.area RSEG    (ABS,DATA)
      000000                         17 	.org 0x0000
                                     18 ;--------------------------------------------------------
                                     19 ; special function bits
                                     20 ;--------------------------------------------------------
                                     21 	.area RSEG    (ABS,DATA)
      000000                         22 	.org 0x0000
                                     23 ;--------------------------------------------------------
                                     24 ; overlayable register banks
                                     25 ;--------------------------------------------------------
                                     26 	.area REG_BANK_0	(REL,OVR,DATA)
      000000                         27 	.ds 8
                                     28 ;--------------------------------------------------------
                                     29 ; internal ram data
                                     30 ;--------------------------------------------------------
                                     31 	.area DSEG    (DATA)
                                     32 ;--------------------------------------------------------
                                     33 ; overlayable items in internal ram 
                                     34 ;--------------------------------------------------------
                                     35 	.area	OSEG    (OVR,DATA)
                                     36 ;--------------------------------------------------------
                                     37 ; indirectly addressable internal ram data
                                     38 ;--------------------------------------------------------
                                     39 	.area ISEG    (DATA)
                                     40 ;--------------------------------------------------------
                                     41 ; absolute internal ram data
                                     42 ;--------------------------------------------------------
                                     43 	.area IABS    (ABS,DATA)
                                     44 	.area IABS    (ABS,DATA)
                                     45 ;--------------------------------------------------------
                                     46 ; bit data
                                     47 ;--------------------------------------------------------
                                     48 	.area BSEG    (BIT)
                                     49 ;--------------------------------------------------------
                                     50 ; paged external ram data
                                     51 ;--------------------------------------------------------
                                     52 	.area PSEG    (PAG,XDATA)
                                     53 ;--------------------------------------------------------
                                     54 ; external ram data
                                     55 ;--------------------------------------------------------
                                     56 	.area XSEG    (XDATA)
                                     57 ;--------------------------------------------------------
                                     58 ; absolute external ram data
                                     59 ;--------------------------------------------------------
                                     60 	.area XABS    (ABS,XDATA)
                                     61 ;--------------------------------------------------------
                                     62 ; external initialized ram data
                                     63 ;--------------------------------------------------------
                                     64 	.area XISEG   (XDATA)
                                     65 	.area HOME    (CODE)
                                     66 	.area GSINIT0 (CODE)
                                     67 	.area GSINIT1 (CODE)
                                     68 	.area GSINIT2 (CODE)
                                     69 	.area GSINIT3 (CODE)
                                     70 	.area GSINIT4 (CODE)
                                     71 	.area GSINIT5 (CODE)
                                     72 	.area GSINIT  (CODE)
                                     73 	.area GSFINAL (CODE)
                                     74 	.area CSEG    (CODE)
                                     75 ;--------------------------------------------------------
                                     76 ; global & static initialisations
                                     77 ;--------------------------------------------------------
                                     78 	.area HOME    (CODE)
                                     79 	.area GSINIT  (CODE)
                                     80 	.area GSFINAL (CODE)
                                     81 	.area GSINIT  (CODE)
                                     82 ;--------------------------------------------------------
                                     83 ; Home
                                     84 ;--------------------------------------------------------
                                     85 	.area HOME    (CODE)
                                     86 	.area HOME    (CODE)
                                     87 ;--------------------------------------------------------
                                     88 ; code
                                     89 ;--------------------------------------------------------
                                     90 	.area CSEG    (CODE)
                                     91 ;------------------------------------------------------------
                                     92 ;Allocation info for local variables in function 'isspace'
                                     93 ;------------------------------------------------------------
                                     94 ;c                         Allocated to registers r7 
                                     95 ;------------------------------------------------------------
                                     96 ;	_isspace.c:33: char isspace (unsigned char c)
                                     97 ;	-----------------------------------------
                                     98 ;	 function isspace
                                     99 ;	-----------------------------------------
      000000                        100 _isspace:
                           000007   101 	ar7 = 0x07
                           000006   102 	ar6 = 0x06
                           000005   103 	ar5 = 0x05
                           000004   104 	ar4 = 0x04
                           000003   105 	ar3 = 0x03
                           000002   106 	ar2 = 0x02
                           000001   107 	ar1 = 0x01
                           000000   108 	ar0 = 0x00
      000000 AF 82            [24]  109 	mov	r7,dpl
                                    110 ;	_isspace.c:35: if ( c == UC(' ')  ||
      000002 BF 20 02         [24]  111 	cjne	r7,#0x20,00125$
      000005 80 17            [24]  112 	sjmp	00101$
      000007                        113 00125$:
                                    114 ;	_isspace.c:36: c == UC('\f') ||
      000007 BF 0C 02         [24]  115 	cjne	r7,#0x0C,00126$
      00000A 80 12            [24]  116 	sjmp	00101$
      00000C                        117 00126$:
                                    118 ;	_isspace.c:37: c == UC('\n') ||
      00000C BF 0A 02         [24]  119 	cjne	r7,#0x0A,00127$
      00000F 80 0D            [24]  120 	sjmp	00101$
      000011                        121 00127$:
                                    122 ;	_isspace.c:38: c == UC('\r') ||
      000011 BF 0D 02         [24]  123 	cjne	r7,#0x0D,00128$
      000014 80 08            [24]  124 	sjmp	00101$
      000016                        125 00128$:
                                    126 ;	_isspace.c:39: c == UC('\t') ||
      000016 BF 09 02         [24]  127 	cjne	r7,#0x09,00129$
      000019 80 03            [24]  128 	sjmp	00101$
      00001B                        129 00129$:
                                    130 ;	_isspace.c:40: c == UC('\v') )
      00001B BF 0B 04         [24]  131 	cjne	r7,#0x0B,00102$
      00001E                        132 00101$:
                                    133 ;	_isspace.c:41: return 1;
      00001E 75 82 01         [24]  134 	mov	dpl,#0x01
      000021 22               [24]  135 	ret
      000022                        136 00102$:
                                    137 ;	_isspace.c:42: return 0;
      000022 75 82 00         [24]  138 	mov	dpl,#0x00
      000025 22               [24]  139 	ret
                                    140 	.area CSEG    (CODE)
                                    141 	.area CONST   (CODE)
                                    142 	.area XINIT   (CODE)
                                    143 	.area CABS    (ABS,CODE)
