                                      1 ;--------------------------------------------------------
                                      2 ; File Created by SDCC : free open source ANSI-C Compiler
                                      3 ; Version 3.3.1 #8898 (Nov 27 2013) (Linux)
                                      4 ; This file was generated Wed Nov 27 12:27:50 2013
                                      5 ;--------------------------------------------------------
                                      6 	.module _isxdigit
                                      7 	.optsdcc -mmcs51 --model-small
                                      8 	
                                      9 ;--------------------------------------------------------
                                     10 ; Public variables in this module
                                     11 ;--------------------------------------------------------
                                     12 	.globl _isxdigit
                                     13 ;--------------------------------------------------------
                                     14 ; special function registers
                                     15 ;--------------------------------------------------------
                                     16 	.area RSEG    (ABS,DATA)
      000000                         17 	.org 0x0000
                                     18 ;--------------------------------------------------------
                                     19 ; special function bits
                                     20 ;--------------------------------------------------------
                                     21 	.area RSEG    (ABS,DATA)
      000000                         22 	.org 0x0000
                                     23 ;--------------------------------------------------------
                                     24 ; overlayable register banks
                                     25 ;--------------------------------------------------------
                                     26 	.area REG_BANK_0	(REL,OVR,DATA)
      000000                         27 	.ds 8
                                     28 ;--------------------------------------------------------
                                     29 ; internal ram data
                                     30 ;--------------------------------------------------------
                                     31 	.area DSEG    (DATA)
                                     32 ;--------------------------------------------------------
                                     33 ; overlayable items in internal ram 
                                     34 ;--------------------------------------------------------
                                     35 	.area	OSEG    (OVR,DATA)
                                     36 ;--------------------------------------------------------
                                     37 ; indirectly addressable internal ram data
                                     38 ;--------------------------------------------------------
                                     39 	.area ISEG    (DATA)
                                     40 ;--------------------------------------------------------
                                     41 ; absolute internal ram data
                                     42 ;--------------------------------------------------------
                                     43 	.area IABS    (ABS,DATA)
                                     44 	.area IABS    (ABS,DATA)
                                     45 ;--------------------------------------------------------
                                     46 ; bit data
                                     47 ;--------------------------------------------------------
                                     48 	.area BSEG    (BIT)
                                     49 ;--------------------------------------------------------
                                     50 ; paged external ram data
                                     51 ;--------------------------------------------------------
                                     52 	.area PSEG    (PAG,XDATA)
                                     53 ;--------------------------------------------------------
                                     54 ; external ram data
                                     55 ;--------------------------------------------------------
                                     56 	.area XSEG    (XDATA)
                                     57 ;--------------------------------------------------------
                                     58 ; absolute external ram data
                                     59 ;--------------------------------------------------------
                                     60 	.area XABS    (ABS,XDATA)
                                     61 ;--------------------------------------------------------
                                     62 ; external initialized ram data
                                     63 ;--------------------------------------------------------
                                     64 	.area XISEG   (XDATA)
                                     65 	.area HOME    (CODE)
                                     66 	.area GSINIT0 (CODE)
                                     67 	.area GSINIT1 (CODE)
                                     68 	.area GSINIT2 (CODE)
                                     69 	.area GSINIT3 (CODE)
                                     70 	.area GSINIT4 (CODE)
                                     71 	.area GSINIT5 (CODE)
                                     72 	.area GSINIT  (CODE)
                                     73 	.area GSFINAL (CODE)
                                     74 	.area CSEG    (CODE)
                                     75 ;--------------------------------------------------------
                                     76 ; global & static initialisations
                                     77 ;--------------------------------------------------------
                                     78 	.area HOME    (CODE)
                                     79 	.area GSINIT  (CODE)
                                     80 	.area GSFINAL (CODE)
                                     81 	.area GSINIT  (CODE)
                                     82 ;--------------------------------------------------------
                                     83 ; Home
                                     84 ;--------------------------------------------------------
                                     85 	.area HOME    (CODE)
                                     86 	.area HOME    (CODE)
                                     87 ;--------------------------------------------------------
                                     88 ; code
                                     89 ;--------------------------------------------------------
                                     90 	.area CSEG    (CODE)
                                     91 ;------------------------------------------------------------
                                     92 ;Allocation info for local variables in function 'isxdigit'
                                     93 ;------------------------------------------------------------
                                     94 ;c                         Allocated to registers r7 
                                     95 ;------------------------------------------------------------
                                     96 ;	_isxdigit.c:33: char isxdigit (unsigned char c)
                                     97 ;	-----------------------------------------
                                     98 ;	 function isxdigit
                                     99 ;	-----------------------------------------
      000000                        100 _isxdigit:
                           000007   101 	ar7 = 0x07
                           000006   102 	ar6 = 0x06
                           000005   103 	ar5 = 0x05
                           000004   104 	ar4 = 0x04
                           000003   105 	ar3 = 0x03
                           000002   106 	ar2 = 0x02
                           000001   107 	ar1 = 0x01
                           000000   108 	ar0 = 0x00
      000000 AF 82            [24]  109 	mov	r7,dpl
                                    110 ;	_isxdigit.c:35: if ( ( c >= UC('0') && c <= UC('9')) ||
      000002 BF 30 00         [24]  111 	cjne	r7,#0x30,00119$
      000005                        112 00119$:
      000005 40 05            [24]  113 	jc	00105$
      000007 EF               [12]  114 	mov	a,r7
      000008 24 C6            [12]  115 	add	a,#0xff - 0x39
      00000A 50 14            [24]  116 	jnc	00101$
      00000C                        117 00105$:
                                    118 ;	_isxdigit.c:36: ( c >= UC('a') && c <= UC('f')) ||
      00000C BF 61 00         [24]  119 	cjne	r7,#0x61,00122$
      00000F                        120 00122$:
      00000F 40 05            [24]  121 	jc	00107$
      000011 EF               [12]  122 	mov	a,r7
      000012 24 99            [12]  123 	add	a,#0xff - 0x66
      000014 50 0A            [24]  124 	jnc	00101$
      000016                        125 00107$:
                                    126 ;	_isxdigit.c:37: ( c >= UC('A') && c <= UC('F')) )
      000016 BF 41 00         [24]  127 	cjne	r7,#0x41,00125$
      000019                        128 00125$:
      000019 40 09            [24]  129 	jc	00102$
      00001B EF               [12]  130 	mov	a,r7
      00001C 24 B9            [12]  131 	add	a,#0xff - 0x46
      00001E 40 04            [24]  132 	jc	00102$
      000020                        133 00101$:
                                    134 ;	_isxdigit.c:38: return 1;
      000020 75 82 01         [24]  135 	mov	dpl,#0x01
      000023 22               [24]  136 	ret
      000024                        137 00102$:
                                    138 ;	_isxdigit.c:39: return 0;
      000024 75 82 00         [24]  139 	mov	dpl,#0x00
      000027 22               [24]  140 	ret
                                    141 	.area CSEG    (CODE)
                                    142 	.area CONST   (CODE)
                                    143 	.area XINIT   (CODE)
                                    144 	.area CABS    (ABS,CODE)
