                                      1 ;--------------------------------------------------------
                                      2 ; File Created by SDCC : free open source ANSI-C Compiler
                                      3 ; Version 3.3.1 #8898 (Nov 27 2013) (Linux)
                                      4 ; This file was generated Wed Nov 27 12:27:50 2013
                                      5 ;--------------------------------------------------------
                                      6 	.module _mulint
                                      7 	.optsdcc -mmcs51 --model-small
                                      8 	
                                      9 ;--------------------------------------------------------
                                     10 ; Public variables in this module
                                     11 ;--------------------------------------------------------
                                     12 	.globl __mulint_dummy
                                     13 ;--------------------------------------------------------
                                     14 ; special function registers
                                     15 ;--------------------------------------------------------
                                     16 	.area RSEG    (ABS,DATA)
      000000                         17 	.org 0x0000
                                     18 ;--------------------------------------------------------
                                     19 ; special function bits
                                     20 ;--------------------------------------------------------
                                     21 	.area RSEG    (ABS,DATA)
      000000                         22 	.org 0x0000
                                     23 ;--------------------------------------------------------
                                     24 ; overlayable register banks
                                     25 ;--------------------------------------------------------
                                     26 	.area REG_BANK_0	(REL,OVR,DATA)
      000000                         27 	.ds 8
                                     28 ;--------------------------------------------------------
                                     29 ; internal ram data
                                     30 ;--------------------------------------------------------
                                     31 	.area DSEG    (DATA)
                                     32 ;--------------------------------------------------------
                                     33 ; overlayable items in internal ram 
                                     34 ;--------------------------------------------------------
                                     35 ;--------------------------------------------------------
                                     36 ; indirectly addressable internal ram data
                                     37 ;--------------------------------------------------------
                                     38 	.area ISEG    (DATA)
                                     39 ;--------------------------------------------------------
                                     40 ; absolute internal ram data
                                     41 ;--------------------------------------------------------
                                     42 	.area IABS    (ABS,DATA)
                                     43 	.area IABS    (ABS,DATA)
                                     44 ;--------------------------------------------------------
                                     45 ; bit data
                                     46 ;--------------------------------------------------------
                                     47 	.area BSEG    (BIT)
                                     48 ;--------------------------------------------------------
                                     49 ; paged external ram data
                                     50 ;--------------------------------------------------------
                                     51 	.area PSEG    (PAG,XDATA)
                                     52 ;--------------------------------------------------------
                                     53 ; external ram data
                                     54 ;--------------------------------------------------------
                                     55 	.area XSEG    (XDATA)
                                     56 ;--------------------------------------------------------
                                     57 ; absolute external ram data
                                     58 ;--------------------------------------------------------
                                     59 	.area XABS    (ABS,XDATA)
                                     60 ;--------------------------------------------------------
                                     61 ; external initialized ram data
                                     62 ;--------------------------------------------------------
                                     63 	.area XISEG   (XDATA)
                                     64 	.area HOME    (CODE)
                                     65 	.area GSINIT0 (CODE)
                                     66 	.area GSINIT1 (CODE)
                                     67 	.area GSINIT2 (CODE)
                                     68 	.area GSINIT3 (CODE)
                                     69 	.area GSINIT4 (CODE)
                                     70 	.area GSINIT5 (CODE)
                                     71 	.area GSINIT  (CODE)
                                     72 	.area GSFINAL (CODE)
                                     73 	.area CSEG    (CODE)
                                     74 ;--------------------------------------------------------
                                     75 ; global & static initialisations
                                     76 ;--------------------------------------------------------
                                     77 	.area HOME    (CODE)
                                     78 	.area GSINIT  (CODE)
                                     79 	.area GSFINAL (CODE)
                                     80 	.area GSINIT  (CODE)
                                     81 ;--------------------------------------------------------
                                     82 ; Home
                                     83 ;--------------------------------------------------------
                                     84 	.area HOME    (CODE)
                                     85 	.area HOME    (CODE)
                                     86 ;--------------------------------------------------------
                                     87 ; code
                                     88 ;--------------------------------------------------------
                                     89 	.area CSEG    (CODE)
                                     90 ;------------------------------------------------------------
                                     91 ;Allocation info for local variables in function '_mulint_dummy'
                                     92 ;------------------------------------------------------------
                                     93 ;	_mulint.c:121: _mulint_dummy (void) __naked
                                     94 ;	-----------------------------------------
                                     95 ;	 function _mulint_dummy
                                     96 ;	-----------------------------------------
      000000                         97 __mulint_dummy:
                                     98 ;	naked function: no prologue.
                                     99 ;	_mulint.c:205: __endasm;
      000000                        100 	__mulint:
                                    101 	.globl __mulint
                                    102 	.area OSEG (OVR,DATA)
      000000                        103 	__mulint_PARM_2:
                                    104 	.globl __mulint_PARM_2
      000000                        105 	.ds 2
                                    106 	.area CSEG (CODE)
                                    107 ; globbered registers none
      000000 E5 82            [12]  108 	mov a,dpl ; 1 al
      000002 85*00 F0         [24]  109 	mov b,(__mulint_PARM_2) ; 2 (__mulint_PARM_2)
      000005 A4               [48]  110 	mul ab ; 4 al * (__mulint_PARM_2)
      000006 C5 82            [12]  111 	xch a,dpl ; 1 store low-byte of return value, fetch al
      000008 C0 F0            [24]  112 	push b ; 2
      00000A 85*01 F0         [24]  113 	mov b,(__mulint_PARM_2 + 1) ; 2 (__mulint_PARM_2 + 1)
      00000D A4               [48]  114 	mul ab ; 4 al * (__mulint_PARM_2 + 1)
      00000E D0 F0            [24]  115 	pop b ; 2
      000010 25 F0            [12]  116 	add a,b ; 1
      000012 C5 83            [12]  117 	xch a,dph ; 1 ah -> acc
      000014 85*00 F0         [24]  118 	mov b,(__mulint_PARM_2) ; 2 (__mulint_PARM_2)
      000017 A4               [48]  119 	mul ab ; 4 ah * (__mulint_PARM_2)
      000018 25 83            [12]  120 	add a,dph ; 1
      00001A F5 83            [12]  121 	mov dph,a ; 1
      00001C 22               [24]  122 	ret ; 2
                                    123 ; 30
                                    124 ;	naked function: no epilogue.
                                    125 	.area CSEG    (CODE)
                                    126 	.area CONST   (CODE)
                                    127 	.area XINIT   (CODE)
                                    128 	.area CABS    (ABS,CODE)
