                                      1 ;--------------------------------------------------------
                                      2 ; File Created by SDCC : free open source ANSI-C Compiler
                                      3 ; Version 3.3.1 #8898 (Nov 27 2013) (Linux)
                                      4 ; This file was generated Wed Nov 27 12:27:51 2013
                                      5 ;--------------------------------------------------------
                                      6 	.module _setjmp
                                      7 	.optsdcc -mmcs51 --model-small
                                      8 	
                                      9 ;--------------------------------------------------------
                                     10 ; Public variables in this module
                                     11 ;--------------------------------------------------------
                                     12 	.globl _longjmp_PARM_2
                                     13 	.globl _longjmp
                                     14 	.globl _CY
                                     15 	.globl _AC
                                     16 	.globl _F0
                                     17 	.globl _RS1
                                     18 	.globl _RS0
                                     19 	.globl _OV
                                     20 	.globl _F1
                                     21 	.globl _P
                                     22 	.globl _PS
                                     23 	.globl _PT1
                                     24 	.globl _PX1
                                     25 	.globl _PT0
                                     26 	.globl _PX0
                                     27 	.globl _RD
                                     28 	.globl _WR
                                     29 	.globl _T1
                                     30 	.globl _T0
                                     31 	.globl _INT1
                                     32 	.globl _INT0
                                     33 	.globl _TXD
                                     34 	.globl _RXD
                                     35 	.globl _P3_7
                                     36 	.globl _P3_6
                                     37 	.globl _P3_5
                                     38 	.globl _P3_4
                                     39 	.globl _P3_3
                                     40 	.globl _P3_2
                                     41 	.globl _P3_1
                                     42 	.globl _P3_0
                                     43 	.globl _EA
                                     44 	.globl _ES
                                     45 	.globl _ET1
                                     46 	.globl _EX1
                                     47 	.globl _ET0
                                     48 	.globl _EX0
                                     49 	.globl _P2_7
                                     50 	.globl _P2_6
                                     51 	.globl _P2_5
                                     52 	.globl _P2_4
                                     53 	.globl _P2_3
                                     54 	.globl _P2_2
                                     55 	.globl _P2_1
                                     56 	.globl _P2_0
                                     57 	.globl _SM0
                                     58 	.globl _SM1
                                     59 	.globl _SM2
                                     60 	.globl _REN
                                     61 	.globl _TB8
                                     62 	.globl _RB8
                                     63 	.globl _TI
                                     64 	.globl _RI
                                     65 	.globl _P1_7
                                     66 	.globl _P1_6
                                     67 	.globl _P1_5
                                     68 	.globl _P1_4
                                     69 	.globl _P1_3
                                     70 	.globl _P1_2
                                     71 	.globl _P1_1
                                     72 	.globl _P1_0
                                     73 	.globl _TF1
                                     74 	.globl _TR1
                                     75 	.globl _TF0
                                     76 	.globl _TR0
                                     77 	.globl _IE1
                                     78 	.globl _IT1
                                     79 	.globl _IE0
                                     80 	.globl _IT0
                                     81 	.globl _P0_7
                                     82 	.globl _P0_6
                                     83 	.globl _P0_5
                                     84 	.globl _P0_4
                                     85 	.globl _P0_3
                                     86 	.globl _P0_2
                                     87 	.globl _P0_1
                                     88 	.globl _P0_0
                                     89 	.globl _B
                                     90 	.globl _ACC
                                     91 	.globl _PSW
                                     92 	.globl _IP
                                     93 	.globl _P3
                                     94 	.globl _IE
                                     95 	.globl _P2
                                     96 	.globl _SBUF
                                     97 	.globl _SCON
                                     98 	.globl _P1
                                     99 	.globl _TH1
                                    100 	.globl _TH0
                                    101 	.globl _TL1
                                    102 	.globl _TL0
                                    103 	.globl _TMOD
                                    104 	.globl _TCON
                                    105 	.globl _PCON
                                    106 	.globl _DPH
                                    107 	.globl _DPL
                                    108 	.globl _SP
                                    109 	.globl _P0
                                    110 	.globl ___setjmp
                                    111 ;--------------------------------------------------------
                                    112 ; special function registers
                                    113 ;--------------------------------------------------------
                                    114 	.area RSEG    (ABS,DATA)
      000000                        115 	.org 0x0000
                           000080   116 _P0	=	0x0080
                           000081   117 _SP	=	0x0081
                           000082   118 _DPL	=	0x0082
                           000083   119 _DPH	=	0x0083
                           000087   120 _PCON	=	0x0087
                           000088   121 _TCON	=	0x0088
                           000089   122 _TMOD	=	0x0089
                           00008A   123 _TL0	=	0x008a
                           00008B   124 _TL1	=	0x008b
                           00008C   125 _TH0	=	0x008c
                           00008D   126 _TH1	=	0x008d
                           000090   127 _P1	=	0x0090
                           000098   128 _SCON	=	0x0098
                           000099   129 _SBUF	=	0x0099
                           0000A0   130 _P2	=	0x00a0
                           0000A8   131 _IE	=	0x00a8
                           0000B0   132 _P3	=	0x00b0
                           0000B8   133 _IP	=	0x00b8
                           0000D0   134 _PSW	=	0x00d0
                           0000E0   135 _ACC	=	0x00e0
                           0000F0   136 _B	=	0x00f0
                                    137 ;--------------------------------------------------------
                                    138 ; special function bits
                                    139 ;--------------------------------------------------------
                                    140 	.area RSEG    (ABS,DATA)
      000000                        141 	.org 0x0000
                           000080   142 _P0_0	=	0x0080
                           000081   143 _P0_1	=	0x0081
                           000082   144 _P0_2	=	0x0082
                           000083   145 _P0_3	=	0x0083
                           000084   146 _P0_4	=	0x0084
                           000085   147 _P0_5	=	0x0085
                           000086   148 _P0_6	=	0x0086
                           000087   149 _P0_7	=	0x0087
                           000088   150 _IT0	=	0x0088
                           000089   151 _IE0	=	0x0089
                           00008A   152 _IT1	=	0x008a
                           00008B   153 _IE1	=	0x008b
                           00008C   154 _TR0	=	0x008c
                           00008D   155 _TF0	=	0x008d
                           00008E   156 _TR1	=	0x008e
                           00008F   157 _TF1	=	0x008f
                           000090   158 _P1_0	=	0x0090
                           000091   159 _P1_1	=	0x0091
                           000092   160 _P1_2	=	0x0092
                           000093   161 _P1_3	=	0x0093
                           000094   162 _P1_4	=	0x0094
                           000095   163 _P1_5	=	0x0095
                           000096   164 _P1_6	=	0x0096
                           000097   165 _P1_7	=	0x0097
                           000098   166 _RI	=	0x0098
                           000099   167 _TI	=	0x0099
                           00009A   168 _RB8	=	0x009a
                           00009B   169 _TB8	=	0x009b
                           00009C   170 _REN	=	0x009c
                           00009D   171 _SM2	=	0x009d
                           00009E   172 _SM1	=	0x009e
                           00009F   173 _SM0	=	0x009f
                           0000A0   174 _P2_0	=	0x00a0
                           0000A1   175 _P2_1	=	0x00a1
                           0000A2   176 _P2_2	=	0x00a2
                           0000A3   177 _P2_3	=	0x00a3
                           0000A4   178 _P2_4	=	0x00a4
                           0000A5   179 _P2_5	=	0x00a5
                           0000A6   180 _P2_6	=	0x00a6
                           0000A7   181 _P2_7	=	0x00a7
                           0000A8   182 _EX0	=	0x00a8
                           0000A9   183 _ET0	=	0x00a9
                           0000AA   184 _EX1	=	0x00aa
                           0000AB   185 _ET1	=	0x00ab
                           0000AC   186 _ES	=	0x00ac
                           0000AF   187 _EA	=	0x00af
                           0000B0   188 _P3_0	=	0x00b0
                           0000B1   189 _P3_1	=	0x00b1
                           0000B2   190 _P3_2	=	0x00b2
                           0000B3   191 _P3_3	=	0x00b3
                           0000B4   192 _P3_4	=	0x00b4
                           0000B5   193 _P3_5	=	0x00b5
                           0000B6   194 _P3_6	=	0x00b6
                           0000B7   195 _P3_7	=	0x00b7
                           0000B0   196 _RXD	=	0x00b0
                           0000B1   197 _TXD	=	0x00b1
                           0000B2   198 _INT0	=	0x00b2
                           0000B3   199 _INT1	=	0x00b3
                           0000B4   200 _T0	=	0x00b4
                           0000B5   201 _T1	=	0x00b5
                           0000B6   202 _WR	=	0x00b6
                           0000B7   203 _RD	=	0x00b7
                           0000B8   204 _PX0	=	0x00b8
                           0000B9   205 _PT0	=	0x00b9
                           0000BA   206 _PX1	=	0x00ba
                           0000BB   207 _PT1	=	0x00bb
                           0000BC   208 _PS	=	0x00bc
                           0000D0   209 _P	=	0x00d0
                           0000D1   210 _F1	=	0x00d1
                           0000D2   211 _OV	=	0x00d2
                           0000D3   212 _RS0	=	0x00d3
                           0000D4   213 _RS1	=	0x00d4
                           0000D5   214 _F0	=	0x00d5
                           0000D6   215 _AC	=	0x00d6
                           0000D7   216 _CY	=	0x00d7
                                    217 ;--------------------------------------------------------
                                    218 ; overlayable register banks
                                    219 ;--------------------------------------------------------
                                    220 	.area REG_BANK_0	(REL,OVR,DATA)
      000000                        221 	.ds 8
                                    222 ;--------------------------------------------------------
                                    223 ; internal ram data
                                    224 ;--------------------------------------------------------
                                    225 	.area DSEG    (DATA)
                                    226 ;--------------------------------------------------------
                                    227 ; overlayable items in internal ram 
                                    228 ;--------------------------------------------------------
                                    229 	.area	OSEG    (OVR,DATA)
                                    230 	.area	OSEG    (OVR,DATA)
      000000                        231 _longjmp_PARM_2:
      000000                        232 	.ds 2
                                    233 ;--------------------------------------------------------
                                    234 ; indirectly addressable internal ram data
                                    235 ;--------------------------------------------------------
                                    236 	.area ISEG    (DATA)
                                    237 ;--------------------------------------------------------
                                    238 ; absolute internal ram data
                                    239 ;--------------------------------------------------------
                                    240 	.area IABS    (ABS,DATA)
                                    241 	.area IABS    (ABS,DATA)
                                    242 ;--------------------------------------------------------
                                    243 ; bit data
                                    244 ;--------------------------------------------------------
                                    245 	.area BSEG    (BIT)
                                    246 ;--------------------------------------------------------
                                    247 ; paged external ram data
                                    248 ;--------------------------------------------------------
                                    249 	.area PSEG    (PAG,XDATA)
                                    250 ;--------------------------------------------------------
                                    251 ; external ram data
                                    252 ;--------------------------------------------------------
                                    253 	.area XSEG    (XDATA)
                                    254 ;--------------------------------------------------------
                                    255 ; absolute external ram data
                                    256 ;--------------------------------------------------------
                                    257 	.area XABS    (ABS,XDATA)
                                    258 ;--------------------------------------------------------
                                    259 ; external initialized ram data
                                    260 ;--------------------------------------------------------
                                    261 	.area XISEG   (XDATA)
                                    262 	.area HOME    (CODE)
                                    263 	.area GSINIT0 (CODE)
                                    264 	.area GSINIT1 (CODE)
                                    265 	.area GSINIT2 (CODE)
                                    266 	.area GSINIT3 (CODE)
                                    267 	.area GSINIT4 (CODE)
                                    268 	.area GSINIT5 (CODE)
                                    269 	.area GSINIT  (CODE)
                                    270 	.area GSFINAL (CODE)
                                    271 	.area CSEG    (CODE)
                                    272 ;--------------------------------------------------------
                                    273 ; global & static initialisations
                                    274 ;--------------------------------------------------------
                                    275 	.area HOME    (CODE)
                                    276 	.area GSINIT  (CODE)
                                    277 	.area GSFINAL (CODE)
                                    278 	.area GSINIT  (CODE)
                                    279 ;--------------------------------------------------------
                                    280 ; Home
                                    281 ;--------------------------------------------------------
                                    282 	.area HOME    (CODE)
                                    283 	.area HOME    (CODE)
                                    284 ;--------------------------------------------------------
                                    285 ; code
                                    286 ;--------------------------------------------------------
                                    287 	.area CSEG    (CODE)
                                    288 ;------------------------------------------------------------
                                    289 ;Allocation info for local variables in function '__setjmp'
                                    290 ;------------------------------------------------------------
                                    291 ;buf                       Allocated to registers r5 r6 r7 
                                    292 ;------------------------------------------------------------
                                    293 ;	_setjmp.c:404: int __setjmp (jmp_buf buf)
                                    294 ;	-----------------------------------------
                                    295 ;	 function __setjmp
                                    296 ;	-----------------------------------------
      000000                        297 ___setjmp:
                           000007   298 	ar7 = 0x07
                           000006   299 	ar6 = 0x06
                           000005   300 	ar5 = 0x05
                           000004   301 	ar4 = 0x04
                           000003   302 	ar3 = 0x03
                           000002   303 	ar2 = 0x02
                           000001   304 	ar1 = 0x01
                           000000   305 	ar0 = 0x00
                                    306 ;	_setjmp.c:413: *buf++ = SP;
      000000 AF F0            [24]  307 	mov	r7,b
      000002 E5 81            [12]  308 	mov	a,_SP
      000004 12r00r00         [24]  309 	lcall	__gptrput
      000007 A3               [24]  310 	inc	dptr
                                    311 ;	_setjmp.c:415: *buf++ = *((unsigned char __data *) SP - 0);
      000008 A9 81            [24]  312 	mov	r1,_SP
      00000A 87 04            [24]  313 	mov	ar4,@r1
      00000C 8F F0            [24]  314 	mov	b,r7
      00000E EC               [12]  315 	mov	a,r4
      00000F 12r00r00         [24]  316 	lcall	__gptrput
      000012 A3               [24]  317 	inc	dptr
      000013 AD 82            [24]  318 	mov	r5,dpl
      000015 AE 83            [24]  319 	mov	r6,dph
                                    320 ;	_setjmp.c:416: *buf++ = *((unsigned char __data *) SP - 1);
      000017 E5 81            [12]  321 	mov	a,_SP
      000019 14               [12]  322 	dec	a
      00001A F9               [12]  323 	mov	r1,a
      00001B 87 04            [24]  324 	mov	ar4,@r1
      00001D 8D 82            [24]  325 	mov	dpl,r5
      00001F 8E 83            [24]  326 	mov	dph,r6
      000021 8F F0            [24]  327 	mov	b,r7
      000023 EC               [12]  328 	mov	a,r4
      000024 12r00r00         [24]  329 	lcall	__gptrput
                                    330 ;	_setjmp.c:420: return 0;
      000027 90 00 00         [24]  331 	mov	dptr,#0x0000
      00002A 22               [24]  332 	ret
                                    333 ;------------------------------------------------------------
                                    334 ;Allocation info for local variables in function 'longjmp'
                                    335 ;------------------------------------------------------------
                                    336 ;rv                        Allocated with name '_longjmp_PARM_2'
                                    337 ;buf                       Allocated to registers r5 r6 r7 
                                    338 ;lsp                       Allocated to registers r4 
                                    339 ;------------------------------------------------------------
                                    340 ;	_setjmp.c:423: int longjmp (jmp_buf buf, int rv)
                                    341 ;	-----------------------------------------
                                    342 ;	 function longjmp
                                    343 ;	-----------------------------------------
      00002B                        344 _longjmp:
                                    345 ;	_setjmp.c:431: lsp = *buf++;
      00002B AF F0            [24]  346 	mov	r7,b
      00002D 12r00r00         [24]  347 	lcall	__gptrget
      000030 FC               [12]  348 	mov	r4,a
      000031 A3               [24]  349 	inc	dptr
      000032 AD 82            [24]  350 	mov	r5,dpl
      000034 AE 83            [24]  351 	mov	r6,dph
                                    352 ;	_setjmp.c:433: *((unsigned char __data *) lsp - 0) = *buf++;
      000036 8C 01            [24]  353 	mov	ar1,r4
      000038 8D 82            [24]  354 	mov	dpl,r5
      00003A 8E 83            [24]  355 	mov	dph,r6
      00003C 8F F0            [24]  356 	mov	b,r7
      00003E 12r00r00         [24]  357 	lcall	__gptrget
      000041 FB               [12]  358 	mov	r3,a
      000042 A3               [24]  359 	inc	dptr
      000043 AD 82            [24]  360 	mov	r5,dpl
      000045 AE 83            [24]  361 	mov	r6,dph
      000047 A7 03            [24]  362 	mov	@r1,ar3
                                    363 ;	_setjmp.c:434: *((unsigned char __data *) lsp - 1) = *buf++;
      000049 19               [12]  364 	dec	r1
      00004A 8D 82            [24]  365 	mov	dpl,r5
      00004C 8E 83            [24]  366 	mov	dph,r6
      00004E 8F F0            [24]  367 	mov	b,r7
      000050 12r00r00         [24]  368 	lcall	__gptrget
      000053 FD               [12]  369 	mov	r5,a
      000054 F7               [12]  370 	mov	@r1,a
                                    371 ;	_setjmp.c:438: SP = lsp;
      000055 8C 81            [24]  372 	mov	_SP,r4
                                    373 ;	_setjmp.c:439: return rv ? rv : 1;
      000057 E5*00            [12]  374 	mov	a,_longjmp_PARM_2
      000059 45*01            [12]  375 	orl	a,(_longjmp_PARM_2 + 1)
      00005B 60 06            [24]  376 	jz	00103$
      00005D AE*00            [24]  377 	mov	r6,_longjmp_PARM_2
      00005F AF*01            [24]  378 	mov	r7,(_longjmp_PARM_2 + 1)
      000061 80 04            [24]  379 	sjmp	00104$
      000063                        380 00103$:
      000063 7E 01            [12]  381 	mov	r6,#0x01
      000065 7F 00            [12]  382 	mov	r7,#0x00
      000067                        383 00104$:
      000067 8E 82            [24]  384 	mov	dpl,r6
      000069 8F 83            [24]  385 	mov	dph,r7
      00006B 22               [24]  386 	ret
                                    387 	.area CSEG    (CODE)
                                    388 	.area CONST   (CODE)
                                    389 	.area XINIT   (CODE)
                                    390 	.area CABS    (ABS,CODE)
