                                      1 ;--------------------------------------------------------
                                      2 ; File Created by SDCC : free open source ANSI-C Compiler
                                      3 ; Version 3.3.1 #8898 (Nov 27 2013) (Linux)
                                      4 ; This file was generated Wed Nov 27 12:27:51 2013
                                      5 ;--------------------------------------------------------
                                      6 	.module _strcpy
                                      7 	.optsdcc -mmcs51 --model-small
                                      8 	
                                      9 ;--------------------------------------------------------
                                     10 ; Public variables in this module
                                     11 ;--------------------------------------------------------
                                     12 	.globl _strcpy_PARM_2
                                     13 	.globl _strcpy
                                     14 ;--------------------------------------------------------
                                     15 ; special function registers
                                     16 ;--------------------------------------------------------
                                     17 	.area RSEG    (ABS,DATA)
      000000                         18 	.org 0x0000
                                     19 ;--------------------------------------------------------
                                     20 ; special function bits
                                     21 ;--------------------------------------------------------
                                     22 	.area RSEG    (ABS,DATA)
      000000                         23 	.org 0x0000
                                     24 ;--------------------------------------------------------
                                     25 ; overlayable register banks
                                     26 ;--------------------------------------------------------
                                     27 	.area REG_BANK_0	(REL,OVR,DATA)
      000000                         28 	.ds 8
                                     29 ;--------------------------------------------------------
                                     30 ; internal ram data
                                     31 ;--------------------------------------------------------
                                     32 	.area DSEG    (DATA)
                                     33 ;--------------------------------------------------------
                                     34 ; overlayable items in internal ram 
                                     35 ;--------------------------------------------------------
                                     36 	.area	OSEG    (OVR,DATA)
      000000                         37 _strcpy_PARM_2:
      000000                         38 	.ds 3
      000003                         39 _strcpy_d_1_21:
      000003                         40 	.ds 3
                                     41 ;--------------------------------------------------------
                                     42 ; indirectly addressable internal ram data
                                     43 ;--------------------------------------------------------
                                     44 	.area ISEG    (DATA)
                                     45 ;--------------------------------------------------------
                                     46 ; absolute internal ram data
                                     47 ;--------------------------------------------------------
                                     48 	.area IABS    (ABS,DATA)
                                     49 	.area IABS    (ABS,DATA)
                                     50 ;--------------------------------------------------------
                                     51 ; bit data
                                     52 ;--------------------------------------------------------
                                     53 	.area BSEG    (BIT)
                                     54 ;--------------------------------------------------------
                                     55 ; paged external ram data
                                     56 ;--------------------------------------------------------
                                     57 	.area PSEG    (PAG,XDATA)
                                     58 ;--------------------------------------------------------
                                     59 ; external ram data
                                     60 ;--------------------------------------------------------
                                     61 	.area XSEG    (XDATA)
                                     62 ;--------------------------------------------------------
                                     63 ; absolute external ram data
                                     64 ;--------------------------------------------------------
                                     65 	.area XABS    (ABS,XDATA)
                                     66 ;--------------------------------------------------------
                                     67 ; external initialized ram data
                                     68 ;--------------------------------------------------------
                                     69 	.area XISEG   (XDATA)
                                     70 	.area HOME    (CODE)
                                     71 	.area GSINIT0 (CODE)
                                     72 	.area GSINIT1 (CODE)
                                     73 	.area GSINIT2 (CODE)
                                     74 	.area GSINIT3 (CODE)
                                     75 	.area GSINIT4 (CODE)
                                     76 	.area GSINIT5 (CODE)
                                     77 	.area GSINIT  (CODE)
                                     78 	.area GSFINAL (CODE)
                                     79 	.area CSEG    (CODE)
                                     80 ;--------------------------------------------------------
                                     81 ; global & static initialisations
                                     82 ;--------------------------------------------------------
                                     83 	.area HOME    (CODE)
                                     84 	.area GSINIT  (CODE)
                                     85 	.area GSFINAL (CODE)
                                     86 	.area GSINIT  (CODE)
                                     87 ;--------------------------------------------------------
                                     88 ; Home
                                     89 ;--------------------------------------------------------
                                     90 	.area HOME    (CODE)
                                     91 	.area HOME    (CODE)
                                     92 ;--------------------------------------------------------
                                     93 ; code
                                     94 ;--------------------------------------------------------
                                     95 	.area CSEG    (CODE)
                                     96 ;------------------------------------------------------------
                                     97 ;Allocation info for local variables in function 'strcpy'
                                     98 ;------------------------------------------------------------
                                     99 ;s                         Allocated with name '_strcpy_PARM_2'
                                    100 ;d                         Allocated with name '_strcpy_d_1_21'
                                    101 ;d1                        Allocated to registers r0 r1 r7 
                                    102 ;------------------------------------------------------------
                                    103 ;	_strcpy.c:34: char * strcpy (
                                    104 ;	-----------------------------------------
                                    105 ;	 function strcpy
                                    106 ;	-----------------------------------------
      000000                        107 _strcpy:
                           000007   108 	ar7 = 0x07
                           000006   109 	ar6 = 0x06
                           000005   110 	ar5 = 0x05
                           000004   111 	ar4 = 0x04
                           000003   112 	ar3 = 0x03
                           000002   113 	ar2 = 0x02
                           000001   114 	ar1 = 0x01
                           000000   115 	ar0 = 0x00
      000000 85 82*03         [24]  116 	mov	_strcpy_d_1_21,dpl
      000003 85 83*04         [24]  117 	mov	(_strcpy_d_1_21 + 1),dph
      000006 85 F0*05         [24]  118 	mov	(_strcpy_d_1_21 + 2),b
                                    119 ;	_strcpy.c:48: while (*d1++ = *s++) ;
      000009 AA*00            [24]  120 	mov	r2,_strcpy_PARM_2
      00000B AB*01            [24]  121 	mov	r3,(_strcpy_PARM_2 + 1)
      00000D AC*02            [24]  122 	mov	r4,(_strcpy_PARM_2 + 2)
      00000F A8*03            [24]  123 	mov	r0,_strcpy_d_1_21
      000011 A9*04            [24]  124 	mov	r1,(_strcpy_d_1_21 + 1)
      000013 AF*05            [24]  125 	mov	r7,(_strcpy_d_1_21 + 2)
      000015                        126 00101$:
      000015 8A 82            [24]  127 	mov	dpl,r2
      000017 8B 83            [24]  128 	mov	dph,r3
      000019 8C F0            [24]  129 	mov	b,r4
      00001B 12r00r00         [24]  130 	lcall	__gptrget
      00001E FE               [12]  131 	mov	r6,a
      00001F A3               [24]  132 	inc	dptr
      000020 AA 82            [24]  133 	mov	r2,dpl
      000022 AB 83            [24]  134 	mov	r3,dph
      000024 88 82            [24]  135 	mov	dpl,r0
      000026 89 83            [24]  136 	mov	dph,r1
      000028 8F F0            [24]  137 	mov	b,r7
      00002A EE               [12]  138 	mov	a,r6
      00002B 12r00r00         [24]  139 	lcall	__gptrput
      00002E A3               [24]  140 	inc	dptr
      00002F A8 82            [24]  141 	mov	r0,dpl
      000031 A9 83            [24]  142 	mov	r1,dph
      000033 EE               [12]  143 	mov	a,r6
      000034 70 DF            [24]  144 	jnz	00101$
                                    145 ;	_strcpy.c:50: return d;
      000036 85*03 82         [24]  146 	mov	dpl,_strcpy_d_1_21
      000039 85*04 83         [24]  147 	mov	dph,(_strcpy_d_1_21 + 1)
      00003C 85*05 F0         [24]  148 	mov	b,(_strcpy_d_1_21 + 2)
      00003F 22               [24]  149 	ret
                                    150 	.area CSEG    (CODE)
                                    151 	.area CONST   (CODE)
                                    152 	.area XINIT   (CODE)
                                    153 	.area CABS    (ABS,CODE)
