                                      1 ;--------------------------------------------------------
                                      2 ; File Created by SDCC : free open source ANSI-C Compiler
                                      3 ; Version 3.3.1 #8898 (Nov 27 2013) (Linux)
                                      4 ; This file was generated Wed Nov 27 12:27:50 2013
                                      5 ;--------------------------------------------------------
                                      6 	.module labs
                                      7 	.optsdcc -mmcs51 --model-small
                                      8 	
                                      9 ;--------------------------------------------------------
                                     10 ; Public variables in this module
                                     11 ;--------------------------------------------------------
                                     12 ;--------------------------------------------------------
                                     13 ; special function registers
                                     14 ;--------------------------------------------------------
                                     15 	.area RSEG    (ABS,DATA)
      000000                         16 	.org 0x0000
                                     17 ;--------------------------------------------------------
                                     18 ; special function bits
                                     19 ;--------------------------------------------------------
                                     20 	.area RSEG    (ABS,DATA)
      000000                         21 	.org 0x0000
                                     22 ;--------------------------------------------------------
                                     23 ; overlayable register banks
                                     24 ;--------------------------------------------------------
                                     25 	.area REG_BANK_0	(REL,OVR,DATA)
      000000                         26 	.ds 8
                                     27 ;--------------------------------------------------------
                                     28 ; internal ram data
                                     29 ;--------------------------------------------------------
                                     30 	.area DSEG    (DATA)
                                     31 ;--------------------------------------------------------
                                     32 ; overlayable items in internal ram 
                                     33 ;--------------------------------------------------------
                                     34 ;--------------------------------------------------------
                                     35 ; indirectly addressable internal ram data
                                     36 ;--------------------------------------------------------
                                     37 	.area ISEG    (DATA)
                                     38 ;--------------------------------------------------------
                                     39 ; absolute internal ram data
                                     40 ;--------------------------------------------------------
                                     41 	.area IABS    (ABS,DATA)
                                     42 	.area IABS    (ABS,DATA)
                                     43 ;--------------------------------------------------------
                                     44 ; bit data
                                     45 ;--------------------------------------------------------
                                     46 	.area BSEG    (BIT)
                                     47 ;--------------------------------------------------------
                                     48 ; paged external ram data
                                     49 ;--------------------------------------------------------
                                     50 	.area PSEG    (PAG,XDATA)
                                     51 ;--------------------------------------------------------
                                     52 ; external ram data
                                     53 ;--------------------------------------------------------
                                     54 	.area XSEG    (XDATA)
                                     55 ;--------------------------------------------------------
                                     56 ; absolute external ram data
                                     57 ;--------------------------------------------------------
                                     58 	.area XABS    (ABS,XDATA)
                                     59 ;--------------------------------------------------------
                                     60 ; external initialized ram data
                                     61 ;--------------------------------------------------------
                                     62 	.area XISEG   (XDATA)
                                     63 	.area HOME    (CODE)
                                     64 	.area GSINIT0 (CODE)
                                     65 	.area GSINIT1 (CODE)
                                     66 	.area GSINIT2 (CODE)
                                     67 	.area GSINIT3 (CODE)
                                     68 	.area GSINIT4 (CODE)
                                     69 	.area GSINIT5 (CODE)
                                     70 	.area GSINIT  (CODE)
                                     71 	.area GSFINAL (CODE)
                                     72 	.area CSEG    (CODE)
                                     73 ;--------------------------------------------------------
                                     74 ; global & static initialisations
                                     75 ;--------------------------------------------------------
                                     76 	.area HOME    (CODE)
                                     77 	.area GSINIT  (CODE)
                                     78 	.area GSFINAL (CODE)
                                     79 	.area GSINIT  (CODE)
                                     80 ;--------------------------------------------------------
                                     81 ; Home
                                     82 ;--------------------------------------------------------
                                     83 	.area HOME    (CODE)
                                     84 	.area HOME    (CODE)
                                     85 ;--------------------------------------------------------
                                     86 ; code
                                     87 ;--------------------------------------------------------
                                     88 	.area CSEG    (CODE)
                                     89 ;------------------------------------------------------------
                                     90 ;Allocation info for local variables in function 'dummy'
                                     91 ;------------------------------------------------------------
                                     92 ;	labs.c:37: static void dummy(void) __naked
                                     93 ;	-----------------------------------------
                                     94 ;	 function dummy
                                     95 ;	-----------------------------------------
      000000                         96 _dummy:
                                     97 ;	naked function: no prologue.
                                     98 ;	labs.c:58: __endasm;
                                     99 	.globl _labs
      000000                        100 	_labs:
      000000 30 E7 13         [24]  101 	jnb acc.7, 00001$
      000003 FA               [12]  102 	mov r2,a
      000004 C3               [12]  103 	clr c
      000005 E4               [12]  104 	clr a
      000006 95 82            [12]  105 	subb a,dpl
      000008 F5 82            [12]  106 	mov dpl,a
      00000A E4               [12]  107 	clr a
      00000B 95 83            [12]  108 	subb a,dph
      00000D F5 83            [12]  109 	mov dph,a
      00000F E4               [12]  110 	clr a
      000010 95 F0            [12]  111 	subb a,b
      000012 F5 F0            [12]  112 	mov b,a
      000014 E4               [12]  113 	clr a
      000015 9A               [12]  114 	subb a,r2
      000016                        115 	00001$:
      000016 22               [24]  116 	ret
                                    117 ;	naked function: no epilogue.
                                    118 	.area CSEG    (CODE)
                                    119 	.area CONST   (CODE)
                                    120 	.area XINIT   (CODE)
                                    121 	.area CABS    (ABS,CODE)
