                                      1 ;--------------------------------------------------------
                                      2 ; File Created by SDCC : free open source ANSI-C Compiler
                                      3 ; Version 3.3.1 #8898 (Nov 27 2013) (Linux)
                                      4 ; This file was generated Wed Nov 27 12:27:50 2013
                                      5 ;--------------------------------------------------------
                                      6 	.module modff
                                      7 	.optsdcc -mmcs51 --model-small
                                      8 	
                                      9 ;--------------------------------------------------------
                                     10 ; Public variables in this module
                                     11 ;--------------------------------------------------------
                                     12 	.globl _modff_PARM_2
                                     13 	.globl _modff
                                     14 ;--------------------------------------------------------
                                     15 ; special function registers
                                     16 ;--------------------------------------------------------
                                     17 	.area RSEG    (ABS,DATA)
      000000                         18 	.org 0x0000
                                     19 ;--------------------------------------------------------
                                     20 ; special function bits
                                     21 ;--------------------------------------------------------
                                     22 	.area RSEG    (ABS,DATA)
      000000                         23 	.org 0x0000
                                     24 ;--------------------------------------------------------
                                     25 ; overlayable register banks
                                     26 ;--------------------------------------------------------
                                     27 	.area REG_BANK_0	(REL,OVR,DATA)
      000000                         28 	.ds 8
                                     29 ;--------------------------------------------------------
                                     30 ; internal ram data
                                     31 ;--------------------------------------------------------
                                     32 	.area DSEG    (DATA)
      000000                         33 _modff_PARM_2:
      000000                         34 	.ds 3
      000003                         35 _modff_x_1_23:
      000003                         36 	.ds 4
                                     37 ;--------------------------------------------------------
                                     38 ; overlayable items in internal ram 
                                     39 ;--------------------------------------------------------
                                     40 ;--------------------------------------------------------
                                     41 ; indirectly addressable internal ram data
                                     42 ;--------------------------------------------------------
                                     43 	.area ISEG    (DATA)
                                     44 ;--------------------------------------------------------
                                     45 ; absolute internal ram data
                                     46 ;--------------------------------------------------------
                                     47 	.area IABS    (ABS,DATA)
                                     48 	.area IABS    (ABS,DATA)
                                     49 ;--------------------------------------------------------
                                     50 ; bit data
                                     51 ;--------------------------------------------------------
                                     52 	.area BSEG    (BIT)
                                     53 ;--------------------------------------------------------
                                     54 ; paged external ram data
                                     55 ;--------------------------------------------------------
                                     56 	.area PSEG    (PAG,XDATA)
                                     57 ;--------------------------------------------------------
                                     58 ; external ram data
                                     59 ;--------------------------------------------------------
                                     60 	.area XSEG    (XDATA)
                                     61 ;--------------------------------------------------------
                                     62 ; absolute external ram data
                                     63 ;--------------------------------------------------------
                                     64 	.area XABS    (ABS,XDATA)
                                     65 ;--------------------------------------------------------
                                     66 ; external initialized ram data
                                     67 ;--------------------------------------------------------
                                     68 	.area XISEG   (XDATA)
                                     69 	.area HOME    (CODE)
                                     70 	.area GSINIT0 (CODE)
                                     71 	.area GSINIT1 (CODE)
                                     72 	.area GSINIT2 (CODE)
                                     73 	.area GSINIT3 (CODE)
                                     74 	.area GSINIT4 (CODE)
                                     75 	.area GSINIT5 (CODE)
                                     76 	.area GSINIT  (CODE)
                                     77 	.area GSFINAL (CODE)
                                     78 	.area CSEG    (CODE)
                                     79 ;--------------------------------------------------------
                                     80 ; global & static initialisations
                                     81 ;--------------------------------------------------------
                                     82 	.area HOME    (CODE)
                                     83 	.area GSINIT  (CODE)
                                     84 	.area GSFINAL (CODE)
                                     85 	.area GSINIT  (CODE)
                                     86 ;--------------------------------------------------------
                                     87 ; Home
                                     88 ;--------------------------------------------------------
                                     89 	.area HOME    (CODE)
                                     90 	.area HOME    (CODE)
                                     91 ;--------------------------------------------------------
                                     92 ; code
                                     93 ;--------------------------------------------------------
                                     94 	.area CSEG    (CODE)
                                     95 ;------------------------------------------------------------
                                     96 ;Allocation info for local variables in function 'modff'
                                     97 ;------------------------------------------------------------
                                     98 ;y                         Allocated with name '_modff_PARM_2'
                                     99 ;x                         Allocated with name '_modff_x_1_23'
                                    100 ;------------------------------------------------------------
                                    101 ;	modff.c:33: float modff(float x, float * y)
                                    102 ;	-----------------------------------------
                                    103 ;	 function modff
                                    104 ;	-----------------------------------------
      000000                        105 _modff:
                           000007   106 	ar7 = 0x07
                           000006   107 	ar6 = 0x06
                           000005   108 	ar5 = 0x05
                           000004   109 	ar4 = 0x04
                           000003   110 	ar3 = 0x03
                           000002   111 	ar2 = 0x02
                           000001   112 	ar1 = 0x01
                           000000   113 	ar0 = 0x00
      000000 85 82*03         [24]  114 	mov	_modff_x_1_23,dpl
      000003 85 83*04         [24]  115 	mov	(_modff_x_1_23 + 1),dph
      000006 85 F0*05         [24]  116 	mov	(_modff_x_1_23 + 2),b
      000009 F5*06            [12]  117 	mov	(_modff_x_1_23 + 3),a
                                    118 ;	modff.c:35: *y=(long)x;
      00000B A9*00            [24]  119 	mov	r1,_modff_PARM_2
      00000D AA*01            [24]  120 	mov	r2,(_modff_PARM_2 + 1)
      00000F AB*02            [24]  121 	mov	r3,(_modff_PARM_2 + 2)
      000011 85*03 82         [24]  122 	mov	dpl,_modff_x_1_23
      000014 85*04 83         [24]  123 	mov	dph,(_modff_x_1_23 + 1)
      000017 85*05 F0         [24]  124 	mov	b,(_modff_x_1_23 + 2)
      00001A E5*06            [12]  125 	mov	a,(_modff_x_1_23 + 3)
      00001C C0 03            [24]  126 	push	ar3
      00001E C0 02            [24]  127 	push	ar2
      000020 C0 01            [24]  128 	push	ar1
      000022 12r00r00         [24]  129 	lcall	___fs2slong
      000025 12r00r00         [24]  130 	lcall	___slong2fs
      000028 AC 82            [24]  131 	mov	r4,dpl
      00002A AD 83            [24]  132 	mov	r5,dph
      00002C AE F0            [24]  133 	mov	r6,b
      00002E FF               [12]  134 	mov	r7,a
      00002F D0 01            [24]  135 	pop	ar1
      000031 D0 02            [24]  136 	pop	ar2
      000033 D0 03            [24]  137 	pop	ar3
      000035 89 82            [24]  138 	mov	dpl,r1
      000037 8A 83            [24]  139 	mov	dph,r2
      000039 8B F0            [24]  140 	mov	b,r3
      00003B EC               [12]  141 	mov	a,r4
      00003C 12r00r00         [24]  142 	lcall	__gptrput
      00003F A3               [24]  143 	inc	dptr
      000040 ED               [12]  144 	mov	a,r5
      000041 12r00r00         [24]  145 	lcall	__gptrput
      000044 A3               [24]  146 	inc	dptr
      000045 EE               [12]  147 	mov	a,r6
      000046 12r00r00         [24]  148 	lcall	__gptrput
      000049 A3               [24]  149 	inc	dptr
      00004A EF               [12]  150 	mov	a,r7
      00004B 12r00r00         [24]  151 	lcall	__gptrput
                                    152 ;	modff.c:36: return (x-*y);
      00004E C0 04            [24]  153 	push	ar4
      000050 C0 05            [24]  154 	push	ar5
      000052 C0 06            [24]  155 	push	ar6
      000054 C0 07            [24]  156 	push	ar7
      000056 85*03 82         [24]  157 	mov	dpl,_modff_x_1_23
      000059 85*04 83         [24]  158 	mov	dph,(_modff_x_1_23 + 1)
      00005C 85*05 F0         [24]  159 	mov	b,(_modff_x_1_23 + 2)
      00005F E5*06            [12]  160 	mov	a,(_modff_x_1_23 + 3)
      000061 12r00r00         [24]  161 	lcall	___fssub
      000064 AC 82            [24]  162 	mov	r4,dpl
      000066 AD 83            [24]  163 	mov	r5,dph
      000068 AE F0            [24]  164 	mov	r6,b
      00006A FF               [12]  165 	mov	r7,a
      00006B E5 81            [12]  166 	mov	a,sp
      00006D 24 FC            [12]  167 	add	a,#0xfc
      00006F F5 81            [12]  168 	mov	sp,a
      000071 8C 82            [24]  169 	mov	dpl,r4
      000073 8D 83            [24]  170 	mov	dph,r5
      000075 8E F0            [24]  171 	mov	b,r6
      000077 EF               [12]  172 	mov	a,r7
      000078 22               [24]  173 	ret
                                    174 	.area CSEG    (CODE)
                                    175 	.area CONST   (CODE)
                                    176 	.area XINIT   (CODE)
                                    177 	.area CABS    (ABS,CODE)
