                                      1 ;--------------------------------------------------------
                                      2 ; File Created by SDCC : free open source ANSI-C Compiler
                                      3 ; Version 3.3.1 #8898 (Nov 27 2013) (Linux)
                                      4 ; This file was generated Wed Nov 27 12:27:50 2013
                                      5 ;--------------------------------------------------------
                                      6 	.module strxfrm
                                      7 	.optsdcc -mmcs51 --model-small
                                      8 	
                                      9 ;--------------------------------------------------------
                                     10 ; Public variables in this module
                                     11 ;--------------------------------------------------------
                                     12 	.globl _strlen
                                     13 	.globl _strncpy
                                     14 	.globl _strxfrm_PARM_3
                                     15 	.globl _strxfrm_PARM_2
                                     16 	.globl _strxfrm
                                     17 ;--------------------------------------------------------
                                     18 ; special function registers
                                     19 ;--------------------------------------------------------
                                     20 	.area RSEG    (ABS,DATA)
      000000                         21 	.org 0x0000
                                     22 ;--------------------------------------------------------
                                     23 ; special function bits
                                     24 ;--------------------------------------------------------
                                     25 	.area RSEG    (ABS,DATA)
      000000                         26 	.org 0x0000
                                     27 ;--------------------------------------------------------
                                     28 ; overlayable register banks
                                     29 ;--------------------------------------------------------
                                     30 	.area REG_BANK_0	(REL,OVR,DATA)
      000000                         31 	.ds 8
                                     32 ;--------------------------------------------------------
                                     33 ; internal ram data
                                     34 ;--------------------------------------------------------
                                     35 	.area DSEG    (DATA)
      000000                         36 _strxfrm_PARM_2:
      000000                         37 	.ds 3
      000003                         38 _strxfrm_PARM_3:
      000003                         39 	.ds 2
                                     40 ;--------------------------------------------------------
                                     41 ; overlayable items in internal ram 
                                     42 ;--------------------------------------------------------
                                     43 ;--------------------------------------------------------
                                     44 ; indirectly addressable internal ram data
                                     45 ;--------------------------------------------------------
                                     46 	.area ISEG    (DATA)
                                     47 ;--------------------------------------------------------
                                     48 ; absolute internal ram data
                                     49 ;--------------------------------------------------------
                                     50 	.area IABS    (ABS,DATA)
                                     51 	.area IABS    (ABS,DATA)
                                     52 ;--------------------------------------------------------
                                     53 ; bit data
                                     54 ;--------------------------------------------------------
                                     55 	.area BSEG    (BIT)
                                     56 ;--------------------------------------------------------
                                     57 ; paged external ram data
                                     58 ;--------------------------------------------------------
                                     59 	.area PSEG    (PAG,XDATA)
                                     60 ;--------------------------------------------------------
                                     61 ; external ram data
                                     62 ;--------------------------------------------------------
                                     63 	.area XSEG    (XDATA)
                                     64 ;--------------------------------------------------------
                                     65 ; absolute external ram data
                                     66 ;--------------------------------------------------------
                                     67 	.area XABS    (ABS,XDATA)
                                     68 ;--------------------------------------------------------
                                     69 ; external initialized ram data
                                     70 ;--------------------------------------------------------
                                     71 	.area XISEG   (XDATA)
                                     72 	.area HOME    (CODE)
                                     73 	.area GSINIT0 (CODE)
                                     74 	.area GSINIT1 (CODE)
                                     75 	.area GSINIT2 (CODE)
                                     76 	.area GSINIT3 (CODE)
                                     77 	.area GSINIT4 (CODE)
                                     78 	.area GSINIT5 (CODE)
                                     79 	.area GSINIT  (CODE)
                                     80 	.area GSFINAL (CODE)
                                     81 	.area CSEG    (CODE)
                                     82 ;--------------------------------------------------------
                                     83 ; global & static initialisations
                                     84 ;--------------------------------------------------------
                                     85 	.area HOME    (CODE)
                                     86 	.area GSINIT  (CODE)
                                     87 	.area GSFINAL (CODE)
                                     88 	.area GSINIT  (CODE)
                                     89 ;--------------------------------------------------------
                                     90 ; Home
                                     91 ;--------------------------------------------------------
                                     92 	.area HOME    (CODE)
                                     93 	.area HOME    (CODE)
                                     94 ;--------------------------------------------------------
                                     95 ; code
                                     96 ;--------------------------------------------------------
                                     97 	.area CSEG    (CODE)
                                     98 ;------------------------------------------------------------
                                     99 ;Allocation info for local variables in function 'strxfrm'
                                    100 ;------------------------------------------------------------
                                    101 ;src                       Allocated with name '_strxfrm_PARM_2'
                                    102 ;n                         Allocated with name '_strxfrm_PARM_3'
                                    103 ;dest                      Allocated to registers r5 r6 r7 
                                    104 ;------------------------------------------------------------
                                    105 ;	strxfrm.c:31: size_t strxfrm(char *dest, const char *src, size_t n)
                                    106 ;	-----------------------------------------
                                    107 ;	 function strxfrm
                                    108 ;	-----------------------------------------
      000000                        109 _strxfrm:
                           000007   110 	ar7 = 0x07
                           000006   111 	ar6 = 0x06
                           000005   112 	ar5 = 0x05
                           000004   113 	ar4 = 0x04
                           000003   114 	ar3 = 0x03
                           000002   115 	ar2 = 0x02
                           000001   116 	ar1 = 0x01
                           000000   117 	ar0 = 0x00
      000000 AD 82            [24]  118 	mov	r5,dpl
      000002 AE 83            [24]  119 	mov	r6,dph
      000004 AF F0            [24]  120 	mov	r7,b
                                    121 ;	strxfrm.c:33: strncpy(dest, src, n);
      000006 85*00*00         [24]  122 	mov	_strncpy_PARM_2,_strxfrm_PARM_2
      000009 85*01*01         [24]  123 	mov	(_strncpy_PARM_2 + 1),(_strxfrm_PARM_2 + 1)
      00000C 85*02*02         [24]  124 	mov	(_strncpy_PARM_2 + 2),(_strxfrm_PARM_2 + 2)
      00000F 85*03*00         [24]  125 	mov	_strncpy_PARM_3,_strxfrm_PARM_3
      000012 85*04*01         [24]  126 	mov	(_strncpy_PARM_3 + 1),(_strxfrm_PARM_3 + 1)
      000015 8D 82            [24]  127 	mov	dpl,r5
      000017 8E 83            [24]  128 	mov	dph,r6
      000019 8F F0            [24]  129 	mov	b,r7
      00001B 12r00r00         [24]  130 	lcall	_strncpy
                                    131 ;	strxfrm.c:34: return(strlen(src) + 1);
      00001E 85*00 82         [24]  132 	mov	dpl,_strxfrm_PARM_2
      000021 85*01 83         [24]  133 	mov	dph,(_strxfrm_PARM_2 + 1)
      000024 85*02 F0         [24]  134 	mov	b,(_strxfrm_PARM_2 + 2)
      000027 12r00r00         [24]  135 	lcall	_strlen
      00002A E5 82            [12]  136 	mov	a,dpl
      00002C 85 83 F0         [24]  137 	mov	b,dph
      00002F 24 01            [12]  138 	add	a,#0x01
      000031 F5 82            [12]  139 	mov	dpl,a
      000033 E4               [12]  140 	clr	a
      000034 35 F0            [12]  141 	addc	a,b
      000036 F5 83            [12]  142 	mov	dph,a
      000038 22               [24]  143 	ret
                                    144 	.area CSEG    (CODE)
                                    145 	.area CONST   (CODE)
                                    146 	.area XINIT   (CODE)
                                    147 	.area CABS    (ABS,CODE)
