                                      1 ;--------------------------------------------------------
                                      2 ; File Created by SDCC : free open source ANSI-C Compiler
                                      3 ; Version 3.3.1 #8898 (Nov 27 2013) (Linux)
                                      4 ; This file was generated Wed Nov 27 12:27:54 2013
                                      5 ;--------------------------------------------------------
                                      6 	.module _calloc
                                      7 	.optsdcc -mmcs51 --model-medium
                                      8 	
                                      9 ;--------------------------------------------------------
                                     10 ; Public variables in this module
                                     11 ;--------------------------------------------------------
                                     12 	.globl _memset
                                     13 	.globl _malloc
                                     14 	.globl _calloc_PARM_2
                                     15 	.globl _calloc
                                     16 ;--------------------------------------------------------
                                     17 ; special function registers
                                     18 ;--------------------------------------------------------
                                     19 	.area RSEG    (ABS,DATA)
      000000                         20 	.org 0x0000
                                     21 ;--------------------------------------------------------
                                     22 ; special function bits
                                     23 ;--------------------------------------------------------
                                     24 	.area RSEG    (ABS,DATA)
      000000                         25 	.org 0x0000
                                     26 ;--------------------------------------------------------
                                     27 ; overlayable register banks
                                     28 ;--------------------------------------------------------
                                     29 	.area REG_BANK_0	(REL,OVR,DATA)
      000000                         30 	.ds 8
                                     31 ;--------------------------------------------------------
                                     32 ; internal ram data
                                     33 ;--------------------------------------------------------
                                     34 	.area DSEG    (DATA)
                                     35 ;--------------------------------------------------------
                                     36 ; overlayable items in internal ram 
                                     37 ;--------------------------------------------------------
                                     38 ;--------------------------------------------------------
                                     39 ; indirectly addressable internal ram data
                                     40 ;--------------------------------------------------------
                                     41 	.area ISEG    (DATA)
                                     42 ;--------------------------------------------------------
                                     43 ; absolute internal ram data
                                     44 ;--------------------------------------------------------
                                     45 	.area IABS    (ABS,DATA)
                                     46 	.area IABS    (ABS,DATA)
                                     47 ;--------------------------------------------------------
                                     48 ; bit data
                                     49 ;--------------------------------------------------------
                                     50 	.area BSEG    (BIT)
                                     51 ;--------------------------------------------------------
                                     52 ; paged external ram data
                                     53 ;--------------------------------------------------------
                                     54 	.area PSEG    (PAG,XDATA)
      000000                         55 _calloc_PARM_2:
      000000                         56 	.ds 2
      000002                         57 _calloc_ptr_1_26:
      000002                         58 	.ds 2
                                     59 ;--------------------------------------------------------
                                     60 ; external ram data
                                     61 ;--------------------------------------------------------
                                     62 	.area XSEG    (XDATA)
                                     63 ;--------------------------------------------------------
                                     64 ; absolute external ram data
                                     65 ;--------------------------------------------------------
                                     66 	.area XABS    (ABS,XDATA)
                                     67 ;--------------------------------------------------------
                                     68 ; external initialized ram data
                                     69 ;--------------------------------------------------------
                                     70 	.area XISEG   (XDATA)
                                     71 	.area HOME    (CODE)
                                     72 	.area GSINIT0 (CODE)
                                     73 	.area GSINIT1 (CODE)
                                     74 	.area GSINIT2 (CODE)
                                     75 	.area GSINIT3 (CODE)
                                     76 	.area GSINIT4 (CODE)
                                     77 	.area GSINIT5 (CODE)
                                     78 	.area GSINIT  (CODE)
                                     79 	.area GSFINAL (CODE)
                                     80 	.area CSEG    (CODE)
                                     81 ;--------------------------------------------------------
                                     82 ; global & static initialisations
                                     83 ;--------------------------------------------------------
                                     84 	.area HOME    (CODE)
                                     85 	.area GSINIT  (CODE)
                                     86 	.area GSFINAL (CODE)
                                     87 	.area GSINIT  (CODE)
                                     88 ;--------------------------------------------------------
                                     89 ; Home
                                     90 ;--------------------------------------------------------
                                     91 	.area HOME    (CODE)
                                     92 	.area HOME    (CODE)
                                     93 ;--------------------------------------------------------
                                     94 ; code
                                     95 ;--------------------------------------------------------
                                     96 	.area CSEG    (CODE)
                                     97 ;------------------------------------------------------------
                                     98 ;Allocation info for local variables in function 'calloc'
                                     99 ;------------------------------------------------------------
                                    100 ;	_calloc.c:70: void __xdata * calloc (size_t nmemb, size_t size)
                                    101 ;	-----------------------------------------
                                    102 ;	 function calloc
                                    103 ;	-----------------------------------------
      000000                        104 _calloc:
                           000007   105 	ar7 = 0x07
                           000006   106 	ar6 = 0x06
                           000005   107 	ar5 = 0x05
                           000004   108 	ar4 = 0x04
                           000003   109 	ar3 = 0x03
                           000002   110 	ar2 = 0x02
                           000001   111 	ar1 = 0x01
                           000000   112 	ar0 = 0x00
                                    113 ;	_calloc.c:74: ptr = malloc(nmemb * size);
      000000 78r00            [12]  114 	mov	r0,#_calloc_PARM_2
      000002 79r00            [12]  115 	mov	r1,#__mulint_PARM_2
      000004 E2               [24]  116 	movx	a,@r0
      000005 F3               [24]  117 	movx	@r1,a
      000006 08               [12]  118 	inc	r0
      000007 E2               [24]  119 	movx	a,@r0
      000008 09               [12]  120 	inc	r1
      000009 F3               [24]  121 	movx	@r1,a
      00000A 12r00r00         [24]  122 	lcall	__mulint
      00000D AE 82            [24]  123 	mov	r6,dpl
      00000F AF 83            [24]  124 	mov  r7,dph
      000011 C0 07            [24]  125 	push	ar7
      000013 C0 06            [24]  126 	push	ar6
      000015 12r00r00         [24]  127 	lcall	_malloc
      000018 78r02            [12]  128 	mov	r0,#_calloc_ptr_1_26
      00001A E5 82            [12]  129 	mov	a,dpl
      00001C F2               [24]  130 	movx	@r0,a
      00001D 08               [12]  131 	inc	r0
      00001E E5 83            [12]  132 	mov	a,dph
      000020 F2               [24]  133 	movx	@r0,a
      000021 D0 06            [24]  134 	pop	ar6
      000023 D0 07            [24]  135 	pop	ar7
                                    136 ;	_calloc.c:75: if (ptr)
      000025 78r02            [12]  137 	mov	r0,#_calloc_ptr_1_26
      000027 E2               [24]  138 	movx	a,@r0
      000028 F5 F0            [12]  139 	mov	b,a
      00002A 08               [12]  140 	inc	r0
      00002B E2               [24]  141 	movx	a,@r0
      00002C 45 F0            [12]  142 	orl	a,b
      00002E 60 1D            [24]  143 	jz	00102$
                                    144 ;	_calloc.c:77: memset(ptr, 0, nmemb * size);
      000030 78r02            [12]  145 	mov	r0,#_calloc_ptr_1_26
      000032 E2               [24]  146 	movx	a,@r0
      000033 FA               [12]  147 	mov	r2,a
      000034 08               [12]  148 	inc	r0
      000035 E2               [24]  149 	movx	a,@r0
      000036 FB               [12]  150 	mov	r3,a
      000037 7D 00            [12]  151 	mov	r5,#0x00
      000039 78r00            [12]  152 	mov	r0,#_memset_PARM_2
      00003B E4               [12]  153 	clr	a
      00003C F2               [24]  154 	movx	@r0,a
      00003D 78r00            [12]  155 	mov	r0,#_memset_PARM_3
      00003F EE               [12]  156 	mov	a,r6
      000040 F2               [24]  157 	movx	@r0,a
      000041 08               [12]  158 	inc	r0
      000042 EF               [12]  159 	mov	a,r7
      000043 F2               [24]  160 	movx	@r0,a
      000044 8A 82            [24]  161 	mov	dpl,r2
      000046 8B 83            [24]  162 	mov	dph,r3
      000048 8D F0            [24]  163 	mov	b,r5
      00004A 12r00r00         [24]  164 	lcall	_memset
      00004D                        165 00102$:
                                    166 ;	_calloc.c:79: return ptr;
      00004D 78r02            [12]  167 	mov	r0,#_calloc_ptr_1_26
      00004F E2               [24]  168 	movx	a,@r0
      000050 F5 82            [12]  169 	mov	dpl,a
      000052 08               [12]  170 	inc	r0
      000053 E2               [24]  171 	movx	a,@r0
      000054 F5 83            [12]  172 	mov	dph,a
      000056 22               [24]  173 	ret
                                    174 	.area CSEG    (CODE)
                                    175 	.area CONST   (CODE)
                                    176 	.area XINIT   (CODE)
                                    177 	.area CABS    (ABS,CODE)
