                                      1 ;--------------------------------------------------------
                                      2 ; File Created by SDCC : free open source ANSI-C Compiler
                                      3 ; Version 3.3.1 #8898 (Nov 27 2013) (Linux)
                                      4 ; This file was generated Wed Nov 27 12:27:53 2013
                                      5 ;--------------------------------------------------------
                                      6 	.module _ispunct
                                      7 	.optsdcc -mmcs51 --model-medium
                                      8 	
                                      9 ;--------------------------------------------------------
                                     10 ; Public variables in this module
                                     11 ;--------------------------------------------------------
                                     12 	.globl _isspace
                                     13 	.globl _isprint
                                     14 	.globl _isupper
                                     15 	.globl _islower
                                     16 	.globl _isdigit
                                     17 	.globl _ispunct
                                     18 ;--------------------------------------------------------
                                     19 ; special function registers
                                     20 ;--------------------------------------------------------
                                     21 	.area RSEG    (ABS,DATA)
      000000                         22 	.org 0x0000
                                     23 ;--------------------------------------------------------
                                     24 ; special function bits
                                     25 ;--------------------------------------------------------
                                     26 	.area RSEG    (ABS,DATA)
      000000                         27 	.org 0x0000
                                     28 ;--------------------------------------------------------
                                     29 ; overlayable register banks
                                     30 ;--------------------------------------------------------
                                     31 	.area REG_BANK_0	(REL,OVR,DATA)
      000000                         32 	.ds 8
                                     33 ;--------------------------------------------------------
                                     34 ; internal ram data
                                     35 ;--------------------------------------------------------
                                     36 	.area DSEG    (DATA)
                                     37 ;--------------------------------------------------------
                                     38 ; overlayable items in internal ram 
                                     39 ;--------------------------------------------------------
                                     40 ;--------------------------------------------------------
                                     41 ; indirectly addressable internal ram data
                                     42 ;--------------------------------------------------------
                                     43 	.area ISEG    (DATA)
                                     44 ;--------------------------------------------------------
                                     45 ; absolute internal ram data
                                     46 ;--------------------------------------------------------
                                     47 	.area IABS    (ABS,DATA)
                                     48 	.area IABS    (ABS,DATA)
                                     49 ;--------------------------------------------------------
                                     50 ; bit data
                                     51 ;--------------------------------------------------------
                                     52 	.area BSEG    (BIT)
                                     53 ;--------------------------------------------------------
                                     54 ; paged external ram data
                                     55 ;--------------------------------------------------------
                                     56 	.area PSEG    (PAG,XDATA)
                                     57 ;--------------------------------------------------------
                                     58 ; external ram data
                                     59 ;--------------------------------------------------------
                                     60 	.area XSEG    (XDATA)
                                     61 ;--------------------------------------------------------
                                     62 ; absolute external ram data
                                     63 ;--------------------------------------------------------
                                     64 	.area XABS    (ABS,XDATA)
                                     65 ;--------------------------------------------------------
                                     66 ; external initialized ram data
                                     67 ;--------------------------------------------------------
                                     68 	.area XISEG   (XDATA)
                                     69 	.area HOME    (CODE)
                                     70 	.area GSINIT0 (CODE)
                                     71 	.area GSINIT1 (CODE)
                                     72 	.area GSINIT2 (CODE)
                                     73 	.area GSINIT3 (CODE)
                                     74 	.area GSINIT4 (CODE)
                                     75 	.area GSINIT5 (CODE)
                                     76 	.area GSINIT  (CODE)
                                     77 	.area GSFINAL (CODE)
                                     78 	.area CSEG    (CODE)
                                     79 ;--------------------------------------------------------
                                     80 ; global & static initialisations
                                     81 ;--------------------------------------------------------
                                     82 	.area HOME    (CODE)
                                     83 	.area GSINIT  (CODE)
                                     84 	.area GSFINAL (CODE)
                                     85 	.area GSINIT  (CODE)
                                     86 ;--------------------------------------------------------
                                     87 ; Home
                                     88 ;--------------------------------------------------------
                                     89 	.area HOME    (CODE)
                                     90 	.area HOME    (CODE)
                                     91 ;--------------------------------------------------------
                                     92 ; code
                                     93 ;--------------------------------------------------------
                                     94 	.area CSEG    (CODE)
                                     95 ;------------------------------------------------------------
                                     96 ;Allocation info for local variables in function 'ispunct'
                                     97 ;------------------------------------------------------------
                                     98 ;	_ispunct.c:31: char ispunct (unsigned char c)
                                     99 ;	-----------------------------------------
                                    100 ;	 function ispunct
                                    101 ;	-----------------------------------------
      000000                        102 _ispunct:
                           000007   103 	ar7 = 0x07
                           000006   104 	ar6 = 0x06
                           000005   105 	ar5 = 0x05
                           000004   106 	ar4 = 0x04
                           000003   107 	ar3 = 0x03
                           000002   108 	ar2 = 0x02
                           000001   109 	ar1 = 0x01
                           000000   110 	ar0 = 0x00
                                    111 ;	_ispunct.c:33: if ( isprint (c) &&
      000000 AF 82            [24]  112 	mov  r7,dpl
      000002 C0 07            [24]  113 	push	ar7
      000004 12r00r00         [24]  114 	lcall	_isprint
      000007 E5 82            [12]  115 	mov	a,dpl
      000009 D0 07            [24]  116 	pop	ar7
      00000B 60 34            [24]  117 	jz	00102$
                                    118 ;	_ispunct.c:34: !islower(c) &&
      00000D 8F 82            [24]  119 	mov	dpl,r7
      00000F C0 07            [24]  120 	push	ar7
      000011 12r00r00         [24]  121 	lcall	_islower
      000014 E5 82            [12]  122 	mov	a,dpl
      000016 D0 07            [24]  123 	pop	ar7
      000018 70 27            [24]  124 	jnz	00102$
                                    125 ;	_ispunct.c:35: !isupper(c) &&
      00001A 8F 82            [24]  126 	mov	dpl,r7
      00001C C0 07            [24]  127 	push	ar7
      00001E 12r00r00         [24]  128 	lcall	_isupper
      000021 E5 82            [12]  129 	mov	a,dpl
      000023 D0 07            [24]  130 	pop	ar7
      000025 70 1A            [24]  131 	jnz	00102$
                                    132 ;	_ispunct.c:36: !isspace(c) &&
      000027 8F 82            [24]  133 	mov	dpl,r7
      000029 C0 07            [24]  134 	push	ar7
      00002B 12r00r00         [24]  135 	lcall	_isspace
      00002E E5 82            [12]  136 	mov	a,dpl
      000030 D0 07            [24]  137 	pop	ar7
      000032 70 0D            [24]  138 	jnz	00102$
                                    139 ;	_ispunct.c:37: !isdigit(c) )
      000034 8F 82            [24]  140 	mov	dpl,r7
      000036 12r00r00         [24]  141 	lcall	_isdigit
      000039 E5 82            [12]  142 	mov	a,dpl
      00003B 70 04            [24]  143 	jnz	00102$
                                    144 ;	_ispunct.c:38: return 1;
      00003D 75 82 01         [24]  145 	mov	dpl,#0x01
      000040 22               [24]  146 	ret
      000041                        147 00102$:
                                    148 ;	_ispunct.c:39: return 0;
      000041 75 82 00         [24]  149 	mov	dpl,#0x00
      000044 22               [24]  150 	ret
                                    151 	.area CSEG    (CODE)
                                    152 	.area CONST   (CODE)
                                    153 	.area XINIT   (CODE)
                                    154 	.area CABS    (ABS,CODE)
