                                      1 ;--------------------------------------------------------
                                      2 ; File Created by SDCC : free open source ANSI-C Compiler
                                      3 ; Version 3.3.1 #8898 (Nov 27 2013) (Linux)
                                      4 ; This file was generated Wed Nov 27 12:27:53 2013
                                      5 ;--------------------------------------------------------
                                      6 	.module _isspace
                                      7 	.optsdcc -mmcs51 --model-medium
                                      8 	
                                      9 ;--------------------------------------------------------
                                     10 ; Public variables in this module
                                     11 ;--------------------------------------------------------
                                     12 	.globl _isspace
                                     13 ;--------------------------------------------------------
                                     14 ; special function registers
                                     15 ;--------------------------------------------------------
                                     16 	.area RSEG    (ABS,DATA)
      000000                         17 	.org 0x0000
                                     18 ;--------------------------------------------------------
                                     19 ; special function bits
                                     20 ;--------------------------------------------------------
                                     21 	.area RSEG    (ABS,DATA)
      000000                         22 	.org 0x0000
                                     23 ;--------------------------------------------------------
                                     24 ; overlayable register banks
                                     25 ;--------------------------------------------------------
                                     26 	.area REG_BANK_0	(REL,OVR,DATA)
      000000                         27 	.ds 8
                                     28 ;--------------------------------------------------------
                                     29 ; internal ram data
                                     30 ;--------------------------------------------------------
                                     31 	.area DSEG    (DATA)
                                     32 ;--------------------------------------------------------
                                     33 ; overlayable items in internal ram 
                                     34 ;--------------------------------------------------------
                                     35 ;--------------------------------------------------------
                                     36 ; indirectly addressable internal ram data
                                     37 ;--------------------------------------------------------
                                     38 	.area ISEG    (DATA)
                                     39 ;--------------------------------------------------------
                                     40 ; absolute internal ram data
                                     41 ;--------------------------------------------------------
                                     42 	.area IABS    (ABS,DATA)
                                     43 	.area IABS    (ABS,DATA)
                                     44 ;--------------------------------------------------------
                                     45 ; bit data
                                     46 ;--------------------------------------------------------
                                     47 	.area BSEG    (BIT)
                                     48 ;--------------------------------------------------------
                                     49 ; paged external ram data
                                     50 ;--------------------------------------------------------
                                     51 	.area PSEG    (PAG,XDATA)
                                     52 ;--------------------------------------------------------
                                     53 ; external ram data
                                     54 ;--------------------------------------------------------
                                     55 	.area XSEG    (XDATA)
                                     56 ;--------------------------------------------------------
                                     57 ; absolute external ram data
                                     58 ;--------------------------------------------------------
                                     59 	.area XABS    (ABS,XDATA)
                                     60 ;--------------------------------------------------------
                                     61 ; external initialized ram data
                                     62 ;--------------------------------------------------------
                                     63 	.area XISEG   (XDATA)
                                     64 	.area HOME    (CODE)
                                     65 	.area GSINIT0 (CODE)
                                     66 	.area GSINIT1 (CODE)
                                     67 	.area GSINIT2 (CODE)
                                     68 	.area GSINIT3 (CODE)
                                     69 	.area GSINIT4 (CODE)
                                     70 	.area GSINIT5 (CODE)
                                     71 	.area GSINIT  (CODE)
                                     72 	.area GSFINAL (CODE)
                                     73 	.area CSEG    (CODE)
                                     74 ;--------------------------------------------------------
                                     75 ; global & static initialisations
                                     76 ;--------------------------------------------------------
                                     77 	.area HOME    (CODE)
                                     78 	.area GSINIT  (CODE)
                                     79 	.area GSFINAL (CODE)
                                     80 	.area GSINIT  (CODE)
                                     81 ;--------------------------------------------------------
                                     82 ; Home
                                     83 ;--------------------------------------------------------
                                     84 	.area HOME    (CODE)
                                     85 	.area HOME    (CODE)
                                     86 ;--------------------------------------------------------
                                     87 ; code
                                     88 ;--------------------------------------------------------
                                     89 	.area CSEG    (CODE)
                                     90 ;------------------------------------------------------------
                                     91 ;Allocation info for local variables in function 'isspace'
                                     92 ;------------------------------------------------------------
                                     93 ;	_isspace.c:33: char isspace (unsigned char c)
                                     94 ;	-----------------------------------------
                                     95 ;	 function isspace
                                     96 ;	-----------------------------------------
      000000                         97 _isspace:
                           000007    98 	ar7 = 0x07
                           000006    99 	ar6 = 0x06
                           000005   100 	ar5 = 0x05
                           000004   101 	ar4 = 0x04
                           000003   102 	ar3 = 0x03
                           000002   103 	ar2 = 0x02
                           000001   104 	ar1 = 0x01
                           000000   105 	ar0 = 0x00
      000000 AF 82            [24]  106 	mov	r7,dpl
                                    107 ;	_isspace.c:35: if ( c == UC(' ')  ||
      000002 BF 20 02         [24]  108 	cjne	r7,#0x20,00125$
      000005 80 17            [24]  109 	sjmp	00101$
      000007                        110 00125$:
                                    111 ;	_isspace.c:36: c == UC('\f') ||
      000007 BF 0C 02         [24]  112 	cjne	r7,#0x0C,00126$
      00000A 80 12            [24]  113 	sjmp	00101$
      00000C                        114 00126$:
                                    115 ;	_isspace.c:37: c == UC('\n') ||
      00000C BF 0A 02         [24]  116 	cjne	r7,#0x0A,00127$
      00000F 80 0D            [24]  117 	sjmp	00101$
      000011                        118 00127$:
                                    119 ;	_isspace.c:38: c == UC('\r') ||
      000011 BF 0D 02         [24]  120 	cjne	r7,#0x0D,00128$
      000014 80 08            [24]  121 	sjmp	00101$
      000016                        122 00128$:
                                    123 ;	_isspace.c:39: c == UC('\t') ||
      000016 BF 09 02         [24]  124 	cjne	r7,#0x09,00129$
      000019 80 03            [24]  125 	sjmp	00101$
      00001B                        126 00129$:
                                    127 ;	_isspace.c:40: c == UC('\v') )
      00001B BF 0B 04         [24]  128 	cjne	r7,#0x0B,00102$
      00001E                        129 00101$:
                                    130 ;	_isspace.c:41: return 1;
      00001E 75 82 01         [24]  131 	mov	dpl,#0x01
      000021 22               [24]  132 	ret
      000022                        133 00102$:
                                    134 ;	_isspace.c:42: return 0;
      000022 75 82 00         [24]  135 	mov	dpl,#0x00
      000025 22               [24]  136 	ret
                                    137 	.area CSEG    (CODE)
                                    138 	.area CONST   (CODE)
                                    139 	.area XINIT   (CODE)
                                    140 	.area CABS    (ABS,CODE)
