                                      1 ;--------------------------------------------------------
                                      2 ; File Created by SDCC : free open source ANSI-C Compiler
                                      3 ; Version 3.3.1 #8898 (Nov 27 2013) (Linux)
                                      4 ; This file was generated Wed Nov 27 12:27:53 2013
                                      5 ;--------------------------------------------------------
                                      6 	.module _isxdigit
                                      7 	.optsdcc -mmcs51 --model-medium
                                      8 	
                                      9 ;--------------------------------------------------------
                                     10 ; Public variables in this module
                                     11 ;--------------------------------------------------------
                                     12 	.globl _isxdigit
                                     13 ;--------------------------------------------------------
                                     14 ; special function registers
                                     15 ;--------------------------------------------------------
                                     16 	.area RSEG    (ABS,DATA)
      000000                         17 	.org 0x0000
                                     18 ;--------------------------------------------------------
                                     19 ; special function bits
                                     20 ;--------------------------------------------------------
                                     21 	.area RSEG    (ABS,DATA)
      000000                         22 	.org 0x0000
                                     23 ;--------------------------------------------------------
                                     24 ; overlayable register banks
                                     25 ;--------------------------------------------------------
                                     26 	.area REG_BANK_0	(REL,OVR,DATA)
      000000                         27 	.ds 8
                                     28 ;--------------------------------------------------------
                                     29 ; internal ram data
                                     30 ;--------------------------------------------------------
                                     31 	.area DSEG    (DATA)
                                     32 ;--------------------------------------------------------
                                     33 ; overlayable items in internal ram 
                                     34 ;--------------------------------------------------------
                                     35 ;--------------------------------------------------------
                                     36 ; indirectly addressable internal ram data
                                     37 ;--------------------------------------------------------
                                     38 	.area ISEG    (DATA)
                                     39 ;--------------------------------------------------------
                                     40 ; absolute internal ram data
                                     41 ;--------------------------------------------------------
                                     42 	.area IABS    (ABS,DATA)
                                     43 	.area IABS    (ABS,DATA)
                                     44 ;--------------------------------------------------------
                                     45 ; bit data
                                     46 ;--------------------------------------------------------
                                     47 	.area BSEG    (BIT)
                                     48 ;--------------------------------------------------------
                                     49 ; paged external ram data
                                     50 ;--------------------------------------------------------
                                     51 	.area PSEG    (PAG,XDATA)
                                     52 ;--------------------------------------------------------
                                     53 ; external ram data
                                     54 ;--------------------------------------------------------
                                     55 	.area XSEG    (XDATA)
                                     56 ;--------------------------------------------------------
                                     57 ; absolute external ram data
                                     58 ;--------------------------------------------------------
                                     59 	.area XABS    (ABS,XDATA)
                                     60 ;--------------------------------------------------------
                                     61 ; external initialized ram data
                                     62 ;--------------------------------------------------------
                                     63 	.area XISEG   (XDATA)
                                     64 	.area HOME    (CODE)
                                     65 	.area GSINIT0 (CODE)
                                     66 	.area GSINIT1 (CODE)
                                     67 	.area GSINIT2 (CODE)
                                     68 	.area GSINIT3 (CODE)
                                     69 	.area GSINIT4 (CODE)
                                     70 	.area GSINIT5 (CODE)
                                     71 	.area GSINIT  (CODE)
                                     72 	.area GSFINAL (CODE)
                                     73 	.area CSEG    (CODE)
                                     74 ;--------------------------------------------------------
                                     75 ; global & static initialisations
                                     76 ;--------------------------------------------------------
                                     77 	.area HOME    (CODE)
                                     78 	.area GSINIT  (CODE)
                                     79 	.area GSFINAL (CODE)
                                     80 	.area GSINIT  (CODE)
                                     81 ;--------------------------------------------------------
                                     82 ; Home
                                     83 ;--------------------------------------------------------
                                     84 	.area HOME    (CODE)
                                     85 	.area HOME    (CODE)
                                     86 ;--------------------------------------------------------
                                     87 ; code
                                     88 ;--------------------------------------------------------
                                     89 	.area CSEG    (CODE)
                                     90 ;------------------------------------------------------------
                                     91 ;Allocation info for local variables in function 'isxdigit'
                                     92 ;------------------------------------------------------------
                                     93 ;	_isxdigit.c:33: char isxdigit (unsigned char c)
                                     94 ;	-----------------------------------------
                                     95 ;	 function isxdigit
                                     96 ;	-----------------------------------------
      000000                         97 _isxdigit:
                           000007    98 	ar7 = 0x07
                           000006    99 	ar6 = 0x06
                           000005   100 	ar5 = 0x05
                           000004   101 	ar4 = 0x04
                           000003   102 	ar3 = 0x03
                           000002   103 	ar2 = 0x02
                           000001   104 	ar1 = 0x01
                           000000   105 	ar0 = 0x00
      000000 AF 82            [24]  106 	mov	r7,dpl
                                    107 ;	_isxdigit.c:35: if ( ( c >= UC('0') && c <= UC('9')) ||
      000002 BF 30 00         [24]  108 	cjne	r7,#0x30,00119$
      000005                        109 00119$:
      000005 40 05            [24]  110 	jc	00105$
      000007 EF               [12]  111 	mov	a,r7
      000008 24 C6            [12]  112 	add	a,#0xff - 0x39
      00000A 50 14            [24]  113 	jnc	00101$
      00000C                        114 00105$:
                                    115 ;	_isxdigit.c:36: ( c >= UC('a') && c <= UC('f')) ||
      00000C BF 61 00         [24]  116 	cjne	r7,#0x61,00122$
      00000F                        117 00122$:
      00000F 40 05            [24]  118 	jc	00107$
      000011 EF               [12]  119 	mov	a,r7
      000012 24 99            [12]  120 	add	a,#0xff - 0x66
      000014 50 0A            [24]  121 	jnc	00101$
      000016                        122 00107$:
                                    123 ;	_isxdigit.c:37: ( c >= UC('A') && c <= UC('F')) )
      000016 BF 41 00         [24]  124 	cjne	r7,#0x41,00125$
      000019                        125 00125$:
      000019 40 09            [24]  126 	jc	00102$
      00001B EF               [12]  127 	mov	a,r7
      00001C 24 B9            [12]  128 	add	a,#0xff - 0x46
      00001E 40 04            [24]  129 	jc	00102$
      000020                        130 00101$:
                                    131 ;	_isxdigit.c:38: return 1;
      000020 75 82 01         [24]  132 	mov	dpl,#0x01
      000023 22               [24]  133 	ret
      000024                        134 00102$:
                                    135 ;	_isxdigit.c:39: return 0;
      000024 75 82 00         [24]  136 	mov	dpl,#0x00
      000027 22               [24]  137 	ret
                                    138 	.area CSEG    (CODE)
                                    139 	.area CONST   (CODE)
                                    140 	.area XINIT   (CODE)
                                    141 	.area CABS    (ABS,CODE)
