                                      1 ;--------------------------------------------------------
                                      2 ; File Created by SDCC : free open source ANSI-C Compiler
                                      3 ; Version 3.3.1 #8898 (Nov 27 2013) (Linux)
                                      4 ; This file was generated Wed Nov 27 12:27:53 2013
                                      5 ;--------------------------------------------------------
                                      6 	.module _memset
                                      7 	.optsdcc -mmcs51 --model-medium
                                      8 	
                                      9 ;--------------------------------------------------------
                                     10 ; Public variables in this module
                                     11 ;--------------------------------------------------------
                                     12 	.globl _memset_PARM_3
                                     13 	.globl _memset_PARM_2
                                     14 	.globl _memset
                                     15 ;--------------------------------------------------------
                                     16 ; special function registers
                                     17 ;--------------------------------------------------------
                                     18 	.area RSEG    (ABS,DATA)
      000000                         19 	.org 0x0000
                                     20 ;--------------------------------------------------------
                                     21 ; special function bits
                                     22 ;--------------------------------------------------------
                                     23 	.area RSEG    (ABS,DATA)
      000000                         24 	.org 0x0000
                                     25 ;--------------------------------------------------------
                                     26 ; overlayable register banks
                                     27 ;--------------------------------------------------------
                                     28 	.area REG_BANK_0	(REL,OVR,DATA)
      000000                         29 	.ds 8
                                     30 ;--------------------------------------------------------
                                     31 ; internal ram data
                                     32 ;--------------------------------------------------------
                                     33 	.area DSEG    (DATA)
                                     34 ;--------------------------------------------------------
                                     35 ; overlayable items in internal ram 
                                     36 ;--------------------------------------------------------
                                     37 	.area	OSEG    (OVR,DATA)
      000000                         38 _memset_sloc0_1_0:
      000000                         39 	.ds 2
                                     40 ;--------------------------------------------------------
                                     41 ; indirectly addressable internal ram data
                                     42 ;--------------------------------------------------------
                                     43 	.area ISEG    (DATA)
                                     44 ;--------------------------------------------------------
                                     45 ; absolute internal ram data
                                     46 ;--------------------------------------------------------
                                     47 	.area IABS    (ABS,DATA)
                                     48 	.area IABS    (ABS,DATA)
                                     49 ;--------------------------------------------------------
                                     50 ; bit data
                                     51 ;--------------------------------------------------------
                                     52 	.area BSEG    (BIT)
                                     53 ;--------------------------------------------------------
                                     54 ; paged external ram data
                                     55 ;--------------------------------------------------------
                                     56 	.area PSEG    (PAG,XDATA)
      000000                         57 _memset_PARM_2:
      000000                         58 	.ds 1
      000001                         59 _memset_PARM_3:
      000001                         60 	.ds 2
      000003                         61 _memset_s_1_21:
      000003                         62 	.ds 3
                                     63 ;--------------------------------------------------------
                                     64 ; external ram data
                                     65 ;--------------------------------------------------------
                                     66 	.area XSEG    (XDATA)
                                     67 ;--------------------------------------------------------
                                     68 ; absolute external ram data
                                     69 ;--------------------------------------------------------
                                     70 	.area XABS    (ABS,XDATA)
                                     71 ;--------------------------------------------------------
                                     72 ; external initialized ram data
                                     73 ;--------------------------------------------------------
                                     74 	.area XISEG   (XDATA)
                                     75 	.area HOME    (CODE)
                                     76 	.area GSINIT0 (CODE)
                                     77 	.area GSINIT1 (CODE)
                                     78 	.area GSINIT2 (CODE)
                                     79 	.area GSINIT3 (CODE)
                                     80 	.area GSINIT4 (CODE)
                                     81 	.area GSINIT5 (CODE)
                                     82 	.area GSINIT  (CODE)
                                     83 	.area GSFINAL (CODE)
                                     84 	.area CSEG    (CODE)
                                     85 ;--------------------------------------------------------
                                     86 ; global & static initialisations
                                     87 ;--------------------------------------------------------
                                     88 	.area HOME    (CODE)
                                     89 	.area GSINIT  (CODE)
                                     90 	.area GSFINAL (CODE)
                                     91 	.area GSINIT  (CODE)
                                     92 ;--------------------------------------------------------
                                     93 ; Home
                                     94 ;--------------------------------------------------------
                                     95 	.area HOME    (CODE)
                                     96 	.area HOME    (CODE)
                                     97 ;--------------------------------------------------------
                                     98 ; code
                                     99 ;--------------------------------------------------------
                                    100 	.area CSEG    (CODE)
                                    101 ;------------------------------------------------------------
                                    102 ;Allocation info for local variables in function 'memset'
                                    103 ;------------------------------------------------------------
                                    104 ;sloc0                     Allocated with name '_memset_sloc0_1_0'
                                    105 ;------------------------------------------------------------
                                    106 ;	_memset.c:39: void *memset (void *s, unsigned char c, size_t n)
                                    107 ;	-----------------------------------------
                                    108 ;	 function memset
                                    109 ;	-----------------------------------------
      000000                        110 _memset:
                           000007   111 	ar7 = 0x07
                           000006   112 	ar6 = 0x06
                           000005   113 	ar5 = 0x05
                           000004   114 	ar4 = 0x04
                           000003   115 	ar3 = 0x03
                           000002   116 	ar2 = 0x02
                           000001   117 	ar1 = 0x01
                           000000   118 	ar0 = 0x00
      000000 AF F0            [24]  119 	mov	r7,b
      000002 AE 83            [24]  120 	mov	r6,dph
      000004 E5 82            [12]  121 	mov	a,dpl
      000006 78r03            [12]  122 	mov	r0,#_memset_s_1_21
      000008 F2               [24]  123 	movx	@r0,a
      000009 08               [12]  124 	inc	r0
      00000A EE               [12]  125 	mov	a,r6
      00000B F2               [24]  126 	movx	@r0,a
      00000C 08               [12]  127 	inc	r0
      00000D EF               [12]  128 	mov	a,r7
      00000E F2               [24]  129 	movx	@r0,a
                                    130 ;	_memset.c:44: register unsigned char *ret = s;
      00000F 78r03            [12]  131 	mov	r0,#_memset_s_1_21
      000011 E2               [24]  132 	movx	a,@r0
      000012 FA               [12]  133 	mov	r2,a
      000013 08               [12]  134 	inc	r0
      000014 E2               [24]  135 	movx	a,@r0
      000015 FB               [12]  136 	mov	r3,a
      000016 08               [12]  137 	inc	r0
      000017 E2               [24]  138 	movx	a,@r0
      000018 FC               [12]  139 	mov	r4,a
                                    140 ;	_memset.c:46: while (n--)
      000019 78r01            [12]  141 	mov	r0,#_memset_PARM_3
      00001B E2               [24]  142 	movx	a,@r0
      00001C F5*00            [12]  143 	mov	_memset_sloc0_1_0,a
      00001E 08               [12]  144 	inc	r0
      00001F E2               [24]  145 	movx	a,@r0
      000020 F5*01            [12]  146 	mov	(_memset_sloc0_1_0 + 1),a
      000022                        147 00101$:
      000022 AE*00            [24]  148 	mov	r6,_memset_sloc0_1_0
      000024 AF*01            [24]  149 	mov	r7,(_memset_sloc0_1_0 + 1)
      000026 15*00            [12]  150 	dec	_memset_sloc0_1_0
      000028 74 FF            [12]  151 	mov	a,#0xFF
      00002A B5*00 02         [24]  152 	cjne	a,_memset_sloc0_1_0,00113$
      00002D 15*01            [12]  153 	dec	(_memset_sloc0_1_0 + 1)
      00002F                        154 00113$:
      00002F EE               [12]  155 	mov	a,r6
      000030 4F               [12]  156 	orl	a,r7
      000031 60 13            [24]  157 	jz	00103$
                                    158 ;	_memset.c:48: *(unsigned char *) ret = c;
      000033 8A 82            [24]  159 	mov	dpl,r2
      000035 8B 83            [24]  160 	mov	dph,r3
      000037 8C F0            [24]  161 	mov	b,r4
      000039 78r00            [12]  162 	mov	r0,#_memset_PARM_2
      00003B E2               [24]  163 	movx	a,@r0
      00003C 12r00r00         [24]  164 	lcall	__gptrput
      00003F A3               [24]  165 	inc	dptr
      000040 AA 82            [24]  166 	mov	r2,dpl
      000042 AB 83            [24]  167 	mov	r3,dph
                                    168 ;	_memset.c:49: ret = ((unsigned char *) ret) + 1;
      000044 80 DC            [24]  169 	sjmp	00101$
      000046                        170 00103$:
                                    171 ;	_memset.c:52: return s;
      000046 78r03            [12]  172 	mov	r0,#_memset_s_1_21
      000048 E2               [24]  173 	movx	a,@r0
      000049 F5 82            [12]  174 	mov	dpl,a
      00004B 08               [12]  175 	inc	r0
      00004C E2               [24]  176 	movx	a,@r0
      00004D F5 83            [12]  177 	mov	dph,a
      00004F 08               [12]  178 	inc	r0
      000050 E2               [24]  179 	movx	a,@r0
      000051 F5 F0            [12]  180 	mov	b,a
      000053 22               [24]  181 	ret
                                    182 	.area CSEG    (CODE)
                                    183 	.area CONST   (CODE)
                                    184 	.area XINIT   (CODE)
                                    185 	.area CABS    (ABS,CODE)
