                                      1 ;--------------------------------------------------------
                                      2 ; File Created by SDCC : free open source ANSI-C Compiler
                                      3 ; Version 3.3.1 #8898 (Nov 27 2013) (Linux)
                                      4 ; This file was generated Wed Nov 27 12:27:53 2013
                                      5 ;--------------------------------------------------------
                                      6 	.module _strchr
                                      7 	.optsdcc -mmcs51 --model-medium
                                      8 	
                                      9 ;--------------------------------------------------------
                                     10 ; Public variables in this module
                                     11 ;--------------------------------------------------------
                                     12 	.globl _strchr_PARM_2
                                     13 	.globl _strchr
                                     14 ;--------------------------------------------------------
                                     15 ; special function registers
                                     16 ;--------------------------------------------------------
                                     17 	.area RSEG    (ABS,DATA)
      000000                         18 	.org 0x0000
                                     19 ;--------------------------------------------------------
                                     20 ; special function bits
                                     21 ;--------------------------------------------------------
                                     22 	.area RSEG    (ABS,DATA)
      000000                         23 	.org 0x0000
                                     24 ;--------------------------------------------------------
                                     25 ; overlayable register banks
                                     26 ;--------------------------------------------------------
                                     27 	.area REG_BANK_0	(REL,OVR,DATA)
      000000                         28 	.ds 8
                                     29 ;--------------------------------------------------------
                                     30 ; internal ram data
                                     31 ;--------------------------------------------------------
                                     32 	.area DSEG    (DATA)
                                     33 ;--------------------------------------------------------
                                     34 ; overlayable items in internal ram 
                                     35 ;--------------------------------------------------------
                                     36 ;--------------------------------------------------------
                                     37 ; indirectly addressable internal ram data
                                     38 ;--------------------------------------------------------
                                     39 	.area ISEG    (DATA)
                                     40 ;--------------------------------------------------------
                                     41 ; absolute internal ram data
                                     42 ;--------------------------------------------------------
                                     43 	.area IABS    (ABS,DATA)
                                     44 	.area IABS    (ABS,DATA)
                                     45 ;--------------------------------------------------------
                                     46 ; bit data
                                     47 ;--------------------------------------------------------
                                     48 	.area BSEG    (BIT)
                                     49 ;--------------------------------------------------------
                                     50 ; paged external ram data
                                     51 ;--------------------------------------------------------
                                     52 	.area PSEG    (PAG,XDATA)
      000000                         53 _strchr_PARM_2:
      000000                         54 	.ds 1
                                     55 ;--------------------------------------------------------
                                     56 ; external ram data
                                     57 ;--------------------------------------------------------
                                     58 	.area XSEG    (XDATA)
                                     59 ;--------------------------------------------------------
                                     60 ; absolute external ram data
                                     61 ;--------------------------------------------------------
                                     62 	.area XABS    (ABS,XDATA)
                                     63 ;--------------------------------------------------------
                                     64 ; external initialized ram data
                                     65 ;--------------------------------------------------------
                                     66 	.area XISEG   (XDATA)
                                     67 	.area HOME    (CODE)
                                     68 	.area GSINIT0 (CODE)
                                     69 	.area GSINIT1 (CODE)
                                     70 	.area GSINIT2 (CODE)
                                     71 	.area GSINIT3 (CODE)
                                     72 	.area GSINIT4 (CODE)
                                     73 	.area GSINIT5 (CODE)
                                     74 	.area GSINIT  (CODE)
                                     75 	.area GSFINAL (CODE)
                                     76 	.area CSEG    (CODE)
                                     77 ;--------------------------------------------------------
                                     78 ; global & static initialisations
                                     79 ;--------------------------------------------------------
                                     80 	.area HOME    (CODE)
                                     81 	.area GSINIT  (CODE)
                                     82 	.area GSFINAL (CODE)
                                     83 	.area GSINIT  (CODE)
                                     84 ;--------------------------------------------------------
                                     85 ; Home
                                     86 ;--------------------------------------------------------
                                     87 	.area HOME    (CODE)
                                     88 	.area HOME    (CODE)
                                     89 ;--------------------------------------------------------
                                     90 ; code
                                     91 ;--------------------------------------------------------
                                     92 	.area CSEG    (CODE)
                                     93 ;------------------------------------------------------------
                                     94 ;Allocation info for local variables in function 'strchr'
                                     95 ;------------------------------------------------------------
                                     96 ;	_strchr.c:34: char * strchr (
                                     97 ;	-----------------------------------------
                                     98 ;	 function strchr
                                     99 ;	-----------------------------------------
      000000                        100 _strchr:
                           000007   101 	ar7 = 0x07
                           000006   102 	ar6 = 0x06
                           000005   103 	ar5 = 0x05
                           000004   104 	ar4 = 0x04
                           000003   105 	ar3 = 0x03
                           000002   106 	ar2 = 0x02
                           000001   107 	ar1 = 0x01
                           000000   108 	ar0 = 0x00
      000000 AD 82            [24]  109 	mov	r5,dpl
      000002 AE 83            [24]  110 	mov	r6,dph
      000004 AF F0            [24]  111 	mov	r7,b
                                    112 ;	_strchr.c:45: while (*string && *string != ch)
      000006                        113 00102$:
      000006 8D 82            [24]  114 	mov	dpl,r5
      000008 8E 83            [24]  115 	mov	dph,r6
      00000A 8F F0            [24]  116 	mov	b,r7
      00000C 12r00r00         [24]  117 	lcall	__gptrget
      00000F FC               [12]  118 	mov	r4,a
      000010 60 0F            [24]  119 	jz	00104$
      000012 78r00            [12]  120 	mov	r0,#_strchr_PARM_2
      000014 E2               [24]  121 	movx	a,@r0
      000015 B5 04 02         [24]  122 	cjne	a,ar4,00123$
      000018 80 07            [24]  123 	sjmp	00104$
      00001A                        124 00123$:
                                    125 ;	_strchr.c:46: string++;
      00001A 0D               [12]  126 	inc	r5
      00001B BD 00 E8         [24]  127 	cjne	r5,#0x00,00102$
      00001E 0E               [12]  128 	inc	r6
      00001F 80 E5            [24]  129 	sjmp	00102$
      000021                        130 00104$:
                                    131 ;	_strchr.c:48: if (*string == ch)
      000021 8D 82            [24]  132 	mov	dpl,r5
      000023 8E 83            [24]  133 	mov	dph,r6
      000025 8F F0            [24]  134 	mov	b,r7
      000027 12r00r00         [24]  135 	lcall	__gptrget
      00002A FC               [12]  136 	mov	r4,a
      00002B 78r00            [12]  137 	mov	r0,#_strchr_PARM_2
      00002D E2               [24]  138 	movx	a,@r0
      00002E B5 04 07         [24]  139 	cjne	a,ar4,00106$
                                    140 ;	_strchr.c:49: return(string);
      000031 8D 82            [24]  141 	mov	dpl,r5
      000033 8E 83            [24]  142 	mov	dph,r6
      000035 8F F0            [24]  143 	mov	b,r7
      000037 22               [24]  144 	ret
      000038                        145 00106$:
                                    146 ;	_strchr.c:50: return ( NULL );
      000038 90 00 00         [24]  147 	mov	dptr,#0x0000
      00003B 75 F0 00         [24]  148 	mov	b,#0x00
      00003E 22               [24]  149 	ret
                                    150 	.area CSEG    (CODE)
                                    151 	.area CONST   (CODE)
                                    152 	.area XINIT   (CODE)
                                    153 	.area CABS    (ABS,CODE)
