                                      1 ;--------------------------------------------------------
                                      2 ; File Created by SDCC : free open source ANSI-C Compiler
                                      3 ; Version 3.3.1 #8898 (Nov 27 2013) (Linux)
                                      4 ; This file was generated Wed Nov 27 12:27:53 2013
                                      5 ;--------------------------------------------------------
                                      6 	.module _strcat
                                      7 	.optsdcc -mmcs51 --model-medium
                                      8 	
                                      9 ;--------------------------------------------------------
                                     10 ; Public variables in this module
                                     11 ;--------------------------------------------------------
                                     12 	.globl _strcat_PARM_2
                                     13 	.globl _strcat
                                     14 ;--------------------------------------------------------
                                     15 ; special function registers
                                     16 ;--------------------------------------------------------
                                     17 	.area RSEG    (ABS,DATA)
      000000                         18 	.org 0x0000
                                     19 ;--------------------------------------------------------
                                     20 ; special function bits
                                     21 ;--------------------------------------------------------
                                     22 	.area RSEG    (ABS,DATA)
      000000                         23 	.org 0x0000
                                     24 ;--------------------------------------------------------
                                     25 ; overlayable register banks
                                     26 ;--------------------------------------------------------
                                     27 	.area REG_BANK_0	(REL,OVR,DATA)
      000000                         28 	.ds 8
                                     29 ;--------------------------------------------------------
                                     30 ; internal ram data
                                     31 ;--------------------------------------------------------
                                     32 	.area DSEG    (DATA)
                                     33 ;--------------------------------------------------------
                                     34 ; overlayable items in internal ram 
                                     35 ;--------------------------------------------------------
                                     36 ;--------------------------------------------------------
                                     37 ; indirectly addressable internal ram data
                                     38 ;--------------------------------------------------------
                                     39 	.area ISEG    (DATA)
                                     40 ;--------------------------------------------------------
                                     41 ; absolute internal ram data
                                     42 ;--------------------------------------------------------
                                     43 	.area IABS    (ABS,DATA)
                                     44 	.area IABS    (ABS,DATA)
                                     45 ;--------------------------------------------------------
                                     46 ; bit data
                                     47 ;--------------------------------------------------------
                                     48 	.area BSEG    (BIT)
                                     49 ;--------------------------------------------------------
                                     50 ; paged external ram data
                                     51 ;--------------------------------------------------------
                                     52 	.area PSEG    (PAG,XDATA)
      000000                         53 _strcat_PARM_2:
      000000                         54 	.ds 3
      000003                         55 _strcat_dst_1_21:
      000003                         56 	.ds 3
      000006                         57 _strcat_cp_1_22:
      000006                         58 	.ds 3
                                     59 ;--------------------------------------------------------
                                     60 ; external ram data
                                     61 ;--------------------------------------------------------
                                     62 	.area XSEG    (XDATA)
                                     63 ;--------------------------------------------------------
                                     64 ; absolute external ram data
                                     65 ;--------------------------------------------------------
                                     66 	.area XABS    (ABS,XDATA)
                                     67 ;--------------------------------------------------------
                                     68 ; external initialized ram data
                                     69 ;--------------------------------------------------------
                                     70 	.area XISEG   (XDATA)
                                     71 	.area HOME    (CODE)
                                     72 	.area GSINIT0 (CODE)
                                     73 	.area GSINIT1 (CODE)
                                     74 	.area GSINIT2 (CODE)
                                     75 	.area GSINIT3 (CODE)
                                     76 	.area GSINIT4 (CODE)
                                     77 	.area GSINIT5 (CODE)
                                     78 	.area GSINIT  (CODE)
                                     79 	.area GSFINAL (CODE)
                                     80 	.area CSEG    (CODE)
                                     81 ;--------------------------------------------------------
                                     82 ; global & static initialisations
                                     83 ;--------------------------------------------------------
                                     84 	.area HOME    (CODE)
                                     85 	.area GSINIT  (CODE)
                                     86 	.area GSFINAL (CODE)
                                     87 	.area GSINIT  (CODE)
                                     88 ;--------------------------------------------------------
                                     89 ; Home
                                     90 ;--------------------------------------------------------
                                     91 	.area HOME    (CODE)
                                     92 	.area HOME    (CODE)
                                     93 ;--------------------------------------------------------
                                     94 ; code
                                     95 ;--------------------------------------------------------
                                     96 	.area CSEG    (CODE)
                                     97 ;------------------------------------------------------------
                                     98 ;Allocation info for local variables in function 'strcat'
                                     99 ;------------------------------------------------------------
                                    100 ;	_strcat.c:31: char * strcat (
                                    101 ;	-----------------------------------------
                                    102 ;	 function strcat
                                    103 ;	-----------------------------------------
      000000                        104 _strcat:
                           000007   105 	ar7 = 0x07
                           000006   106 	ar6 = 0x06
                           000005   107 	ar5 = 0x05
                           000004   108 	ar4 = 0x04
                           000003   109 	ar3 = 0x03
                           000002   110 	ar2 = 0x02
                           000001   111 	ar1 = 0x01
                           000000   112 	ar0 = 0x00
      000000 AF F0            [24]  113 	mov	r7,b
      000002 AE 83            [24]  114 	mov	r6,dph
      000004 E5 82            [12]  115 	mov	a,dpl
      000006 78r03            [12]  116 	mov	r0,#_strcat_dst_1_21
      000008 F2               [24]  117 	movx	@r0,a
      000009 08               [12]  118 	inc	r0
      00000A EE               [12]  119 	mov	a,r6
      00000B F2               [24]  120 	movx	@r0,a
      00000C 08               [12]  121 	inc	r0
      00000D EF               [12]  122 	mov	a,r7
      00000E F2               [24]  123 	movx	@r0,a
                                    124 ;	_strcat.c:38: while( *cp )
      00000F 78r03            [12]  125 	mov	r0,#_strcat_dst_1_21
      000011 E2               [24]  126 	movx	a,@r0
      000012 FA               [12]  127 	mov	r2,a
      000013 08               [12]  128 	inc	r0
      000014 E2               [24]  129 	movx	a,@r0
      000015 FB               [12]  130 	mov	r3,a
      000016 08               [12]  131 	inc	r0
      000017 E2               [24]  132 	movx	a,@r0
      000018 FC               [12]  133 	mov	r4,a
      000019                        134 00101$:
      000019 8A 82            [24]  135 	mov	dpl,r2
      00001B 8B 83            [24]  136 	mov	dph,r3
      00001D 8C F0            [24]  137 	mov	b,r4
      00001F 12r00r00         [24]  138 	lcall	__gptrget
      000022 60 07            [24]  139 	jz	00111$
                                    140 ;	_strcat.c:39: cp++;                   /* find end of dst */
      000024 0A               [12]  141 	inc	r2
                                    142 ;	_strcat.c:41: while( *cp++ = *src++ ) ;       /* Copy src to end of dst */
      000025 BA 00 F1         [24]  143 	cjne	r2,#0x00,00101$
      000028 0B               [12]  144 	inc	r3
      000029 80 EE            [24]  145 	sjmp	00101$
      00002B                        146 00111$:
      00002B 78r00            [12]  147 	mov	r0,#_strcat_PARM_2
      00002D E2               [24]  148 	movx	a,@r0
      00002E FD               [12]  149 	mov	r5,a
      00002F 08               [12]  150 	inc	r0
      000030 E2               [24]  151 	movx	a,@r0
      000031 FE               [12]  152 	mov	r6,a
      000032 08               [12]  153 	inc	r0
      000033 E2               [24]  154 	movx	a,@r0
      000034 FF               [12]  155 	mov	r7,a
      000035 78r06            [12]  156 	mov	r0,#_strcat_cp_1_22
      000037 EA               [12]  157 	mov	a,r2
      000038 F2               [24]  158 	movx	@r0,a
      000039 08               [12]  159 	inc	r0
      00003A EB               [12]  160 	mov	a,r3
      00003B F2               [24]  161 	movx	@r0,a
      00003C 08               [12]  162 	inc	r0
      00003D EC               [12]  163 	mov	a,r4
      00003E F2               [24]  164 	movx	@r0,a
      00003F                        165 00104$:
      00003F 8D 82            [24]  166 	mov	dpl,r5
      000041 8E 83            [24]  167 	mov	dph,r6
      000043 8F F0            [24]  168 	mov	b,r7
      000045 12r00r00         [24]  169 	lcall	__gptrget
      000048 FC               [12]  170 	mov	r4,a
      000049 A3               [24]  171 	inc	dptr
      00004A AD 82            [24]  172 	mov	r5,dpl
      00004C AE 83            [24]  173 	mov	r6,dph
      00004E 78r06            [12]  174 	mov	r0,#_strcat_cp_1_22
      000050 E2               [24]  175 	movx	a,@r0
      000051 F5 82            [12]  176 	mov	dpl,a
      000053 08               [12]  177 	inc	r0
      000054 E2               [24]  178 	movx	a,@r0
      000055 F5 83            [12]  179 	mov	dph,a
      000057 08               [12]  180 	inc	r0
      000058 E2               [24]  181 	movx	a,@r0
      000059 F5 F0            [12]  182 	mov	b,a
      00005B EC               [12]  183 	mov	a,r4
      00005C 12r00r00         [24]  184 	lcall	__gptrput
      00005F A3               [24]  185 	inc	dptr
      000060 18               [12]  186 	dec	r0
      000061 18               [12]  187 	dec	r0
      000062 E5 82            [12]  188 	mov	a,dpl
      000064 F2               [24]  189 	movx	@r0,a
      000065 08               [12]  190 	inc	r0
      000066 E5 83            [12]  191 	mov	a,dph
      000068 F2               [24]  192 	movx	@r0,a
      000069 EC               [12]  193 	mov	a,r4
      00006A 70 D3            [24]  194 	jnz	00104$
                                    195 ;	_strcat.c:43: return( dst );                  /* return dst */
      00006C 78r03            [12]  196 	mov	r0,#_strcat_dst_1_21
      00006E E2               [24]  197 	movx	a,@r0
      00006F F5 82            [12]  198 	mov	dpl,a
      000071 08               [12]  199 	inc	r0
      000072 E2               [24]  200 	movx	a,@r0
      000073 F5 83            [12]  201 	mov	dph,a
      000075 08               [12]  202 	inc	r0
      000076 E2               [24]  203 	movx	a,@r0
      000077 F5 F0            [12]  204 	mov	b,a
      000079 22               [24]  205 	ret
                                    206 	.area CSEG    (CODE)
                                    207 	.area CONST   (CODE)
                                    208 	.area XINIT   (CODE)
                                    209 	.area CABS    (ABS,CODE)
