                                      1 ;--------------------------------------------------------
                                      2 ; File Created by SDCC : free open source ANSI-C Compiler
                                      3 ; Version 3.3.1 #8898 (Nov 27 2013) (Linux)
                                      4 ; This file was generated Wed Nov 27 12:27:53 2013
                                      5 ;--------------------------------------------------------
                                      6 	.module _strcmp
                                      7 	.optsdcc -mmcs51 --model-medium
                                      8 	
                                      9 ;--------------------------------------------------------
                                     10 ; Public variables in this module
                                     11 ;--------------------------------------------------------
                                     12 	.globl _strcmp_PARM_2
                                     13 	.globl _strcmp
                                     14 ;--------------------------------------------------------
                                     15 ; special function registers
                                     16 ;--------------------------------------------------------
                                     17 	.area RSEG    (ABS,DATA)
      000000                         18 	.org 0x0000
                                     19 ;--------------------------------------------------------
                                     20 ; special function bits
                                     21 ;--------------------------------------------------------
                                     22 	.area RSEG    (ABS,DATA)
      000000                         23 	.org 0x0000
                                     24 ;--------------------------------------------------------
                                     25 ; overlayable register banks
                                     26 ;--------------------------------------------------------
                                     27 	.area REG_BANK_0	(REL,OVR,DATA)
      000000                         28 	.ds 8
                                     29 ;--------------------------------------------------------
                                     30 ; internal ram data
                                     31 ;--------------------------------------------------------
                                     32 	.area DSEG    (DATA)
                                     33 ;--------------------------------------------------------
                                     34 ; overlayable items in internal ram 
                                     35 ;--------------------------------------------------------
                                     36 	.area	OSEG    (OVR,DATA)
      000000                         37 _strcmp_sloc0_1_0:
      000000                         38 	.ds 3
      000003                         39 _strcmp_sloc1_1_0:
      000003                         40 	.ds 2
                                     41 ;--------------------------------------------------------
                                     42 ; indirectly addressable internal ram data
                                     43 ;--------------------------------------------------------
                                     44 	.area ISEG    (DATA)
                                     45 ;--------------------------------------------------------
                                     46 ; absolute internal ram data
                                     47 ;--------------------------------------------------------
                                     48 	.area IABS    (ABS,DATA)
                                     49 	.area IABS    (ABS,DATA)
                                     50 ;--------------------------------------------------------
                                     51 ; bit data
                                     52 ;--------------------------------------------------------
                                     53 	.area BSEG    (BIT)
                                     54 ;--------------------------------------------------------
                                     55 ; paged external ram data
                                     56 ;--------------------------------------------------------
                                     57 	.area PSEG    (PAG,XDATA)
      000000                         58 _strcmp_PARM_2:
      000000                         59 	.ds 3
                                     60 ;--------------------------------------------------------
                                     61 ; external ram data
                                     62 ;--------------------------------------------------------
                                     63 	.area XSEG    (XDATA)
                                     64 ;--------------------------------------------------------
                                     65 ; absolute external ram data
                                     66 ;--------------------------------------------------------
                                     67 	.area XABS    (ABS,XDATA)
                                     68 ;--------------------------------------------------------
                                     69 ; external initialized ram data
                                     70 ;--------------------------------------------------------
                                     71 	.area XISEG   (XDATA)
                                     72 	.area HOME    (CODE)
                                     73 	.area GSINIT0 (CODE)
                                     74 	.area GSINIT1 (CODE)
                                     75 	.area GSINIT2 (CODE)
                                     76 	.area GSINIT3 (CODE)
                                     77 	.area GSINIT4 (CODE)
                                     78 	.area GSINIT5 (CODE)
                                     79 	.area GSINIT  (CODE)
                                     80 	.area GSFINAL (CODE)
                                     81 	.area CSEG    (CODE)
                                     82 ;--------------------------------------------------------
                                     83 ; global & static initialisations
                                     84 ;--------------------------------------------------------
                                     85 	.area HOME    (CODE)
                                     86 	.area GSINIT  (CODE)
                                     87 	.area GSFINAL (CODE)
                                     88 	.area GSINIT  (CODE)
                                     89 ;--------------------------------------------------------
                                     90 ; Home
                                     91 ;--------------------------------------------------------
                                     92 	.area HOME    (CODE)
                                     93 	.area HOME    (CODE)
                                     94 ;--------------------------------------------------------
                                     95 ; code
                                     96 ;--------------------------------------------------------
                                     97 	.area CSEG    (CODE)
                                     98 ;------------------------------------------------------------
                                     99 ;Allocation info for local variables in function 'strcmp'
                                    100 ;------------------------------------------------------------
                                    101 ;ret                       Allocated with name '_strcmp_sloc1_1_0'
                                    102 ;sloc0                     Allocated with name '_strcmp_sloc0_1_0'
                                    103 ;sloc1                     Allocated with name '_strcmp_sloc1_1_0'
                                    104 ;------------------------------------------------------------
                                    105 ;	_strcmp.c:34: int strcmp (
                                    106 ;	-----------------------------------------
                                    107 ;	 function strcmp
                                    108 ;	-----------------------------------------
      000000                        109 _strcmp:
                           000007   110 	ar7 = 0x07
                           000006   111 	ar6 = 0x06
                           000005   112 	ar5 = 0x05
                           000004   113 	ar4 = 0x04
                           000003   114 	ar3 = 0x03
                           000002   115 	ar2 = 0x02
                           000001   116 	ar1 = 0x01
                           000000   117 	ar0 = 0x00
      000000 85 82*00         [24]  118 	mov	_strcmp_sloc0_1_0,dpl
      000003 85 83*01         [24]  119 	mov	(_strcmp_sloc0_1_0 + 1),dph
      000006 85 F0*02         [24]  120 	mov	(_strcmp_sloc0_1_0 + 2),b
                                    121 ;	_strcmp.c:53: while( ! (ret = *(unsigned char *)asrc - *(unsigned char *)adst) && *adst)
      000009 78r00            [12]  122 	mov	r0,#_strcmp_PARM_2
      00000B E2               [24]  123 	movx	a,@r0
      00000C FA               [12]  124 	mov	r2,a
      00000D 08               [12]  125 	inc	r0
      00000E E2               [24]  126 	movx	a,@r0
      00000F FB               [12]  127 	mov	r3,a
      000010 08               [12]  128 	inc	r0
      000011 E2               [24]  129 	movx	a,@r0
      000012 FC               [12]  130 	mov	r4,a
      000013                        131 00102$:
      000013 AD*00            [24]  132 	mov	r5,_strcmp_sloc0_1_0
      000015 AE*01            [24]  133 	mov	r6,(_strcmp_sloc0_1_0 + 1)
      000017 AF*02            [24]  134 	mov	r7,(_strcmp_sloc0_1_0 + 2)
      000019 8D 82            [24]  135 	mov	dpl,r5
      00001B 8E 83            [24]  136 	mov	dph,r6
      00001D 8F F0            [24]  137 	mov	b,r7
      00001F 12r00r00         [24]  138 	lcall	__gptrget
      000022 FD               [12]  139 	mov	r5,a
      000023 8D*03            [24]  140 	mov	_strcmp_sloc1_1_0,r5
      000025 75*04 00         [24]  141 	mov	(_strcmp_sloc1_1_0 + 1),#0x00
      000028 8A 05            [24]  142 	mov	ar5,r2
      00002A 8B 06            [24]  143 	mov	ar6,r3
      00002C 8C 07            [24]  144 	mov	ar7,r4
      00002E 8D 82            [24]  145 	mov	dpl,r5
      000030 8E 83            [24]  146 	mov	dph,r6
      000032 8F F0            [24]  147 	mov	b,r7
      000034 12r00r00         [24]  148 	lcall	__gptrget
      000037 FD               [12]  149 	mov	r5,a
      000038 7F 00            [12]  150 	mov	r7,#0x00
      00003A E5*03            [12]  151 	mov	a,_strcmp_sloc1_1_0
      00003C C3               [12]  152 	clr	c
      00003D 9D               [12]  153 	subb	a,r5
      00003E FD               [12]  154 	mov	r5,a
      00003F E5*04            [12]  155 	mov	a,(_strcmp_sloc1_1_0 + 1)
      000041 9F               [12]  156 	subb	a,r7
      000042 FF               [12]  157 	mov	r7,a
      000043 8D*03            [24]  158 	mov	_strcmp_sloc1_1_0,r5
      000045 8F*04            [24]  159 	mov	(_strcmp_sloc1_1_0 + 1),r7
      000047 ED               [12]  160 	mov	a,r5
      000048 4F               [12]  161 	orl	a,r7
      000049 70 1A            [24]  162 	jnz	00104$
      00004B 8A 82            [24]  163 	mov	dpl,r2
      00004D 8B 83            [24]  164 	mov	dph,r3
      00004F 8C F0            [24]  165 	mov	b,r4
      000051 12r00r00         [24]  166 	lcall	__gptrget
      000054 60 0F            [24]  167 	jz	00104$
                                    168 ;	_strcmp.c:54: ++asrc, ++adst;
      000056 05*00            [12]  169 	inc	_strcmp_sloc0_1_0
      000058 E4               [12]  170 	clr	a
      000059 B5*00 02         [24]  171 	cjne	a,_strcmp_sloc0_1_0,00119$
      00005C 05*01            [12]  172 	inc	(_strcmp_sloc0_1_0 + 1)
      00005E                        173 00119$:
      00005E 0A               [12]  174 	inc	r2
      00005F BA 00 B1         [24]  175 	cjne	r2,#0x00,00102$
      000062 0B               [12]  176 	inc	r3
      000063 80 AE            [24]  177 	sjmp	00102$
      000065                        178 00104$:
                                    179 ;	_strcmp.c:56: return( ret );
      000065 85*03 82         [24]  180 	mov	dpl,_strcmp_sloc1_1_0
      000068 85*04 83         [24]  181 	mov	dph,(_strcmp_sloc1_1_0 + 1)
      00006B 22               [24]  182 	ret
                                    183 	.area CSEG    (CODE)
                                    184 	.area CONST   (CODE)
                                    185 	.area XINIT   (CODE)
                                    186 	.area CABS    (ABS,CODE)
