                                      1 ;--------------------------------------------------------
                                      2 ; File Created by SDCC : free open source ANSI-C Compiler
                                      3 ; Version 3.3.1 #8898 (Nov 27 2013) (Linux)
                                      4 ; This file was generated Wed Nov 27 12:27:52 2013
                                      5 ;--------------------------------------------------------
                                      6 	.module frexpf
                                      7 	.optsdcc -mmcs51 --model-medium
                                      8 	
                                      9 ;--------------------------------------------------------
                                     10 ; Public variables in this module
                                     11 ;--------------------------------------------------------
                                     12 	.globl _frexpf_PARM_2
                                     13 	.globl _frexpf
                                     14 ;--------------------------------------------------------
                                     15 ; special function registers
                                     16 ;--------------------------------------------------------
                                     17 	.area RSEG    (ABS,DATA)
      000000                         18 	.org 0x0000
                                     19 ;--------------------------------------------------------
                                     20 ; special function bits
                                     21 ;--------------------------------------------------------
                                     22 	.area RSEG    (ABS,DATA)
      000000                         23 	.org 0x0000
                                     24 ;--------------------------------------------------------
                                     25 ; overlayable register banks
                                     26 ;--------------------------------------------------------
                                     27 	.area REG_BANK_0	(REL,OVR,DATA)
      000000                         28 	.ds 8
                                     29 ;--------------------------------------------------------
                                     30 ; internal ram data
                                     31 ;--------------------------------------------------------
                                     32 	.area DSEG    (DATA)
                                     33 ;--------------------------------------------------------
                                     34 ; overlayable items in internal ram 
                                     35 ;--------------------------------------------------------
                                     36 ;--------------------------------------------------------
                                     37 ; indirectly addressable internal ram data
                                     38 ;--------------------------------------------------------
                                     39 	.area ISEG    (DATA)
                                     40 ;--------------------------------------------------------
                                     41 ; absolute internal ram data
                                     42 ;--------------------------------------------------------
                                     43 	.area IABS    (ABS,DATA)
                                     44 	.area IABS    (ABS,DATA)
                                     45 ;--------------------------------------------------------
                                     46 ; bit data
                                     47 ;--------------------------------------------------------
                                     48 	.area BSEG    (BIT)
                                     49 ;--------------------------------------------------------
                                     50 ; paged external ram data
                                     51 ;--------------------------------------------------------
                                     52 	.area PSEG    (PAG,XDATA)
      000000                         53 _frexpf_PARM_2:
      000000                         54 	.ds 3
      000003                         55 _frexpf_fl_1_24:
      000003                         56 	.ds 4
      000007                         57 _frexpf_i_1_24:
      000007                         58 	.ds 4
                                     59 ;--------------------------------------------------------
                                     60 ; external ram data
                                     61 ;--------------------------------------------------------
                                     62 	.area XSEG    (XDATA)
                                     63 ;--------------------------------------------------------
                                     64 ; absolute external ram data
                                     65 ;--------------------------------------------------------
                                     66 	.area XABS    (ABS,XDATA)
                                     67 ;--------------------------------------------------------
                                     68 ; external initialized ram data
                                     69 ;--------------------------------------------------------
                                     70 	.area XISEG   (XDATA)
                                     71 	.area HOME    (CODE)
                                     72 	.area GSINIT0 (CODE)
                                     73 	.area GSINIT1 (CODE)
                                     74 	.area GSINIT2 (CODE)
                                     75 	.area GSINIT3 (CODE)
                                     76 	.area GSINIT4 (CODE)
                                     77 	.area GSINIT5 (CODE)
                                     78 	.area GSINIT  (CODE)
                                     79 	.area GSFINAL (CODE)
                                     80 	.area CSEG    (CODE)
                                     81 ;--------------------------------------------------------
                                     82 ; global & static initialisations
                                     83 ;--------------------------------------------------------
                                     84 	.area HOME    (CODE)
                                     85 	.area GSINIT  (CODE)
                                     86 	.area GSFINAL (CODE)
                                     87 	.area GSINIT  (CODE)
                                     88 ;--------------------------------------------------------
                                     89 ; Home
                                     90 ;--------------------------------------------------------
                                     91 	.area HOME    (CODE)
                                     92 	.area HOME    (CODE)
                                     93 ;--------------------------------------------------------
                                     94 ; code
                                     95 ;--------------------------------------------------------
                                     96 	.area CSEG    (CODE)
                                     97 ;------------------------------------------------------------
                                     98 ;Allocation info for local variables in function 'frexpf'
                                     99 ;------------------------------------------------------------
                                    100 ;	frexpf.c:34: float frexpf(const float x, int *pw2)
                                    101 ;	-----------------------------------------
                                    102 ;	 function frexpf
                                    103 ;	-----------------------------------------
      000000                        104 _frexpf:
                           000007   105 	ar7 = 0x07
                           000006   106 	ar6 = 0x06
                           000005   107 	ar5 = 0x05
                           000004   108 	ar4 = 0x04
                           000003   109 	ar3 = 0x03
                           000002   110 	ar2 = 0x02
                           000001   111 	ar1 = 0x01
                           000000   112 	ar0 = 0x00
      000000 AC 82            [24]  113 	mov	r4,dpl
      000002 AD 83            [24]  114 	mov	r5,dph
      000004 AE F0            [24]  115 	mov	r6,b
      000006 FF               [12]  116 	mov	r7,a
                                    117 ;	frexpf.c:39: fl.f=x;
      000007 78r03            [12]  118 	mov	r0,#_frexpf_fl_1_24
      000009 EC               [12]  119 	mov	a,r4
      00000A F2               [24]  120 	movx	@r0,a
      00000B 08               [12]  121 	inc	r0
      00000C ED               [12]  122 	mov	a,r5
      00000D F2               [24]  123 	movx	@r0,a
      00000E 08               [12]  124 	inc	r0
      00000F EE               [12]  125 	mov	a,r6
      000010 F2               [24]  126 	movx	@r0,a
      000011 08               [12]  127 	inc	r0
      000012 EF               [12]  128 	mov	a,r7
      000013 F2               [24]  129 	movx	@r0,a
                                    130 ;	frexpf.c:41: i  = ( fl.l >> 23) & 0x000000ff;
      000014 78r03            [12]  131 	mov	r0,#_frexpf_fl_1_24
      000016 E2               [24]  132 	movx	a,@r0
      000017 08               [12]  133 	inc	r0
      000018 E2               [24]  134 	movx	a,@r0
      000019 FD               [12]  135 	mov	r5,a
      00001A 08               [12]  136 	inc	r0
      00001B E2               [24]  137 	movx	a,@r0
      00001C FE               [12]  138 	mov	r6,a
      00001D 08               [12]  139 	inc	r0
      00001E E2               [24]  140 	movx	a,@r0
      00001F FF               [12]  141 	mov	r7,a
      000020 8E 04            [24]  142 	mov	ar4,r6
      000022 A2 E7            [12]  143 	mov	c,acc.7
      000024 CC               [12]  144 	xch	a,r4
      000025 33               [12]  145 	rlc	a
      000026 CC               [12]  146 	xch	a,r4
      000027 33               [12]  147 	rlc	a
      000028 CC               [12]  148 	xch	a,r4
      000029 54 01            [12]  149 	anl	a,#0x01
      00002B 30 E0 02         [24]  150 	jnb	acc.0,00103$
      00002E 44 FE            [12]  151 	orl	a,#0xFE
      000030                        152 00103$:
      000030 33               [12]  153 	rlc	a
      000031 95 E0            [12]  154 	subb	a,acc
      000033 78r07            [12]  155 	mov	r0,#_frexpf_i_1_24
      000035 EC               [12]  156 	mov	a,r4
      000036 F2               [24]  157 	movx	@r0,a
      000037 08               [12]  158 	inc	r0
      000038 E4               [12]  159 	clr	a
      000039 F2               [24]  160 	movx	@r0,a
      00003A 08               [12]  161 	inc	r0
      00003B F2               [24]  162 	movx	@r0,a
      00003C 08               [12]  163 	inc	r0
      00003D F2               [24]  164 	movx	@r0,a
                                    165 ;	frexpf.c:42: i -= 0x7e;
      00003E 78r07            [12]  166 	mov	r0,#_frexpf_i_1_24
      000040 E2               [24]  167 	movx	a,@r0
      000041 24 82            [12]  168 	add	a,#0x82
      000043 F2               [24]  169 	movx	@r0,a
      000044 08               [12]  170 	inc	r0
      000045 E2               [24]  171 	movx	a,@r0
      000046 34 FF            [12]  172 	addc	a,#0xFF
      000048 F2               [24]  173 	movx	@r0,a
      000049 08               [12]  174 	inc	r0
      00004A E2               [24]  175 	movx	a,@r0
      00004B 34 FF            [12]  176 	addc	a,#0xFF
      00004D F2               [24]  177 	movx	@r0,a
      00004E 08               [12]  178 	inc	r0
      00004F E2               [24]  179 	movx	a,@r0
      000050 34 FF            [12]  180 	addc	a,#0xFF
      000052 F2               [24]  181 	movx	@r0,a
                                    182 ;	frexpf.c:43: *pw2 = i;
      000053 78r00            [12]  183 	mov	r0,#_frexpf_PARM_2
      000055 E2               [24]  184 	movx	a,@r0
      000056 FA               [12]  185 	mov	r2,a
      000057 08               [12]  186 	inc	r0
      000058 E2               [24]  187 	movx	a,@r0
      000059 FB               [12]  188 	mov	r3,a
      00005A 08               [12]  189 	inc	r0
      00005B E2               [24]  190 	movx	a,@r0
      00005C FF               [12]  191 	mov	r7,a
      00005D 78r07            [12]  192 	mov	r0,#_frexpf_i_1_24
      00005F E2               [24]  193 	movx	a,@r0
      000060 FC               [12]  194 	mov	r4,a
      000061 08               [12]  195 	inc	r0
      000062 E2               [24]  196 	movx	a,@r0
      000063 FD               [12]  197 	mov	r5,a
      000064 8A 82            [24]  198 	mov	dpl,r2
      000066 8B 83            [24]  199 	mov	dph,r3
      000068 8F F0            [24]  200 	mov	b,r7
      00006A EC               [12]  201 	mov	a,r4
      00006B 12r00r00         [24]  202 	lcall	__gptrput
      00006E A3               [24]  203 	inc	dptr
      00006F ED               [12]  204 	mov	a,r5
      000070 12r00r00         [24]  205 	lcall	__gptrput
                                    206 ;	frexpf.c:44: fl.l &= 0x807fffff; /* strip all exponent bits */
      000073 78r03            [12]  207 	mov	r0,#_frexpf_fl_1_24
      000075 E2               [24]  208 	movx	a,@r0
      000076 FC               [12]  209 	mov	r4,a
      000077 08               [12]  210 	inc	r0
      000078 E2               [24]  211 	movx	a,@r0
      000079 FD               [12]  212 	mov	r5,a
      00007A 08               [12]  213 	inc	r0
      00007B E2               [24]  214 	movx	a,@r0
      00007C FE               [12]  215 	mov	r6,a
      00007D 08               [12]  216 	inc	r0
      00007E E2               [24]  217 	movx	a,@r0
      00007F FF               [12]  218 	mov	r7,a
      000080 53 06 7F         [24]  219 	anl	ar6,#0x7F
      000083 53 07 80         [24]  220 	anl	ar7,#0x80
      000086 78r03            [12]  221 	mov	r0,#_frexpf_fl_1_24
      000088 EC               [12]  222 	mov	a,r4
      000089 F2               [24]  223 	movx	@r0,a
      00008A 08               [12]  224 	inc	r0
      00008B ED               [12]  225 	mov	a,r5
      00008C F2               [24]  226 	movx	@r0,a
      00008D 08               [12]  227 	inc	r0
      00008E EE               [12]  228 	mov	a,r6
      00008F F2               [24]  229 	movx	@r0,a
      000090 08               [12]  230 	inc	r0
      000091 EF               [12]  231 	mov	a,r7
      000092 F2               [24]  232 	movx	@r0,a
                                    233 ;	frexpf.c:45: fl.l |= 0x3f000000; /* mantissa between 0.5 and 1 */
      000093 78r03            [12]  234 	mov	r0,#_frexpf_fl_1_24
      000095 E2               [24]  235 	movx	a,@r0
      000096 FC               [12]  236 	mov	r4,a
      000097 08               [12]  237 	inc	r0
      000098 E2               [24]  238 	movx	a,@r0
      000099 FD               [12]  239 	mov	r5,a
      00009A 08               [12]  240 	inc	r0
      00009B E2               [24]  241 	movx	a,@r0
      00009C FE               [12]  242 	mov	r6,a
      00009D 08               [12]  243 	inc	r0
      00009E E2               [24]  244 	movx	a,@r0
      00009F FF               [12]  245 	mov	r7,a
      0000A0 43 07 3F         [24]  246 	orl	ar7,#0x3F
      0000A3 78r03            [12]  247 	mov	r0,#_frexpf_fl_1_24
      0000A5 EC               [12]  248 	mov	a,r4
      0000A6 F2               [24]  249 	movx	@r0,a
      0000A7 08               [12]  250 	inc	r0
      0000A8 ED               [12]  251 	mov	a,r5
      0000A9 F2               [24]  252 	movx	@r0,a
      0000AA 08               [12]  253 	inc	r0
      0000AB EE               [12]  254 	mov	a,r6
      0000AC F2               [24]  255 	movx	@r0,a
      0000AD 08               [12]  256 	inc	r0
      0000AE EF               [12]  257 	mov	a,r7
      0000AF F2               [24]  258 	movx	@r0,a
                                    259 ;	frexpf.c:46: return(fl.f);
      0000B0 78r03            [12]  260 	mov	r0,#_frexpf_fl_1_24
      0000B2 E2               [24]  261 	movx	a,@r0
      0000B3 FC               [12]  262 	mov	r4,a
      0000B4 08               [12]  263 	inc	r0
      0000B5 E2               [24]  264 	movx	a,@r0
      0000B6 FD               [12]  265 	mov	r5,a
      0000B7 08               [12]  266 	inc	r0
      0000B8 E2               [24]  267 	movx	a,@r0
      0000B9 FE               [12]  268 	mov	r6,a
      0000BA 08               [12]  269 	inc	r0
      0000BB E2               [24]  270 	movx	a,@r0
      0000BC 8C 82            [24]  271 	mov	dpl,r4
      0000BE 8D 83            [24]  272 	mov	dph,r5
      0000C0 8E F0            [24]  273 	mov	b,r6
      0000C2 22               [24]  274 	ret
                                    275 	.area CSEG    (CODE)
                                    276 	.area CONST   (CODE)
                                    277 	.area XINIT   (CODE)
                                    278 	.area CABS    (ABS,CODE)
