                                      1 ;--------------------------------------------------------
                                      2 ; File Created by SDCC : free open source ANSI-C Compiler
                                      3 ; Version 3.3.1 #8898 (Nov 27 2013) (Linux)
                                      4 ; This file was generated Wed Nov 27 12:27:52 2013
                                      5 ;--------------------------------------------------------
                                      6 	.module ldexpf
                                      7 	.optsdcc -mmcs51 --model-medium
                                      8 	
                                      9 ;--------------------------------------------------------
                                     10 ; Public variables in this module
                                     11 ;--------------------------------------------------------
                                     12 	.globl _ldexpf_PARM_2
                                     13 	.globl _ldexpf
                                     14 ;--------------------------------------------------------
                                     15 ; special function registers
                                     16 ;--------------------------------------------------------
                                     17 	.area RSEG    (ABS,DATA)
      000000                         18 	.org 0x0000
                                     19 ;--------------------------------------------------------
                                     20 ; special function bits
                                     21 ;--------------------------------------------------------
                                     22 	.area RSEG    (ABS,DATA)
      000000                         23 	.org 0x0000
                                     24 ;--------------------------------------------------------
                                     25 ; overlayable register banks
                                     26 ;--------------------------------------------------------
                                     27 	.area REG_BANK_0	(REL,OVR,DATA)
      000000                         28 	.ds 8
                                     29 ;--------------------------------------------------------
                                     30 ; internal ram data
                                     31 ;--------------------------------------------------------
                                     32 	.area DSEG    (DATA)
                                     33 ;--------------------------------------------------------
                                     34 ; overlayable items in internal ram 
                                     35 ;--------------------------------------------------------
                                     36 	.area	OSEG    (OVR,DATA)
      000000                         37 _ldexpf_sloc0_1_0:
      000000                         38 	.ds 4
      000004                         39 _ldexpf_sloc1_1_0:
      000004                         40 	.ds 4
                                     41 ;--------------------------------------------------------
                                     42 ; indirectly addressable internal ram data
                                     43 ;--------------------------------------------------------
                                     44 	.area ISEG    (DATA)
                                     45 ;--------------------------------------------------------
                                     46 ; absolute internal ram data
                                     47 ;--------------------------------------------------------
                                     48 	.area IABS    (ABS,DATA)
                                     49 	.area IABS    (ABS,DATA)
                                     50 ;--------------------------------------------------------
                                     51 ; bit data
                                     52 ;--------------------------------------------------------
                                     53 	.area BSEG    (BIT)
                                     54 ;--------------------------------------------------------
                                     55 ; paged external ram data
                                     56 ;--------------------------------------------------------
                                     57 	.area PSEG    (PAG,XDATA)
      000000                         58 _ldexpf_PARM_2:
      000000                         59 	.ds 2
      000002                         60 _ldexpf_fl_1_24:
      000002                         61 	.ds 4
      000006                         62 _ldexpf_e_1_24:
      000006                         63 	.ds 4
                                     64 ;--------------------------------------------------------
                                     65 ; external ram data
                                     66 ;--------------------------------------------------------
                                     67 	.area XSEG    (XDATA)
                                     68 ;--------------------------------------------------------
                                     69 ; absolute external ram data
                                     70 ;--------------------------------------------------------
                                     71 	.area XABS    (ABS,XDATA)
                                     72 ;--------------------------------------------------------
                                     73 ; external initialized ram data
                                     74 ;--------------------------------------------------------
                                     75 	.area XISEG   (XDATA)
                                     76 	.area HOME    (CODE)
                                     77 	.area GSINIT0 (CODE)
                                     78 	.area GSINIT1 (CODE)
                                     79 	.area GSINIT2 (CODE)
                                     80 	.area GSINIT3 (CODE)
                                     81 	.area GSINIT4 (CODE)
                                     82 	.area GSINIT5 (CODE)
                                     83 	.area GSINIT  (CODE)
                                     84 	.area GSFINAL (CODE)
                                     85 	.area CSEG    (CODE)
                                     86 ;--------------------------------------------------------
                                     87 ; global & static initialisations
                                     88 ;--------------------------------------------------------
                                     89 	.area HOME    (CODE)
                                     90 	.area GSINIT  (CODE)
                                     91 	.area GSFINAL (CODE)
                                     92 	.area GSINIT  (CODE)
                                     93 ;--------------------------------------------------------
                                     94 ; Home
                                     95 ;--------------------------------------------------------
                                     96 	.area HOME    (CODE)
                                     97 	.area HOME    (CODE)
                                     98 ;--------------------------------------------------------
                                     99 ; code
                                    100 ;--------------------------------------------------------
                                    101 	.area CSEG    (CODE)
                                    102 ;------------------------------------------------------------
                                    103 ;Allocation info for local variables in function 'ldexpf'
                                    104 ;------------------------------------------------------------
                                    105 ;sloc0                     Allocated with name '_ldexpf_sloc0_1_0'
                                    106 ;sloc1                     Allocated with name '_ldexpf_sloc1_1_0'
                                    107 ;------------------------------------------------------------
                                    108 ;	ldexpf.c:34: float ldexpf(const float x, const int pw2)
                                    109 ;	-----------------------------------------
                                    110 ;	 function ldexpf
                                    111 ;	-----------------------------------------
      000000                        112 _ldexpf:
                           000007   113 	ar7 = 0x07
                           000006   114 	ar6 = 0x06
                           000005   115 	ar5 = 0x05
                           000004   116 	ar4 = 0x04
                           000003   117 	ar3 = 0x03
                           000002   118 	ar2 = 0x02
                           000001   119 	ar1 = 0x01
                           000000   120 	ar0 = 0x00
      000000 AC 82            [24]  121 	mov	r4,dpl
      000002 AD 83            [24]  122 	mov	r5,dph
      000004 AE F0            [24]  123 	mov	r6,b
      000006 FF               [12]  124 	mov	r7,a
                                    125 ;	ldexpf.c:39: fl.f = x;
      000007 78r02            [12]  126 	mov	r0,#_ldexpf_fl_1_24
      000009 EC               [12]  127 	mov	a,r4
      00000A F2               [24]  128 	movx	@r0,a
      00000B 08               [12]  129 	inc	r0
      00000C ED               [12]  130 	mov	a,r5
      00000D F2               [24]  131 	movx	@r0,a
      00000E 08               [12]  132 	inc	r0
      00000F EE               [12]  133 	mov	a,r6
      000010 F2               [24]  134 	movx	@r0,a
      000011 08               [12]  135 	inc	r0
      000012 EF               [12]  136 	mov	a,r7
      000013 F2               [24]  137 	movx	@r0,a
                                    138 ;	ldexpf.c:41: e=(fl.l >> 23) & 0x000000ff;
      000014 78r02            [12]  139 	mov	r0,#_ldexpf_fl_1_24
      000016 E2               [24]  140 	movx	a,@r0
      000017 08               [12]  141 	inc	r0
      000018 E2               [24]  142 	movx	a,@r0
      000019 FD               [12]  143 	mov	r5,a
      00001A 08               [12]  144 	inc	r0
      00001B E2               [24]  145 	movx	a,@r0
      00001C FE               [12]  146 	mov	r6,a
      00001D 08               [12]  147 	inc	r0
      00001E E2               [24]  148 	movx	a,@r0
      00001F FF               [12]  149 	mov	r7,a
      000020 8E 04            [24]  150 	mov	ar4,r6
      000022 A2 E7            [12]  151 	mov	c,acc.7
      000024 CC               [12]  152 	xch	a,r4
      000025 33               [12]  153 	rlc	a
      000026 CC               [12]  154 	xch	a,r4
      000027 33               [12]  155 	rlc	a
      000028 CC               [12]  156 	xch	a,r4
      000029 54 01            [12]  157 	anl	a,#0x01
      00002B 30 E0 02         [24]  158 	jnb	acc.0,00103$
      00002E 44 FE            [12]  159 	orl	a,#0xFE
      000030                        160 00103$:
      000030 33               [12]  161 	rlc	a
      000031 95 E0            [12]  162 	subb	a,acc
      000033 78r06            [12]  163 	mov	r0,#_ldexpf_e_1_24
      000035 EC               [12]  164 	mov	a,r4
      000036 F2               [24]  165 	movx	@r0,a
      000037 08               [12]  166 	inc	r0
      000038 E4               [12]  167 	clr	a
      000039 F2               [24]  168 	movx	@r0,a
      00003A 08               [12]  169 	inc	r0
      00003B F2               [24]  170 	movx	@r0,a
      00003C 08               [12]  171 	inc	r0
      00003D F2               [24]  172 	movx	@r0,a
                                    173 ;	ldexpf.c:42: e+=pw2;
      00003E 78r00            [12]  174 	mov	r0,#_ldexpf_PARM_2
      000040 E2               [24]  175 	movx	a,@r0
      000041 FA               [12]  176 	mov	r2,a
      000042 08               [12]  177 	inc	r0
      000043 E2               [24]  178 	movx	a,@r0
      000044 FB               [12]  179 	mov	r3,a
      000045 E2               [24]  180 	movx	a,@r0
      000046 33               [12]  181 	rlc	a
      000047 95 E0            [12]  182 	subb	a,acc
      000049 FE               [12]  183 	mov	r6,a
      00004A FF               [12]  184 	mov	r7,a
      00004B 78r06            [12]  185 	mov	r0,#_ldexpf_e_1_24
      00004D E2               [24]  186 	movx	a,@r0
      00004E 2A               [12]  187 	add	a,r2
      00004F F2               [24]  188 	movx	@r0,a
      000050 08               [12]  189 	inc	r0
      000051 E2               [24]  190 	movx	a,@r0
      000052 3B               [12]  191 	addc	a,r3
      000053 F2               [24]  192 	movx	@r0,a
      000054 08               [12]  193 	inc	r0
      000055 E2               [24]  194 	movx	a,@r0
      000056 3E               [12]  195 	addc	a,r6
      000057 F2               [24]  196 	movx	@r0,a
      000058 08               [12]  197 	inc	r0
      000059 E2               [24]  198 	movx	a,@r0
      00005A 3F               [12]  199 	addc	a,r7
      00005B F2               [24]  200 	movx	@r0,a
                                    201 ;	ldexpf.c:43: fl.l= ((e & 0xff) << 23) | (fl.l & 0x807fffff);
      00005C 78r06            [12]  202 	mov	r0,#_ldexpf_e_1_24
      00005E E2               [24]  203 	movx	a,@r0
      00005F 54 FF            [12]  204 	anl	a,#0xFF
      000061 FC               [12]  205 	mov	r4,a
      000062 08               [12]  206 	inc	r0
      000063 E2               [24]  207 	movx	a,@r0
      000064 54 00            [12]  208 	anl	a,#0x00
      000066 FD               [12]  209 	mov	r5,a
      000067 08               [12]  210 	inc	r0
      000068 E2               [24]  211 	movx	a,@r0
      000069 54 00            [12]  212 	anl	a,#0x00
      00006B 08               [12]  213 	inc	r0
      00006C E2               [24]  214 	movx	a,@r0
      00006D 54 00            [12]  215 	anl	a,#0x00
      00006F 8C*02            [24]  216 	mov	(_ldexpf_sloc0_1_0 + 2),r4
      000071 ED               [12]  217 	mov	a,r5
      000072 54 01            [12]  218 	anl	a,#0x01
      000074 A2 E0            [12]  219 	mov	c,acc.0
      000076 C5*02            [12]  220 	xch	a,(_ldexpf_sloc0_1_0 + 2)
      000078 13               [12]  221 	rrc	a
      000079 C5*02            [12]  222 	xch	a,(_ldexpf_sloc0_1_0 + 2)
      00007B 13               [12]  223 	rrc	a
      00007C C5*02            [12]  224 	xch	a,(_ldexpf_sloc0_1_0 + 2)
      00007E F5*03            [12]  225 	mov	(_ldexpf_sloc0_1_0 + 3),a
      000080 75*01 00         [24]  226 	mov	(_ldexpf_sloc0_1_0 + 1),#0x00
      000083 75*00 00         [24]  227 	mov	_ldexpf_sloc0_1_0,#0x00
      000086 78r02            [12]  228 	mov	r0,#_ldexpf_fl_1_24
      000088 E2               [24]  229 	movx	a,@r0
      000089 FA               [12]  230 	mov	r2,a
      00008A 08               [12]  231 	inc	r0
      00008B E2               [24]  232 	movx	a,@r0
      00008C FB               [12]  233 	mov	r3,a
      00008D 08               [12]  234 	inc	r0
      00008E E2               [24]  235 	movx	a,@r0
      00008F FE               [12]  236 	mov	r6,a
      000090 08               [12]  237 	inc	r0
      000091 E2               [24]  238 	movx	a,@r0
      000092 FF               [12]  239 	mov	r7,a
      000093 8A*04            [24]  240 	mov	_ldexpf_sloc1_1_0,r2
      000095 8B*05            [24]  241 	mov	(_ldexpf_sloc1_1_0 + 1),r3
      000097 74 7F            [12]  242 	mov	a,#0x7F
      000099 5E               [12]  243 	anl	a,r6
      00009A F5*06            [12]  244 	mov	(_ldexpf_sloc1_1_0 + 2),a
      00009C 74 80            [12]  245 	mov	a,#0x80
      00009E 5F               [12]  246 	anl	a,r7
      00009F F5*07            [12]  247 	mov	(_ldexpf_sloc1_1_0 + 3),a
      0000A1 AC*00            [24]  248 	mov	r4,_ldexpf_sloc0_1_0
      0000A3 AD*01            [24]  249 	mov	r5,(_ldexpf_sloc0_1_0 + 1)
      0000A5 AE*02            [24]  250 	mov	r6,(_ldexpf_sloc0_1_0 + 2)
      0000A7 AF*03            [24]  251 	mov	r7,(_ldexpf_sloc0_1_0 + 3)
      0000A9 E5*04            [12]  252 	mov	a,_ldexpf_sloc1_1_0
      0000AB 42 04            [12]  253 	orl	ar4,a
      0000AD E5*05            [12]  254 	mov	a,(_ldexpf_sloc1_1_0 + 1)
      0000AF 42 05            [12]  255 	orl	ar5,a
      0000B1 E5*06            [12]  256 	mov	a,(_ldexpf_sloc1_1_0 + 2)
      0000B3 42 06            [12]  257 	orl	ar6,a
      0000B5 E5*07            [12]  258 	mov	a,(_ldexpf_sloc1_1_0 + 3)
      0000B7 42 07            [12]  259 	orl	ar7,a
      0000B9 78r02            [12]  260 	mov	r0,#_ldexpf_fl_1_24
      0000BB EC               [12]  261 	mov	a,r4
      0000BC F2               [24]  262 	movx	@r0,a
      0000BD 08               [12]  263 	inc	r0
      0000BE ED               [12]  264 	mov	a,r5
      0000BF F2               [24]  265 	movx	@r0,a
      0000C0 08               [12]  266 	inc	r0
      0000C1 EE               [12]  267 	mov	a,r6
      0000C2 F2               [24]  268 	movx	@r0,a
      0000C3 08               [12]  269 	inc	r0
      0000C4 EF               [12]  270 	mov	a,r7
      0000C5 F2               [24]  271 	movx	@r0,a
                                    272 ;	ldexpf.c:45: return(fl.f);
      0000C6 78r02            [12]  273 	mov	r0,#_ldexpf_fl_1_24
      0000C8 E2               [24]  274 	movx	a,@r0
      0000C9 FC               [12]  275 	mov	r4,a
      0000CA 08               [12]  276 	inc	r0
      0000CB E2               [24]  277 	movx	a,@r0
      0000CC FD               [12]  278 	mov	r5,a
      0000CD 08               [12]  279 	inc	r0
      0000CE E2               [24]  280 	movx	a,@r0
      0000CF FE               [12]  281 	mov	r6,a
      0000D0 08               [12]  282 	inc	r0
      0000D1 E2               [24]  283 	movx	a,@r0
      0000D2 8C 82            [24]  284 	mov	dpl,r4
      0000D4 8D 83            [24]  285 	mov	dph,r5
      0000D6 8E F0            [24]  286 	mov	b,r6
      0000D8 22               [24]  287 	ret
                                    288 	.area CSEG    (CODE)
                                    289 	.area CONST   (CODE)
                                    290 	.area XINIT   (CODE)
                                    291 	.area CABS    (ABS,CODE)
