                                      1 ;--------------------------------------------------------
                                      2 ; File Created by SDCC : free open source ANSI-C Compiler
                                      3 ; Version 3.3.1 #8898 (Nov 27 2013) (Linux)
                                      4 ; This file was generated Wed Nov 27 12:27:52 2013
                                      5 ;--------------------------------------------------------
                                      6 	.module log10f
                                      7 	.optsdcc -mmcs51 --model-medium
                                      8 	
                                      9 ;--------------------------------------------------------
                                     10 ; Public variables in this module
                                     11 ;--------------------------------------------------------
                                     12 	.globl _logf
                                     13 	.globl _log10f
                                     14 ;--------------------------------------------------------
                                     15 ; special function registers
                                     16 ;--------------------------------------------------------
                                     17 	.area RSEG    (ABS,DATA)
      000000                         18 	.org 0x0000
                                     19 ;--------------------------------------------------------
                                     20 ; special function bits
                                     21 ;--------------------------------------------------------
                                     22 	.area RSEG    (ABS,DATA)
      000000                         23 	.org 0x0000
                                     24 ;--------------------------------------------------------
                                     25 ; overlayable register banks
                                     26 ;--------------------------------------------------------
                                     27 	.area REG_BANK_0	(REL,OVR,DATA)
      000000                         28 	.ds 8
                                     29 ;--------------------------------------------------------
                                     30 ; internal ram data
                                     31 ;--------------------------------------------------------
                                     32 	.area DSEG    (DATA)
                                     33 ;--------------------------------------------------------
                                     34 ; overlayable items in internal ram 
                                     35 ;--------------------------------------------------------
                                     36 ;--------------------------------------------------------
                                     37 ; indirectly addressable internal ram data
                                     38 ;--------------------------------------------------------
                                     39 	.area ISEG    (DATA)
                                     40 ;--------------------------------------------------------
                                     41 ; absolute internal ram data
                                     42 ;--------------------------------------------------------
                                     43 	.area IABS    (ABS,DATA)
                                     44 	.area IABS    (ABS,DATA)
                                     45 ;--------------------------------------------------------
                                     46 ; bit data
                                     47 ;--------------------------------------------------------
                                     48 	.area BSEG    (BIT)
                                     49 ;--------------------------------------------------------
                                     50 ; paged external ram data
                                     51 ;--------------------------------------------------------
                                     52 	.area PSEG    (PAG,XDATA)
                                     53 ;--------------------------------------------------------
                                     54 ; external ram data
                                     55 ;--------------------------------------------------------
                                     56 	.area XSEG    (XDATA)
                                     57 ;--------------------------------------------------------
                                     58 ; absolute external ram data
                                     59 ;--------------------------------------------------------
                                     60 	.area XABS    (ABS,XDATA)
                                     61 ;--------------------------------------------------------
                                     62 ; external initialized ram data
                                     63 ;--------------------------------------------------------
                                     64 	.area XISEG   (XDATA)
                                     65 	.area HOME    (CODE)
                                     66 	.area GSINIT0 (CODE)
                                     67 	.area GSINIT1 (CODE)
                                     68 	.area GSINIT2 (CODE)
                                     69 	.area GSINIT3 (CODE)
                                     70 	.area GSINIT4 (CODE)
                                     71 	.area GSINIT5 (CODE)
                                     72 	.area GSINIT  (CODE)
                                     73 	.area GSFINAL (CODE)
                                     74 	.area CSEG    (CODE)
                                     75 ;--------------------------------------------------------
                                     76 ; global & static initialisations
                                     77 ;--------------------------------------------------------
                                     78 	.area HOME    (CODE)
                                     79 	.area GSINIT  (CODE)
                                     80 	.area GSFINAL (CODE)
                                     81 	.area GSINIT  (CODE)
                                     82 ;--------------------------------------------------------
                                     83 ; Home
                                     84 ;--------------------------------------------------------
                                     85 	.area HOME    (CODE)
                                     86 	.area HOME    (CODE)
                                     87 ;--------------------------------------------------------
                                     88 ; code
                                     89 ;--------------------------------------------------------
                                     90 	.area CSEG    (CODE)
                                     91 ;------------------------------------------------------------
                                     92 ;Allocation info for local variables in function 'log10f'
                                     93 ;------------------------------------------------------------
                                     94 ;x                         Allocated to registers r4 r5 r6 r7 
                                     95 ;------------------------------------------------------------
                                     96 ;	log10f.c:34: float log10f(const float x) _FLOAT_FUNC_REENTRANT
                                     97 ;	-----------------------------------------
                                     98 ;	 function log10f
                                     99 ;	-----------------------------------------
      000000                        100 _log10f:
                           000007   101 	ar7 = 0x07
                           000006   102 	ar6 = 0x06
                           000005   103 	ar5 = 0x05
                           000004   104 	ar4 = 0x04
                           000003   105 	ar3 = 0x03
                           000002   106 	ar2 = 0x02
                           000001   107 	ar1 = 0x01
                           000000   108 	ar0 = 0x00
                                    109 ;	log10f.c:36: return logf(x)*0.4342944819;
      000000 12r00r00         [24]  110 	lcall	_logf
      000003 AC 82            [24]  111 	mov	r4,dpl
      000005 AD 83            [24]  112 	mov	r5,dph
      000007 AE F0            [24]  113 	mov	r6,b
      000009 FF               [12]  114 	mov	r7,a
      00000A C0 04            [24]  115 	push	ar4
      00000C C0 05            [24]  116 	push	ar5
      00000E C0 06            [24]  117 	push	ar6
      000010 C0 07            [24]  118 	push	ar7
      000012 90 5B D9         [24]  119 	mov	dptr,#0x5BD9
      000015 75 F0 DE         [24]  120 	mov	b,#0xDE
      000018 74 3E            [12]  121 	mov	a,#0x3E
      00001A 12r00r00         [24]  122 	lcall	___fsmul
      00001D AC 82            [24]  123 	mov	r4,dpl
      00001F AD 83            [24]  124 	mov	r5,dph
      000021 AE F0            [24]  125 	mov	r6,b
      000023 FF               [12]  126 	mov	r7,a
      000024 E5 81            [12]  127 	mov	a,sp
      000026 24 FC            [12]  128 	add	a,#0xfc
      000028 F5 81            [12]  129 	mov	sp,a
      00002A 8C 82            [24]  130 	mov	dpl,r4
      00002C 8D 83            [24]  131 	mov	dph,r5
      00002E 8E F0            [24]  132 	mov	b,r6
      000030 EF               [12]  133 	mov	a,r7
      000031 22               [24]  134 	ret
                                    135 	.area CSEG    (CODE)
                                    136 	.area CONST   (CODE)
                                    137 	.area XINIT   (CODE)
                                    138 	.area CABS    (ABS,CODE)
