                                      1 ;--------------------------------------------------------
                                      2 ; File Created by SDCC : free open source ANSI-C Compiler
                                      3 ; Version 3.3.1 #8898 (Nov 27 2013) (Linux)
                                      4 ; This file was generated Wed Nov 27 12:27:54 2013
                                      5 ;--------------------------------------------------------
                                      6 	.module puts
                                      7 	.optsdcc -mmcs51 --model-medium
                                      8 	
                                      9 ;--------------------------------------------------------
                                     10 ; Public variables in this module
                                     11 ;--------------------------------------------------------
                                     12 	.globl _puts
                                     13 	.globl _putchar
                                     14 ;--------------------------------------------------------
                                     15 ; special function registers
                                     16 ;--------------------------------------------------------
                                     17 	.area RSEG    (ABS,DATA)
      000000                         18 	.org 0x0000
                                     19 ;--------------------------------------------------------
                                     20 ; special function bits
                                     21 ;--------------------------------------------------------
                                     22 	.area RSEG    (ABS,DATA)
      000000                         23 	.org 0x0000
                                     24 ;--------------------------------------------------------
                                     25 ; overlayable register banks
                                     26 ;--------------------------------------------------------
                                     27 	.area REG_BANK_0	(REL,OVR,DATA)
      000000                         28 	.ds 8
                                     29 ;--------------------------------------------------------
                                     30 ; internal ram data
                                     31 ;--------------------------------------------------------
                                     32 	.area DSEG    (DATA)
                                     33 ;--------------------------------------------------------
                                     34 ; overlayable items in internal ram 
                                     35 ;--------------------------------------------------------
                                     36 ;--------------------------------------------------------
                                     37 ; indirectly addressable internal ram data
                                     38 ;--------------------------------------------------------
                                     39 	.area ISEG    (DATA)
                                     40 ;--------------------------------------------------------
                                     41 ; absolute internal ram data
                                     42 ;--------------------------------------------------------
                                     43 	.area IABS    (ABS,DATA)
                                     44 	.area IABS    (ABS,DATA)
                                     45 ;--------------------------------------------------------
                                     46 ; bit data
                                     47 ;--------------------------------------------------------
                                     48 	.area BSEG    (BIT)
                                     49 ;--------------------------------------------------------
                                     50 ; paged external ram data
                                     51 ;--------------------------------------------------------
                                     52 	.area PSEG    (PAG,XDATA)
                                     53 ;--------------------------------------------------------
                                     54 ; external ram data
                                     55 ;--------------------------------------------------------
                                     56 	.area XSEG    (XDATA)
                                     57 ;--------------------------------------------------------
                                     58 ; absolute external ram data
                                     59 ;--------------------------------------------------------
                                     60 	.area XABS    (ABS,XDATA)
                                     61 ;--------------------------------------------------------
                                     62 ; external initialized ram data
                                     63 ;--------------------------------------------------------
                                     64 	.area XISEG   (XDATA)
                                     65 	.area HOME    (CODE)
                                     66 	.area GSINIT0 (CODE)
                                     67 	.area GSINIT1 (CODE)
                                     68 	.area GSINIT2 (CODE)
                                     69 	.area GSINIT3 (CODE)
                                     70 	.area GSINIT4 (CODE)
                                     71 	.area GSINIT5 (CODE)
                                     72 	.area GSINIT  (CODE)
                                     73 	.area GSFINAL (CODE)
                                     74 	.area CSEG    (CODE)
                                     75 ;--------------------------------------------------------
                                     76 ; global & static initialisations
                                     77 ;--------------------------------------------------------
                                     78 	.area HOME    (CODE)
                                     79 	.area GSINIT  (CODE)
                                     80 	.area GSFINAL (CODE)
                                     81 	.area GSINIT  (CODE)
                                     82 ;--------------------------------------------------------
                                     83 ; Home
                                     84 ;--------------------------------------------------------
                                     85 	.area HOME    (CODE)
                                     86 	.area HOME    (CODE)
                                     87 ;--------------------------------------------------------
                                     88 ; code
                                     89 ;--------------------------------------------------------
                                     90 	.area CSEG    (CODE)
                                     91 ;------------------------------------------------------------
                                     92 ;Allocation info for local variables in function 'puts'
                                     93 ;------------------------------------------------------------
                                     94 ;	puts.c:31: int puts (char *s)
                                     95 ;	-----------------------------------------
                                     96 ;	 function puts
                                     97 ;	-----------------------------------------
      000000                         98 _puts:
                           000007    99 	ar7 = 0x07
                           000006   100 	ar6 = 0x06
                           000005   101 	ar5 = 0x05
                           000004   102 	ar4 = 0x04
                           000003   103 	ar3 = 0x03
                           000002   104 	ar2 = 0x02
                           000001   105 	ar1 = 0x01
                           000000   106 	ar0 = 0x00
      000000 AD 82            [24]  107 	mov	r5,dpl
      000002 AE 83            [24]  108 	mov	r6,dph
      000004 AF F0            [24]  109 	mov	r7,b
                                    110 ;	puts.c:34: while (*s){
      000006 7B 00            [12]  111 	mov	r3,#0x00
      000008 7C 00            [12]  112 	mov	r4,#0x00
      00000A                        113 00101$:
      00000A 8D 82            [24]  114 	mov	dpl,r5
      00000C 8E 83            [24]  115 	mov	dph,r6
      00000E 8F F0            [24]  116 	mov	b,r7
      000010 12r00r00         [24]  117 	lcall	__gptrget
      000013 FA               [12]  118 	mov	r2,a
      000014 60 25            [24]  119 	jz	00103$
                                    120 ;	puts.c:35: putchar(*s++);
      000016 8A 82            [24]  121 	mov	dpl,r2
      000018 0D               [12]  122 	inc	r5
      000019 BD 00 01         [24]  123 	cjne	r5,#0x00,00114$
      00001C 0E               [12]  124 	inc	r6
      00001D                        125 00114$:
      00001D C0 07            [24]  126 	push	ar7
      00001F C0 06            [24]  127 	push	ar6
      000021 C0 05            [24]  128 	push	ar5
      000023 C0 04            [24]  129 	push	ar4
      000025 C0 03            [24]  130 	push	ar3
      000027 12r00r00         [24]  131 	lcall	_putchar
      00002A D0 03            [24]  132 	pop	ar3
      00002C D0 04            [24]  133 	pop	ar4
      00002E D0 05            [24]  134 	pop	ar5
      000030 D0 06            [24]  135 	pop	ar6
      000032 D0 07            [24]  136 	pop	ar7
                                    137 ;	puts.c:36: i++;
      000034 0B               [12]  138 	inc	r3
      000035 BB 00 D2         [24]  139 	cjne	r3,#0x00,00101$
      000038 0C               [12]  140 	inc	r4
      000039 80 CF            [24]  141 	sjmp	00101$
      00003B                        142 00103$:
                                    143 ;	puts.c:38: putchar('\n');
      00003B 75 82 0A         [24]  144 	mov	dpl,#0x0A
      00003E C0 04            [24]  145 	push	ar4
      000040 C0 03            [24]  146 	push	ar3
      000042 12r00r00         [24]  147 	lcall	_putchar
      000045 D0 03            [24]  148 	pop	ar3
      000047 D0 04            [24]  149 	pop	ar4
                                    150 ;	puts.c:39: return i+1;
      000049 8B 82            [24]  151 	mov	dpl,r3
      00004B 8C 83            [24]  152 	mov	dph,r4
      00004D A3               [24]  153 	inc	dptr
      00004E 22               [24]  154 	ret
                                    155 	.area CSEG    (CODE)
                                    156 	.area CONST   (CODE)
                                    157 	.area XINIT   (CODE)
                                    158 	.area CABS    (ABS,CODE)
