                                      1 ;--------------------------------------------------------
                                      2 ; File Created by SDCC : free open source ANSI-C Compiler
                                      3 ; Version 3.3.1 #8898 (Nov 27 2013) (Linux)
                                      4 ; This file was generated Wed Nov 27 12:28:10 2013
                                      5 ;--------------------------------------------------------
                                      6 	.module _iscntrl
                                      7 	.optsdcc -mmcs51 --model-large
                                      8 	
                                      9 ;--------------------------------------------------------
                                     10 ; Public variables in this module
                                     11 ;--------------------------------------------------------
                                     12 	.globl _iscntrl
                                     13 ;--------------------------------------------------------
                                     14 ; special function registers
                                     15 ;--------------------------------------------------------
                                     16 	.area RSEG    (ABS,DATA)
      000000                         17 	.org 0x0000
                                     18 ;--------------------------------------------------------
                                     19 ; special function bits
                                     20 ;--------------------------------------------------------
                                     21 	.area RSEG    (ABS,DATA)
      000000                         22 	.org 0x0000
                                     23 ;--------------------------------------------------------
                                     24 ; overlayable register banks
                                     25 ;--------------------------------------------------------
                                     26 	.area REG_BANK_0	(REL,OVR,DATA)
      000000                         27 	.ds 8
                                     28 ;--------------------------------------------------------
                                     29 ; internal ram data
                                     30 ;--------------------------------------------------------
                                     31 	.area DSEG    (DATA)
                                     32 ;--------------------------------------------------------
                                     33 ; overlayable items in internal ram 
                                     34 ;--------------------------------------------------------
                                     35 ;--------------------------------------------------------
                                     36 ; indirectly addressable internal ram data
                                     37 ;--------------------------------------------------------
                                     38 	.area ISEG    (DATA)
                                     39 ;--------------------------------------------------------
                                     40 ; absolute internal ram data
                                     41 ;--------------------------------------------------------
                                     42 	.area IABS    (ABS,DATA)
                                     43 	.area IABS    (ABS,DATA)
                                     44 ;--------------------------------------------------------
                                     45 ; bit data
                                     46 ;--------------------------------------------------------
                                     47 	.area BSEG    (BIT)
                                     48 ;--------------------------------------------------------
                                     49 ; paged external ram data
                                     50 ;--------------------------------------------------------
                                     51 	.area PSEG    (PAG,XDATA)
                                     52 ;--------------------------------------------------------
                                     53 ; external ram data
                                     54 ;--------------------------------------------------------
                                     55 	.area XSEG    (XDATA)
                                     56 ;--------------------------------------------------------
                                     57 ; absolute external ram data
                                     58 ;--------------------------------------------------------
                                     59 	.area XABS    (ABS,XDATA)
                                     60 ;--------------------------------------------------------
                                     61 ; external initialized ram data
                                     62 ;--------------------------------------------------------
                                     63 	.area XISEG   (XDATA)
                                     64 	.area HOME    (CODE)
                                     65 	.area GSINIT0 (CODE)
                                     66 	.area GSINIT1 (CODE)
                                     67 	.area GSINIT2 (CODE)
                                     68 	.area GSINIT3 (CODE)
                                     69 	.area GSINIT4 (CODE)
                                     70 	.area GSINIT5 (CODE)
                                     71 	.area GSINIT  (CODE)
                                     72 	.area GSFINAL (CODE)
                                     73 	.area CSEG    (CODE)
                                     74 ;--------------------------------------------------------
                                     75 ; global & static initialisations
                                     76 ;--------------------------------------------------------
                                     77 	.area HOME    (CODE)
                                     78 	.area GSINIT  (CODE)
                                     79 	.area GSFINAL (CODE)
                                     80 	.area GSINIT  (CODE)
                                     81 ;--------------------------------------------------------
                                     82 ; Home
                                     83 ;--------------------------------------------------------
                                     84 	.area HOME    (CODE)
                                     85 	.area HOME    (CODE)
                                     86 ;--------------------------------------------------------
                                     87 ; code
                                     88 ;--------------------------------------------------------
                                     89 	.area CSEG    (CODE)
                                     90 ;------------------------------------------------------------
                                     91 ;Allocation info for local variables in function 'iscntrl'
                                     92 ;------------------------------------------------------------
                                     93 ;c                         Allocated to registers r7 
                                     94 ;------------------------------------------------------------
                                     95 ;	_iscntrl.c:31: char iscntrl (unsigned char c)
                                     96 ;	-----------------------------------------
                                     97 ;	 function iscntrl
                                     98 ;	-----------------------------------------
      000000                         99 _iscntrl:
                           000007   100 	ar7 = 0x07
                           000006   101 	ar6 = 0x06
                           000005   102 	ar5 = 0x05
                           000004   103 	ar4 = 0x04
                           000003   104 	ar3 = 0x03
                           000002   105 	ar2 = 0x02
                           000001   106 	ar1 = 0x01
                           000000   107 	ar0 = 0x00
                                    108 ;	_iscntrl.c:33: if  ( c <= 0x1F || c == 0x7f )
      000000 E5 82            [12]  109 	mov	a,dpl
      000002 FF               [12]  110 	mov	r7,a
      000003 24 E0            [12]  111 	add	a,#0xff - 0x1F
      000005 50 03            [24]  112 	jnc	00101$
      000007 BF 7F 04         [24]  113 	cjne	r7,#0x7F,00102$
      00000A                        114 00101$:
                                    115 ;	_iscntrl.c:34: return 1;
      00000A 75 82 01         [24]  116 	mov	dpl,#0x01
      00000D 22               [24]  117 	ret
      00000E                        118 00102$:
                                    119 ;	_iscntrl.c:35: return 0;
      00000E 75 82 00         [24]  120 	mov	dpl,#0x00
      000011 22               [24]  121 	ret
                                    122 	.area CSEG    (CODE)
                                    123 	.area CONST   (CODE)
                                    124 	.area XINIT   (CODE)
                                    125 	.area CABS    (ABS,CODE)
