                                      1 ;--------------------------------------------------------
                                      2 ; File Created by SDCC : free open source ANSI-C Compiler
                                      3 ; Version 3.3.1 #8898 (Nov 27 2013) (Linux)
                                      4 ; This file was generated Wed Nov 27 12:28:11 2013
                                      5 ;--------------------------------------------------------
                                      6 	.module _memset
                                      7 	.optsdcc -mmcs51 --model-large
                                      8 	
                                      9 ;--------------------------------------------------------
                                     10 ; Public variables in this module
                                     11 ;--------------------------------------------------------
                                     12 	.globl _memset
                                     13 ;--------------------------------------------------------
                                     14 ; special function registers
                                     15 ;--------------------------------------------------------
                                     16 	.area RSEG    (ABS,DATA)
      000000                         17 	.org 0x0000
                                     18 ;--------------------------------------------------------
                                     19 ; special function bits
                                     20 ;--------------------------------------------------------
                                     21 	.area RSEG    (ABS,DATA)
      000000                         22 	.org 0x0000
                                     23 ;--------------------------------------------------------
                                     24 ; overlayable register banks
                                     25 ;--------------------------------------------------------
                                     26 	.area REG_BANK_0	(REL,OVR,DATA)
      000000                         27 	.ds 8
                                     28 ;--------------------------------------------------------
                                     29 ; internal ram data
                                     30 ;--------------------------------------------------------
                                     31 	.area DSEG    (DATA)
                                     32 ;--------------------------------------------------------
                                     33 ; overlayable items in internal ram 
                                     34 ;--------------------------------------------------------
                                     35 ;--------------------------------------------------------
                                     36 ; indirectly addressable internal ram data
                                     37 ;--------------------------------------------------------
                                     38 	.area ISEG    (DATA)
                                     39 ;--------------------------------------------------------
                                     40 ; absolute internal ram data
                                     41 ;--------------------------------------------------------
                                     42 	.area IABS    (ABS,DATA)
                                     43 	.area IABS    (ABS,DATA)
                                     44 ;--------------------------------------------------------
                                     45 ; bit data
                                     46 ;--------------------------------------------------------
                                     47 	.area BSEG    (BIT)
                                     48 ;--------------------------------------------------------
                                     49 ; paged external ram data
                                     50 ;--------------------------------------------------------
                                     51 	.area PSEG    (PAG,XDATA)
                                     52 ;--------------------------------------------------------
                                     53 ; external ram data
                                     54 ;--------------------------------------------------------
                                     55 	.area XSEG    (XDATA)
                                     56 ;--------------------------------------------------------
                                     57 ; absolute external ram data
                                     58 ;--------------------------------------------------------
                                     59 	.area XABS    (ABS,XDATA)
                                     60 ;--------------------------------------------------------
                                     61 ; external initialized ram data
                                     62 ;--------------------------------------------------------
                                     63 	.area XISEG   (XDATA)
                                     64 	.area HOME    (CODE)
                                     65 	.area GSINIT0 (CODE)
                                     66 	.area GSINIT1 (CODE)
                                     67 	.area GSINIT2 (CODE)
                                     68 	.area GSINIT3 (CODE)
                                     69 	.area GSINIT4 (CODE)
                                     70 	.area GSINIT5 (CODE)
                                     71 	.area GSINIT  (CODE)
                                     72 	.area GSFINAL (CODE)
                                     73 	.area CSEG    (CODE)
                                     74 ;--------------------------------------------------------
                                     75 ; global & static initialisations
                                     76 ;--------------------------------------------------------
                                     77 	.area HOME    (CODE)
                                     78 	.area GSINIT  (CODE)
                                     79 	.area GSFINAL (CODE)
                                     80 	.area GSINIT  (CODE)
                                     81 ;--------------------------------------------------------
                                     82 ; Home
                                     83 ;--------------------------------------------------------
                                     84 	.area HOME    (CODE)
                                     85 	.area HOME    (CODE)
                                     86 ;--------------------------------------------------------
                                     87 ; code
                                     88 ;--------------------------------------------------------
                                     89 	.area CSEG    (CODE)
                                     90 ;------------------------------------------------------------
                                     91 ;Allocation info for local variables in function 'memset'
                                     92 ;------------------------------------------------------------
                                     93 ;c                         Allocated to stack - _bp -3
                                     94 ;n                         Allocated to stack - _bp -5
                                     95 ;s                         Allocated to stack - _bp +1
                                     96 ;ret                       Allocated to registers 
                                     97 ;sloc0                     Allocated to stack - _bp +4
                                     98 ;------------------------------------------------------------
                                     99 ;	_memset.c:39: void *memset (void *s, unsigned char c, size_t n)
                                    100 ;	-----------------------------------------
                                    101 ;	 function memset
                                    102 ;	-----------------------------------------
      000000                        103 _memset:
                           000007   104 	ar7 = 0x07
                           000006   105 	ar6 = 0x06
                           000005   106 	ar5 = 0x05
                           000004   107 	ar4 = 0x04
                           000003   108 	ar3 = 0x03
                           000002   109 	ar2 = 0x02
                           000001   110 	ar1 = 0x01
                           000000   111 	ar0 = 0x00
      000000 C0*00            [24]  112 	push	_bp
      000002 85 81*00         [24]  113 	mov	_bp,sp
      000005 C0 82            [24]  114 	push	dpl
      000007 C0 83            [24]  115 	push	dph
      000009 C0 F0            [24]  116 	push	b
      00000B 05 81            [12]  117 	inc	sp
      00000D 05 81            [12]  118 	inc	sp
                                    119 ;	_memset.c:44: register unsigned char *ret = s;
      00000F A8*00            [24]  120 	mov	r0,_bp
      000011 08               [12]  121 	inc	r0
      000012 86 02            [24]  122 	mov	ar2,@r0
      000014 08               [12]  123 	inc	r0
      000015 86 03            [24]  124 	mov	ar3,@r0
      000017 08               [12]  125 	inc	r0
      000018 86 04            [24]  126 	mov	ar4,@r0
                                    127 ;	_memset.c:46: while (n--)
      00001A E5*00            [12]  128 	mov	a,_bp
      00001C 24 FB            [12]  129 	add	a,#0xfb
      00001E F8               [12]  130 	mov	r0,a
      00001F E5*00            [12]  131 	mov	a,_bp
      000021 24 04            [12]  132 	add	a,#0x04
      000023 F9               [12]  133 	mov	r1,a
      000024 E6               [12]  134 	mov	a,@r0
      000025 F7               [12]  135 	mov	@r1,a
      000026 08               [12]  136 	inc	r0
      000027 09               [12]  137 	inc	r1
      000028 E6               [12]  138 	mov	a,@r0
      000029 F7               [12]  139 	mov	@r1,a
      00002A                        140 00101$:
      00002A E5*00            [12]  141 	mov	a,_bp
      00002C 24 04            [12]  142 	add	a,#0x04
      00002E F8               [12]  143 	mov	r0,a
      00002F 86 06            [24]  144 	mov	ar6,@r0
      000031 08               [12]  145 	inc	r0
      000032 86 07            [24]  146 	mov	ar7,@r0
      000034 E5*00            [12]  147 	mov	a,_bp
      000036 24 04            [12]  148 	add	a,#0x04
      000038 F8               [12]  149 	mov	r0,a
      000039 16               [12]  150 	dec	@r0
      00003A B6 FF 02         [24]  151 	cjne	@r0,#0xFF,00113$
      00003D 08               [12]  152 	inc	r0
      00003E 16               [12]  153 	dec	@r0
      00003F                        154 00113$:
      00003F EE               [12]  155 	mov	a,r6
      000040 4F               [12]  156 	orl	a,r7
      000041 60 16            [24]  157 	jz	00103$
                                    158 ;	_memset.c:48: *(unsigned char *) ret = c;
      000043 8A 82            [24]  159 	mov	dpl,r2
      000045 8B 83            [24]  160 	mov	dph,r3
      000047 8C F0            [24]  161 	mov	b,r4
      000049 E5*00            [12]  162 	mov	a,_bp
      00004B 24 FD            [12]  163 	add	a,#0xfd
      00004D F8               [12]  164 	mov	r0,a
      00004E E6               [12]  165 	mov	a,@r0
      00004F 12r00r00         [24]  166 	lcall	__gptrput
      000052 A3               [24]  167 	inc	dptr
      000053 AA 82            [24]  168 	mov	r2,dpl
      000055 AB 83            [24]  169 	mov	r3,dph
                                    170 ;	_memset.c:49: ret = ((unsigned char *) ret) + 1;
      000057 80 D1            [24]  171 	sjmp	00101$
      000059                        172 00103$:
                                    173 ;	_memset.c:52: return s;
      000059 A8*00            [24]  174 	mov	r0,_bp
      00005B 08               [12]  175 	inc	r0
      00005C 86 82            [24]  176 	mov	dpl,@r0
      00005E 08               [12]  177 	inc	r0
      00005F 86 83            [24]  178 	mov	dph,@r0
      000061 08               [12]  179 	inc	r0
      000062 86 F0            [24]  180 	mov	b,@r0
      000064 85*00 81         [24]  181 	mov	sp,_bp
      000067 D0*00            [24]  182 	pop	_bp
      000069 22               [24]  183 	ret
                                    184 	.area CSEG    (CODE)
                                    185 	.area CONST   (CODE)
                                    186 	.area XINIT   (CODE)
                                    187 	.area CABS    (ABS,CODE)
