                              1 ;--------------------------------------------------------
                              2 ; File Created by SDCC : free open source ANSI-C Compiler
                              3 ; Version 3.3.1 #8898 (Nov 27 2013) (Linux)
                              4 ; This file was generated Wed Nov 27 12:28:17 2013
                              5 ;--------------------------------------------------------
                              6 	.module _fs2uchar
                              7 	.optsdcc -mtlcs90
                              8 	
                              9 ;--------------------------------------------------------
                             10 ; Public variables in this module
                             11 ;--------------------------------------------------------
                             12 	.globl ___fs2ulong
                             13 	.globl ___fs2uchar
                             14 ;--------------------------------------------------------
                             15 ; ram data
                             16 ;--------------------------------------------------------
                             17 	.area _DATA
                             18 ;--------------------------------------------------------
                             19 ; ram data
                             20 ;--------------------------------------------------------
                             21 	.area _INITIALIZED
                             22 ;--------------------------------------------------------
                             23 ; absolute external ram data
                             24 ;--------------------------------------------------------
                             25 	.area _DABS (ABS)
                             26 ;--------------------------------------------------------
                             27 ; global & static initialisations
                             28 ;--------------------------------------------------------
                             29 	.area _HOME
                             30 	.area _GSINIT
                             31 	.area _GSFINAL
                             32 	.area _GSINIT
                             33 ;--------------------------------------------------------
                             34 ; Home
                             35 ;--------------------------------------------------------
                             36 	.area _HOME
                             37 ;../_fs2uchar.c:51: unsigned char __fs2uchar (float f)
                             38 ;	---------------------------------
                             39 ; Function __fs2uchar
                             40 ; ---------------------------------
   0000                      41 ___fs2uchar_start::
   0000                      42 ___fs2uchar:
   0000 54            [ 4]   43 	push	ix
                             44 ;../_fs2uchar.c:53: unsigned long ul=__fs2ulong(f);
   0001 F2 06 4A      [10]   45 	ld	hl, 6 (sp)
   0004 52            [ 4]   46 	push	hl
   0005 F2 06 4A      [10]   47 	ld	hl, 6 (sp)
   0008 52            [ 4]   48 	push	hl
   0009 1Cr00r00      [ 4]   49 	call	___fs2ulong
   000C 16 04 00      [ 7]   50 	add	sp, #4
                             51 ;../_fs2uchar.c:54: if (ul>=UCHAR_MAX) return UCHAR_MAX;
   000F 25            [ 4]   52 	ld	a,l
   0010 6A FF         [ 4]   53 	sub	a, #0xFF
   0012 24            [ 4]   54 	ld	a,h
   0013 6B 00         [ 4]   55 	sbc	a, #0x00
   0015 23            [ 6]   56 	ld	a,e
   0016 6B 00         [ 4]   57 	sbc	a, #0x00
   0018 22            [16]   58 	ld	a,d
   0019 6B 00         [ 4]   59 	sbc	a, #0x00
   001B C7 02         [11]   60 	jr	C,00102$
   001D 35 FF         [11]   61 	ld	l,#0xFF
                             62 ;../_fs2uchar.c:55: return ul;
   001F                      63 00102$:
   001F 5C            [ 4]   64 	pop	ix
   0020 1E            [ 7]   65 	ret
   0021                      66 ___fs2uchar_end::
                             67 	.area _HOME
                             68 ;--------------------------------------------------------
                             69 ; code
                             70 ;--------------------------------------------------------
                             71 	.area _CODE
                             72 	.area _CODE
                             73 	.area _INITIALIZER
                             74 	.area _CABS (ABS)
