                              1 ;--------------------------------------------------------
                              2 ; File Created by SDCC : free open source ANSI-C Compiler
                              3 ; Version 3.3.1 #8898 (Nov 27 2013) (Linux)
                              4 ; This file was generated Wed Nov 27 12:28:17 2013
                              5 ;--------------------------------------------------------
                              6 	.module _fs2slong
                              7 	.optsdcc -mtlcs90
                              8 	
                              9 ;--------------------------------------------------------
                             10 ; Public variables in this module
                             11 ;--------------------------------------------------------
                             12 	.globl ___fs2ulong
                             13 	.globl ___fs2slong
                             14 ;--------------------------------------------------------
                             15 ; ram data
                             16 ;--------------------------------------------------------
                             17 	.area _DATA
                             18 ;--------------------------------------------------------
                             19 ; ram data
                             20 ;--------------------------------------------------------
                             21 	.area _INITIALIZED
                             22 ;--------------------------------------------------------
                             23 ; absolute external ram data
                             24 ;--------------------------------------------------------
                             25 	.area _DABS (ABS)
                             26 ;--------------------------------------------------------
                             27 ; global & static initialisations
                             28 ;--------------------------------------------------------
                             29 	.area _HOME
                             30 	.area _GSINIT
                             31 	.area _GSFINAL
                             32 	.area _GSINIT
                             33 ;--------------------------------------------------------
                             34 ; Home
                             35 ;--------------------------------------------------------
                             36 	.area _HOME
                             37 ;../_fs2slong.c:108: signed long __fs2slong (float f)
                             38 ;	---------------------------------
                             39 ; Function __fs2slong
                             40 ; ---------------------------------
   0000                      41 ___fs2slong_start::
   0000                      42 ___fs2slong:
   0000 54            [ 4]   43 	push	ix
   0001 3C 00 00      [ 4]   44 	ld	ix,#0
   0004 FE 14         [ 7]   45 	add	ix,sp
                             46 ;../_fs2slong.c:111: if (!f)
   0006 F0 07 2E      [11]   47 	ld	a,7 (ix)
   0009 FE B7         [ 7]   48 	res	7, a
   000B F0 06 66      [11]   49 	or	a, 6 (ix)
   000E F0 05 66      [11]   50 	or	a, 5 (ix)
   0011 F0 04 66      [11]   51 	or	a,4 (ix)
   0014 CE 0A         [ 7]   52 	jr	NZ,00102$
                             53 ;../_fs2slong.c:112: return 0;
   0016 3A 00 00      [13]   54 	ld	hl,#0x0000
   0019 FD 33                55 	ld	e,l
   001B FC 32         [17]   56 	ld	d,h
   001D 1Ar78r00      [ 7]   57 	jp	00106$
   0020                      58 00102$:
                             59 ;../_fs2slong.c:114: if (f<0) {
   0020 3A 00 00      [13]   60 	ld	hl,#0x0000
   0023 52            [ 4]   61 	push	hl
   0024 3A 00 00      [13]   62 	ld	hl,#0x0000
   0027 52            [ 4]   63 	push	hl
   0028 F2 0A 4A      [10]   64 	ld	hl, 10 (sp)
   002B 52            [ 4]   65 	push	hl
   002C F2 0A 4A      [10]   66 	ld	hl, 10 (sp)
   002F 52            [ 4]   67 	push	hl
   0030 1Cr00r00      [ 4]   68 	call	___fslt
   0033 16 08 00      [ 7]   69 	add	sp, #8
   0036 25            [ 4]   70 	ld	a,l
   0037 FE 66         [ 7]   71 	or	a, a
   0039 EBr6Ar00 C6   [ 4]   72 	jp	Z,00104$
                             73 ;../_fs2slong.c:115: return -__fs2ulong(-f);
   003D F0 07 2E      [11]   74 	ld	a,7 (ix)
   0040 6D 80         [ 4]   75 	xor	a,#0x80
   0042 2A            [16]   76 	ld	d,a
   0043 F0 04 2D      [11]   77 	ld	l,4 (ix)
   0046 F0 05 2C      [11]   78 	ld	h,5 (ix)
   0049 F0 06 2B      [11]   79 	ld	e,6 (ix)
   004C 51            [ 4]   80 	push	de
   004D 52            [ 4]   81 	push	hl
   004E 1Cr00r00      [ 4]   82 	call	___fs2ulong
   0051 16 04 00      [ 7]   83 	add	sp, #4
   0054 FE 65         [ 7]   84 	xor	a, a
   0056 FD 62                85 	sub	a, l
   0058 2D            [ 4]   86 	ld	l,a
   0059 36 00         [10]   87 	ld	a, #0x00
   005B FC 63         [17]   88 	sbc	a, h
   005D 2C            [ 4]   89 	ld	h,a
   005E 36 00         [10]   90 	ld	a, #0x00
   0060 FB 63         [ 4]   91 	sbc	a, e
   0062 2B            [ 6]   92 	ld	e,a
   0063 36 00         [10]   93 	ld	a, #0x00
   0065 FA 63         [10]   94 	sbc	a, d
   0067 2A            [16]   95 	ld	d,a
   0068 C8 0E         [11]   96 	jr	00106$
   006A                      97 00104$:
                             98 ;../_fs2slong.c:117: return __fs2ulong(f);
   006A F2 06 4A      [10]   99 	ld	hl, 6 (sp)
   006D 52            [ 4]  100 	push	hl
   006E F2 06 4A      [10]  101 	ld	hl, 6 (sp)
   0071 52            [ 4]  102 	push	hl
   0072 1Cr00r00      [ 4]  103 	call	___fs2ulong
   0075 16 04 00      [ 7]  104 	add	sp, #4
   0078                     105 00106$:
   0078 5C            [ 4]  106 	pop	ix
   0079 1E            [ 7]  107 	ret
   007A                     108 ___fs2slong_end::
                            109 	.area _HOME
                            110 ;--------------------------------------------------------
                            111 ; code
                            112 ;--------------------------------------------------------
                            113 	.area _CODE
                            114 	.area _CODE
                            115 	.area _INITIALIZER
                            116 	.area _CABS (ABS)
