                              1 ;--------------------------------------------------------
                              2 ; File Created by SDCC : free open source ANSI-C Compiler
                              3 ; Version 3.3.1 #8898 (Nov 27 2013) (Linux)
                              4 ; This file was generated Wed Nov 27 12:28:18 2013
                              5 ;--------------------------------------------------------
                              6 	.module _fsadd
                              7 	.optsdcc -mtlcs90
                              8 	
                              9 ;--------------------------------------------------------
                             10 ; Public variables in this module
                             11 ;--------------------------------------------------------
                             12 	.globl ___fsadd
                             13 ;--------------------------------------------------------
                             14 ; ram data
                             15 ;--------------------------------------------------------
                             16 	.area _DATA
                             17 ;--------------------------------------------------------
                             18 ; ram data
                             19 ;--------------------------------------------------------
                             20 	.area _INITIALIZED
                             21 ;--------------------------------------------------------
                             22 ; absolute external ram data
                             23 ;--------------------------------------------------------
                             24 	.area _DABS (ABS)
                             25 ;--------------------------------------------------------
                             26 ; global & static initialisations
                             27 ;--------------------------------------------------------
                             28 	.area _HOME
                             29 	.area _GSINIT
                             30 	.area _GSFINAL
                             31 	.area _GSINIT
                             32 ;--------------------------------------------------------
                             33 ; Home
                             34 ;--------------------------------------------------------
                             35 	.area _HOME
                             36 ;../_fsadd.c:170: float __fsadd (float a1, float a2)
                             37 ;	---------------------------------
                             38 ; Function __fsadd
                             39 ; ---------------------------------
   0000                      40 ___fsadd_start::
   0000                      41 ___fsadd:
   0000 54            [ 4]   42 	push	ix
   0001 3C 00 00      [ 4]   43 	ld	ix,#0
   0004 FE 14         [ 7]   44 	add	ix,sp
   0006 16 DB FF      [ 7]   45 	add	sp, #-37
                             46 ;../_fsadd.c:178: pfl2 = (long _AUTOMEM *)&a2;
   0009 3A 2D 00      [13]   47 	ld	hl,#0x002D
   000C FE 70         [ 7]   48 	add	hl,sp
   000E F6 17 42      [ 7]   49 	ld	23 (sp), hl
   0011 F0 F2 2E      [11]   50 	ld	a,-14 (ix)
   0014 F4 E2 26      [17]   51 	ld	-30 (ix),a
   0017 F0 F3 2E      [11]   52 	ld	a,-13 (ix)
   001A F4 E3 26      [17]   53 	ld	-29 (ix),a
                             54 ;../_fsadd.c:179: exp2 = EXP (*pfl2);
   001D 08            [ 4]   55 	ex	de, hl
   001E F2 07 4A      [10]   56 	ld	hl, 7 (sp)
   0021 08            [ 4]   57 	ex	de, hl
   0022 3A 21 00      [13]   58 	ld	hl, #0x0021
   0025 FE 70         [ 7]   59 	add	hl, sp
   0027 08            [ 4]   60 	ex	de, hl
   0028 38 04 00      [12]   61 	ld	bc, #0x0004
   002B FE 59         [ 7]   62 	ldir
   002D 3A 19 00      [13]   63 	ld	hl, #25
   0030 FE 70         [ 7]   64 	add	hl, sp
   0032 08            [ 4]   65 	ex	de, hl
   0033 3A 21 00      [13]   66 	ld	hl, #33
   0036 FE 70         [ 7]   67 	add	hl, sp
   0038 38 04 00      [12]   68 	ld	bc, #4
   003B FE 59         [ 7]   69 	ldir
   003D 56            [ 7]   70 	push	af
   003E F0 F4 2D      [11]   71 	ld	l,-12 (ix)
   0041 F0 F5 2C      [11]   72 	ld	h,-11 (ix)
   0044 F0 F6 2A      [11]   73 	ld	d,-10 (ix)
   0047 F0 F7 29      [11]   74 	ld	c,-9 (ix)
   004A 5E            [ 7]   75 	pop	af
   004B 30 17         [12]   76 	ld	b,#0x17
   004D                      77 00221$:
   004D F9 A7         [ 6]   78 	srl	c
   004F FA A3         [10]   79 	rr	d
   0051 FC A3         [17]   80 	rr	h
   0053 FD A3                81 	rr	l
   0055 18 F6         [12]   82 	djnz	00221$
   0057 34 00         [11]   83 	ld	h,#0x00
   0059 33 00         [ 6]   84 	ld	e,#0x00
   005B F4 DE 25      [17]   85 	ld	-34 (ix),l
   005E F4 DF 24      [17]   86 	ld	-33 (ix),h
                             87 ;../_fsadd.c:180: mant2 = MANT (*pfl2) << 4;
   0061 F0 F4 2D      [11]   88 	ld	l,-12 (ix)
   0064 F0 F5 2C      [11]   89 	ld	h,-11 (ix)
   0067 F0 F6 29      [11]   90 	ld	c,-10 (ix)
   006A F9 B7         [ 6]   91 	res	7, c
   006C 30 00         [12]   92 	ld	b,#0x00
   006E 21            [10]   93 	ld	a,c
   006F FE BF         [ 7]   94 	set	7, a
   0071 2A            [16]   95 	ld	d,a
   0072 56            [ 7]   96 	push	af
   0073 F4 E6 25      [17]   97 	ld	-26 (ix),l
   0076 F4 E7 24      [17]   98 	ld	-25 (ix),h
   0079 F4 E8 22      [17]   99 	ld	-24 (ix),d
   007C F4 E9 20      [17]  100 	ld	-23 (ix),b
   007F 5E            [ 7]  101 	pop	af
   0080 36 04         [10]  102 	ld	a,#0x04
   0082                     103 00223$:
   0082 E7 E6 A4      [11]  104 	sla	-26 (ix)
   0085 E7 E7 A2      [11]  105 	rl	-25 (ix)
   0088 E7 E8 A2      [11]  106 	rl	-24 (ix)
   008B E7 E9 A2      [11]  107 	rl	-23 (ix)
   008E 8E            [ 7]  108 	dec	a
   008F CE F1         [ 7]  109 	jr	NZ,00223$
                            110 ;../_fsadd.c:181: if (SIGN (*pfl2))
   0091 F0 F7 2E      [11]  111 	ld	a,-9 (ix)
   0094 FE A0         [ 7]  112 	rlc	a
   0096 6C 01         [ 4]  113 	and	a,#0x01
   0098 C6 20         [ 7]  114 	jr	Z,00102$
                            115 ;../_fsadd.c:182: mant2 = -mant2;
   009A FE 65         [ 7]  116 	xor	a, a
   009C F0 E6 62      [11]  117 	sub	a, -26 (ix)
   009F F4 E6 26      [17]  118 	ld	-26 (ix),a
   00A2 36 00         [10]  119 	ld	a, #0x00
   00A4 F0 E7 63      [11]  120 	sbc	a, -25 (ix)
   00A7 F4 E7 26      [17]  121 	ld	-25 (ix),a
   00AA 36 00         [10]  122 	ld	a, #0x00
   00AC F0 E8 63      [11]  123 	sbc	a, -24 (ix)
   00AF F4 E8 26      [17]  124 	ld	-24 (ix),a
   00B2 36 00         [10]  125 	ld	a, #0x00
   00B4 F0 E9 63      [11]  126 	sbc	a, -23 (ix)
   00B7 F4 E9 26      [17]  127 	ld	-23 (ix),a
   00BA                     128 00102$:
                            129 ;../_fsadd.c:184: if (!*pfl2)
   00BA F0 FF 2E      [11]  130 	ld	a,-1 (ix)
   00BD F0 FE 66      [11]  131 	or	a, -2 (ix)
   00C0 F0 FD 66      [11]  132 	or	a, -3 (ix)
   00C3 F0 FC 66      [11]  133 	or	a,-4 (ix)
   00C6 CE 0F         [ 7]  134 	jr	NZ,00104$
                            135 ;../_fsadd.c:185: return (a1);
   00C8 F0 04 2D      [11]  136 	ld	l,4 (ix)
   00CB F0 05 2C      [11]  137 	ld	h,5 (ix)
   00CE F0 06 2B      [11]  138 	ld	e,6 (ix)
   00D1 F0 07 2A      [11]  139 	ld	d,7 (ix)
   00D4 1ArA3r04      [ 7]  140 	jp	00137$
   00D7                     141 00104$:
                            142 ;../_fsadd.c:187: pfl1 = (long _AUTOMEM *)&a1;
   00D7 3A 29 00      [13]  143 	ld	hl,#0x0029
   00DA FE 70         [ 7]  144 	add	hl,sp
   00DC F6 19 42      [ 7]  145 	ld	25 (sp), hl
   00DF F0 F4 2E      [11]  146 	ld	a,-12 (ix)
   00E2 F4 E4 26      [17]  147 	ld	-28 (ix),a
   00E5 F0 F5 2E      [11]  148 	ld	a,-11 (ix)
   00E8 F4 E5 26      [17]  149 	ld	-27 (ix),a
                            150 ;../_fsadd.c:188: exp1 = EXP (*pfl1);
   00EB 08            [ 4]  151 	ex	de, hl
   00EC F2 09 4A      [10]  152 	ld	hl, 9 (sp)
   00EF 08            [ 4]  153 	ex	de, hl
   00F0 3A 19 00      [13]  154 	ld	hl, #0x0019
   00F3 FE 70         [ 7]  155 	add	hl, sp
   00F5 08            [ 4]  156 	ex	de, hl
   00F6 38 04 00      [12]  157 	ld	bc, #0x0004
   00F9 FE 59         [ 7]  158 	ldir
   00FB 3A 21 00      [13]  159 	ld	hl, #33
   00FE FE 70         [ 7]  160 	add	hl, sp
   0100 08            [ 4]  161 	ex	de, hl
   0101 3A 19 00      [13]  162 	ld	hl, #25
   0104 FE 70         [ 7]  163 	add	hl, sp
   0106 38 04 00      [12]  164 	ld	bc, #4
   0109 FE 59         [ 7]  165 	ldir
   010B 56            [ 7]  166 	push	af
   010C F0 FC 2E      [11]  167 	ld	a,-4 (ix)
   010F F4 F8 26      [17]  168 	ld	-8 (ix),a
   0112 F0 FD 2E      [11]  169 	ld	a,-3 (ix)
   0115 F4 F9 26      [17]  170 	ld	-7 (ix),a
   0118 F0 FE 2E      [11]  171 	ld	a,-2 (ix)
   011B F4 FA 26      [17]  172 	ld	-6 (ix),a
   011E F0 FF 2E      [11]  173 	ld	a,-1 (ix)
   0121 F4 FB 26      [17]  174 	ld	-5 (ix),a
   0124 5E            [ 7]  175 	pop	af
   0125 30 17         [12]  176 	ld	b,#0x17
   0127                     177 00225$:
   0127 E7 FB A7      [11]  178 	srl	-5 (ix)
   012A E7 FA A3      [11]  179 	rr	-6 (ix)
   012D E7 F9 A3      [11]  180 	rr	-7 (ix)
   0130 E7 F8 A3      [11]  181 	rr	-8 (ix)
   0133 18 F2         [12]  182 	djnz	00225$
   0135 F4 F9 37 00   [17]  183 	ld	-7 (ix),#0x00
   0139 F4 FA 37 00   [17]  184 	ld	-6 (ix),#0x00
   013D F4 FB 37 00   [17]  185 	ld	-5 (ix),#0x00
   0141 F0 F8 2E      [11]  186 	ld	a,-8 (ix)
   0144 F4 F8 26      [17]  187 	ld	-8 (ix),a
   0147 F0 F9 2E      [11]  188 	ld	a,-7 (ix)
   014A F4 F9 26      [17]  189 	ld	-7 (ix),a
                            190 ;../_fsadd.c:189: mant1 = MANT (*pfl1) << 4;
   014D F0 FC 2E      [11]  191 	ld	a,-4 (ix)
   0150 F4 EE 26      [17]  192 	ld	-18 (ix),a
   0153 F0 FD 2E      [11]  193 	ld	a,-3 (ix)
   0156 F4 EF 26      [17]  194 	ld	-17 (ix),a
   0159 F0 FE 2E      [11]  195 	ld	a,-2 (ix)
   015C 6C 7F         [ 4]  196 	and	a, #0x7F
   015E F4 F0 26      [17]  197 	ld	-16 (ix),a
   0161 F4 F1 37 00   [17]  198 	ld	-15 (ix),#0x00
   0165 F0 F0 BF      [11]  199 	set	7, -16 (ix)
   0168 F0 F0 2E      [11]  200 	ld	a, -16 (ix)
   016B 56            [ 7]  201 	push	af
   016C 5E            [ 7]  202 	pop	af
   016D 30 04         [12]  203 	ld	b,#0x04
   016F                     204 00227$:
   016F E7 EE A4      [11]  205 	sla	-18 (ix)
   0172 E7 EF A2      [11]  206 	rl	-17 (ix)
   0175 E7 F0 A2      [11]  207 	rl	-16 (ix)
   0178 E7 F1 A2      [11]  208 	rl	-15 (ix)
   017B 18 F2         [12]  209 	djnz	00227$
                            210 ;../_fsadd.c:190: if (SIGN(*pfl1))
   017D F0 FF 2E      [11]  211 	ld	a,-1 (ix)
   0180 FE A0         [ 7]  212 	rlc	a
   0182 6C 01         [ 4]  213 	and	a,#0x01
   0184 C6 25         [ 7]  214 	jr	Z,00108$
                            215 ;../_fsadd.c:191: if (*pfl1 & 0x80000000)
   0186 F0 FF AF      [11]  216 	bit	7, -1 (ix)
   0189 C6 20         [ 7]  217 	jr	Z,00108$
                            218 ;../_fsadd.c:192: mant1 = -mant1;
   018B FE 65         [ 7]  219 	xor	a, a
   018D F0 EE 62      [11]  220 	sub	a, -18 (ix)
   0190 F4 EE 26      [17]  221 	ld	-18 (ix),a
   0193 36 00         [10]  222 	ld	a, #0x00
   0195 F0 EF 63      [11]  223 	sbc	a, -17 (ix)
   0198 F4 EF 26      [17]  224 	ld	-17 (ix),a
   019B 36 00         [10]  225 	ld	a, #0x00
   019D F0 F0 63      [11]  226 	sbc	a, -16 (ix)
   01A0 F4 F0 26      [17]  227 	ld	-16 (ix),a
   01A3 36 00         [10]  228 	ld	a, #0x00
   01A5 F0 F1 63      [11]  229 	sbc	a, -15 (ix)
   01A8 F4 F1 26      [17]  230 	ld	-15 (ix),a
   01AB                     231 00108$:
                            232 ;../_fsadd.c:194: if (!*pfl1)
   01AB F0 F7 2E      [11]  233 	ld	a,-9 (ix)
   01AE F0 F6 66      [11]  234 	or	a, -10 (ix)
   01B1 F0 F5 66      [11]  235 	or	a, -11 (ix)
   01B4 F0 F4 66      [11]  236 	or	a,-12 (ix)
   01B7 CE 0F         [ 7]  237 	jr	NZ,00110$
                            238 ;../_fsadd.c:195: return (a2);
   01B9 F0 08 2D      [11]  239 	ld	l,8 (ix)
   01BC F0 09 2C      [11]  240 	ld	h,9 (ix)
   01BF F0 0A 2B      [11]  241 	ld	e,10 (ix)
   01C2 F0 0B 2A      [11]  242 	ld	d,11 (ix)
   01C5 1ArA3r04      [ 7]  243 	jp	00137$
   01C8                     244 00110$:
                            245 ;../_fsadd.c:197: expd = exp1 - exp2;
   01C8 F0 F8 2E      [11]  246 	ld	a,-8 (ix)
   01CB F0 DE 62      [11]  247 	sub	a, -34 (ix)
   01CE F4 F4 26      [17]  248 	ld	-12 (ix),a
   01D1 F0 F9 2E      [11]  249 	ld	a,-7 (ix)
   01D4 F0 DF 63      [11]  250 	sbc	a, -33 (ix)
   01D7 F4 F5 26      [17]  251 	ld	-11 (ix),a
                            252 ;../_fsadd.c:198: if (expd > 25)
   01DA 36 19         [10]  253 	ld	a,#0x19
   01DC F0 F4 67      [11]  254 	cp	a, -12 (ix)
   01DF 36 00         [10]  255 	ld	a,#0x00
   01E1 F0 F5 63      [11]  256 	sbc	a, -11 (ix)
   01E4 EBrEAr01 CC   [ 4]  257 	jp	PO, 00230$
   01E8 6D 80         [ 4]  258 	xor	a, #0x80
   01EA                     259 00230$:
   01EA EBrFDr01 CD   [ 4]  260 	jp	P,00112$
                            261 ;../_fsadd.c:199: return (a1);
   01EE F0 04 2D      [11]  262 	ld	l,4 (ix)
   01F1 F0 05 2C      [11]  263 	ld	h,5 (ix)
   01F4 F0 06 2B      [11]  264 	ld	e,6 (ix)
   01F7 F0 07 2A      [11]  265 	ld	d,7 (ix)
   01FA 1ArA3r04      [ 7]  266 	jp	00137$
   01FD                     267 00112$:
                            268 ;../_fsadd.c:200: if (expd < -25)
   01FD F0 F4 2E      [11]  269 	ld	a,-12 (ix)
   0200 6A E7         [ 4]  270 	sub	a, #0xE7
   0202 F0 F5 2E      [11]  271 	ld	a,-11 (ix)
   0205 A2            [ 4]  272 	rla
   0206 0E            [ 7]  273 	ccf
   0207 A3            [ 4]  274 	rra
   0208 6B 7F         [ 4]  275 	sbc	a, #0x7F
   020A CF 0F         [11]  276 	jr	NC,00114$
                            277 ;../_fsadd.c:201: return (a2);
   020C F0 08 2D      [11]  278 	ld	l,8 (ix)
   020F F0 09 2C      [11]  279 	ld	h,9 (ix)
   0212 F0 0A 2B      [11]  280 	ld	e,10 (ix)
   0215 F0 0B 2A      [11]  281 	ld	d,11 (ix)
   0218 1ArA3r04      [ 7]  282 	jp	00137$
   021B                     283 00114$:
                            284 ;../_fsadd.c:203: if (expd < 0)
   021B F0 F5 AF      [11]  285 	bit	7, -11 (ix)
   021E EBr68r02 C6   [ 4]  286 	jp	Z,00116$
                            287 ;../_fsadd.c:205: expd = -expd;
   0222 FE 65         [ 7]  288 	xor	a, a
   0224 F0 F4 62      [11]  289 	sub	a, -12 (ix)
   0227 F4 FC 26      [17]  290 	ld	-4 (ix),a
   022A 36 00         [10]  291 	ld	a, #0x00
   022C F0 F5 63      [11]  292 	sbc	a, -11 (ix)
   022F F4 FD 26      [17]  293 	ld	-3 (ix),a
   0232 F0 FC 2E      [11]  294 	ld	a,-4 (ix)
   0235 F4 DC 26      [17]  295 	ld	-36 (ix),a
   0238 F0 FD 2E      [11]  296 	ld	a,-3 (ix)
   023B F4 DD 26      [17]  297 	ld	-35 (ix),a
                            298 ;../_fsadd.c:206: exp1 += expd;
   023E F0 F8 2E      [11]  299 	ld	a,-8 (ix)
   0241 F0 DC 60      [11]  300 	add	a, -36 (ix)
   0244 F4 F8 26      [17]  301 	ld	-8 (ix),a
   0247 F0 F9 2E      [11]  302 	ld	a,-7 (ix)
   024A F0 DD 61      [11]  303 	adc	a, -35 (ix)
   024D F4 F9 26      [17]  304 	ld	-7 (ix),a
                            305 ;../_fsadd.c:207: mant1 >>= expd;
   0250 F0 DC 28      [11]  306 	ld	b,-36 (ix)
   0253 56            [ 7]  307 	push	af
   0254 5E            [ 7]  308 	pop	af
   0255 80            [ 4]  309 	inc	b
   0256 C8 0C         [11]  310 	jr	00232$
   0258                     311 00231$:
   0258 E7 F1 A5      [11]  312 	sra	-15 (ix)
   025B E7 F0 A3      [11]  313 	rr	-16 (ix)
   025E E7 EF A3      [11]  314 	rr	-17 (ix)
   0261 E7 EE A3      [11]  315 	rr	-18 (ix)
   0264                     316 00232$:
   0264 18 F2         [12]  317 	djnz	00231$
   0266 C8 16         [11]  318 	jr	00117$
   0268                     319 00116$:
                            320 ;../_fsadd.c:211: mant2 >>= expd;
   0268 F0 F4 28      [11]  321 	ld	b,-12 (ix)
   026B 56            [ 7]  322 	push	af
   026C 5E            [ 7]  323 	pop	af
   026D 80            [ 4]  324 	inc	b
   026E C8 0C         [11]  325 	jr	00234$
   0270                     326 00233$:
   0270 E7 E9 A5      [11]  327 	sra	-23 (ix)
   0273 E7 E8 A3      [11]  328 	rr	-24 (ix)
   0276 E7 E7 A3      [11]  329 	rr	-25 (ix)
   0279 E7 E6 A3      [11]  330 	rr	-26 (ix)
   027C                     331 00234$:
   027C 18 F2         [12]  332 	djnz	00233$
   027E                     333 00117$:
                            334 ;../_fsadd.c:213: mant1 += mant2;
   027E F0 EE 2E      [11]  335 	ld	a,-18 (ix)
   0281 F0 E6 60      [11]  336 	add	a, -26 (ix)
   0284 2C            [ 4]  337 	ld	h,a
   0285 F0 EF 2E      [11]  338 	ld	a,-17 (ix)
   0288 F0 E7 61      [11]  339 	adc	a, -25 (ix)
   028B 2D            [ 4]  340 	ld	l,a
   028C F0 F0 2E      [11]  341 	ld	a,-16 (ix)
   028F F0 E8 61      [11]  342 	adc	a, -24 (ix)
   0292 2A            [16]  343 	ld	d,a
   0293 F0 F1 2E      [11]  344 	ld	a,-15 (ix)
   0296 F0 E9 61      [11]  345 	adc	a, -23 (ix)
   0299 2B            [ 6]  346 	ld	e,a
   029A F4 EA 24      [17]  347 	ld	-22 (ix),h
   029D F4 EB 25      [17]  348 	ld	-21 (ix),l
   02A0 F4 EC 22      [17]  349 	ld	-20 (ix),d
   02A3 F4 ED 23      [17]  350 	ld	-19 (ix),e
                            351 ;../_fsadd.c:215: sign = false;
   02A6 F4 DB 37 00   [17]  352 	ld	-37 (ix),#0x00
                            353 ;../_fsadd.c:217: if (mant1 < 0)
   02AA F0 ED AF      [11]  354 	bit	7, -19 (ix)
   02AD C6 26         [ 7]  355 	jr	Z,00121$
                            356 ;../_fsadd.c:219: mant1 = -mant1;
   02AF FE 65         [ 7]  357 	xor	a, a
   02B1 F0 EA 62      [11]  358 	sub	a, -22 (ix)
   02B4 F4 EA 26      [17]  359 	ld	-22 (ix),a
   02B7 36 00         [10]  360 	ld	a, #0x00
   02B9 F0 EB 63      [11]  361 	sbc	a, -21 (ix)
   02BC F4 EB 26      [17]  362 	ld	-21 (ix),a
   02BF 36 00         [10]  363 	ld	a, #0x00
   02C1 F0 EC 63      [11]  364 	sbc	a, -20 (ix)
   02C4 F4 EC 26      [17]  365 	ld	-20 (ix),a
   02C7 36 00         [10]  366 	ld	a, #0x00
   02C9 F0 ED 63      [11]  367 	sbc	a, -19 (ix)
   02CC F4 ED 26      [17]  368 	ld	-19 (ix),a
                            369 ;../_fsadd.c:220: sign = true;
   02CF F4 DB 37 01   [17]  370 	ld	-37 (ix),#0x01
   02D3 C8 18         [11]  371 	jr	00154$
   02D5                     372 00121$:
                            373 ;../_fsadd.c:222: else if (!mant1)
   02D5 F0 ED 2E      [11]  374 	ld	a,-19 (ix)
   02D8 F0 EC 66      [11]  375 	or	a, -20 (ix)
   02DB F0 EB 66      [11]  376 	or	a, -21 (ix)
   02DE F0 EA 66      [11]  377 	or	a,-22 (ix)
   02E1 CE 0A         [ 7]  378 	jr	NZ,00154$
                            379 ;../_fsadd.c:223: return (0);
   02E3 3A 00 00      [13]  380 	ld	hl,#0x0000
   02E6 FD 33               381 	ld	e,l
   02E8 FC 32         [17]  382 	ld	d,h
   02EA 1ArA3r04      [ 7]  383 	jp	00137$
                            384 ;../_fsadd.c:226: while (mant1 < (HIDDEN<<4)) {
   02ED                     385 00154$:
   02ED F0 F8 2E      [11]  386 	ld	a,-8 (ix)
   02F0 F4 EE 26      [17]  387 	ld	-18 (ix),a
   02F3 F0 F9 2E      [11]  388 	ld	a,-7 (ix)
   02F6 F4 EF 26      [17]  389 	ld	-17 (ix),a
   02F9                     390 00123$:
   02F9 3A 1D 00      [13]  391 	ld	hl, #29
   02FC FE 70         [ 7]  392 	add	hl, sp
   02FE 08            [ 4]  393 	ex	de, hl
   02FF 3A 0F 00      [13]  394 	ld	hl, #15
   0302 FE 70         [ 7]  395 	add	hl, sp
   0304 38 04 00      [12]  396 	ld	bc, #4
   0307 FE 59         [ 7]  397 	ldir
   0309 F0 FB 2E      [11]  398 	ld	a,-5 (ix)
   030C 6A 08         [ 4]  399 	sub	a, #0x08
   030E CF 18         [11]  400 	jr	NC,00157$
                            401 ;../_fsadd.c:227: mant1 <<= 1;
   0310 56            [ 7]  402 	push	af
   0311 5E            [ 7]  403 	pop	af
   0312 30 01         [12]  404 	ld	b,#0x01
   0314 E7 EA A4      [11]  405 	sla	-22 (ix)
   0317 E7 EB A2      [11]  406 	rl	-21 (ix)
   031A E7 EC A2      [11]  407 	rl	-20 (ix)
   031D E7 ED A2      [11]  408 	rl	-19 (ix)
                            409 ;../_fsadd.c:228: exp1--;
   0320 F2 13 8F      [10]  410 	dec	19 (sp)
   0323 F2 13 4A      [10]  411 	ld	hl, 19 (sp)
   0326 C8 D1         [11]  412 	jr	00123$
                            413 ;../_fsadd.c:232: while (mant1 & 0xf0000000) {
   0328                     414 00157$:
   0328 F0 EE 2E      [11]  415 	ld	a,-18 (ix)
   032B F4 E0 26      [17]  416 	ld	-32 (ix),a
   032E F0 EF 2E      [11]  417 	ld	a,-17 (ix)
   0331 F4 E1 26      [17]  418 	ld	-31 (ix),a
   0334                     419 00128$:
   0334 3A 13 00      [13]  420 	ld	hl, #19
   0337 FE 70         [ 7]  421 	add	hl, sp
   0339 08            [ 4]  422 	ex	de, hl
   033A 3A 0F 00      [13]  423 	ld	hl, #15
   033D FE 70         [ 7]  424 	add	hl, sp
   033F 38 04 00      [12]  425 	ld	bc, #4
   0342 FE 59         [ 7]  426 	ldir
   0344 F0 F1 2E      [11]  427 	ld	a,-15 (ix)
   0347 6C F0         [ 4]  428 	and	a, #0xF0
   0349 EBr8Fr03 C6   [ 4]  429 	jp	Z,00163$
                            430 ;../_fsadd.c:233: if (mant1&1)
   034D F0 EA A8      [11]  431 	bit	0, -22 (ix)
   0350 C6 20         [ 7]  432 	jr	Z,00127$
                            433 ;../_fsadd.c:234: mant1 += 2;
   0352 F0 EA 2E      [11]  434 	ld	a,-22 (ix)
   0355 68 02         [ 4]  435 	add	a, #0x02
   0357 F4 EA 26      [17]  436 	ld	-22 (ix),a
   035A F0 EB 2E      [11]  437 	ld	a,-21 (ix)
   035D 69 00         [ 4]  438 	adc	a, #0x00
   035F F4 EB 26      [17]  439 	ld	-21 (ix),a
   0362 F0 EC 2E      [11]  440 	ld	a,-20 (ix)
   0365 69 00         [ 4]  441 	adc	a, #0x00
   0367 F4 EC 26      [17]  442 	ld	-20 (ix),a
   036A F0 ED 2E      [11]  443 	ld	a,-19 (ix)
   036D 69 00         [ 4]  444 	adc	a, #0x00
   036F F4 ED 26      [17]  445 	ld	-19 (ix),a
   0372                     446 00127$:
                            447 ;../_fsadd.c:235: mant1 >>= 1;
   0372 56            [ 7]  448 	push	af
   0373 5E            [ 7]  449 	pop	af
   0374 30 01         [12]  450 	ld	b,#0x01
   0376 E7 ED A5      [11]  451 	sra	-19 (ix)
   0379 E7 EC A3      [11]  452 	rr	-20 (ix)
   037C E7 EB A3      [11]  453 	rr	-21 (ix)
   037F E7 EA A3      [11]  454 	rr	-22 (ix)
                            455 ;../_fsadd.c:236: exp1++;
   0382 F0 E0 87      [11]  456 	inc	-32 (ix)
   0385 EBr34r03 CE   [ 4]  457 	jp	NZ,00128$
   0389 F0 E1 87      [11]  458 	inc	-31 (ix)
   038C 1Ar34r03      [ 7]  459 	jp	00128$
   038F                     460 00163$:
   038F F0 E0 2E      [11]  461 	ld	a,-32 (ix)
   0392 F4 F8 26      [17]  462 	ld	-8 (ix),a
   0395 F0 E1 2E      [11]  463 	ld	a,-31 (ix)
   0398 F4 F9 26      [17]  464 	ld	-7 (ix),a
                            465 ;../_fsadd.c:240: mant1 &= ~(HIDDEN<<4);
   039B F0 F1 B3      [11]  466 	res	3, -15 (ix)
                            467 ;../_fsadd.c:243: if (exp1 >= 0x100)
   039E F0 E1 2E      [11]  468 	ld	a,-31 (ix)
   03A1 6D 80         [ 4]  469 	xor	a, #0x80
   03A3 6A 81         [ 4]  470 	sub	a, #0x81
   03A5 C7 39         [11]  471 	jr	C,00135$
                            472 ;../_fsadd.c:244: *pfl1 = (sign ? (SIGNBIT | __INFINITY) : __INFINITY);
   03A7 F0 DB A8      [11]  473 	bit	0,-37 (ix)
   03AA C6 12         [ 7]  474 	jr	Z,00139$
   03AC F4 F4 37 00   [17]  475 	ld	-12 (ix),#0x00
   03B0 F4 F5 37 00   [17]  476 	ld	-11 (ix),#0x00
   03B4 F4 F6 37 80   [17]  477 	ld	-10 (ix),#0x80
   03B8 F4 F7 37 FF   [17]  478 	ld	-9 (ix),#0xFF
   03BC C8 10         [11]  479 	jr	00140$
   03BE                     480 00139$:
   03BE F4 F4 37 00   [17]  481 	ld	-12 (ix),#0x00
   03C2 F4 F5 37 00   [17]  482 	ld	-11 (ix),#0x00
   03C6 F4 F6 37 80   [17]  483 	ld	-10 (ix),#0x80
   03CA F4 F7 37 7F   [17]  484 	ld	-9 (ix),#0x7F
   03CE                     485 00140$:
   03CE 08            [ 4]  486 	ex	de, hl
   03CF F2 09 4A      [10]  487 	ld	hl, 9 (sp)
   03D2 08            [ 4]  488 	ex	de, hl
   03D3 3A 19 00      [13]  489 	ld	hl, #0x0019
   03D6 FE 70         [ 7]  490 	add	hl, sp
   03D8 38 04 00      [12]  491 	ld	bc, #0x0004
   03DB FE 59         [ 7]  492 	ldir
   03DD 1Ar97r04      [ 7]  493 	jp	00136$
   03E0                     494 00135$:
                            495 ;../_fsadd.c:245: else if (exp1 < 0)
   03E0 F0 E1 AF      [11]  496 	bit	7, -31 (ix)
   03E3 C6 15         [ 7]  497 	jr	Z,00132$
                            498 ;../_fsadd.c:246: *pfl1 = 0;
   03E5 F2 09 4A      [10]  499 	ld	hl, 9 (sp)
   03E8 FE 65         [ 7]  500 	xor	a, a
   03EA EA 26         [10]  501 	ld	(hl), a
   03EC 92            [ 4]  502 	inc	hl
   03ED EA 26         [10]  503 	ld	(hl), a
   03EF 92            [ 4]  504 	inc	hl
   03F0 FE 65         [ 7]  505 	xor	a, a
   03F2 EA 26         [10]  506 	ld	(hl), a
   03F4 92            [ 4]  507 	inc	hl
   03F5 EA 26         [10]  508 	ld	(hl), a
   03F7 1Ar97r04      [ 7]  509 	jp	00136$
   03FA                     510 00132$:
                            511 ;../_fsadd.c:248: *pfl1 = PACK (sign ? SIGNBIT : 0 , exp1, mant1>>4);
   03FA F0 DB A8      [11]  512 	bit	0,-37 (ix)
   03FD C6 12         [ 7]  513 	jr	Z,00141$
   03FF F4 F4 37 00   [17]  514 	ld	-12 (ix),#0x00
   0403 F4 F5 37 00   [17]  515 	ld	-11 (ix),#0x00
   0407 F4 F6 37 00   [17]  516 	ld	-10 (ix),#0x00
   040B F4 F7 37 80   [17]  517 	ld	-9 (ix),#0x80
   040F C8 0E         [11]  518 	jr	00142$
   0411                     519 00141$:
   0411 FE 65         [ 7]  520 	xor	a, a
   0413 F4 F4 26      [17]  521 	ld	-12 (ix),a
   0416 F4 F5 26      [17]  522 	ld	-11 (ix),a
   0419 F4 F6 26      [17]  523 	ld	-10 (ix),a
   041C F4 F7 26      [17]  524 	ld	-9 (ix),a
   041F                     525 00142$:
   041F F0 F8 2D      [11]  526 	ld	l,-8 (ix)
   0422 F0 F9 2C      [11]  527 	ld	h,-7 (ix)
   0425 F0 F9 2E      [11]  528 	ld	a,-7 (ix)
   0428 A2            [ 4]  529 	rla
   0429 FE 63         [ 7]  530 	sbc	a, a
   042B 2B            [ 6]  531 	ld	e,a
   042C 2A            [16]  532 	ld	d,a
   042D 30 17         [12]  533 	ld	b,#0x17
   042F                     534 00242$:
   042F FA 70         [10]  535 	add	hl, hl
   0431 FB A2         [ 4]  536 	rl	e
   0433 FA A2         [10]  537 	rl	d
   0435 18 F8         [12]  538 	djnz	00242$
   0437 F0 F4 2E      [11]  539 	ld	a,-12 (ix)
   043A FD 66         [19]  540 	or	a, l
   043C F4 F8 26      [17]  541 	ld	-8 (ix),a
   043F F0 F5 2E      [11]  542 	ld	a,-11 (ix)
   0442 FC 66         [17]  543 	or	a, h
   0444 F4 F9 26      [17]  544 	ld	-7 (ix),a
   0447 F0 F6 2E      [11]  545 	ld	a,-10 (ix)
   044A FB 66         [ 4]  546 	or	a, e
   044C F4 FA 26      [17]  547 	ld	-6 (ix),a
   044F F0 F7 2E      [11]  548 	ld	a,-9 (ix)
   0452 FA 66         [10]  549 	or	a, d
   0454 F4 FB 26      [17]  550 	ld	-5 (ix),a
   0457 56            [ 7]  551 	push	af
   0458 F0 EE 2B      [11]  552 	ld	e,-18 (ix)
   045B F0 EF 2A      [11]  553 	ld	d,-17 (ix)
   045E F0 F0 2D      [11]  554 	ld	l,-16 (ix)
   0461 F0 F1 2C      [11]  555 	ld	h,-15 (ix)
   0464 5E            [ 7]  556 	pop	af
   0465 30 04         [12]  557 	ld	b,#0x04
   0467                     558 00244$:
   0467 FC A5         [17]  559 	sra	h
   0469 FD A3               560 	rr	l
   046B FA A3         [10]  561 	rr	d
   046D FB A3         [ 4]  562 	rr	e
   046F 18 F6         [12]  563 	djnz	00244$
   0471 F0 F8 2E      [11]  564 	ld	a,-8 (ix)
   0474 FB 66         [ 4]  565 	or	a, e
   0476 2B            [ 6]  566 	ld	e,a
   0477 F0 F9 2E      [11]  567 	ld	a,-7 (ix)
   047A FA 66         [10]  568 	or	a, d
   047C 2A            [16]  569 	ld	d,a
   047D F0 FA 2E      [11]  570 	ld	a,-6 (ix)
   0480 FD 66         [19]  571 	or	a, l
   0482 29            [11]  572 	ld	c,a
   0483 F0 FB 2E      [11]  573 	ld	a,-5 (ix)
   0486 FC 66         [17]  574 	or	a, h
   0488 28            [12]  575 	ld	b,a
   0489 F2 09 4A      [10]  576 	ld	hl, 9 (sp)
   048C EA 23         [10]  577 	ld	(hl),e
   048E 92            [ 4]  578 	inc	hl
   048F EA 22         [10]  579 	ld	(hl),d
   0491 92            [ 4]  580 	inc	hl
   0492 EA 21         [10]  581 	ld	(hl),c
   0494 92            [ 4]  582 	inc	hl
   0495 EA 20         [10]  583 	ld	(hl),b
   0497                     584 00136$:
                            585 ;../_fsadd.c:249: return (a1);
   0497 F0 04 2D      [11]  586 	ld	l,4 (ix)
   049A F0 05 2C      [11]  587 	ld	h,5 (ix)
   049D F0 06 2B      [11]  588 	ld	e,6 (ix)
   04A0 F0 07 2A      [11]  589 	ld	d,7 (ix)
   04A3                     590 00137$:
   04A3 FC 3E         [17]  591 	ld	sp, ix
   04A5 5C            [ 4]  592 	pop	ix
   04A6 1E            [ 7]  593 	ret
   04A7                     594 ___fsadd_end::
                            595 	.area _HOME
                            596 ;--------------------------------------------------------
                            597 ; code
                            598 ;--------------------------------------------------------
                            599 	.area _CODE
                            600 	.area _CODE
                            601 	.area _INITIALIZER
                            602 	.area _CABS (ABS)
