                              1 ;--------------------------------------------------------
                              2 ; File Created by SDCC : free open source ANSI-C Compiler
                              3 ; Version 3.3.1 #8898 (Nov 27 2013) (Linux)
                              4 ; This file was generated Wed Nov 27 12:28:19 2013
                              5 ;--------------------------------------------------------
                              6 	.module _fseq
                              7 	.optsdcc -mtlcs90
                              8 	
                              9 ;--------------------------------------------------------
                             10 ; Public variables in this module
                             11 ;--------------------------------------------------------
                             12 	.globl ___fseq
                             13 ;--------------------------------------------------------
                             14 ; ram data
                             15 ;--------------------------------------------------------
                             16 	.area _DATA
                             17 ;--------------------------------------------------------
                             18 ; ram data
                             19 ;--------------------------------------------------------
                             20 	.area _INITIALIZED
                             21 ;--------------------------------------------------------
                             22 ; absolute external ram data
                             23 ;--------------------------------------------------------
                             24 	.area _DABS (ABS)
                             25 ;--------------------------------------------------------
                             26 ; global & static initialisations
                             27 ;--------------------------------------------------------
                             28 	.area _HOME
                             29 	.area _GSINIT
                             30 	.area _GSFINAL
                             31 	.area _GSINIT
                             32 ;--------------------------------------------------------
                             33 ; Home
                             34 ;--------------------------------------------------------
                             35 	.area _HOME
                             36 ;../_fseq.c:83: __fseq (float a1, float a2)
                             37 ;	---------------------------------
                             38 ; Function __fseq
                             39 ; ---------------------------------
   0000                      40 ___fseq_start::
   0000                      41 ___fseq:
   0000 54            [ 4]   42 	push	ix
   0001 3C 00 00      [ 4]   43 	ld	ix,#0
   0004 FE 14         [ 7]   44 	add	ix,sp
   0006 16 F4 FF      [ 7]   45 	add	sp, #-12
                             46 ;../_fseq.c:87: fl1.f = a1;
   0009 3A 04 00      [13]   47 	ld	hl,#0x0004
   000C FE 70         [ 7]   48 	add	hl,sp
   000E 08            [ 4]   49 	ex	de,hl
   000F 3A 10 00      [13]   50 	ld	hl, #0x0010
   0012 FE 70         [ 7]   51 	add	hl, sp
   0014 38 04 00      [12]   52 	ld	bc, #0x0004
   0017 FE 59         [ 7]   53 	ldir
                             54 ;../_fseq.c:88: fl2.f = a2;
   0019 3A 00 00      [13]   55 	ld	hl,#0x0000
   001C FE 70         [ 7]   56 	add	hl,sp
   001E 08            [ 4]   57 	ex	de,hl
   001F 3A 14 00      [13]   58 	ld	hl, #0x0014
   0022 FE 70         [ 7]   59 	add	hl, sp
   0024 38 04 00      [12]   60 	ld	bc, #0x0004
   0027 FE 59         [ 7]   61 	ldir
                             62 ;../_fseq.c:90: if (fl1.l == fl2.l)
   0029 3A 04 00      [13]   63 	ld	hl,#0x0004
   002C FE 70         [ 7]   64 	add	hl,sp
   002E 08            [ 4]   65 	ex	de,hl
   002F 3A 08 00      [13]   66 	ld	hl, #0x0008
   0032 FE 70         [ 7]   67 	add	hl, sp
   0034 08            [ 4]   68 	ex	de, hl
   0035 38 04 00      [12]   69 	ld	bc, #0x0004
   0038 FE 59         [ 7]   70 	ldir
   003A 3A 00 00      [13]   71 	ld	hl,#0x0000
   003D FE 70         [ 7]   72 	add	hl,sp
   003F E2 2A         [10]   73 	ld	d,(hl)
   0041 92            [ 4]   74 	inc	hl
   0042 E2 2B         [10]   75 	ld	e,(hl)
   0044 92            [ 4]   76 	inc	hl
   0045 E2 29         [10]   77 	ld	c,(hl)
   0047 92            [ 4]   78 	inc	hl
   0048 E2 28         [10]   79 	ld	b,(hl)
   004A F0 FC 2E      [11]   80 	ld	a,-4 (ix)
   004D FA 62         [10]   81 	sub	a, d
   004F CE 1A         [ 7]   82 	jr	NZ,00102$
   0051 F0 FD 2E      [11]   83 	ld	a,-3 (ix)
   0054 FB 62         [ 4]   84 	sub	a, e
   0056 CE 13         [ 7]   85 	jr	NZ,00102$
   0058 F0 FE 2E      [11]   86 	ld	a,-2 (ix)
   005B F9 62         [ 6]   87 	sub	a, c
   005D CE 0C         [ 7]   88 	jr	NZ,00102$
   005F F0 FF 2E      [11]   89 	ld	a,-1 (ix)
   0062 F8 62         [11]   90 	sub	a, b
   0064 CE 05         [ 7]   91 	jr	NZ,00102$
                             92 ;../_fseq.c:91: return (1);
   0066 35 01         [11]   93 	ld	l,#0x01
   0068 1ArB9r00      [ 7]   94 	jp	00105$
   006B                      95 00102$:
                             96 ;../_fseq.c:92: if (((fl1.l | fl2.l) & 0x7FFFFFFF) == 0)
   006B 3A 04 00      [13]   97 	ld	hl,#0x0004
   006E FE 70         [ 7]   98 	add	hl,sp
   0070 08            [ 4]   99 	ex	de,hl
   0071 3A 08 00      [13]  100 	ld	hl, #0x0008
   0074 FE 70         [ 7]  101 	add	hl, sp
   0076 08            [ 4]  102 	ex	de, hl
   0077 38 04 00      [12]  103 	ld	bc, #0x0004
   007A FE 59         [ 7]  104 	ldir
   007C 3A 00 00      [13]  105 	ld	hl,#0x0000
   007F FE 70         [ 7]  106 	add	hl,sp
   0081 E2 2B         [10]  107 	ld	e,(hl)
   0083 92            [ 4]  108 	inc	hl
   0084 E2 2A         [10]  109 	ld	d,(hl)
   0086 92            [ 4]  110 	inc	hl
   0087 E2 29         [10]  111 	ld	c,(hl)
   0089 92            [ 4]  112 	inc	hl
   008A E2 28         [10]  113 	ld	b,(hl)
   008C F0 FC 2E      [11]  114 	ld	a,-4 (ix)
   008F FB 66         [ 4]  115 	or	a, e
   0091 2B            [ 6]  116 	ld	e,a
   0092 F0 FD 2E      [11]  117 	ld	a,-3 (ix)
   0095 FA 66         [10]  118 	or	a, d
   0097 2A            [16]  119 	ld	d,a
   0098 F0 FE 2E      [11]  120 	ld	a,-2 (ix)
   009B F9 66         [ 6]  121 	or	a, c
   009D 2D            [ 4]  122 	ld	l,a
   009E F0 FF 2E      [11]  123 	ld	a,-1 (ix)
   00A1 F8 66         [11]  124 	or	a, b
   00A3 2C            [ 4]  125 	ld	h,a
   00A4 23            [ 6]  126 	ld	a,e
   00A5 FE 66         [ 7]  127 	or	a,a
   00A7 CE 0E         [ 7]  128 	jr	NZ,00104$
   00A9 FA 66         [10]  129 	or	a,d
   00AB CE 0A         [ 7]  130 	jr	NZ,00104$
   00AD FE 67         [ 7]  131 	cp	a, a
   00AF FA 71         [10]  132 	adc	hl, hl
   00B1 CE 04         [ 7]  133 	jr	NZ,00104$
                            134 ;../_fseq.c:93: return (1);
   00B3 35 01         [11]  135 	ld	l,#0x01
   00B5 C8 02         [11]  136 	jr	00105$
   00B7                     137 00104$:
                            138 ;../_fseq.c:94: return (0);
   00B7 35 00         [11]  139 	ld	l,#0x00
   00B9                     140 00105$:
   00B9 FC 3E         [17]  141 	ld	sp, ix
   00BB 5C            [ 4]  142 	pop	ix
   00BC 1E            [ 7]  143 	ret
   00BD                     144 ___fseq_end::
                            145 	.area _HOME
                            146 ;--------------------------------------------------------
                            147 ; code
                            148 ;--------------------------------------------------------
                            149 	.area _CODE
                            150 	.area _CODE
                            151 	.area _INITIALIZER
                            152 	.area _CABS (ABS)
