                              1 ;--------------------------------------------------------
                              2 ; File Created by SDCC : free open source ANSI-C Compiler
                              3 ; Version 3.3.1 #8898 (Nov 27 2013) (Linux)
                              4 ; This file was generated Wed Nov 27 12:28:19 2013
                              5 ;--------------------------------------------------------
                              6 	.module _fssub
                              7 	.optsdcc -mtlcs90
                              8 	
                              9 ;--------------------------------------------------------
                             10 ; Public variables in this module
                             11 ;--------------------------------------------------------
                             12 	.globl ___fssub
                             13 ;--------------------------------------------------------
                             14 ; ram data
                             15 ;--------------------------------------------------------
                             16 	.area _DATA
                             17 ;--------------------------------------------------------
                             18 ; ram data
                             19 ;--------------------------------------------------------
                             20 	.area _INITIALIZED
                             21 ;--------------------------------------------------------
                             22 ; absolute external ram data
                             23 ;--------------------------------------------------------
                             24 	.area _DABS (ABS)
                             25 ;--------------------------------------------------------
                             26 ; global & static initialisations
                             27 ;--------------------------------------------------------
                             28 	.area _HOME
                             29 	.area _GSINIT
                             30 	.area _GSFINAL
                             31 	.area _GSINIT
                             32 ;--------------------------------------------------------
                             33 ; Home
                             34 ;--------------------------------------------------------
                             35 	.area _HOME
                             36 ;../_fssub.c:73: float __fssub (float a1, float a2)
                             37 ;	---------------------------------
                             38 ; Function __fssub
                             39 ; ---------------------------------
   0000                      40 ___fssub_start::
   0000                      41 ___fssub:
   0000 54            [ 4]   42 	push	ix
   0001 3C 00 00      [ 4]   43 	ld	ix,#0
   0004 FE 14         [ 7]   44 	add	ix,sp
                             45 ;../_fssub.c:75: float neg = -a1;
   0006 F0 07 2E      [11]   46 	ld	a,7 (ix)
   0009 6D 80         [ 4]   47 	xor	a,#0x80
   000B 28            [12]   48 	ld	b,a
   000C F0 04 2B      [11]   49 	ld	e,4 (ix)
   000F F0 05 2A      [11]   50 	ld	d,5 (ix)
   0012 F0 06 29      [11]   51 	ld	c,6 (ix)
                             52 ;../_fssub.c:76: return -(neg + a2);
   0015 F2 0A 4A      [10]   53 	ld	hl, 10 (sp)
   0018 52            [ 4]   54 	push	hl
   0019 F2 0A 4A      [10]   55 	ld	hl, 10 (sp)
   001C 52            [ 4]   56 	push	hl
   001D 50            [ 4]   57 	push	bc
   001E 51            [ 4]   58 	push	de
   001F 1Cr00r00      [ 4]   59 	call	___fsadd
   0022 16 08 00      [ 7]   60 	add	sp, #8
   0025 22            [16]   61 	ld	a,d
   0026 6D 80         [ 4]   62 	xor	a,#0x80
   0028 2A            [16]   63 	ld	d,a
   0029 5C            [ 4]   64 	pop	ix
   002A 1E            [ 7]   65 	ret
   002B                      66 ___fssub_end::
                             67 	.area _HOME
                             68 ;--------------------------------------------------------
                             69 ; code
                             70 ;--------------------------------------------------------
                             71 	.area _CODE
                             72 	.area _CODE
                             73 	.area _INITIALIZER
                             74 	.area _CABS (ABS)
