                              1 ;--------------------------------------------------------
                              2 ; File Created by SDCC : free open source ANSI-C Compiler
                              3 ; Version 3.3.1 #8898 (Nov 27 2013) (Linux)
                              4 ; This file was generated Wed Nov 27 12:28:24 2013
                              5 ;--------------------------------------------------------
                              6 	.module _isupper
                              7 	.optsdcc -mtlcs90
                              8 	
                              9 ;--------------------------------------------------------
                             10 ; Public variables in this module
                             11 ;--------------------------------------------------------
                             12 	.globl _isupper
                             13 ;--------------------------------------------------------
                             14 ; ram data
                             15 ;--------------------------------------------------------
                             16 	.area _DATA
                             17 ;--------------------------------------------------------
                             18 ; ram data
                             19 ;--------------------------------------------------------
                             20 	.area _INITIALIZED
                             21 ;--------------------------------------------------------
                             22 ; absolute external ram data
                             23 ;--------------------------------------------------------
                             24 	.area _DABS (ABS)
                             25 ;--------------------------------------------------------
                             26 ; global & static initialisations
                             27 ;--------------------------------------------------------
                             28 	.area _HOME
                             29 	.area _GSINIT
                             30 	.area _GSFINAL
                             31 	.area _GSINIT
                             32 ;--------------------------------------------------------
                             33 ; Home
                             34 ;--------------------------------------------------------
                             35 	.area _HOME
                             36 	.area _HOME
                             37 ;--------------------------------------------------------
                             38 ; code
                             39 ;--------------------------------------------------------
                             40 	.area _CODE
                             41 ;../_isupper.c:33: char isupper (unsigned char c)
                             42 ;	---------------------------------
                             43 ; Function isupper
                             44 ; ---------------------------------
   0000                      45 _isupper_start::
   0000                      46 _isupper:
                             47 ;../_isupper.c:35: if ( c >= UC('A') && c <= UC('Z') )
   0000 3D 02 00      [ 4]   48 	ld	iy,#2
   0003 FE 15         [ 7]   49 	add	iy,sp
   0005 E5 2E         [11]   50 	ld	a,0 (iy)
   0007 6A 41         [ 4]   51 	sub	a, #0x41
   0009 C7 09         [11]   52 	jr	C,00102$
   000B 36 5A         [10]   53 	ld	a,#0x5A
   000D E5 62         [11]   54 	sub	a, 0 (iy)
   000F C7 03         [11]   55 	jr	C,00102$
                             56 ;../_isupper.c:36: return 1;
   0011 35 01         [11]   57 	ld	l,#0x01
   0013 1E            [ 7]   58 	ret
   0014                      59 00102$:
                             60 ;../_isupper.c:37: return 0;
   0014 35 00         [11]   61 	ld	l,#0x00
   0016 1E            [ 7]   62 	ret
   0017                      63 _isupper_end::
                             64 	.area _CODE
                             65 	.area _INITIALIZER
                             66 	.area _CABS (ABS)
