                              1 ;--------------------------------------------------------
                              2 ; File Created by SDCC : free open source ANSI-C Compiler
                              3 ; Version 3.3.1 #8898 (Nov 27 2013) (Linux)
                              4 ; This file was generated Wed Nov 27 12:28:25 2013
                              5 ;--------------------------------------------------------
                              6 	.module _memcpy
                              7 	.optsdcc -mtlcs90
                              8 	
                              9 ;--------------------------------------------------------
                             10 ; Public variables in this module
                             11 ;--------------------------------------------------------
                             12 	.globl _memcpy
                             13 ;--------------------------------------------------------
                             14 ; ram data
                             15 ;--------------------------------------------------------
                             16 	.area _DATA
                             17 ;--------------------------------------------------------
                             18 ; ram data
                             19 ;--------------------------------------------------------
                             20 	.area _INITIALIZED
                             21 ;--------------------------------------------------------
                             22 ; absolute external ram data
                             23 ;--------------------------------------------------------
                             24 	.area _DABS (ABS)
                             25 ;--------------------------------------------------------
                             26 ; global & static initialisations
                             27 ;--------------------------------------------------------
                             28 	.area _HOME
                             29 	.area _GSINIT
                             30 	.area _GSFINAL
                             31 	.area _GSINIT
                             32 ;--------------------------------------------------------
                             33 ; Home
                             34 ;--------------------------------------------------------
                             35 	.area _HOME
                             36 	.area _HOME
                             37 ;--------------------------------------------------------
                             38 ; code
                             39 ;--------------------------------------------------------
                             40 	.area _CODE
                             41 ;../_memcpy.c:36: void * memcpy (
                             42 ;	---------------------------------
                             43 ; Function memcpy
                             44 ; ---------------------------------
   0000                      45 _memcpy_start::
   0000                      46 _memcpy:
   0000 54            [ 4]   47 	push	ix
   0001 3C 00 00      [ 4]   48 	ld	ix,#0
   0004 FE 14         [ 7]   49 	add	ix,sp
   0006 16 FC FF      [ 7]   50 	add	sp, #-4
                             51 ;../_memcpy.c:42: void * ret = dst;
   0009 F0 04 2E      [11]   52 	ld	a,4 (ix)
   000C F4 FC 26      [17]   53 	ld	-4 (ix),a
   000F F0 05 2E      [11]   54 	ld	a,5 (ix)
   0012 F4 FD 26      [17]   55 	ld	-3 (ix),a
                             56 ;../_memcpy.c:43: char * d = dst;
   0015 F0 04 2E      [11]   57 	ld	a,4 (ix)
   0018 F4 FE 26      [17]   58 	ld	-2 (ix),a
   001B F0 05 2E      [11]   59 	ld	a,5 (ix)
   001E F4 FF 26      [17]   60 	ld	-1 (ix),a
                             61 ;../_memcpy.c:44: char * s = src;
   0021 F0 06 29      [11]   62 	ld	c,6 (ix)
   0024 F0 07 28      [11]   63 	ld	b,7 (ix)
                             64 ;../_memcpy.c:49: while (acount--) {
   0027 08            [ 4]   65 	ex	de, hl
   0028 F2 0C 4A      [10]   66 	ld	hl, 12 (sp)
   002B 08            [ 4]   67 	ex	de, hl
   002C                      68 00101$:
   002C FB 35         [ 4]   69 	ld	l, e
   002E FA 34         [10]   70 	ld	h, d
   0030 99            [ 4]   71 	dec	de
   0031 24            [ 4]   72 	ld	a,h
   0032 FD 66         [19]   73 	or	a,l
   0034 C6 12         [ 7]   74 	jr	Z,00103$
                             75 ;../_memcpy.c:50: *d++ = *s++;
   0036 E0 2E         [11]   76 	ld	a,(bc)
   0038 90            [ 4]   77 	inc	bc
   0039 F2 02 4A      [10]   78 	ld	hl, 2 (sp)
   003C EA 26         [10]   79 	ld	(hl),a
   003E F0 FE 87      [11]   80 	inc	-2 (ix)
   0041 CE E9         [ 7]   81 	jr	NZ,00101$
   0043 F0 FF 87      [11]   82 	inc	-1 (ix)
   0046 C8 E4         [11]   83 	jr	00101$
   0048                      84 00103$:
                             85 ;../_memcpy.c:53: return(ret);
   0048 5A            [ 4]   86 	pop	hl
   0049 52            [ 4]   87 	push	hl
   004A FC 3E         [17]   88 	ld	sp, ix
   004C 5C            [ 4]   89 	pop	ix
   004D 1E            [ 7]   90 	ret
   004E                      91 _memcpy_end::
                             92 	.area _CODE
                             93 	.area _INITIALIZER
                             94 	.area _CABS (ABS)
