                              1 ;--------------------------------------------------------
                              2 ; File Created by SDCC : free open source ANSI-C Compiler
                              3 ; Version 3.3.1 #8898 (Nov 27 2013) (Linux)
                              4 ; This file was generated Wed Nov 27 12:28:23 2013
                              5 ;--------------------------------------------------------
                              6 	.module _modslong
                              7 	.optsdcc -mtlcs90
                              8 	
                              9 ;--------------------------------------------------------
                             10 ; Public variables in this module
                             11 ;--------------------------------------------------------
                             12 	.globl __modslong
                             13 ;--------------------------------------------------------
                             14 ; ram data
                             15 ;--------------------------------------------------------
                             16 	.area _DATA
                             17 ;--------------------------------------------------------
                             18 ; ram data
                             19 ;--------------------------------------------------------
                             20 	.area _INITIALIZED
                             21 ;--------------------------------------------------------
                             22 ; absolute external ram data
                             23 ;--------------------------------------------------------
                             24 	.area _DABS (ABS)
                             25 ;--------------------------------------------------------
                             26 ; global & static initialisations
                             27 ;--------------------------------------------------------
                             28 	.area _HOME
                             29 	.area _GSINIT
                             30 	.area _GSFINAL
                             31 	.area _GSINIT
                             32 ;--------------------------------------------------------
                             33 ; Home
                             34 ;--------------------------------------------------------
                             35 	.area _HOME
                             36 	.area _HOME
                             37 ;--------------------------------------------------------
                             38 ; code
                             39 ;--------------------------------------------------------
                             40 	.area _CODE
                             41 ;../_modslong.c:259: _modslong (long a, long b)
                             42 ;	---------------------------------
                             43 ; Function _modslong
                             44 ; ---------------------------------
   0000                      45 __modslong_start::
   0000                      46 __modslong:
   0000 54            [ 4]   47 	push	ix
   0001 3C 00 00      [ 4]   48 	ld	ix,#0
   0004 FE 14         [ 7]   49 	add	ix,sp
   0006 16 FB FF      [ 7]   50 	add	sp, #-5
                             51 ;../_modslong.c:263: r = (unsigned long)(a < 0 ? -a : a) % (unsigned long)(b < 0 ? -b : b);
   0009 F0 07 2E      [11]   52 	ld	a,7 (ix)
   000C A0            [ 4]   53 	rlca
   000D 6C 01         [ 4]   54 	and	a,#0x01
   000F F4 FB 26      [17]   55 	ld	-5 (ix), a
   0012 FE 66         [ 7]   56 	or	a, a
   0014 C6 1A         [ 7]   57 	jr	Z,00106$
   0016 FE 65         [ 7]   58 	xor	a, a
   0018 F0 04 62      [11]   59 	sub	a, 4 (ix)
   001B 2D            [ 4]   60 	ld	l,a
   001C 36 00         [10]   61 	ld	a, #0x00
   001E F0 05 63      [11]   62 	sbc	a, 5 (ix)
   0021 2C            [ 4]   63 	ld	h,a
   0022 36 00         [10]   64 	ld	a, #0x00
   0024 F0 06 63      [11]   65 	sbc	a, 6 (ix)
   0027 2B            [ 6]   66 	ld	e,a
   0028 36 00         [10]   67 	ld	a, #0x00
   002A F0 07 63      [11]   68 	sbc	a, 7 (ix)
   002D 2A            [16]   69 	ld	d,a
   002E C8 0C         [11]   70 	jr	00107$
   0030                      71 00106$:
   0030 F0 04 2D      [11]   72 	ld	l,4 (ix)
   0033 F0 05 2C      [11]   73 	ld	h,5 (ix)
   0036 F0 06 2B      [11]   74 	ld	e,6 (ix)
   0039 F0 07 2A      [11]   75 	ld	d,7 (ix)
   003C                      76 00107$:
   003C F4 FC 25      [17]   77 	ld	-4 (ix),l
   003F F4 FD 24      [17]   78 	ld	-3 (ix),h
   0042 F4 FE 23      [17]   79 	ld	-2 (ix),e
   0045 F4 FF 22      [17]   80 	ld	-1 (ix),d
   0048 F0 0B AF      [11]   81 	bit	7, 11 (ix)
   004B C6 1A         [ 7]   82 	jr	Z,00108$
   004D FE 65         [ 7]   83 	xor	a, a
   004F F0 08 62      [11]   84 	sub	a, 8 (ix)
   0052 29            [11]   85 	ld	c,a
   0053 36 00         [10]   86 	ld	a, #0x00
   0055 F0 09 63      [11]   87 	sbc	a, 9 (ix)
   0058 28            [12]   88 	ld	b,a
   0059 36 00         [10]   89 	ld	a, #0x00
   005B F0 0A 63      [11]   90 	sbc	a, 10 (ix)
   005E 2D            [ 4]   91 	ld	l,a
   005F 36 00         [10]   92 	ld	a, #0x00
   0061 F0 0B 63      [11]   93 	sbc	a, 11 (ix)
   0064 2C            [ 4]   94 	ld	h,a
   0065 C8 0C         [11]   95 	jr	00109$
   0067                      96 00108$:
   0067 F0 08 29      [11]   97 	ld	c,8 (ix)
   006A F0 09 28      [11]   98 	ld	b,9 (ix)
   006D F0 0A 2D      [11]   99 	ld	l,10 (ix)
   0070 F0 0B 2C      [11]  100 	ld	h,11 (ix)
   0073                     101 00109$:
   0073 52            [ 4]  102 	push	hl
   0074 50            [ 4]  103 	push	bc
   0075 F2 07 4A      [10]  104 	ld	hl, 7 (sp)
   0078 52            [ 4]  105 	push	hl
   0079 F2 07 4A      [10]  106 	ld	hl, 7 (sp)
   007C 52            [ 4]  107 	push	hl
   007D 1Cr00r00      [ 4]  108 	call	__modulong_rrx_s
   0080 16 08 00      [ 7]  109 	add	sp, #8
                            110 ;../_modslong.c:265: if (a < 0)
   0083 F0 FB 2E      [11]  111 	ld	a,-5 (ix)
   0086 FE 66         [ 7]  112 	or	a, a
   0088 C6 14         [ 7]  113 	jr	Z,00102$
                            114 ;../_modslong.c:266: return -r;
   008A FE 65         [ 7]  115 	xor	a, a
   008C FD 62               116 	sub	a, l
   008E 2D            [ 4]  117 	ld	l,a
   008F 36 00         [10]  118 	ld	a, #0x00
   0091 FC 63         [17]  119 	sbc	a, h
   0093 2C            [ 4]  120 	ld	h,a
   0094 36 00         [10]  121 	ld	a, #0x00
   0096 FB 63         [ 4]  122 	sbc	a, e
   0098 2B            [ 6]  123 	ld	e,a
   0099 36 00         [10]  124 	ld	a, #0x00
   009B FA 63         [10]  125 	sbc	a, d
   009D 2A            [16]  126 	ld	d,a
                            127 ;../_modslong.c:268: return r;
   009E                     128 00102$:
   009E FC 3E         [17]  129 	ld	sp, ix
   00A0 5C            [ 4]  130 	pop	ix
   00A1 1E            [ 7]  131 	ret
   00A2                     132 __modslong_end::
                            133 	.area _CODE
                            134 	.area _INITIALIZER
                            135 	.area _CABS (ABS)
