                              1 ;--------------------------------------------------------
                              2 ; File Created by SDCC : free open source ANSI-C Compiler
                              3 ; Version 3.3.1 #8898 (Nov 27 2013) (Linux)
                              4 ; This file was generated Wed Nov 27 12:28:23 2013
                              5 ;--------------------------------------------------------
                              6 	.module _modulong
                              7 	.optsdcc -mtlcs90
                              8 	
                              9 ;--------------------------------------------------------
                             10 ; Public variables in this module
                             11 ;--------------------------------------------------------
                             12 	.globl __modulong
                             13 ;--------------------------------------------------------
                             14 ; ram data
                             15 ;--------------------------------------------------------
                             16 	.area _DATA
                             17 ;--------------------------------------------------------
                             18 ; ram data
                             19 ;--------------------------------------------------------
                             20 	.area _INITIALIZED
                             21 ;--------------------------------------------------------
                             22 ; absolute external ram data
                             23 ;--------------------------------------------------------
                             24 	.area _DABS (ABS)
                             25 ;--------------------------------------------------------
                             26 ; global & static initialisations
                             27 ;--------------------------------------------------------
                             28 	.area _HOME
                             29 	.area _GSINIT
                             30 	.area _GSFINAL
                             31 	.area _GSINIT
                             32 ;--------------------------------------------------------
                             33 ; Home
                             34 ;--------------------------------------------------------
                             35 	.area _HOME
                             36 	.area _HOME
                             37 ;--------------------------------------------------------
                             38 ; code
                             39 ;--------------------------------------------------------
                             40 	.area _CODE
                             41 ;../_modulong.c:340: _modulong (unsigned long a, unsigned long b)
                             42 ;	---------------------------------
                             43 ; Function _modulong
                             44 ; ---------------------------------
   0000                      45 __modulong_start::
   0000                      46 __modulong:
   0000 54            [ 4]   47 	push	ix
   0001 3C 00 00      [ 4]   48 	ld	ix,#0
   0004 FE 14         [ 7]   49 	add	ix,sp
                             50 ;../_modulong.c:342: unsigned char count = 0;
                             51 ;../_modulong.c:344: while (!MSB_SET(b))
   0006 39 00 00      [11]   52 	ld	de,#0x0000
   0009                      53 00103$:
   0009 F0 0B 2E      [11]   54 	ld	a,11 (ix)
   000C FE A0         [ 7]   55 	rlc	a
   000E 6C 01         [ 4]   56 	and	a,#0x01
   0010 EBr52r00 CE   [ 4]   57 	jp	NZ,00117$
                             58 ;../_modulong.c:346: b <<= 1;
   0014 56            [ 7]   59 	push	af
   0015 5E            [ 7]   60 	pop	af
   0016 F0 08 A4      [11]   61 	sla	8 (ix)
   0019 F0 09 A2      [11]   62 	rl	9 (ix)
   001C F0 0A A2      [11]   63 	rl	10 (ix)
   001F F0 0B A2      [11]   64 	rl	11 (ix)
                             65 ;../_modulong.c:347: if (b > a)
   0022 F0 04 2E      [11]   66 	ld	a,4 (ix)
   0025 F0 08 62      [11]   67 	sub	a, 8 (ix)
   0028 F0 05 2E      [11]   68 	ld	a,5 (ix)
   002B F0 09 63      [11]   69 	sbc	a, 9 (ix)
   002E F0 06 2E      [11]   70 	ld	a,6 (ix)
   0031 F0 0A 63      [11]   71 	sbc	a, 10 (ix)
   0034 F0 07 2E      [11]   72 	ld	a,7 (ix)
   0037 F0 0B 63      [11]   73 	sbc	a, 11 (ix)
   003A CF 10         [11]   74 	jr	NC,00102$
                             75 ;../_modulong.c:349: b >>=1;
   003C 56            [ 7]   76 	push	af
   003D 5E            [ 7]   77 	pop	af
   003E F0 0B A7      [11]   78 	srl	11 (ix)
   0041 F0 0A A3      [11]   79 	rr	10 (ix)
   0044 F0 09 A3      [11]   80 	rr	9 (ix)
   0047 F0 08 A3      [11]   81 	rr	8 (ix)
                             82 ;../_modulong.c:350: break;
   004A C8 06         [11]   83 	jr	00117$
   004C                      84 00102$:
                             85 ;../_modulong.c:352: count++;
   004C 83            [ 4]   86 	inc	e
   004D FB 32         [ 4]   87 	ld	d,e
   004F 1Ar09r00      [ 7]   88 	jp	00103$
                             89 ;../_modulong.c:354: do
   0052                      90 00117$:
   0052                      91 00108$:
                             92 ;../_modulong.c:356: if (a >= b)
   0052 F0 04 2E      [11]   93 	ld	a,4 (ix)
   0055 F0 08 62      [11]   94 	sub	a, 8 (ix)
   0058 F0 05 2E      [11]   95 	ld	a,5 (ix)
   005B F0 09 63      [11]   96 	sbc	a, 9 (ix)
   005E F0 06 2E      [11]   97 	ld	a,6 (ix)
   0061 F0 0A 63      [11]   98 	sbc	a, 10 (ix)
   0064 F0 07 2E      [11]   99 	ld	a,7 (ix)
   0067 F0 0B 63      [11]  100 	sbc	a, 11 (ix)
   006A C7 24         [11]  101 	jr	C,00107$
                            102 ;../_modulong.c:357: a -= b;
   006C F0 04 2E      [11]  103 	ld	a,4 (ix)
   006F F0 08 62      [11]  104 	sub	a, 8 (ix)
   0072 F4 04 26      [17]  105 	ld	4 (ix),a
   0075 F0 05 2E      [11]  106 	ld	a,5 (ix)
   0078 F0 09 63      [11]  107 	sbc	a, 9 (ix)
   007B F4 05 26      [17]  108 	ld	5 (ix),a
   007E F0 06 2E      [11]  109 	ld	a,6 (ix)
   0081 F0 0A 63      [11]  110 	sbc	a, 10 (ix)
   0084 F4 06 26      [17]  111 	ld	6 (ix),a
   0087 F0 07 2E      [11]  112 	ld	a,7 (ix)
   008A F0 0B 63      [11]  113 	sbc	a, 11 (ix)
   008D F4 07 26      [17]  114 	ld	7 (ix),a
   0090                     115 00107$:
                            116 ;../_modulong.c:358: b >>= 1;
   0090 56            [ 7]  117 	push	af
   0091 5E            [ 7]  118 	pop	af
   0092 F0 0B A7      [11]  119 	srl	11 (ix)
   0095 F0 0A A3      [11]  120 	rr	10 (ix)
   0098 F0 09 A3      [11]  121 	rr	9 (ix)
   009B F0 08 A3      [11]  122 	rr	8 (ix)
                            123 ;../_modulong.c:360: while (count--);
   009E FA 34         [10]  124 	ld	h,d
   00A0 8A            [ 4]  125 	dec	d
   00A1 24            [ 4]  126 	ld	a,h
   00A2 FE 66         [ 7]  127 	or	a, a
   00A4 EBr52r00 CE   [ 4]  128 	jp	NZ,00108$
                            129 ;../_modulong.c:362: return a;
   00A8 F0 04 2D      [11]  130 	ld	l,4 (ix)
   00AB F0 05 2C      [11]  131 	ld	h,5 (ix)
   00AE F0 06 2B      [11]  132 	ld	e,6 (ix)
   00B1 F0 07 2A      [11]  133 	ld	d,7 (ix)
   00B4 5C            [ 4]  134 	pop	ix
   00B5 1E            [ 7]  135 	ret
   00B6                     136 __modulong_end::
                            137 	.area _CODE
                            138 	.area _INITIALIZER
                            139 	.area _CABS (ABS)
