                              1 ;--------------------------------------------------------
                              2 ; File Created by SDCC : free open source ANSI-C Compiler
                              3 ; Version 3.3.1 #8898 (Nov 27 2013) (Linux)
                              4 ; This file was generated Wed Nov 27 12:28:29 2013
                              5 ;--------------------------------------------------------
                              6 	.module _startup
                              7 	.optsdcc -mtlcs90
                              8 	
                              9 ;--------------------------------------------------------
                             10 ; Public variables in this module
                             11 ;--------------------------------------------------------
                             12 	.globl __sdcc_external_startup
                             13 ;--------------------------------------------------------
                             14 ; ram data
                             15 ;--------------------------------------------------------
                             16 	.area _DATA
                             17 ;--------------------------------------------------------
                             18 ; ram data
                             19 ;--------------------------------------------------------
                             20 	.area _INITIALIZED
                             21 ;--------------------------------------------------------
                             22 ; absolute external ram data
                             23 ;--------------------------------------------------------
                             24 	.area _DABS (ABS)
                             25 ;--------------------------------------------------------
                             26 ; global & static initialisations
                             27 ;--------------------------------------------------------
                             28 	.area _HOME
                             29 	.area _GSINIT
                             30 	.area _GSFINAL
                             31 	.area _GSINIT
                             32 ;--------------------------------------------------------
                             33 ; Home
                             34 ;--------------------------------------------------------
                             35 	.area _HOME
                             36 	.area _HOME
                             37 ;--------------------------------------------------------
                             38 ; code
                             39 ;--------------------------------------------------------
                             40 	.area _CODE
                             41 ;../_startup.c:52: unsigned char _sdcc_external_startup ()
                             42 ;	---------------------------------
                             43 ; Function _sdcc_external_startup
                             44 ; ---------------------------------
   0000                      45 __sdcc_external_startup_start::
   0000                      46 __sdcc_external_startup:
                             47 ;../_startup.c:54: return 0;
   0000 35 00         [11]   48 	ld	l,#0x00
   0002 1E            [ 7]   49 	ret
   0003                      50 __sdcc_external_startup_end::
                             51 	.area _CODE
                             52 	.area _INITIALIZER
                             53 	.area _CABS (ABS)
