                              1 ;--------------------------------------------------------
                              2 ; File Created by SDCC : free open source ANSI-C Compiler
                              3 ; Version 3.3.1 #8898 (Nov 27 2013) (Linux)
                              4 ; This file was generated Wed Nov 27 12:28:24 2013
                              5 ;--------------------------------------------------------
                              6 	.module _strcmp
                              7 	.optsdcc -mtlcs90
                              8 	
                              9 ;--------------------------------------------------------
                             10 ; Public variables in this module
                             11 ;--------------------------------------------------------
                             12 	.globl _strcmp
                             13 ;--------------------------------------------------------
                             14 ; ram data
                             15 ;--------------------------------------------------------
                             16 	.area _DATA
                             17 ;--------------------------------------------------------
                             18 ; ram data
                             19 ;--------------------------------------------------------
                             20 	.area _INITIALIZED
                             21 ;--------------------------------------------------------
                             22 ; absolute external ram data
                             23 ;--------------------------------------------------------
                             24 	.area _DABS (ABS)
                             25 ;--------------------------------------------------------
                             26 ; global & static initialisations
                             27 ;--------------------------------------------------------
                             28 	.area _HOME
                             29 	.area _GSINIT
                             30 	.area _GSFINAL
                             31 	.area _GSINIT
                             32 ;--------------------------------------------------------
                             33 ; Home
                             34 ;--------------------------------------------------------
                             35 	.area _HOME
                             36 	.area _HOME
                             37 ;--------------------------------------------------------
                             38 ; code
                             39 ;--------------------------------------------------------
                             40 	.area _CODE
                             41 ;../_strcmp.c:34: int strcmp (
                             42 ;	---------------------------------
                             43 ; Function strcmp
                             44 ; ---------------------------------
   0000                      45 _strcmp_start::
   0000                      46 _strcmp:
   0000 54            [ 4]   47 	push	ix
   0001 3C 00 00      [ 4]   48 	ld	ix,#0
   0004 FE 14         [ 7]   49 	add	ix,sp
   0006 9E            [ 7]   50 	dec	sp
                             51 ;../_strcmp.c:43: const char * src = asrc;
   0007 F0 04 29      [11]   52 	ld	c,4 (ix)
   000A F0 05 28      [11]   53 	ld	b,5 (ix)
                             54 ;../_strcmp.c:44: const char * dst = adst;
   000D F2 07 4D      [10]   55 	ld	iy, 7 (sp)
                             56 ;../_strcmp.c:46: while( ! (*src - *dst) && *dst)
   0010                      57 00102$:
   0010 E0 2E         [11]   58 	ld	a,(bc)
   0012 2A            [16]   59 	ld	d,a
   0013 A2            [ 4]   60 	rla
   0014 FE 63         [ 7]   61 	sbc	a, a
   0016 2B            [ 6]   62 	ld	e,a
   0017 E5 2E         [11]   63 	ld	a, 0 (iy)
   0019 F4 FF 26      [17]   64 	ld	-1 (ix), a
   001C 2D            [ 4]   65 	ld	l, a
   001D F0 FF 2E      [11]   66 	ld	a,-1 (ix)
   0020 A2            [ 4]   67 	rla
   0021 FE 63         [ 7]   68 	sbc	a, a
   0023 2C            [ 4]   69 	ld	h,a
   0024 22            [16]   70 	ld	a,d
   0025 FD 62                71 	sub	a, l
   0027 2D            [ 4]   72 	ld	l,a
   0028 23            [ 6]   73 	ld	a,e
   0029 FC 63         [17]   74 	sbc	a, h
   002B 2C            [ 4]   75 	ld	h,a
   002C FD 66         [19]   76 	or	a,l
   002E CE 0C         [ 7]   77 	jr	NZ,00104$
   0030 F0 FF 2E      [11]   78 	ld	a,-1 (ix)
   0033 FE 66         [ 7]   79 	or	a, a
   0035 C6 05         [ 7]   80 	jr	Z,00104$
                             81 ;../_strcmp.c:47: ++src, ++dst;
   0037 90            [ 4]   82 	inc	bc
   0038 95            [ 4]   83 	inc	iy
   0039 1Ar10r00      [ 7]   84 	jp	00102$
   003C                      85 00104$:
                             86 ;../_strcmp.c:49: return *src - *dst;
   003C 96            [ 7]   87 	inc	sp
   003D 5C            [ 4]   88 	pop	ix
   003E 1E            [ 7]   89 	ret
   003F                      90 _strcmp_end::
                             91 	.area _CODE
                             92 	.area _INITIALIZER
                             93 	.area _CABS (ABS)
