                              1 ;--------------------------------------------------------
                              2 ; File Created by SDCC : free open source ANSI-C Compiler
                              3 ; Version 3.3.1 #8898 (Nov 27 2013) (Linux)
                              4 ; This file was generated Wed Nov 27 12:28:24 2013
                              5 ;--------------------------------------------------------
                              6 	.module _strrchr
                              7 	.optsdcc -mtlcs90
                              8 	
                              9 ;--------------------------------------------------------
                             10 ; Public variables in this module
                             11 ;--------------------------------------------------------
                             12 	.globl _strrchr
                             13 ;--------------------------------------------------------
                             14 ; ram data
                             15 ;--------------------------------------------------------
                             16 	.area _DATA
                             17 ;--------------------------------------------------------
                             18 ; ram data
                             19 ;--------------------------------------------------------
                             20 	.area _INITIALIZED
                             21 ;--------------------------------------------------------
                             22 ; absolute external ram data
                             23 ;--------------------------------------------------------
                             24 	.area _DABS (ABS)
                             25 ;--------------------------------------------------------
                             26 ; global & static initialisations
                             27 ;--------------------------------------------------------
                             28 	.area _HOME
                             29 	.area _GSINIT
                             30 	.area _GSFINAL
                             31 	.area _GSINIT
                             32 ;--------------------------------------------------------
                             33 ; Home
                             34 ;--------------------------------------------------------
                             35 	.area _HOME
                             36 	.area _HOME
                             37 ;--------------------------------------------------------
                             38 ; code
                             39 ;--------------------------------------------------------
                             40 	.area _CODE
                             41 ;../_strrchr.c:37: char * strrchr (
                             42 ;	---------------------------------
                             43 ; Function strrchr
                             44 ; ---------------------------------
   0000                      45 _strrchr_start::
   0000                      46 _strrchr:
   0000 54            [ 4]   47 	push	ix
   0001 3C 00 00      [ 4]   48 	ld	ix,#0
   0004 FE 14         [ 7]   49 	add	ix,sp
   0006 16 FE FF      [ 7]   50 	add	sp, #-2
                             51 ;../_strrchr.c:43: const char * start = string;
   0009 F0 04 2E      [11]   52 	ld	a,4 (ix)
   000C F4 FE 26      [17]   53 	ld	-2 (ix),a
   000F F0 05 2E      [11]   54 	ld	a,5 (ix)
   0012 F4 FF 26      [17]   55 	ld	-1 (ix),a
                             56 ;../_strrchr.c:45: while (*string++)                       /* find end of string */
   0015 5A            [ 4]   57 	pop	hl
   0016 52            [ 4]   58 	push	hl
   0017                      59 00101$:
   0017 E2 2E         [10]   60 	ld	a,(hl)
   0019 92            [ 4]   61 	inc	hl
   001A FE 66         [ 7]   62 	or	a, a
   001C CE F9         [ 7]   63 	jr	NZ,00101$
                             64 ;../_strrchr.c:48: while (--string != start && *string != ch)
   001E FD 31                65 	ld	c, l
   0020 FC 30         [17]   66 	ld	b, h
   0022                      67 00105$:
   0022 98            [ 4]   68 	dec	bc
   0023 E0 2E         [11]   69 	ld	a,(bc)
   0025 2A            [16]   70 	ld	d,a
   0026 A2            [ 4]   71 	rla
   0027 FE 63         [ 7]   72 	sbc	a, a
   0029 2B            [ 6]   73 	ld	e,a
   002A F0 06 2E      [11]   74 	ld	a,6 (ix)
   002D FA 62         [10]   75 	sub	a, d
   002F CE 0B         [ 7]   76 	jr	NZ,00133$
   0031 F0 07 2E      [11]   77 	ld	a,7 (ix)
   0034 FB 62         [ 4]   78 	sub	a, e
   0036 CE 04         [ 7]   79 	jr	NZ,00133$
   0038 36 01         [10]   80 	ld	a,#0x01
   003A C8 02         [11]   81 	jr	00134$
   003C                      82 00133$:
   003C FE 65         [ 7]   83 	xor	a,a
   003E                      84 00134$:
   003E 2A            [16]   85 	ld	d,a
   003F F0 FE 2E      [11]   86 	ld	a,-2 (ix)
   0042 F9 62         [ 6]   87 	sub	a, c
   0044 CE 07         [ 7]   88 	jr	NZ,00135$
   0046 F0 FF 2E      [11]   89 	ld	a,-1 (ix)
   0049 F8 62         [11]   90 	sub	a, b
   004B C6 07         [ 7]   91 	jr	Z,00107$
   004D                      92 00135$:
   004D 22            [16]   93 	ld	a,d
   004E FE 66         [ 7]   94 	or	a, a
   0050 EBr22r00 C6   [ 4]   95 	jp	Z,00105$
   0054                      96 00107$:
                             97 ;../_strrchr.c:51: if (*string == ch)                /* char found ? */
   0054 22            [16]   98 	ld	a,d
   0055 FE 66         [ 7]   99 	or	a, a
   0057 C6 06         [ 7]  100 	jr	Z,00109$
                            101 ;../_strrchr.c:52: return( (char *)string );
   0059 F9 35         [ 6]  102 	ld	l, c
   005B F8 34         [11]  103 	ld	h, b
   005D C8 03         [11]  104 	jr	00110$
   005F                     105 00109$:
                            106 ;../_strrchr.c:54: return (NULL) ;
   005F 3A 00 00      [13]  107 	ld	hl,#0x0000
   0062                     108 00110$:
   0062 FC 3E         [17]  109 	ld	sp, ix
   0064 5C            [ 4]  110 	pop	ix
   0065 1E            [ 7]  111 	ret
   0066                     112 _strrchr_end::
                            113 	.area _CODE
                            114 	.area _INITIALIZER
                            115 	.area _CABS (ABS)
