                              1 ;--------------------------------------------------------
                              2 ; File Created by SDCC : free open source ANSI-C Compiler
                              3 ; Version 3.3.1 #8898 (Nov 27 2013) (Linux)
                              4 ; This file was generated Wed Nov 27 12:28:24 2013
                              5 ;--------------------------------------------------------
                              6 	.module _strcat
                              7 	.optsdcc -mtlcs90
                              8 	
                              9 ;--------------------------------------------------------
                             10 ; Public variables in this module
                             11 ;--------------------------------------------------------
                             12 	.globl _strcat
                             13 ;--------------------------------------------------------
                             14 ; ram data
                             15 ;--------------------------------------------------------
                             16 	.area _DATA
                             17 ;--------------------------------------------------------
                             18 ; ram data
                             19 ;--------------------------------------------------------
                             20 	.area _INITIALIZED
                             21 ;--------------------------------------------------------
                             22 ; absolute external ram data
                             23 ;--------------------------------------------------------
                             24 	.area _DABS (ABS)
                             25 ;--------------------------------------------------------
                             26 ; global & static initialisations
                             27 ;--------------------------------------------------------
                             28 	.area _HOME
                             29 	.area _GSINIT
                             30 	.area _GSFINAL
                             31 	.area _GSINIT
                             32 ;--------------------------------------------------------
                             33 ; Home
                             34 ;--------------------------------------------------------
                             35 	.area _HOME
                             36 	.area _HOME
                             37 ;--------------------------------------------------------
                             38 ; code
                             39 ;--------------------------------------------------------
                             40 	.area _CODE
                             41 ;../_strcat.c:31: char * strcat (
                             42 ;	---------------------------------
                             43 ; Function strcat
                             44 ; ---------------------------------
   0000                      45 _strcat_start::
   0000                      46 _strcat:
   0000 54            [ 4]   47 	push	ix
                             48 ;../_strcat.c:36: char * cp = dst;
   0001 F2 04 4A      [10]   49 	ld	hl, 4 (sp)
                             50 ;../_strcat.c:38: while( *cp )
   0004                      51 00101$:
   0004 E2 2E         [10]   52 	ld	a,(hl)
   0006 FE 66         [ 7]   53 	or	a, a
   0008 C6 03         [ 7]   54 	jr	Z,00111$
                             55 ;../_strcat.c:39: cp++;                   /* find end of dst */
   000A 92            [ 4]   56 	inc	hl
   000B C8 F7         [11]   57 	jr	00101$
                             58 ;../_strcat.c:41: while( *cp++ = *src++ ) ;       /* Copy src to end of dst */
   000D                      59 00111$:
   000D F2 06 4D      [10]   60 	ld	iy, 6 (sp)
   0010 08            [ 4]   61 	ex	de,hl
   0011                      62 00104$:
   0011 E5 2E         [11]   63 	ld	a, 0 (iy)
   0013 95            [ 4]   64 	inc	iy
   0014 E9 26         [ 4]   65 	ld	(de),a
   0016 91            [ 4]   66 	inc	de
   0017 FE 66         [ 7]   67 	or	a, a
   0019 CE F6         [ 7]   68 	jr	NZ,00104$
                             69 ;../_strcat.c:43: return( dst );                  /* return dst */
   001B F2 04 4A      [10]   70 	ld	hl, 4 (sp)
   001E 5C            [ 4]   71 	pop	ix
   001F 1E            [ 7]   72 	ret
   0020                      73 _strcat_end::
                             74 	.area _CODE
                             75 	.area _INITIALIZER
                             76 	.area _CABS (ABS)
