                              1 ;--------------------------------------------------------
                              2 ; File Created by SDCC : free open source ANSI-C Compiler
                              3 ; Version 3.3.1 #8898 (Nov 27 2013) (Linux)
                              4 ; This file was generated Wed Nov 27 12:28:28 2013
                              5 ;--------------------------------------------------------
                              6 	.module assert
                              7 	.optsdcc -mtlcs90
                              8 	
                              9 ;--------------------------------------------------------
                             10 ; Public variables in this module
                             11 ;--------------------------------------------------------
                             12 	.globl __assert
                             13 	.globl _printf
                             14 ;--------------------------------------------------------
                             15 ; ram data
                             16 ;--------------------------------------------------------
                             17 	.area _DATA
                             18 ;--------------------------------------------------------
                             19 ; ram data
                             20 ;--------------------------------------------------------
                             21 	.area _INITIALIZED
                             22 ;--------------------------------------------------------
                             23 ; absolute external ram data
                             24 ;--------------------------------------------------------
                             25 	.area _DABS (ABS)
                             26 ;--------------------------------------------------------
                             27 ; global & static initialisations
                             28 ;--------------------------------------------------------
                             29 	.area _HOME
                             30 	.area _GSINIT
                             31 	.area _GSFINAL
                             32 	.area _GSINIT
                             33 ;--------------------------------------------------------
                             34 ; Home
                             35 ;--------------------------------------------------------
                             36 	.area _HOME
                             37 	.area _HOME
                             38 ;--------------------------------------------------------
                             39 ; code
                             40 ;--------------------------------------------------------
                             41 	.area _CODE
                             42 ;../assert.c:32: void _assert(char *expr, const char *filename, unsigned int linenumber)
                             43 ;	---------------------------------
                             44 ; Function _assert
                             45 ; ---------------------------------
   0000                      46 __assert_start::
   0000                      47 __assert:
                             48 ;../assert.c:34: printf("Assert(%s) failed at line %u in file %s.\n",
   0000 39r18r00      [11]   49 	ld	de,#__str_0
   0003 F2 04 4A      [10]   50 	ld	hl, 4 (sp)
   0006 52            [ 4]   51 	push	hl
   0007 F2 08 4A      [10]   52 	ld	hl, 8 (sp)
   000A 52            [ 4]   53 	push	hl
   000B F2 06 4A      [10]   54 	ld	hl, 6 (sp)
   000E 52            [ 4]   55 	push	hl
   000F 51            [ 4]   56 	push	de
   0010 1Cr00r00      [ 4]   57 	call	_printf
   0013 16 08 00      [ 7]   58 	add	sp, #8
                             59 ;../assert.c:36: while(1);
   0016                      60 00102$:
   0016 C8 FE         [11]   61 	jr	00102$
   0018                      62 __assert_end::
   0018                      63 __str_0:
   0018 41 73 73 65 72 74    64 	.ascii "Assert(%s) failed at line %u in file %s."
        28 25 73 29 20 66
        61 69 6C 65 64 20
        61 74 20 6C 69 6E
        65 20 25 75 20 69
        6E 20 66 69 6C 65
        20 25 73 2E
   0040 0A                   65 	.db 0x0A
   0041 00                   66 	.db 0x00
                             67 	.area _CODE
                             68 	.area _INITIALIZER
                             69 	.area _CABS (ABS)
