                              1 ;--------------------------------------------------------
                              2 ; File Created by SDCC : free open source ANSI-C Compiler
                              3 ; Version 3.3.1 #8898 (Nov 27 2013) (Linux)
                              4 ; This file was generated Wed Nov 27 12:28:24 2013
                              5 ;--------------------------------------------------------
                              6 	.module labs
                              7 	.optsdcc -mtlcs90
                              8 	
                              9 ;--------------------------------------------------------
                             10 ; Public variables in this module
                             11 ;--------------------------------------------------------
                             12 	.globl _labs
                             13 ;--------------------------------------------------------
                             14 ; ram data
                             15 ;--------------------------------------------------------
                             16 	.area _DATA
                             17 ;--------------------------------------------------------
                             18 ; ram data
                             19 ;--------------------------------------------------------
                             20 	.area _INITIALIZED
                             21 ;--------------------------------------------------------
                             22 ; absolute external ram data
                             23 ;--------------------------------------------------------
                             24 	.area _DABS (ABS)
                             25 ;--------------------------------------------------------
                             26 ; global & static initialisations
                             27 ;--------------------------------------------------------
                             28 	.area _HOME
                             29 	.area _GSINIT
                             30 	.area _GSFINAL
                             31 	.area _GSINIT
                             32 ;--------------------------------------------------------
                             33 ; Home
                             34 ;--------------------------------------------------------
                             35 	.area _HOME
                             36 	.area _HOME
                             37 ;--------------------------------------------------------
                             38 ; code
                             39 ;--------------------------------------------------------
                             40 	.area _CODE
                             41 ;../labs.c:63: long int labs(long int j)
                             42 ;	---------------------------------
                             43 ; Function labs
                             44 ; ---------------------------------
   0000                      45 _labs_start::
   0000                      46 _labs:
                             47 ;../labs.c:65: return (j < 0) ? -j : j;
   0000 3D 02 00      [ 4]   48 	ld	iy,#2
   0003 FE 15         [ 7]   49 	add	iy,sp
   0005 F1 03 AF      [10]   50 	bit	7,3 (iy)
   0008 C6 18         [ 7]   51 	jr	Z,00103$
   000A FE 65         [ 7]   52 	xor	a, a
   000C E5 62         [11]   53 	sub	a, 0 (iy)
   000E 2D            [ 4]   54 	ld	l,a
   000F 36 00         [10]   55 	ld	a, #0x00
   0011 F1 01 63      [10]   56 	sbc	a, 1 (iy)
   0014 2C            [ 4]   57 	ld	h,a
   0015 36 00         [10]   58 	ld	a, #0x00
   0017 F1 02 63      [10]   59 	sbc	a, 2 (iy)
   001A 2B            [ 6]   60 	ld	e,a
   001B 36 00         [10]   61 	ld	a, #0x00
   001D F1 03 63      [10]   62 	sbc	a, 3 (iy)
   0020 2A            [16]   63 	ld	d,a
   0021 1E            [ 7]   64 	ret
   0022                      65 00103$:
   0022 3D 02 00      [ 4]   66 	ld	iy,#2
   0025 FE 15         [ 7]   67 	add	iy,sp
   0027 E5 2D         [11]   68 	ld	l,0 (iy)
   0029 F1 01 2C      [10]   69 	ld	h,1 (iy)
   002C F1 02 2B      [10]   70 	ld	e,2 (iy)
   002F F1 03 2A      [10]   71 	ld	d,3 (iy)
   0032 1E            [ 7]   72 	ret
   0033                      73 _labs_end::
                             74 	.area _CODE
                             75 	.area _INITIALIZER
                             76 	.area _CABS (ABS)
