                              1 ;--------------------------------------------------------
                              2 ; File Created by SDCC : free open source ANSI-C Compiler
                              3 ; Version 3.3.1 #8898 (Nov 27 2013) (Linux)
                              4 ; This file was generated Wed Nov 27 12:28:20 2013
                              5 ;--------------------------------------------------------
                              6 	.module log10f
                              7 	.optsdcc -mtlcs90
                              8 	
                              9 ;--------------------------------------------------------
                             10 ; Public variables in this module
                             11 ;--------------------------------------------------------
                             12 	.globl _logf
                             13 	.globl _log10f
                             14 ;--------------------------------------------------------
                             15 ; ram data
                             16 ;--------------------------------------------------------
                             17 	.area _DATA
                             18 ;--------------------------------------------------------
                             19 ; ram data
                             20 ;--------------------------------------------------------
                             21 	.area _INITIALIZED
                             22 ;--------------------------------------------------------
                             23 ; absolute external ram data
                             24 ;--------------------------------------------------------
                             25 	.area _DABS (ABS)
                             26 ;--------------------------------------------------------
                             27 ; global & static initialisations
                             28 ;--------------------------------------------------------
                             29 	.area _HOME
                             30 	.area _GSINIT
                             31 	.area _GSFINAL
                             32 	.area _GSINIT
                             33 ;--------------------------------------------------------
                             34 ; Home
                             35 ;--------------------------------------------------------
                             36 	.area _HOME
                             37 	.area _HOME
                             38 ;--------------------------------------------------------
                             39 ; code
                             40 ;--------------------------------------------------------
                             41 	.area _CODE
                             42 ;../log10f.c:34: float log10f(const float x) _FLOAT_FUNC_REENTRANT
                             43 ;	---------------------------------
                             44 ; Function log10f
                             45 ; ---------------------------------
   0000                      46 _log10f_start::
   0000                      47 _log10f:
                             48 ;../log10f.c:36: return logf(x)*0.4342944819;
   0000 F2 04 4A      [10]   49 	ld	hl, 4 (sp)
   0003 52            [ 4]   50 	push	hl
   0004 F2 04 4A      [10]   51 	ld	hl, 4 (sp)
   0007 52            [ 4]   52 	push	hl
   0008 1Cr00r00      [ 4]   53 	call	_logf
   000B 16 04 00      [ 7]   54 	add	sp, #4
   000E 08            [ 4]   55 	ex	de, hl
   000F 52            [ 4]   56 	push	hl
   0010 51            [ 4]   57 	push	de
   0011 3A DE 3E      [13]   58 	ld	hl,#0x3EDE
   0014 52            [ 4]   59 	push	hl
   0015 3A D9 5B      [13]   60 	ld	hl,#0x5BD9
   0018 52            [ 4]   61 	push	hl
   0019 1Cr00r00      [ 4]   62 	call	___fsmul
   001C 16 08 00      [ 7]   63 	add	sp, #8
   001F 1E            [ 7]   64 	ret
   0020                      65 _log10f_end::
                             66 	.area _CODE
                             67 	.area _INITIALIZER
                             68 	.area _CABS (ABS)
