                              1 ;--------------------------------------------------------------------------
                              2 ;  memmove.s
                              3 ;
                              4 ;  Copyright (C) 2008-2009, Philipp Klaus Krause, Marco Bodrato
                              5 ;
                              6 ;  This library is free software; you can redistribute it and/or modify it
                              7 ;  under the terms of the GNU General Public License as published by the
                              8 ;  Free Software Foundation; either version 2, or (at your option) any
                              9 ;  later version.
                             10 ;
                             11 ;  This library is distributed in the hope that it will be useful,
                             12 ;  but WITHOUT ANY WARRANTY; without even the implied warranty of
                             13 ;  MERCHANTABILITY or FITNESS FOR A PARTICULAR PURPOSE. See the
                             14 ;  GNU General Public License for more details.
                             15 ;
                             16 ;  You should have received a copy of the GNU General Public License 
                             17 ;  along with this library; see the file COPYING. If not, write to the
                             18 ;  Free Software Foundation, 51 Franklin Street, Fifth Floor, Boston,
                             19 ;   MA 02110-1301, USA.
                             20 ;
                             21 ;  As a special exception, if you link this library with other files,
                             22 ;  some of which are compiled with SDCC, to produce an executable,
                             23 ;  this library does not by itself cause the resulting executable to
                             24 ;  be covered by the GNU General Public License. This exception does
                             25 ;  not however invalidate any other reasons why the executable file
                             26 ;   might be covered by the GNU General Public License.
                             27 ;--------------------------------------------------------------------------
                             28 
                             29         .area   _CODE
                             30 
                             31 	.globl _memmove
                             32 
                             33 ; The Z80 has the ldir and lddr instructions, which are perfect for implementing memmove().
                             34 
   0000                      35 _memmove:
   0000 5E            [ 7]   36 	pop	af
   0001 5A            [ 4]   37 	pop	hl
   0002 59            [ 4]   38 	pop	de
   0003 58            [ 4]   39 	pop	bc
   0004 50            [ 4]   40 	push	bc
   0005 51            [ 4]   41 	push	de
   0006 52            [ 4]   42 	push	hl
   0007 56            [ 7]   43 	push	af
   0008 21            [10]   44 	ld	a, c
   0009 F8 66         [11]   45 	or	a, b
   000B FE D6         [ 7]   46 	ret	Z
   000D 52            [ 4]   47 	push	hl
   000E F9 73         [ 6]   48 	sbc	hl, de		; or above cleared carry.
   0010 F9 70         [ 6]   49 	add	hl, de		; same carry as the line before
   0012 C7 0B         [11]   50 	jr	C, memmove_up
   0014                      51 memmove_down:
   0014 98            [ 4]   52 	dec	bc
   0015 F8 70         [11]   53 	add	hl, bc
   0017 08            [ 4]   54 	ex      de, hl
   0018 F8 70         [11]   55 	add	hl, bc
   001A 90            [ 4]   56 	inc	bc
   001B FE 5B         [ 7]   57 	lddr
   001D 5A            [ 4]   58 	pop	hl
   001E 1E            [ 7]   59 	ret
   001F                      60 memmove_up:
   001F 08            [ 4]   61 	ex      de, hl
   0020 FE 59         [ 7]   62 	ldir
   0022 5A            [ 4]   63 	pop	hl
   0023 1E            [ 7]   64 	ret
                             65 
