                              1 ;--------------------------------------------------------------------------
                              2 ;  modunsigned.s
                              3 ;
                              4 ;  Copyright (C) 2009-2010, Philipp Klaus Krause
                              5 ;
                              6 ;  This library is free software; you can redistribute it and/or modify it
                              7 ;  under the terms of the GNU General Public License as published by the
                              8 ;  Free Software Foundation; either version 2, or (at your option) any
                              9 ;  later version.
                             10 ;
                             11 ;  This library is distributed in the hope that it will be useful,
                             12 ;  but WITHOUT ANY WARRANTY; without even the implied warranty of
                             13 ;  MERCHANTABILITY or FITNESS FOR A PARTICULAR PURPOSE. See the
                             14 ;  GNU General Public License for more details.
                             15 ;
                             16 ;  You should have received a copy of the GNU General Public License 
                             17 ;  along with this library; see the file COPYING. If not, write to the
                             18 ;  Free Software Foundation, 51 Franklin Street, Fifth Floor, Boston,
                             19 ;   MA 02110-1301, USA.
                             20 ;
                             21 ;  As a special exception, if you link this library with other files,
                             22 ;  some of which are compiled with SDCC, to produce an executable,
                             23 ;  this library does not by itself cause the resulting executable to
                             24 ;  be covered by the GNU General Public License. This exception does
                             25 ;  not however invalidate any other reasons why the executable file
                             26 ;   might be covered by the GNU General Public License.
                             27 ;--------------------------------------------------------------------------
                             28 
                             29         .area   _CODE
                             30 
   0000                      31 __moduchar_rrx_s::
   0000 3A 03 00      [13]   32         ld      hl,#2+1
   0003 FE 70         [ 7]   33         add     hl,sp
                             34 
   0005 E2 2B         [10]   35         ld      e,(hl)
   0007 9A            [ 4]   36         dec     hl
   0008 E2 2D         [10]   37         ld      l,(hl)
                             38 
                             39         ;; Fall through
   000A                      40 __moduchar_rrx_hds::
   000A 1Cr00r00      [ 4]   41         call    __divu8
                             42 
   000D 08            [ 4]   43 	ex	de,hl
                             44 
   000E 1E            [ 7]   45         ret
                             46 
   000F                      47 __moduint_rrx_s::
   000F F2 02 4A      [10]   48         ld	hl, 2 (sp)
   0012 F2 04 49      [10]   49         ld	de, 4 (sp)
                             50 
                             51         ;; Fall through
   0015                      52 __moduint_rrx_hds::
   0015 1Cr00r00      [ 4]   53         call    __divu16
                             54 
   0018 08            [ 4]   55         ex      de,hl
                             56 
   0019 1E            [ 7]   57         ret
                             58 
