                              1 ;--------------------------------------------------------------------------
                              2 ;  mulchar.s
                              3 ;
                              4 ;  Copyright (C) 2009, Philipp Klaus Krause
                              5 ;
                              6 ;  This library is free software; you can redistribute it and/or modify it
                              7 ;  under the terms of the GNU General Public License as published by the
                              8 ;  Free Software Foundation; either version 2, or (at your option) any
                              9 ;  later version.
                             10 ;
                             11 ;  This library is distributed in the hope that it will be useful,
                             12 ;  but WITHOUT ANY WARRANTY; without even the implied warranty of
                             13 ;  MERCHANTABILITY or FITNESS FOR A PARTICULAR PURPOSE. See the
                             14 ;  GNU General Public License for more details.
                             15 ;
                             16 ;  You should have received a copy of the GNU General Public License 
                             17 ;  along with this library; see the file COPYING. If not, write to the
                             18 ;  Free Software Foundation, 51 Franklin Street, Fifth Floor, Boston,
                             19 ;   MA 02110-1301, USA.
                             20 ;
                             21 ;  As a special exception, if you link this library with other files,
                             22 ;  some of which are compiled with SDCC, to produce an executable,
                             23 ;  this library does not by itself cause the resulting executable to
                             24 ;  be covered by the GNU General Public License. This exception does
                             25 ;  not however invalidate any other reasons why the executable file
                             26 ;   might be covered by the GNU General Public License.
                             27 ;--------------------------------------------------------------------------
                             28 
                             29         .area   _CODE
                             30 
                             31 ; This multiplication routine is similar to the one
                             32 ; from Rodnay Zaks, "Programming the Z80".
                             33 
                             34 ; Now replaced by a builtin for code generation, but
                             35 ; still called from some asm files in this directory.
   0000                      36 __muluchar_rrx_s::
   0000 3A 03 00      [13]   37         ld      hl, #2+1
   0003 FC 32         [17]   38         ld      d, h
   0005 FE 70         [ 7]   39         add     hl, sp
   0007 E2 2B         [10]   40         ld      e, (hl)
   0009 9A            [ 4]   41         dec     hl
   000A E2 2C         [10]   42         ld      h, (hl)
   000C FA 35         [10]   43         ld      l, d
   000E 30 08         [12]   44         ld      b, #8
   0010                      45 muluchar_rrx_s_loop:
   0010 FA 70         [10]   46         add     hl, hl
   0012 CF 02         [11]   47         jr      nc, muluchar_rrx_s_noadd
   0014 F9 70         [ 6]   48         add     hl, de
   0016                      49 muluchar_rrx_s_noadd:
   0016 18 F8         [12]   50         djnz    muluchar_rrx_s_loop
   0018 1E            [ 7]   51         ret
                             52 
                             53 ; operands have different sign
                             54 
   0019                      55 __mulsuchar_rrx_s::
   0019 3A 03 00      [13]   56         ld      hl,#2+1
   001C FC 30         [17]   57         ld      b, h
   001E FE 70         [ 7]   58         add     hl,sp
                             59 
   0020 E2 2B         [10]   60         ld      e,(hl)
   0022 9A            [ 4]   61         dec     hl
   0023 E2 29         [10]   62         ld      c,(hl)
   0025 C8 1F         [11]   63         jr      signexte
                             64 
   0027                      65 __muluschar_rrx_s::
   0027 3A 02 00      [13]   66         ld      hl,#2
   002A FC 30         [17]   67         ld      b, h
   002C FE 70         [ 7]   68         add     hl,sp
                             69 
   002E E2 2B         [10]   70         ld      e,(hl)
   0030 92            [ 4]   71         inc     hl
   0031 E2 29         [10]   72         ld      c,(hl)
   0033 C8 11         [11]   73         jr      signexte
                             74 
                             75 ;; Originally from GBDK by Pascal Felber.
                             76 
   0035                      77 __mulschar_rrx_s::
   0035 3A 03 00      [13]   78         ld      hl,#2+1
   0038 FE 70         [ 7]   79         add     hl,sp
                             80 
   003A E2 2B         [10]   81         ld      e,(hl)
   003C 9A            [ 4]   82         dec     hl
   003D E2 2D         [10]   83         ld      l,(hl)
                             84 
                             85         ;; Fall through
   003F                      86 __mulschar_rrx_hds::
                             87         ;; Need to sign extend before going in.
   003F FD 31                88         ld      c,l
                             89 
   0041 25            [ 4]   90         ld      a,l
   0042 A2            [ 4]   91         rla
   0043 FE 63         [ 7]   92         sbc     a,a
   0045 28            [12]   93         ld      b,a
   0046                      94 signexte:
   0046 23            [ 6]   95         ld      a,e
   0047 A2            [ 4]   96         rla
   0048 FE 63         [ 7]   97         sbc     a,a
   004A 2A            [16]   98         ld      d,a
                             99 
   004B 1Ar00r00      [ 7]  100         jp      __mul16
                            101 
