                              1 ;--------------------------------------------------------------------------
                              2 ;  strlen.s
                              3 ;
                              4 ;  Copyright (C) 2008-2009, Philipp Klaus Krause
                              5 ;
                              6 ;  This library is free software; you can redistribute it and/or modify it
                              7 ;  under the terms of the GNU General Public License as published by the
                              8 ;  Free Software Foundation; either version 2, or (at your option) any
                              9 ;  later version.
                             10 ;
                             11 ;  This library is distributed in the hope that it will be useful,
                             12 ;  but WITHOUT ANY WARRANTY; without even the implied warranty of
                             13 ;  MERCHANTABILITY or FITNESS FOR A PARTICULAR PURPOSE. See the
                             14 ;  GNU General Public License for more details.
                             15 ;
                             16 ;  You should have received a copy of the GNU General Public License 
                             17 ;  along with this library; see the file COPYING. If not, write to the
                             18 ;  Free Software Foundation, 51 Franklin Street, Fifth Floor, Boston,
                             19 ;   MA 02110-1301, USA.
                             20 ;
                             21 ;  As a special exception, if you link this library with other files,
                             22 ;  some of which are compiled with SDCC, to produce an executable,
                             23 ;  this library does not by itself cause the resulting executable to
                             24 ;  be covered by the GNU General Public License. This exception does
                             25 ;  not however invalidate any other reasons why the executable file
                             26 ;   might be covered by the GNU General Public License.
                             27 ;--------------------------------------------------------------------------
                             28 
                             29 	.area   _CODE
                             30 
                             31 	.globl _strlen
                             32 
                             33 ; The Z80 has the cpir instruction, which is perfect for implementing strlen().
                             34 
   0000                      35 _strlen:
   0000 58            [ 4]   36 	pop	bc
   0001 5A            [ 4]   37 	pop	hl
   0002 52            [ 4]   38 	push	hl
   0003 50            [ 4]   39 	push	bc
   0004 FE 65         [ 7]   40 	xor	a, a
   0006 28            [12]   41 	ld	b, a
   0007 29            [11]   42 	ld	c, a
   0008 FE 5D         [ 7]   43 	cpir
   000A 3A FF FF      [13]   44 	ld	hl, #-1
   000D F8 73         [11]   45 	sbc	hl, bc	; C flag still cleared from xor above.
   000F 1E            [ 7]   46 	ret
                             47 
