                                      1 ;--------------------------------------------------------
                                      2 ; File Created by SDCC : free open source ANSI-C Compiler
                                      3 ; Version 3.3.1 #8898 (Nov 27 2013) (Linux)
                                      4 ; This file was generated Wed Nov 27 12:28:49 2013
                                      5 ;--------------------------------------------------------
                                      6 	.module _divslonglong
                                      7 	
                                      8 ;--------------------------------------------------------
                                      9 ; Public variables in this module
                                     10 ;--------------------------------------------------------
                                     11 	.globl __divslonglong
                                     12 ;--------------------------------------------------------
                                     13 ; ram data
                                     14 ;--------------------------------------------------------
                                     15 	.area DATA
                                     16 ;--------------------------------------------------------
                                     17 ; ram data
                                     18 ;--------------------------------------------------------
                                     19 	.area INITIALIZED
                                     20 ;--------------------------------------------------------
                                     21 ; absolute external ram data
                                     22 ;--------------------------------------------------------
                                     23 	.area DABS (ABS)
                                     24 ;--------------------------------------------------------
                                     25 ; global & static initialisations
                                     26 ;--------------------------------------------------------
                                     27 	.area HOME
                                     28 	.area GSINIT
                                     29 	.area GSFINAL
                                     30 	.area GSINIT
                                     31 ;--------------------------------------------------------
                                     32 ; Home
                                     33 ;--------------------------------------------------------
                                     34 	.area HOME
                                     35 	.area HOME
                                     36 ;--------------------------------------------------------
                                     37 ; code
                                     38 ;--------------------------------------------------------
                                     39 	.area CODE
                                     40 ;	../_divslonglong.c: 36: _divslonglong (long long numerator, long long denominator)
                                     41 ;	-----------------------------------------
                                     42 ;	 function _divslonglong
                                     43 ;	-----------------------------------------
      000000                         44 __divslonglong:
      000000 52 3A            [ 2]   45 	sub	sp, #58
                                     46 ;	../_divslonglong.c: 38: bool numeratorneg = (numerator < 0);
      000002 1E 45            [ 2]   47 	ldw	x, (0x45, sp)
      000004 A3 00 00         [ 2]   48 	cpw	x, #0x0000
      000007 7B 44            [ 1]   49 	ld	a, (0x44, sp)
      000009 A2 00            [ 1]   50 	sbc	a, #0x00
      00000B 7B 43            [ 1]   51 	ld	a, (0x43, sp)
      00000D A2 00            [ 1]   52 	sbc	a, #0x00
      00000F 7B 42            [ 1]   53 	ld	a, (0x42, sp)
      000011 A2 00            [ 1]   54 	sbc	a, #0x00
      000013 7B 41            [ 1]   55 	ld	a, (0x41, sp)
      000015 A2 00            [ 1]   56 	sbc	a, #0x00
      000017 7B 40            [ 1]   57 	ld	a, (0x40, sp)
      000019 A2 00            [ 1]   58 	sbc	a, #0x00
      00001B 7B 3F            [ 1]   59 	ld	a, (0x3f, sp)
      00001D A2 00            [ 1]   60 	sbc	a, #0x00
      00001F 2F 03            [ 1]   61 	jrslt	00121$
      000021 4F               [ 1]   62 	clr	a
      000022 20 02            [ 2]   63 	jra	00122$
      000024                         64 00121$:
      000024 A6 01            [ 1]   65 	ld	a, #0x01
      000026                         66 00122$:
      000026 6B 09            [ 1]   67 	ld	(0x09, sp), a
                                     68 ;	../_divslonglong.c: 39: bool denominatorneg = (denominator < 0);
      000028 1E 4D            [ 2]   69 	ldw	x, (0x4d, sp)
      00002A A3 00 00         [ 2]   70 	cpw	x, #0x0000
      00002D 7B 4C            [ 1]   71 	ld	a, (0x4c, sp)
      00002F A2 00            [ 1]   72 	sbc	a, #0x00
      000031 7B 4B            [ 1]   73 	ld	a, (0x4b, sp)
      000033 A2 00            [ 1]   74 	sbc	a, #0x00
      000035 7B 4A            [ 1]   75 	ld	a, (0x4a, sp)
      000037 A2 00            [ 1]   76 	sbc	a, #0x00
      000039 7B 49            [ 1]   77 	ld	a, (0x49, sp)
      00003B A2 00            [ 1]   78 	sbc	a, #0x00
      00003D 7B 48            [ 1]   79 	ld	a, (0x48, sp)
      00003F A2 00            [ 1]   80 	sbc	a, #0x00
      000041 7B 47            [ 1]   81 	ld	a, (0x47, sp)
      000043 A2 00            [ 1]   82 	sbc	a, #0x00
      000045 2F 03            [ 1]   83 	jrslt	00123$
      000047 4F               [ 1]   84 	clr	a
      000048 20 02            [ 2]   85 	jra	00124$
      00004A                         86 00123$:
      00004A A6 01            [ 1]   87 	ld	a, #0x01
      00004C                         88 00124$:
                                     89 ;	../_divslonglong.c: 42: if (numeratorneg)
      00004C 0D 09            [ 1]   90 	tnz	(0x09, sp)
      00004E 27 2E            [ 1]   91 	jreq	00102$
                                     92 ;	../_divslonglong.c: 43: numerator = -numerator;
      000050 16 45            [ 2]   93 	ldw	y, (0x45, sp)
      000052 90 50            [ 2]   94 	negw	y
      000054 88               [ 1]   95 	push	a
      000055 4F               [ 1]   96 	clr	a
      000056 12 45            [ 1]   97 	sbc	a, (0x45, sp)
      000058 6B 18            [ 1]   98 	ld	(0x18, sp), a
      00005A 4F               [ 1]   99 	clr	a
      00005B 12 44            [ 1]  100 	sbc	a, (0x44, sp)
      00005D 6B 17            [ 1]  101 	ld	(0x17, sp), a
      00005F 4F               [ 1]  102 	clr	a
      000060 12 43            [ 1]  103 	sbc	a, (0x43, sp)
      000062 6B 16            [ 1]  104 	ld	(0x16, sp), a
      000064 4F               [ 1]  105 	clr	a
      000065 12 42            [ 1]  106 	sbc	a, (0x42, sp)
      000067 6B 15            [ 1]  107 	ld	(0x15, sp), a
      000069 4F               [ 1]  108 	clr	a
      00006A 12 41            [ 1]  109 	sbc	a, (0x41, sp)
      00006C 97               [ 1]  110 	ld	xl, a
      00006D 4F               [ 1]  111 	clr	a
      00006E 12 40            [ 1]  112 	sbc	a, (0x40, sp)
      000070 95               [ 1]  113 	ld	xh, a
      000071 84               [ 1]  114 	pop	a
      000072 17 45            [ 2]  115 	ldw	(0x45, sp), y
      000074 1F 3F            [ 2]  116 	ldw	(0x3f, sp), x
      000076 16 16            [ 2]  117 	ldw	y, (0x16, sp)
      000078 17 43            [ 2]  118 	ldw	(0x43, sp), y
      00007A 16 14            [ 2]  119 	ldw	y, (0x14, sp)
      00007C 17 41            [ 2]  120 	ldw	(0x41, sp), y
      00007E                        121 00102$:
                                    122 ;	../_divslonglong.c: 44: if (denominatorneg)
      00007E 4D               [ 1]  123 	tnz	a
      00007F 27 2E            [ 1]  124 	jreq	00104$
                                    125 ;	../_divslonglong.c: 45: denominator = -denominator;
      000081 16 4D            [ 2]  126 	ldw	y, (0x4d, sp)
      000083 90 50            [ 2]  127 	negw	y
      000085 88               [ 1]  128 	push	a
      000086 4F               [ 1]  129 	clr	a
      000087 12 4D            [ 1]  130 	sbc	a, (0x4d, sp)
      000089 6B 39            [ 1]  131 	ld	(0x39, sp), a
      00008B 4F               [ 1]  132 	clr	a
      00008C 12 4C            [ 1]  133 	sbc	a, (0x4c, sp)
      00008E 6B 38            [ 1]  134 	ld	(0x38, sp), a
      000090 4F               [ 1]  135 	clr	a
      000091 12 4B            [ 1]  136 	sbc	a, (0x4b, sp)
      000093 6B 37            [ 1]  137 	ld	(0x37, sp), a
      000095 4F               [ 1]  138 	clr	a
      000096 12 4A            [ 1]  139 	sbc	a, (0x4a, sp)
      000098 6B 36            [ 1]  140 	ld	(0x36, sp), a
      00009A 4F               [ 1]  141 	clr	a
      00009B 12 49            [ 1]  142 	sbc	a, (0x49, sp)
      00009D 97               [ 1]  143 	ld	xl, a
      00009E 4F               [ 1]  144 	clr	a
      00009F 12 48            [ 1]  145 	sbc	a, (0x48, sp)
      0000A1 95               [ 1]  146 	ld	xh, a
      0000A2 84               [ 1]  147 	pop	a
      0000A3 17 4D            [ 2]  148 	ldw	(0x4d, sp), y
      0000A5 1F 47            [ 2]  149 	ldw	(0x47, sp), x
      0000A7 16 37            [ 2]  150 	ldw	y, (0x37, sp)
      0000A9 17 4B            [ 2]  151 	ldw	(0x4b, sp), y
      0000AB 16 35            [ 2]  152 	ldw	y, (0x35, sp)
      0000AD 17 49            [ 2]  153 	ldw	(0x49, sp), y
      0000AF                        154 00104$:
                                    155 ;	../_divslonglong.c: 47: d = (unsigned long long)numerator / (unsigned long long)denominator;
      0000AF 16 45            [ 2]  156 	ldw	y, (0x45, sp)
      0000B1 17 29            [ 2]  157 	ldw	(0x29, sp), y
      0000B3 16 43            [ 2]  158 	ldw	y, (0x43, sp)
      0000B5 17 27            [ 2]  159 	ldw	(0x27, sp), y
      0000B7 16 41            [ 2]  160 	ldw	y, (0x41, sp)
      0000B9 17 25            [ 2]  161 	ldw	(0x25, sp), y
      0000BB 16 3F            [ 2]  162 	ldw	y, (0x3f, sp)
      0000BD 17 23            [ 2]  163 	ldw	(0x23, sp), y
      0000BF 16 4D            [ 2]  164 	ldw	y, (0x4d, sp)
      0000C1 17 10            [ 2]  165 	ldw	(0x10, sp), y
      0000C3 16 4B            [ 2]  166 	ldw	y, (0x4b, sp)
      0000C5 17 0E            [ 2]  167 	ldw	(0x0e, sp), y
      0000C7 16 49            [ 2]  168 	ldw	y, (0x49, sp)
      0000C9 17 0C            [ 2]  169 	ldw	(0x0c, sp), y
      0000CB 16 47            [ 2]  170 	ldw	y, (0x47, sp)
      0000CD 88               [ 1]  171 	push	a
      0000CE 1E 11            [ 2]  172 	ldw	x, (0x11, sp)
      0000D0 89               [ 2]  173 	pushw	x
      0000D1 1E 11            [ 2]  174 	ldw	x, (0x11, sp)
      0000D3 89               [ 2]  175 	pushw	x
      0000D4 1E 11            [ 2]  176 	ldw	x, (0x11, sp)
      0000D6 89               [ 2]  177 	pushw	x
      0000D7 90 89            [ 2]  178 	pushw	y
      0000D9 1E 32            [ 2]  179 	ldw	x, (0x32, sp)
      0000DB 89               [ 2]  180 	pushw	x
      0000DC 1E 32            [ 2]  181 	ldw	x, (0x32, sp)
      0000DE 89               [ 2]  182 	pushw	x
      0000DF 1E 32            [ 2]  183 	ldw	x, (0x32, sp)
      0000E1 89               [ 2]  184 	pushw	x
      0000E2 1E 32            [ 2]  185 	ldw	x, (0x32, sp)
      0000E4 89               [ 2]  186 	pushw	x
      0000E5 96               [ 1]  187 	ldw	x, sp
      0000E6 1C 00 12         [ 2]  188 	addw	x, #18
      0000E9 89               [ 2]  189 	pushw	x
      0000EA CDr00r00         [ 4]  190 	call	__divulonglong
      0000ED 5B 12            [ 2]  191 	addw	sp, #18
      0000EF 84               [ 1]  192 	pop	a
      0000F0 16 06            [ 2]  193 	ldw	y, (0x06, sp)
      0000F2 17 06            [ 2]  194 	ldw	(0x06, sp), y
      0000F4 16 03            [ 2]  195 	ldw	y, (0x03, sp)
      0000F6 17 03            [ 2]  196 	ldw	(0x03, sp), y
                                    197 ;	../_divslonglong.c: 49: return ((numeratorneg ^ denominatorneg) ? -d : d);
      0000F8 18 09            [ 1]  198 	xor	a, (0x09, sp)
      0000FA 6B 22            [ 1]  199 	ld	(0x22, sp), a
      0000FC 0D 22            [ 1]  200 	tnz	(0x22, sp)
      0000FE 27 3E            [ 1]  201 	jreq	00107$
      000100 7B 08            [ 1]  202 	ld	a, (0x08, sp)
      000102 40               [ 1]  203 	neg	a
      000103 6B 32            [ 1]  204 	ld	(0x32, sp), a
      000105 4F               [ 1]  205 	clr	a
      000106 12 07            [ 1]  206 	sbc	a, (0x07, sp)
      000108 6B 31            [ 1]  207 	ld	(0x31, sp), a
      00010A 4F               [ 1]  208 	clr	a
      00010B 12 06            [ 1]  209 	sbc	a, (0x06, sp)
      00010D 6B 30            [ 1]  210 	ld	(0x30, sp), a
      00010F 4F               [ 1]  211 	clr	a
      000110 12 05            [ 1]  212 	sbc	a, (0x05, sp)
      000112 6B 2F            [ 1]  213 	ld	(0x2f, sp), a
      000114 4F               [ 1]  214 	clr	a
      000115 12 04            [ 1]  215 	sbc	a, (0x04, sp)
      000117 6B 2E            [ 1]  216 	ld	(0x2e, sp), a
      000119 4F               [ 1]  217 	clr	a
      00011A 12 03            [ 1]  218 	sbc	a, (0x03, sp)
      00011C 6B 2D            [ 1]  219 	ld	(0x2d, sp), a
      00011E 4F               [ 1]  220 	clr	a
      00011F 12 02            [ 1]  221 	sbc	a, (0x02, sp)
      000121 6B 2C            [ 1]  222 	ld	(0x2c, sp), a
      000123 4F               [ 1]  223 	clr	a
      000124 12 01            [ 1]  224 	sbc	a, (0x01, sp)
      000126 6B 2B            [ 1]  225 	ld	(0x2b, sp), a
      000128 16 31            [ 2]  226 	ldw	y, (0x31, sp)
      00012A 17 20            [ 2]  227 	ldw	(0x20, sp), y
      00012C 16 2F            [ 2]  228 	ldw	y, (0x2f, sp)
      00012E 17 1E            [ 2]  229 	ldw	(0x1e, sp), y
      000130 16 2D            [ 2]  230 	ldw	y, (0x2d, sp)
      000132 17 1C            [ 2]  231 	ldw	(0x1c, sp), y
      000134 7B 2B            [ 1]  232 	ld	a, (0x2b, sp)
      000136 88               [ 1]  233 	push	a
      000137 7B 2D            [ 1]  234 	ld	a, (0x2d, sp)
      000139 6B 1C            [ 1]  235 	ld	(0x1c, sp), a
      00013B 84               [ 1]  236 	pop	a
      00013C 20 14            [ 2]  237 	jra	00108$
      00013E                        238 00107$:
      00013E 16 07            [ 2]  239 	ldw	y, (0x07, sp)
      000140 17 20            [ 2]  240 	ldw	(0x20, sp), y
      000142 16 05            [ 2]  241 	ldw	y, (0x05, sp)
      000144 17 1E            [ 2]  242 	ldw	(0x1e, sp), y
      000146 16 03            [ 2]  243 	ldw	y, (0x03, sp)
      000148 17 1C            [ 2]  244 	ldw	(0x1c, sp), y
      00014A 7B 01            [ 1]  245 	ld	a, (0x01, sp)
      00014C 88               [ 1]  246 	push	a
      00014D 7B 03            [ 1]  247 	ld	a, (0x03, sp)
      00014F 6B 1C            [ 1]  248 	ld	(0x1c, sp), a
      000151 84               [ 1]  249 	pop	a
      000152                        250 00108$:
      000152 1E 3D            [ 2]  251 	ldw	x, (0x3d, sp)
      000154 E7 00            [ 1]  252 	ld	(#0, x), a
      000156 16 20            [ 2]  253 	ldw	y, (0x20, sp)
      000158 EF 06            [ 2]  254 	ldw	(#6, x), y
      00015A 16 1E            [ 2]  255 	ldw	y, (0x1e, sp)
      00015C EF 04            [ 2]  256 	ldw	(#4, x), y
      00015E 16 1C            [ 2]  257 	ldw	y, (0x1c, sp)
      000160 EF 02            [ 2]  258 	ldw	(#2, x), y
      000162 7B 1B            [ 1]  259 	ld	a, (0x1b, sp)
      000164 E7 01            [ 1]  260 	ld	(#1, x), a
      000166 5B 3A            [ 2]  261 	addw	sp, #58
      000168 81               [ 4]  262 	ret
                                    263 	.area CODE
                                    264 	.area INITIALIZER
                                    265 	.area CABS (ABS)
