                                      1 ;--------------------------------------------------------
                                      2 ; File Created by SDCC : free open source ANSI-C Compiler
                                      3 ; Version 3.3.1 #8898 (Nov 27 2013) (Linux)
                                      4 ; This file was generated Wed Nov 27 12:28:32 2013
                                      5 ;--------------------------------------------------------
                                      6 	.module _fs2uint
                                      7 	
                                      8 ;--------------------------------------------------------
                                      9 ; Public variables in this module
                                     10 ;--------------------------------------------------------
                                     11 	.globl ___fs2ulong
                                     12 	.globl ___fs2uint
                                     13 ;--------------------------------------------------------
                                     14 ; ram data
                                     15 ;--------------------------------------------------------
                                     16 	.area DATA
                                     17 ;--------------------------------------------------------
                                     18 ; ram data
                                     19 ;--------------------------------------------------------
                                     20 	.area INITIALIZED
                                     21 ;--------------------------------------------------------
                                     22 ; absolute external ram data
                                     23 ;--------------------------------------------------------
                                     24 	.area DABS (ABS)
                                     25 ;--------------------------------------------------------
                                     26 ; global & static initialisations
                                     27 ;--------------------------------------------------------
                                     28 	.area HOME
                                     29 	.area GSINIT
                                     30 	.area GSFINAL
                                     31 	.area GSINIT
                                     32 ;--------------------------------------------------------
                                     33 ; Home
                                     34 ;--------------------------------------------------------
                                     35 	.area HOME
                                     36 	.area HOME
                                     37 ;--------------------------------------------------------
                                     38 ; code
                                     39 ;--------------------------------------------------------
                                     40 	.area CODE
                                     41 ;	../_fs2uint.c: 54: unsigned int __fs2uint (float f)
                                     42 ;	-----------------------------------------
                                     43 ;	 function __fs2uint
                                     44 ;	-----------------------------------------
      000000                         45 ___fs2uint:
      000000 52 04            [ 2]   46 	sub	sp, #4
                                     47 ;	../_fs2uint.c: 56: unsigned long ul=__fs2ulong(f);
      000002 1E 09            [ 2]   48 	ldw	x, (0x09, sp)
      000004 89               [ 2]   49 	pushw	x
      000005 1E 09            [ 2]   50 	ldw	x, (0x09, sp)
      000007 89               [ 2]   51 	pushw	x
      000008 CDr00r00         [ 4]   52 	call	___fs2ulong
      00000B 5B 04            [ 2]   53 	addw	sp, #4
      00000D 17 01            [ 2]   54 	ldw	(0x01, sp), y
                                     55 ;	../_fs2uint.c: 57: if (ul>=UINT_MAX) return UINT_MAX;
      00000F A3 FF FF         [ 2]   56 	cpw	x, #0xffff
      000012 7B 02            [ 1]   57 	ld	a, (0x02, sp)
      000014 A2 00            [ 1]   58 	sbc	a, #0x00
      000016 7B 01            [ 1]   59 	ld	a, (0x01, sp)
      000018 A2 00            [ 1]   60 	sbc	a, #0x00
      00001A 25 03            [ 1]   61 	jrc	00102$
      00001C AE FF FF         [ 2]   62 	ldw	x, #0xffff
                                     63 ;	../_fs2uint.c: 58: return ul;
      00001F                         64 00102$:
      00001F 5B 04            [ 2]   65 	addw	sp, #4
      000021 81               [ 4]   66 	ret
                                     67 	.area CODE
                                     68 	.area INITIALIZER
                                     69 	.area CABS (ABS)
