                                      1 ;--------------------------------------------------------
                                      2 ; File Created by SDCC : free open source ANSI-C Compiler
                                      3 ; Version 3.3.1 #8898 (Nov 27 2013) (Linux)
                                      4 ; This file was generated Wed Nov 27 12:28:32 2013
                                      5 ;--------------------------------------------------------
                                      6 	.module _fs2slong
                                      7 	
                                      8 ;--------------------------------------------------------
                                      9 ; Public variables in this module
                                     10 ;--------------------------------------------------------
                                     11 	.globl ___fs2ulong
                                     12 	.globl ___fs2slong
                                     13 ;--------------------------------------------------------
                                     14 ; ram data
                                     15 ;--------------------------------------------------------
                                     16 	.area DATA
                                     17 ;--------------------------------------------------------
                                     18 ; ram data
                                     19 ;--------------------------------------------------------
                                     20 	.area INITIALIZED
                                     21 ;--------------------------------------------------------
                                     22 ; absolute external ram data
                                     23 ;--------------------------------------------------------
                                     24 	.area DABS (ABS)
                                     25 ;--------------------------------------------------------
                                     26 ; global & static initialisations
                                     27 ;--------------------------------------------------------
                                     28 	.area HOME
                                     29 	.area GSINIT
                                     30 	.area GSFINAL
                                     31 	.area GSINIT
                                     32 ;--------------------------------------------------------
                                     33 ; Home
                                     34 ;--------------------------------------------------------
                                     35 	.area HOME
                                     36 	.area HOME
                                     37 ;--------------------------------------------------------
                                     38 ; code
                                     39 ;--------------------------------------------------------
                                     40 	.area CODE
                                     41 ;	../_fs2slong.c: 108: signed long __fs2slong (float f)
                                     42 ;	-----------------------------------------
                                     43 ;	 function __fs2slong
                                     44 ;	-----------------------------------------
      000000                         45 ___fs2slong:
      000000 52 04            [ 2]   46 	sub	sp, #4
                                     47 ;	../_fs2slong.c: 111: if (!f)
      000002 1E 09            [ 2]   48 	ldw	x, (0x09, sp)
      000004 26 09            [ 1]   49 	jrne	00102$
      000006 1E 07            [ 2]   50 	ldw	x, (0x07, sp)
      000008 26 05            [ 1]   51 	jrne	00102$
                                     52 ;	../_fs2slong.c: 112: return 0;
      00000A 5F               [ 1]   53 	clrw	x
      00000B 90 5F            [ 1]   54 	clrw	y
      00000D 20 40            [ 2]   55 	jra	00106$
      00000F                         56 00102$:
                                     57 ;	../_fs2slong.c: 114: if (f<0) {
      00000F 5F               [ 1]   58 	clrw	x
      000010 89               [ 2]   59 	pushw	x
      000011 5F               [ 1]   60 	clrw	x
      000012 89               [ 2]   61 	pushw	x
      000013 1E 0D            [ 2]   62 	ldw	x, (0x0d, sp)
      000015 89               [ 2]   63 	pushw	x
      000016 1E 0D            [ 2]   64 	ldw	x, (0x0d, sp)
      000018 89               [ 2]   65 	pushw	x
      000019 CDr00r00         [ 4]   66 	call	___fslt
      00001C 5B 08            [ 2]   67 	addw	sp, #8
      00001E 4D               [ 1]   68 	tnz	a
      00001F 27 23            [ 1]   69 	jreq	00104$
                                     70 ;	../_fs2slong.c: 115: return -__fs2ulong(-f);
      000021 16 09            [ 2]   71 	ldw	y, (0x09, sp)
      000023 7B 08            [ 1]   72 	ld	a, (0x08, sp)
      000025 97               [ 1]   73 	ld	xl, a
      000026 88               [ 1]   74 	push	a
      000027 7B 08            [ 1]   75 	ld	a, (0x08, sp)
      000029 A8 80            [ 1]   76 	xor	a, #0x80
      00002B 95               [ 1]   77 	ld	xh, a
      00002C 84               [ 1]   78 	pop	a
      00002D 90 89            [ 2]   79 	pushw	y
      00002F 89               [ 2]   80 	pushw	x
      000030 CDr00r00         [ 4]   81 	call	___fs2ulong
      000033 5B 04            [ 2]   82 	addw	sp, #4
      000035 17 01            [ 2]   83 	ldw	(0x01, sp), y
      000037 50               [ 2]   84 	negw	x
      000038 4F               [ 1]   85 	clr	a
      000039 12 02            [ 1]   86 	sbc	a, (0x02, sp)
      00003B 90 97            [ 1]   87 	ld	yl, a
      00003D 4F               [ 1]   88 	clr	a
      00003E 12 01            [ 1]   89 	sbc	a, (0x01, sp)
      000040 90 95            [ 1]   90 	ld	yh, a
      000042 20 0B            [ 2]   91 	jra	00106$
      000044                         92 00104$:
                                     93 ;	../_fs2slong.c: 117: return __fs2ulong(f);
      000044 1E 09            [ 2]   94 	ldw	x, (0x09, sp)
      000046 89               [ 2]   95 	pushw	x
      000047 1E 09            [ 2]   96 	ldw	x, (0x09, sp)
      000049 89               [ 2]   97 	pushw	x
      00004A CDr00r00         [ 4]   98 	call	___fs2ulong
      00004D 5B 04            [ 2]   99 	addw	sp, #4
      00004F                        100 00106$:
      00004F 5B 04            [ 2]  101 	addw	sp, #4
      000051 81               [ 4]  102 	ret
                                    103 	.area CODE
                                    104 	.area INITIALIZER
                                    105 	.area CABS (ABS)
