                                      1 ;--------------------------------------------------------
                                      2 ; File Created by SDCC : free open source ANSI-C Compiler
                                      3 ; Version 3.3.1 #8898 (Nov 27 2013) (Linux)
                                      4 ; This file was generated Wed Nov 27 12:28:32 2013
                                      5 ;--------------------------------------------------------
                                      6 	.module _fs2uchar
                                      7 	
                                      8 ;--------------------------------------------------------
                                      9 ; Public variables in this module
                                     10 ;--------------------------------------------------------
                                     11 	.globl ___fs2ulong
                                     12 	.globl ___fs2uchar
                                     13 ;--------------------------------------------------------
                                     14 ; ram data
                                     15 ;--------------------------------------------------------
                                     16 	.area DATA
                                     17 ;--------------------------------------------------------
                                     18 ; ram data
                                     19 ;--------------------------------------------------------
                                     20 	.area INITIALIZED
                                     21 ;--------------------------------------------------------
                                     22 ; absolute external ram data
                                     23 ;--------------------------------------------------------
                                     24 	.area DABS (ABS)
                                     25 ;--------------------------------------------------------
                                     26 ; global & static initialisations
                                     27 ;--------------------------------------------------------
                                     28 	.area HOME
                                     29 	.area GSINIT
                                     30 	.area GSFINAL
                                     31 	.area GSINIT
                                     32 ;--------------------------------------------------------
                                     33 ; Home
                                     34 ;--------------------------------------------------------
                                     35 	.area HOME
                                     36 	.area HOME
                                     37 ;--------------------------------------------------------
                                     38 ; code
                                     39 ;--------------------------------------------------------
                                     40 	.area CODE
                                     41 ;	../_fs2uchar.c: 51: unsigned char __fs2uchar (float f)
                                     42 ;	-----------------------------------------
                                     43 ;	 function __fs2uchar
                                     44 ;	-----------------------------------------
      000000                         45 ___fs2uchar:
                                     46 ;	../_fs2uchar.c: 53: unsigned long ul=__fs2ulong(f);
      000000 1E 05            [ 2]   47 	ldw	x, (0x05, sp)
      000002 89               [ 2]   48 	pushw	x
      000003 1E 05            [ 2]   49 	ldw	x, (0x05, sp)
      000005 89               [ 2]   50 	pushw	x
      000006 CDr00r00         [ 4]   51 	call	___fs2ulong
      000009 5B 04            [ 2]   52 	addw	sp, #4
                                     53 ;	../_fs2uchar.c: 54: if (ul>=UCHAR_MAX) return UCHAR_MAX;
      00000B A3 00 FF         [ 2]   54 	cpw	x, #0x00ff
      00000E 90 9F            [ 1]   55 	ld	a, yl
      000010 A2 00            [ 1]   56 	sbc	a, #0x00
      000012 90 9E            [ 1]   57 	ld	a, yh
      000014 A2 00            [ 1]   58 	sbc	a, #0x00
      000016 25 04            [ 1]   59 	jrc	00102$
      000018 A6 FF            [ 1]   60 	ld	a, #0xff
      00001A 20 01            [ 2]   61 	jra	00103$
      00001C                         62 00102$:
                                     63 ;	../_fs2uchar.c: 55: return ul;
      00001C 9F               [ 1]   64 	ld	a, xl
      00001D                         65 00103$:
      00001D 81               [ 4]   66 	ret
                                     67 	.area CODE
                                     68 	.area INITIALIZER
                                     69 	.area CABS (ABS)
