                                      1 ;--------------------------------------------------------
                                      2 ; File Created by SDCC : free open source ANSI-C Compiler
                                      3 ; Version 3.3.1 #8898 (Nov 27 2013) (Linux)
                                      4 ; This file was generated Wed Nov 27 12:28:37 2013
                                      5 ;--------------------------------------------------------
                                      6 	.module _fssub
                                      7 	
                                      8 ;--------------------------------------------------------
                                      9 ; Public variables in this module
                                     10 ;--------------------------------------------------------
                                     11 	.globl ___fssub
                                     12 ;--------------------------------------------------------
                                     13 ; ram data
                                     14 ;--------------------------------------------------------
                                     15 	.area DATA
                                     16 ;--------------------------------------------------------
                                     17 ; ram data
                                     18 ;--------------------------------------------------------
                                     19 	.area INITIALIZED
                                     20 ;--------------------------------------------------------
                                     21 ; absolute external ram data
                                     22 ;--------------------------------------------------------
                                     23 	.area DABS (ABS)
                                     24 ;--------------------------------------------------------
                                     25 ; global & static initialisations
                                     26 ;--------------------------------------------------------
                                     27 	.area HOME
                                     28 	.area GSINIT
                                     29 	.area GSFINAL
                                     30 	.area GSINIT
                                     31 ;--------------------------------------------------------
                                     32 ; Home
                                     33 ;--------------------------------------------------------
                                     34 	.area HOME
                                     35 	.area HOME
                                     36 ;--------------------------------------------------------
                                     37 ; code
                                     38 ;--------------------------------------------------------
                                     39 	.area CODE
                                     40 ;	../_fssub.c: 73: float __fssub (float a1, float a2)
                                     41 ;	-----------------------------------------
                                     42 ;	 function __fssub
                                     43 ;	-----------------------------------------
      000000                         44 ___fssub:
      000000 52 04            [ 2]   45 	sub	sp, #4
                                     46 ;	../_fssub.c: 75: float neg = -a1;
      000002 16 09            [ 2]   47 	ldw	y, (0x09, sp)
      000004 7B 08            [ 1]   48 	ld	a, (0x08, sp)
      000006 95               [ 1]   49 	ld	xh, a
      000007 7B 07            [ 1]   50 	ld	a, (0x07, sp)
      000009 A8 80            [ 1]   51 	xor	a, #0x80
      00000B 6B 01            [ 1]   52 	ld	(0x01, sp), a
      00000D 9E               [ 1]   53 	ld	a, xh
                                     54 ;	../_fssub.c: 76: return -(neg + a2);
      00000E 1E 0D            [ 2]   55 	ldw	x, (0x0d, sp)
      000010 89               [ 2]   56 	pushw	x
      000011 1E 0D            [ 2]   57 	ldw	x, (0x0d, sp)
      000013 89               [ 2]   58 	pushw	x
      000014 90 89            [ 2]   59 	pushw	y
      000016 88               [ 1]   60 	push	a
      000017 7B 08            [ 1]   61 	ld	a, (0x08, sp)
      000019 88               [ 1]   62 	push	a
      00001A CDr00r00         [ 4]   63 	call	___fsadd
      00001D 5B 08            [ 2]   64 	addw	sp, #8
      00001F 90 9E            [ 1]   65 	ld	a, yh
      000021 A8 80            [ 1]   66 	xor	a, #0x80
      000023 90 95            [ 1]   67 	ld	yh, a
      000025 5B 04            [ 2]   68 	addw	sp, #4
      000027 81               [ 4]   69 	ret
                                     70 	.area CODE
                                     71 	.area INITIALIZER
                                     72 	.area CABS (ABS)
