                                      1 ;--------------------------------------------------------
                                      2 ; File Created by SDCC : free open source ANSI-C Compiler
                                      3 ; Version 3.3.1 #8898 (Nov 27 2013) (Linux)
                                      4 ; This file was generated Wed Nov 27 12:28:50 2013
                                      5 ;--------------------------------------------------------
                                      6 	.module _isprint
                                      7 	
                                      8 ;--------------------------------------------------------
                                      9 ; Public variables in this module
                                     10 ;--------------------------------------------------------
                                     11 	.globl _isprint
                                     12 ;--------------------------------------------------------
                                     13 ; ram data
                                     14 ;--------------------------------------------------------
                                     15 	.area DATA
                                     16 ;--------------------------------------------------------
                                     17 ; ram data
                                     18 ;--------------------------------------------------------
                                     19 	.area INITIALIZED
                                     20 ;--------------------------------------------------------
                                     21 ; absolute external ram data
                                     22 ;--------------------------------------------------------
                                     23 	.area DABS (ABS)
                                     24 ;--------------------------------------------------------
                                     25 ; global & static initialisations
                                     26 ;--------------------------------------------------------
                                     27 	.area HOME
                                     28 	.area GSINIT
                                     29 	.area GSFINAL
                                     30 	.area GSINIT
                                     31 ;--------------------------------------------------------
                                     32 ; Home
                                     33 ;--------------------------------------------------------
                                     34 	.area HOME
                                     35 	.area HOME
                                     36 ;--------------------------------------------------------
                                     37 ; code
                                     38 ;--------------------------------------------------------
                                     39 	.area CODE
                                     40 ;	../_isprint.c: 31: char isprint (unsigned char c)
                                     41 ;	-----------------------------------------
                                     42 ;	 function isprint
                                     43 ;	-----------------------------------------
      000000                         44 _isprint:
                                     45 ;	../_isprint.c: 33: if ( c >= 0x20 && c <= 0x7e )
      000000 7B 03            [ 1]   46 	ld	a, (0x03, sp)
      000002 A1 20            [ 1]   47 	cp	a, #0x20
      000004 25 0A            [ 1]   48 	jrc	00102$
      000006 7B 03            [ 1]   49 	ld	a, (0x03, sp)
      000008 A1 7E            [ 1]   50 	cp	a, #0x7e
      00000A 22 04            [ 1]   51 	jrugt	00102$
                                     52 ;	../_isprint.c: 34: return 1;
      00000C A6 01            [ 1]   53 	ld	a, #0x01
      00000E 20 01            [ 2]   54 	jra	00104$
      000010                         55 00102$:
                                     56 ;	../_isprint.c: 35: return 0;
      000010 4F               [ 1]   57 	clr	a
      000011                         58 00104$:
      000011 81               [ 4]   59 	ret
                                     60 	.area CODE
                                     61 	.area INITIALIZER
                                     62 	.area CABS (ABS)
