                                      1 ;--------------------------------------------------------
                                      2 ; File Created by SDCC : free open source ANSI-C Compiler
                                      3 ; Version 3.3.1 #8898 (Nov 27 2013) (Linux)
                                      4 ; This file was generated Wed Nov 27 12:28:50 2013
                                      5 ;--------------------------------------------------------
                                      6 	.module _isxdigit
                                      7 	
                                      8 ;--------------------------------------------------------
                                      9 ; Public variables in this module
                                     10 ;--------------------------------------------------------
                                     11 	.globl _isxdigit
                                     12 ;--------------------------------------------------------
                                     13 ; ram data
                                     14 ;--------------------------------------------------------
                                     15 	.area DATA
                                     16 ;--------------------------------------------------------
                                     17 ; ram data
                                     18 ;--------------------------------------------------------
                                     19 	.area INITIALIZED
                                     20 ;--------------------------------------------------------
                                     21 ; absolute external ram data
                                     22 ;--------------------------------------------------------
                                     23 	.area DABS (ABS)
                                     24 ;--------------------------------------------------------
                                     25 ; global & static initialisations
                                     26 ;--------------------------------------------------------
                                     27 	.area HOME
                                     28 	.area GSINIT
                                     29 	.area GSFINAL
                                     30 	.area GSINIT
                                     31 ;--------------------------------------------------------
                                     32 ; Home
                                     33 ;--------------------------------------------------------
                                     34 	.area HOME
                                     35 	.area HOME
                                     36 ;--------------------------------------------------------
                                     37 ; code
                                     38 ;--------------------------------------------------------
                                     39 	.area CODE
                                     40 ;	../_isxdigit.c: 33: char isxdigit (unsigned char c)
                                     41 ;	-----------------------------------------
                                     42 ;	 function isxdigit
                                     43 ;	-----------------------------------------
      000000                         44 _isxdigit:
                                     45 ;	../_isxdigit.c: 35: if ( ( c >= UC('0') && c <= UC('9')) ||
      000000 7B 03            [ 1]   46 	ld	a, (0x03, sp)
      000002 A1 30            [ 1]   47 	cp	a, #0x30
      000004 25 06            [ 1]   48 	jrc	00105$
      000006 7B 03            [ 1]   49 	ld	a, (0x03, sp)
      000008 A1 39            [ 1]   50 	cp	a, #0x39
      00000A 23 18            [ 2]   51 	jrule	00101$
      00000C                         52 00105$:
                                     53 ;	../_isxdigit.c: 36: ( c >= UC('a') && c <= UC('f')) ||
      00000C 7B 03            [ 1]   54 	ld	a, (0x03, sp)
      00000E A1 61            [ 1]   55 	cp	a, #0x61
      000010 25 06            [ 1]   56 	jrc	00107$
      000012 7B 03            [ 1]   57 	ld	a, (0x03, sp)
      000014 A1 66            [ 1]   58 	cp	a, #0x66
      000016 23 0C            [ 2]   59 	jrule	00101$
      000018                         60 00107$:
                                     61 ;	../_isxdigit.c: 37: ( c >= UC('A') && c <= UC('F')) )
      000018 7B 03            [ 1]   62 	ld	a, (0x03, sp)
      00001A A1 41            [ 1]   63 	cp	a, #0x41
      00001C 25 0A            [ 1]   64 	jrc	00102$
      00001E 7B 03            [ 1]   65 	ld	a, (0x03, sp)
      000020 A1 46            [ 1]   66 	cp	a, #0x46
      000022 22 04            [ 1]   67 	jrugt	00102$
      000024                         68 00101$:
                                     69 ;	../_isxdigit.c: 38: return 1;
      000024 A6 01            [ 1]   70 	ld	a, #0x01
      000026 20 01            [ 2]   71 	jra	00108$
      000028                         72 00102$:
                                     73 ;	../_isxdigit.c: 39: return 0;
      000028 4F               [ 1]   74 	clr	a
      000029                         75 00108$:
      000029 81               [ 4]   76 	ret
                                     77 	.area CODE
                                     78 	.area INITIALIZER
                                     79 	.area CABS (ABS)
