                                      1 ;--------------------------------------------------------
                                      2 ; File Created by SDCC : free open source ANSI-C Compiler
                                      3 ; Version 3.3.1 #8898 (Nov 27 2013) (Linux)
                                      4 ; This file was generated Wed Nov 27 12:28:47 2013
                                      5 ;--------------------------------------------------------
                                      6 	.module _modschar
                                      7 	
                                      8 ;--------------------------------------------------------
                                      9 ; Public variables in this module
                                     10 ;--------------------------------------------------------
                                     11 	.globl __modschar
                                     12 	.globl __moduschar
                                     13 	.globl __modsuchar
                                     14 ;--------------------------------------------------------
                                     15 ; ram data
                                     16 ;--------------------------------------------------------
                                     17 	.area DATA
                                     18 ;--------------------------------------------------------
                                     19 ; ram data
                                     20 ;--------------------------------------------------------
                                     21 	.area INITIALIZED
                                     22 ;--------------------------------------------------------
                                     23 ; absolute external ram data
                                     24 ;--------------------------------------------------------
                                     25 	.area DABS (ABS)
                                     26 ;--------------------------------------------------------
                                     27 ; global & static initialisations
                                     28 ;--------------------------------------------------------
                                     29 	.area HOME
                                     30 	.area GSINIT
                                     31 	.area GSFINAL
                                     32 	.area GSINIT
                                     33 ;--------------------------------------------------------
                                     34 ; Home
                                     35 ;--------------------------------------------------------
                                     36 	.area HOME
                                     37 	.area HOME
                                     38 ;--------------------------------------------------------
                                     39 ; code
                                     40 ;--------------------------------------------------------
                                     41 	.area CODE
                                     42 ;	../_modschar.c: 31: _modschar (signed char x, signed char y)
                                     43 ;	-----------------------------------------
                                     44 ;	 function _modschar
                                     45 ;	-----------------------------------------
      000000                         46 __modschar:
                                     47 ;	../_modschar.c: 33: return ((int)x % (int)y);
      000000 7B 03            [ 1]   48 	ld	a, (0x03, sp)
      000002 90 97            [ 1]   49 	ld	yl, a
      000004 90 9F            [ 1]   50 	ld	a, yl
      000006 49               [ 1]   51 	rlc	a
      000007 4F               [ 1]   52 	clr	a
      000008 A2 00            [ 1]   53 	sbc	a, #0x00
      00000A 90 95            [ 1]   54 	ld	yh, a
      00000C 7B 04            [ 1]   55 	ld	a, (0x04, sp)
      00000E 97               [ 1]   56 	ld	xl, a
      00000F 9F               [ 1]   57 	ld	a, xl
      000010 49               [ 1]   58 	rlc	a
      000011 4F               [ 1]   59 	clr	a
      000012 A2 00            [ 1]   60 	sbc	a, #0x00
      000014 95               [ 1]   61 	ld	xh, a
      000015 89               [ 2]   62 	pushw	x
      000016 90 89            [ 2]   63 	pushw	y
      000018 CDr00r00         [ 4]   64 	call	__modsint
      00001B 5B 04            [ 2]   65 	addw	sp, #4
      00001D 81               [ 4]   66 	ret
                                     67 ;	../_modschar.c: 37: _moduschar (unsigned char x, unsigned char y)
                                     68 ;	-----------------------------------------
                                     69 ;	 function _moduschar
                                     70 ;	-----------------------------------------
      00001E                         71 __moduschar:
                                     72 ;	../_modschar.c: 39: return ((int)((signed char)x) % (int)y);
      00001E 7B 03            [ 1]   73 	ld	a, (0x03, sp)
      000020 97               [ 1]   74 	ld	xl, a
      000021 9F               [ 1]   75 	ld	a, xl
      000022 49               [ 1]   76 	rlc	a
      000023 4F               [ 1]   77 	clr	a
      000024 A2 00            [ 1]   78 	sbc	a, #0x00
      000026 95               [ 1]   79 	ld	xh, a
      000027 90 5F            [ 1]   80 	clrw	y
      000029 7B 04            [ 1]   81 	ld	a, (0x04, sp)
      00002B 90 97            [ 1]   82 	ld	yl, a
      00002D 90 89            [ 2]   83 	pushw	y
      00002F 89               [ 2]   84 	pushw	x
      000030 CDr00r00         [ 4]   85 	call	__modsint
      000033 5B 04            [ 2]   86 	addw	sp, #4
      000035 81               [ 4]   87 	ret
                                     88 ;	../_modschar.c: 43: _modsuchar (signed char x, signed char y)
                                     89 ;	-----------------------------------------
                                     90 ;	 function _modsuchar
                                     91 ;	-----------------------------------------
      000036                         92 __modsuchar:
                                     93 ;	../_modschar.c: 45: return ((int)((unsigned char)x) % (int)y);
      000036 7B 03            [ 1]   94 	ld	a, (0x03, sp)
      000038 90 5F            [ 1]   95 	clrw	y
      00003A 90 97            [ 1]   96 	ld	yl, a
      00003C 7B 04            [ 1]   97 	ld	a, (0x04, sp)
      00003E 97               [ 1]   98 	ld	xl, a
      00003F 9F               [ 1]   99 	ld	a, xl
      000040 49               [ 1]  100 	rlc	a
      000041 4F               [ 1]  101 	clr	a
      000042 A2 00            [ 1]  102 	sbc	a, #0x00
      000044 95               [ 1]  103 	ld	xh, a
      000045 89               [ 2]  104 	pushw	x
      000046 90 89            [ 2]  105 	pushw	y
      000048 CDr00r00         [ 4]  106 	call	__modsint
      00004B 5B 04            [ 2]  107 	addw	sp, #4
      00004D 81               [ 4]  108 	ret
                                    109 	.area CODE
                                    110 	.area INITIALIZER
                                    111 	.area CABS (ABS)
