                                      1 ;--------------------------------------------------------
                                      2 ; File Created by SDCC : free open source ANSI-C Compiler
                                      3 ; Version 3.3.1 #8898 (Nov 27 2013) (Linux)
                                      4 ; This file was generated Wed Nov 27 12:28:48 2013
                                      5 ;--------------------------------------------------------
                                      6 	.module _modulong
                                      7 	
                                      8 ;--------------------------------------------------------
                                      9 ; Public variables in this module
                                     10 ;--------------------------------------------------------
                                     11 	.globl __modulong
                                     12 ;--------------------------------------------------------
                                     13 ; ram data
                                     14 ;--------------------------------------------------------
                                     15 	.area DATA
                                     16 ;--------------------------------------------------------
                                     17 ; ram data
                                     18 ;--------------------------------------------------------
                                     19 	.area INITIALIZED
                                     20 ;--------------------------------------------------------
                                     21 ; absolute external ram data
                                     22 ;--------------------------------------------------------
                                     23 	.area DABS (ABS)
                                     24 ;--------------------------------------------------------
                                     25 ; global & static initialisations
                                     26 ;--------------------------------------------------------
                                     27 	.area HOME
                                     28 	.area GSINIT
                                     29 	.area GSFINAL
                                     30 	.area GSINIT
                                     31 ;--------------------------------------------------------
                                     32 ; Home
                                     33 ;--------------------------------------------------------
                                     34 	.area HOME
                                     35 	.area HOME
                                     36 ;--------------------------------------------------------
                                     37 ; code
                                     38 ;--------------------------------------------------------
                                     39 	.area CODE
                                     40 ;	../_modulong.c: 340: _modulong (unsigned long a, unsigned long b)
                                     41 ;	-----------------------------------------
                                     42 ;	 function _modulong
                                     43 ;	-----------------------------------------
      000000                         44 __modulong:
      000000 52 04            [ 2]   45 	sub	sp, #4
                                     46 ;	../_modulong.c: 342: unsigned char count = 0;
      000002 0F 02            [ 1]   47 	clr	(0x02, sp)
                                     48 ;	../_modulong.c: 344: while (!MSB_SET(b))
      000004 0F 01            [ 1]   49 	clr	(0x01, sp)
      000006                         50 00103$:
      000006 7B 0B            [ 1]   51 	ld	a, (0x0b, sp)
      000008 48               [ 1]   52 	sll	a
      000009 4F               [ 1]   53 	clr	a
      00000A 49               [ 1]   54 	rlc	a
      00000B 4D               [ 1]   55 	tnz	a
      00000C 26 2E            [ 1]   56 	jrne	00117$
                                     57 ;	../_modulong.c: 346: b <<= 1;
      00000E 16 0D            [ 2]   58 	ldw	y, (0x0d, sp)
      000010 1E 0B            [ 2]   59 	ldw	x, (0x0b, sp)
      000012 90 58            [ 2]   60 	sllw	y
      000014 59               [ 2]   61 	rlcw	x
      000015 17 0D            [ 2]   62 	ldw	(0x0d, sp), y
      000017 1F 0B            [ 2]   63 	ldw	(0x0b, sp), x
                                     64 ;	../_modulong.c: 347: if (b > a)
      000019 1E 09            [ 2]   65 	ldw	x, (0x09, sp)
      00001B 13 0D            [ 2]   66 	cpw	x, (0x0d, sp)
      00001D 7B 08            [ 1]   67 	ld	a, (0x08, sp)
      00001F 12 0C            [ 1]   68 	sbc	a, (0x0c, sp)
      000021 7B 07            [ 1]   69 	ld	a, (0x07, sp)
      000023 12 0B            [ 1]   70 	sbc	a, (0x0b, sp)
      000025 24 0D            [ 1]   71 	jrnc	00102$
                                     72 ;	../_modulong.c: 349: b >>=1;
      000027 16 0D            [ 2]   73 	ldw	y, (0x0d, sp)
      000029 1E 0B            [ 2]   74 	ldw	x, (0x0b, sp)
      00002B 54               [ 2]   75 	srlw	x
      00002C 90 56            [ 2]   76 	rrcw	y
      00002E 17 0D            [ 2]   77 	ldw	(0x0d, sp), y
      000030 1F 0B            [ 2]   78 	ldw	(0x0b, sp), x
                                     79 ;	../_modulong.c: 350: break;
      000032 20 08            [ 2]   80 	jra	00117$
      000034                         81 00102$:
                                     82 ;	../_modulong.c: 352: count++;
      000034 0C 01            [ 1]   83 	inc	(0x01, sp)
      000036 7B 01            [ 1]   84 	ld	a, (0x01, sp)
      000038 6B 02            [ 1]   85 	ld	(0x02, sp), a
      00003A 20 CA            [ 2]   86 	jra	00103$
                                     87 ;	../_modulong.c: 354: do
      00003C                         88 00117$:
      00003C 7B 02            [ 1]   89 	ld	a, (0x02, sp)
      00003E 6B 04            [ 1]   90 	ld	(0x04, sp), a
      000040                         91 00108$:
                                     92 ;	../_modulong.c: 356: if (a >= b)
      000040 1E 09            [ 2]   93 	ldw	x, (0x09, sp)
      000042 13 0D            [ 2]   94 	cpw	x, (0x0d, sp)
      000044 7B 08            [ 1]   95 	ld	a, (0x08, sp)
      000046 12 0C            [ 1]   96 	sbc	a, (0x0c, sp)
      000048 7B 07            [ 1]   97 	ld	a, (0x07, sp)
      00004A 12 0B            [ 1]   98 	sbc	a, (0x0b, sp)
      00004C 25 13            [ 1]   99 	jrc	00107$
                                    100 ;	../_modulong.c: 357: a -= b;
      00004E 16 09            [ 2]  101 	ldw	y, (0x09, sp)
      000050 72 F2 0D         [ 2]  102 	subw	y, (0x0d, sp)
      000053 7B 08            [ 1]  103 	ld	a, (0x08, sp)
      000055 12 0C            [ 1]  104 	sbc	a, (0x0c, sp)
      000057 97               [ 1]  105 	ld	xl, a
      000058 7B 07            [ 1]  106 	ld	a, (0x07, sp)
      00005A 12 0B            [ 1]  107 	sbc	a, (0x0b, sp)
      00005C 95               [ 1]  108 	ld	xh, a
      00005D 17 09            [ 2]  109 	ldw	(0x09, sp), y
      00005F 1F 07            [ 2]  110 	ldw	(0x07, sp), x
      000061                        111 00107$:
                                    112 ;	../_modulong.c: 358: b >>= 1;
      000061 16 0D            [ 2]  113 	ldw	y, (0x0d, sp)
      000063 1E 0B            [ 2]  114 	ldw	x, (0x0b, sp)
      000065 54               [ 2]  115 	srlw	x
      000066 90 56            [ 2]  116 	rrcw	y
      000068 17 0D            [ 2]  117 	ldw	(0x0d, sp), y
      00006A 1F 0B            [ 2]  118 	ldw	(0x0b, sp), x
                                    119 ;	../_modulong.c: 360: while (count--);
      00006C 7B 04            [ 1]  120 	ld	a, (0x04, sp)
      00006E 6B 03            [ 1]  121 	ld	(0x03, sp), a
      000070 0A 04            [ 1]  122 	dec	(0x04, sp)
      000072 0D 03            [ 1]  123 	tnz	(0x03, sp)
      000074 26 CA            [ 1]  124 	jrne	00108$
                                    125 ;	../_modulong.c: 362: return a;
      000076 1E 09            [ 2]  126 	ldw	x, (0x09, sp)
      000078 16 07            [ 2]  127 	ldw	y, (0x07, sp)
      00007A 5B 04            [ 2]  128 	addw	sp, #4
      00007C 81               [ 4]  129 	ret
                                    130 	.area CODE
                                    131 	.area INITIALIZER
                                    132 	.area CABS (ABS)
