                                      1 ;--------------------------------------------------------
                                      2 ; File Created by SDCC : free open source ANSI-C Compiler
                                      3 ; Version 3.3.1 #8898 (Nov 27 2013) (Linux)
                                      4 ; This file was generated Wed Nov 27 12:28:49 2013
                                      5 ;--------------------------------------------------------
                                      6 	.module _rrslonglong
                                      7 	
                                      8 ;--------------------------------------------------------
                                      9 ; Public variables in this module
                                     10 ;--------------------------------------------------------
                                     11 	.globl __rrslonglong
                                     12 ;--------------------------------------------------------
                                     13 ; ram data
                                     14 ;--------------------------------------------------------
                                     15 	.area DATA
                                     16 ;--------------------------------------------------------
                                     17 ; ram data
                                     18 ;--------------------------------------------------------
                                     19 	.area INITIALIZED
                                     20 ;--------------------------------------------------------
                                     21 ; absolute external ram data
                                     22 ;--------------------------------------------------------
                                     23 	.area DABS (ABS)
                                     24 ;--------------------------------------------------------
                                     25 ; global & static initialisations
                                     26 ;--------------------------------------------------------
                                     27 	.area HOME
                                     28 	.area GSINIT
                                     29 	.area GSFINAL
                                     30 	.area GSINIT
                                     31 ;--------------------------------------------------------
                                     32 ; Home
                                     33 ;--------------------------------------------------------
                                     34 	.area HOME
                                     35 	.area HOME
                                     36 ;--------------------------------------------------------
                                     37 ; code
                                     38 ;--------------------------------------------------------
                                     39 	.area CODE
                                     40 ;	../_rrslonglong.c: 35: long long _rrslonglong(long long l, signed char s)
                                     41 ;	-----------------------------------------
                                     42 ;	 function _rrslonglong
                                     43 ;	-----------------------------------------
      000000                         44 __rrslonglong:
      000000 52 31            [ 2]   45 	sub	sp, #49
                                     46 ;	../_rrslonglong.c: 37: int32_t *top = (uint32_t *)((char *)(&l) + 4);
      000002 90 96            [ 1]   47 	ldw	y, sp
      000004 72 A9 00 34      [ 2]   48 	addw	y, #52
      000008 93               [ 1]   49 	ldw	x, y
      000009 1C 00 04         [ 2]   50 	addw	x, #0x0004
      00000C 1F 07            [ 2]   51 	ldw	(0x07, sp), x
                                     52 ;	../_rrslonglong.c: 38: uint16_t *middle = (uint16_t *)((char *)(&l) + 3);
      00000E 93               [ 1]   53 	ldw	x, y
      00000F 1C 00 03         [ 2]   54 	addw	x, #0x0003
      000012 1F 05            [ 2]   55 	ldw	(0x05, sp), x
                                     56 ;	../_rrslonglong.c: 39: uint32_t *bottom = (uint32_t *)(&l);
      000014 93               [ 1]   57 	ldw	x, y
      000015 1F 03            [ 2]   58 	ldw	(0x03, sp), x
                                     59 ;	../_rrslonglong.c: 40: uint16_t *b = (uint16_t *)(&l);
      000017 17 01            [ 2]   60 	ldw	(0x01, sp), y
                                     61 ;	../_rrslonglong.c: 50: (*bottom) >>= s;
      000019 7B 3E            [ 1]   62 	ld	a, (0x3e, sp)
      00001B 6B 29            [ 1]   63 	ld	(0x29, sp), a
      00001D                         64 00103$:
                                     65 ;	../_rrslonglong.c: 42: for(;s >= 16; s-= 16)
      00001D 7B 29            [ 1]   66 	ld	a, (0x29, sp)
      00001F A1 10            [ 1]   67 	cp	a, #0x10
      000021 2F 4C            [ 1]   68 	jrslt	00101$
                                     69 ;	../_rrslonglong.c: 44: b[0] = b[1];
      000023 1E 01            [ 2]   70 	ldw	x, (0x01, sp)
      000025 5C               [ 2]   71 	incw	x
      000026 5C               [ 2]   72 	incw	x
      000027 1F 23            [ 2]   73 	ldw	(0x23, sp), x
      000029 1E 23            [ 2]   74 	ldw	x, (0x23, sp)
      00002B FE               [ 2]   75 	ldw	x, (x)
      00002C 16 01            [ 2]   76 	ldw	y, (0x01, sp)
      00002E 90 FF            [ 2]   77 	ldw	(y), x
                                     78 ;	../_rrslonglong.c: 45: b[1] = b[2];
      000030 1E 01            [ 2]   79 	ldw	x, (0x01, sp)
      000032 1C 00 04         [ 2]   80 	addw	x, #0x0004
      000035 1F 27            [ 2]   81 	ldw	(0x27, sp), x
      000037 1E 27            [ 2]   82 	ldw	x, (0x27, sp)
      000039 FE               [ 2]   83 	ldw	x, (x)
      00003A 16 23            [ 2]   84 	ldw	y, (0x23, sp)
      00003C 90 FF            [ 2]   85 	ldw	(y), x
                                     86 ;	../_rrslonglong.c: 46: b[2] = b[3];
      00003E 1E 01            [ 2]   87 	ldw	x, (0x01, sp)
      000040 1C 00 06         [ 2]   88 	addw	x, #0x0006
      000043 1F 25            [ 2]   89 	ldw	(0x25, sp), x
      000045 1E 25            [ 2]   90 	ldw	x, (0x25, sp)
      000047 FE               [ 2]   91 	ldw	x, (x)
      000048 16 27            [ 2]   92 	ldw	y, (0x27, sp)
      00004A 90 FF            [ 2]   93 	ldw	(y), x
                                     94 ;	../_rrslonglong.c: 47: b[3] = (b[3] & 0x8000) ? 0xffff : 0x000000;
      00004C 1E 25            [ 2]   95 	ldw	x, (0x25, sp)
      00004E FE               [ 2]   96 	ldw	x, (x)
      00004F 4F               [ 1]   97 	clr	a
      000050 97               [ 1]   98 	ld	xl, a
      000051 9E               [ 1]   99 	ld	a, xh
      000052 A4 80            [ 1]  100 	and	a, #0x80
      000054 95               [ 1]  101 	ld	xh, a
      000055 5D               [ 2]  102 	tnzw	x
      000056 27 07            [ 1]  103 	jreq	00107$
      000058 AE FF FF         [ 2]  104 	ldw	x, #0xffff
      00005B 1F 21            [ 2]  105 	ldw	(0x21, sp), x
      00005D 20 03            [ 2]  106 	jra	00108$
      00005F                        107 00107$:
      00005F 5F               [ 1]  108 	clrw	x
      000060 1F 21            [ 2]  109 	ldw	(0x21, sp), x
      000062                        110 00108$:
      000062 1E 25            [ 2]  111 	ldw	x, (0x25, sp)
      000064 16 21            [ 2]  112 	ldw	y, (0x21, sp)
      000066 FF               [ 2]  113 	ldw	(x), y
                                    114 ;	../_rrslonglong.c: 42: for(;s >= 16; s-= 16)
      000067 7B 29            [ 1]  115 	ld	a, (0x29, sp)
      000069 A0 10            [ 1]  116 	sub	a, #0x10
      00006B 6B 29            [ 1]  117 	ld	(0x29, sp), a
      00006D 20 AE            [ 2]  118 	jra	00103$
      00006F                        119 00101$:
                                    120 ;	../_rrslonglong.c: 50: (*bottom) >>= s;
      00006F 1E 03            [ 2]  121 	ldw	x, (0x03, sp)
      000071 E6 03            [ 1]  122 	ld	a, (0x3, x)
      000073 6B 20            [ 1]  123 	ld	(0x20, sp), a
      000075 E6 02            [ 1]  124 	ld	a, (0x2, x)
      000077 FE               [ 2]  125 	ldw	x, (x)
      000078 6B 1B            [ 1]  126 	ld	(0x1b, sp), a
      00007A 1F 19            [ 2]  127 	ldw	(0x19, sp), x
      00007C 7B 20            [ 1]  128 	ld	a, (0x20, sp)
      00007E 6B 1C            [ 1]  129 	ld	(0x1c, sp), a
      000080 7B 29            [ 1]  130 	ld	a, (0x29, sp)
      000082 4D               [ 1]  131 	tnz	a
      000083 27 0B            [ 1]  132 	jreq	00125$
      000085                        133 00124$:
      000085 04 19            [ 1]  134 	srl	(0x19, sp)
      000087 06 1A            [ 1]  135 	rrc	(0x1a, sp)
      000089 06 1B            [ 1]  136 	rrc	(0x1b, sp)
      00008B 06 1C            [ 1]  137 	rrc	(0x1c, sp)
      00008D 4A               [ 1]  138 	dec	a
      00008E 26 F5            [ 1]  139 	jrne	00124$
      000090                        140 00125$:
      000090 1E 03            [ 2]  141 	ldw	x, (0x03, sp)
      000092 16 1B            [ 2]  142 	ldw	y, (0x1b, sp)
      000094 EF 02            [ 2]  143 	ldw	(0x2, x), y
      000096 16 19            [ 2]  144 	ldw	y, (0x19, sp)
      000098 FF               [ 2]  145 	ldw	(x), y
                                    146 ;	../_rrslonglong.c: 51: (*bottom) |= ((uint32_t)((*middle) >> s) << 16);
      000099 1E 05            [ 2]  147 	ldw	x, (0x05, sp)
      00009B FE               [ 2]  148 	ldw	x, (x)
      00009C 7B 29            [ 1]  149 	ld	a, (0x29, sp)
      00009E 4D               [ 1]  150 	tnz	a
      00009F 27 04            [ 1]  151 	jreq	00127$
      0000A1                        152 00126$:
      0000A1 54               [ 2]  153 	srlw	x
      0000A2 4A               [ 1]  154 	dec	a
      0000A3 26 FC            [ 1]  155 	jrne	00126$
      0000A5                        156 00127$:
      0000A5 4F               [ 1]  157 	clr	a
      0000A6 0F 15            [ 1]  158 	clr	(0x15, sp)
      0000A8 88               [ 1]  159 	push	a
      0000A9 7B 16            [ 1]  160 	ld	a, (0x16, sp)
      0000AB 6B 12            [ 1]  161 	ld	(0x12, sp), a
      0000AD A6 10            [ 1]  162 	ld	a, #0x10
      0000AF 4D               [ 1]  163 	tnz	a
      0000B0 27 08            [ 1]  164 	jreq	00129$
      0000B2                        165 00128$:
      0000B2 58               [ 2]  166 	sllw	x
      0000B3 09 01            [ 1]  167 	rlc	(1, sp)
      0000B5 09 12            [ 1]  168 	rlc	(0x12, sp)
      0000B7 4A               [ 1]  169 	dec	a
      0000B8 26 F8            [ 1]  170 	jrne	00128$
      0000BA                        171 00129$:
      0000BA 84               [ 1]  172 	pop	a
      0000BB 1A 1A            [ 1]  173 	or	a, (0x1a, sp)
      0000BD 6B 0E            [ 1]  174 	ld	(0x0e, sp), a
      0000BF 9F               [ 1]  175 	ld	a, xl
      0000C0 1A 1C            [ 1]  176 	or	a, (0x1c, sp)
      0000C2 90 97            [ 1]  177 	ld	yl, a
      0000C4 9E               [ 1]  178 	ld	a, xh
      0000C5 1A 1B            [ 1]  179 	or	a, (0x1b, sp)
      0000C7 90 95            [ 1]  180 	ld	yh, a
      0000C9 7B 11            [ 1]  181 	ld	a, (0x11, sp)
      0000CB 1A 19            [ 1]  182 	or	a, (0x19, sp)
      0000CD 6B 0D            [ 1]  183 	ld	(0x0d, sp), a
      0000CF 1E 03            [ 2]  184 	ldw	x, (0x03, sp)
      0000D1 EF 02            [ 2]  185 	ldw	(0x2, x), y
      0000D3 16 0D            [ 2]  186 	ldw	y, (0x0d, sp)
      0000D5 FF               [ 2]  187 	ldw	(x), y
                                    188 ;	../_rrslonglong.c: 52: (*top) |= (((*middle) & 0xffff0000) >> s);
      0000D6 1E 07            [ 2]  189 	ldw	x, (0x07, sp)
      0000D8 E6 03            [ 1]  190 	ld	a, (0x3, x)
      0000DA 6B 0C            [ 1]  191 	ld	(0x0c, sp), a
      0000DC E6 02            [ 1]  192 	ld	a, (0x2, x)
      0000DE 6B 0B            [ 1]  193 	ld	(0x0b, sp), a
      0000E0 FE               [ 2]  194 	ldw	x, (x)
      0000E1 1F 09            [ 2]  195 	ldw	(0x09, sp), x
      0000E3 1E 05            [ 2]  196 	ldw	x, (0x05, sp)
      0000E5 FE               [ 2]  197 	ldw	x, (x)
      0000E6 90 93            [ 1]  198 	ldw	y, x
      0000E8 5F               [ 1]  199 	clrw	x
      0000E9 4F               [ 1]  200 	clr	a
      0000EA 88               [ 1]  201 	push	a
      0000EB 4F               [ 1]  202 	clr	a
      0000EC 90 95            [ 1]  203 	ld	yh, a
      0000EE 84               [ 1]  204 	pop	a
      0000EF 88               [ 1]  205 	push	a
      0000F0 7B 2A            [ 1]  206 	ld	a, (0x2a, sp)
      0000F2 4D               [ 1]  207 	tnz	a
      0000F3 27 0B            [ 1]  208 	jreq	00131$
      0000F5                        209 00130$:
      0000F5 54               [ 2]  210 	srlw	x
      0000F6 90 02            [ 1]  211 	rlwa	y
      0000F8 46               [ 1]  212 	rrc	a
      0000F9 90 01            [ 1]  213 	rrwa	y
      0000FB 06 01            [ 1]  214 	rrc	(1, sp)
      0000FD 4A               [ 1]  215 	dec	a
      0000FE 26 F5            [ 1]  216 	jrne	00130$
      000100                        217 00131$:
      000100 7B 0D            [ 1]  218 	ld	a, (0x0d, sp)
      000102 6B 32            [ 1]  219 	ld	(0x32, sp), a
      000104 7B 0C            [ 1]  220 	ld	a, (0x0c, sp)
      000106 6B 31            [ 1]  221 	ld	(0x31, sp), a
      000108 7B 0B            [ 1]  222 	ld	a, (0x0b, sp)
      00010A 6B 30            [ 1]  223 	ld	(0x30, sp), a
      00010C 7B 0A            [ 1]  224 	ld	a, (0x0a, sp)
      00010E 6B 2F            [ 1]  225 	ld	(0x2f, sp), a
      000110 84               [ 1]  226 	pop	a
      000111 1A 31            [ 1]  227 	or	a, (0x31, sp)
      000113 90 97            [ 1]  228 	ld	yl, a
      000115 90 9E            [ 1]  229 	ld	a, yh
      000117 1A 30            [ 1]  230 	or	a, (0x30, sp)
      000119 90 95            [ 1]  231 	ld	yh, a
      00011B 9F               [ 1]  232 	ld	a, xl
      00011C 1A 2F            [ 1]  233 	or	a, (0x2f, sp)
      00011E 6B 2B            [ 1]  234 	ld	(0x2b, sp), a
      000120 9E               [ 1]  235 	ld	a, xh
      000121 1A 2E            [ 1]  236 	or	a, (0x2e, sp)
      000123 6B 2A            [ 1]  237 	ld	(0x2a, sp), a
      000125 1E 07            [ 2]  238 	ldw	x, (0x07, sp)
      000127 EF 02            [ 2]  239 	ldw	(0x2, x), y
      000129 16 2A            [ 2]  240 	ldw	y, (0x2a, sp)
      00012B FF               [ 2]  241 	ldw	(x), y
                                    242 ;	../_rrslonglong.c: 54: return(l);
      00012C 1E 34            [ 2]  243 	ldw	x, (0x34, sp)
      00012E 16 3C            [ 2]  244 	ldw	y, (0x3c, sp)
      000130 EF 06            [ 2]  245 	ldw	(#6, x), y
      000132 16 3A            [ 2]  246 	ldw	y, (0x3a, sp)
      000134 EF 04            [ 2]  247 	ldw	(#4, x), y
      000136 16 38            [ 2]  248 	ldw	y, (0x38, sp)
      000138 EF 02            [ 2]  249 	ldw	(#2, x), y
      00013A 16 36            [ 2]  250 	ldw	y, (0x36, sp)
      00013C FF               [ 2]  251 	ldw	(x), y
      00013D 5B 31            [ 2]  252 	addw	sp, #49
      00013F 81               [ 4]  253 	ret
                                    254 	.area CODE
                                    255 	.area INITIALIZER
                                    256 	.area CABS (ABS)
