                                      1 ;--------------------------------------------------------
                                      2 ; File Created by SDCC : free open source ANSI-C Compiler
                                      3 ; Version 3.3.1 #8898 (Nov 27 2013) (Linux)
                                      4 ; This file was generated Wed Nov 27 12:28:32 2013
                                      5 ;--------------------------------------------------------
                                      6 	.module _schar2fs
                                      7 	
                                      8 ;--------------------------------------------------------
                                      9 ; Public variables in this module
                                     10 ;--------------------------------------------------------
                                     11 	.globl ___slong2fs
                                     12 	.globl ___schar2fs
                                     13 ;--------------------------------------------------------
                                     14 ; ram data
                                     15 ;--------------------------------------------------------
                                     16 	.area DATA
                                     17 ;--------------------------------------------------------
                                     18 ; ram data
                                     19 ;--------------------------------------------------------
                                     20 	.area INITIALIZED
                                     21 ;--------------------------------------------------------
                                     22 ; absolute external ram data
                                     23 ;--------------------------------------------------------
                                     24 	.area DABS (ABS)
                                     25 ;--------------------------------------------------------
                                     26 ; global & static initialisations
                                     27 ;--------------------------------------------------------
                                     28 	.area HOME
                                     29 	.area GSINIT
                                     30 	.area GSFINAL
                                     31 	.area GSINIT
                                     32 ;--------------------------------------------------------
                                     33 ; Home
                                     34 ;--------------------------------------------------------
                                     35 	.area HOME
                                     36 	.area HOME
                                     37 ;--------------------------------------------------------
                                     38 ; code
                                     39 ;--------------------------------------------------------
                                     40 	.area CODE
                                     41 ;	../_schar2fs.c: 55: float __schar2fs (signed char sc) {
                                     42 ;	-----------------------------------------
                                     43 ;	 function __schar2fs
                                     44 ;	-----------------------------------------
      000000                         45 ___schar2fs:
                                     46 ;	../_schar2fs.c: 56: return __slong2fs(sc);
      000000 7B 03            [ 1]   47 	ld	a, (0x03, sp)
      000002 97               [ 1]   48 	ld	xl, a
      000003 9F               [ 1]   49 	ld	a, xl
      000004 49               [ 1]   50 	rlc	a
      000005 4F               [ 1]   51 	clr	a
      000006 A2 00            [ 1]   52 	sbc	a, #0x00
      000008 95               [ 1]   53 	ld	xh, a
      000009 90 97            [ 1]   54 	ld	yl, a
      00000B 90 95            [ 1]   55 	ld	yh, a
      00000D 89               [ 2]   56 	pushw	x
      00000E 90 89            [ 2]   57 	pushw	y
      000010 CDr00r00         [ 4]   58 	call	___slong2fs
      000013 5B 04            [ 2]   59 	addw	sp, #4
      000015 81               [ 4]   60 	ret
                                     61 	.area CODE
                                     62 	.area INITIALIZER
                                     63 	.area CABS (ABS)
