                                      1 ;--------------------------------------------------------
                                      2 ; File Created by SDCC : free open source ANSI-C Compiler
                                      3 ; Version 3.3.1 #8898 (Nov 27 2013) (Linux)
                                      4 ; This file was generated Wed Nov 27 12:28:32 2013
                                      5 ;--------------------------------------------------------
                                      6 	.module _sint2fs
                                      7 	
                                      8 ;--------------------------------------------------------
                                      9 ; Public variables in this module
                                     10 ;--------------------------------------------------------
                                     11 	.globl ___slong2fs
                                     12 	.globl ___sint2fs
                                     13 ;--------------------------------------------------------
                                     14 ; ram data
                                     15 ;--------------------------------------------------------
                                     16 	.area DATA
                                     17 ;--------------------------------------------------------
                                     18 ; ram data
                                     19 ;--------------------------------------------------------
                                     20 	.area INITIALIZED
                                     21 ;--------------------------------------------------------
                                     22 ; absolute external ram data
                                     23 ;--------------------------------------------------------
                                     24 	.area DABS (ABS)
                                     25 ;--------------------------------------------------------
                                     26 ; global & static initialisations
                                     27 ;--------------------------------------------------------
                                     28 	.area HOME
                                     29 	.area GSINIT
                                     30 	.area GSFINAL
                                     31 	.area GSINIT
                                     32 ;--------------------------------------------------------
                                     33 ; Home
                                     34 ;--------------------------------------------------------
                                     35 	.area HOME
                                     36 	.area HOME
                                     37 ;--------------------------------------------------------
                                     38 ; code
                                     39 ;--------------------------------------------------------
                                     40 	.area CODE
                                     41 ;	../_sint2fs.c: 54: float __sint2fs (signed int si) {
                                     42 ;	-----------------------------------------
                                     43 ;	 function __sint2fs
                                     44 ;	-----------------------------------------
      000000                         45 ___sint2fs:
                                     46 ;	../_sint2fs.c: 55: return __slong2fs(si);
      000000 16 03            [ 2]   47 	ldw	y, (0x03, sp)
      000002 5F               [ 1]   48 	clrw	x
      000003 90 5D            [ 2]   49 	tnzw	y
      000005 2A 01            [ 1]   50 	jrpl	00103$
      000007 5A               [ 2]   51 	decw	x
      000008                         52 00103$:
      000008 90 89            [ 2]   53 	pushw	y
      00000A 89               [ 2]   54 	pushw	x
      00000B CDr00r00         [ 4]   55 	call	___slong2fs
      00000E 5B 04            [ 2]   56 	addw	sp, #4
      000010 81               [ 4]   57 	ret
                                     58 	.area CODE
                                     59 	.area INITIALIZER
                                     60 	.area CABS (ABS)
