                                      1 ;--------------------------------------------------------
                                      2 ; File Created by SDCC : free open source ANSI-C Compiler
                                      3 ; Version 3.3.1 #8898 (Nov 27 2013) (Linux)
                                      4 ; This file was generated Wed Nov 27 12:28:51 2013
                                      5 ;--------------------------------------------------------
                                      6 	.module _strcspn
                                      7 	
                                      8 ;--------------------------------------------------------
                                      9 ; Public variables in this module
                                     10 ;--------------------------------------------------------
                                     11 	.globl _strchr
                                     12 	.globl _strcspn
                                     13 ;--------------------------------------------------------
                                     14 ; ram data
                                     15 ;--------------------------------------------------------
                                     16 	.area DATA
                                     17 ;--------------------------------------------------------
                                     18 ; ram data
                                     19 ;--------------------------------------------------------
                                     20 	.area INITIALIZED
                                     21 ;--------------------------------------------------------
                                     22 ; absolute external ram data
                                     23 ;--------------------------------------------------------
                                     24 	.area DABS (ABS)
                                     25 ;--------------------------------------------------------
                                     26 ; global & static initialisations
                                     27 ;--------------------------------------------------------
                                     28 	.area HOME
                                     29 	.area GSINIT
                                     30 	.area GSFINAL
                                     31 	.area GSINIT
                                     32 ;--------------------------------------------------------
                                     33 ; Home
                                     34 ;--------------------------------------------------------
                                     35 	.area HOME
                                     36 	.area HOME
                                     37 ;--------------------------------------------------------
                                     38 ; code
                                     39 ;--------------------------------------------------------
                                     40 	.area CODE
                                     41 ;	../_strcspn.c: 31: size_t strcspn ( 
                                     42 ;	-----------------------------------------
                                     43 ;	 function strcspn
                                     44 ;	-----------------------------------------
      000000                         45 _strcspn:
      000000 52 04            [ 2]   46 	sub	sp, #4
                                     47 ;	../_strcspn.c: 39: while (ch = *string) {
      000002 5F               [ 1]   48 	clrw	x
      000003 1F 01            [ 2]   49 	ldw	(0x01, sp), x
      000005 16 07            [ 2]   50 	ldw	y, (0x07, sp)
      000007 17 03            [ 2]   51 	ldw	(0x03, sp), y
      000009                         52 00104$:
      000009 1E 03            [ 2]   53 	ldw	x, (0x03, sp)
      00000B F6               [ 1]   54 	ld	a, (x)
      00000C 97               [ 1]   55 	ld	xl, a
      00000D 4D               [ 1]   56 	tnz	a
      00000E 27 1E            [ 1]   57 	jreq	00106$
                                     58 ;	../_strcspn.c: 40: if (strchr(control,ch))
      000010 9F               [ 1]   59 	ld	a, xl
      000011 49               [ 1]   60 	rlc	a
      000012 4F               [ 1]   61 	clr	a
      000013 A2 00            [ 1]   62 	sbc	a, #0x00
      000015 95               [ 1]   63 	ld	xh, a
      000016 89               [ 2]   64 	pushw	x
      000017 1E 0B            [ 2]   65 	ldw	x, (0x0b, sp)
      000019 89               [ 2]   66 	pushw	x
      00001A CDr00r00         [ 4]   67 	call	_strchr
      00001D 5B 04            [ 2]   68 	addw	sp, #4
      00001F 5D               [ 2]   69 	tnzw	x
      000020 26 0C            [ 1]   70 	jrne	00106$
                                     71 ;	../_strcspn.c: 43: count++ ;
      000022 1E 01            [ 2]   72 	ldw	x, (0x01, sp)
      000024 5C               [ 2]   73 	incw	x
      000025 1F 01            [ 2]   74 	ldw	(0x01, sp), x
                                     75 ;	../_strcspn.c: 44: string++ ;
      000027 1E 03            [ 2]   76 	ldw	x, (0x03, sp)
      000029 5C               [ 2]   77 	incw	x
      00002A 1F 03            [ 2]   78 	ldw	(0x03, sp), x
      00002C 20 DB            [ 2]   79 	jra	00104$
      00002E                         80 00106$:
                                     81 ;	../_strcspn.c: 47: return count ;
      00002E 1E 01            [ 2]   82 	ldw	x, (0x01, sp)
      000030 5B 04            [ 2]   83 	addw	sp, #4
      000032 81               [ 4]   84 	ret
                                     85 	.area CODE
                                     86 	.area INITIALIZER
                                     87 	.area CABS (ABS)
