                                      1 ;--------------------------------------------------------
                                      2 ; File Created by SDCC : free open source ANSI-C Compiler
                                      3 ; Version 3.3.1 #8898 (Nov 27 2013) (Linux)
                                      4 ; This file was generated Wed Nov 27 12:29:01 2013
                                      5 ;--------------------------------------------------------
                                      6 	.module _strcpy
                                      7 	
                                      8 ;--------------------------------------------------------
                                      9 ; Public variables in this module
                                     10 ;--------------------------------------------------------
                                     11 	.globl _strcpy
                                     12 ;--------------------------------------------------------
                                     13 ; ram data
                                     14 ;--------------------------------------------------------
                                     15 	.area DATA
                                     16 ;--------------------------------------------------------
                                     17 ; ram data
                                     18 ;--------------------------------------------------------
                                     19 	.area INITIALIZED
                                     20 ;--------------------------------------------------------
                                     21 ; absolute external ram data
                                     22 ;--------------------------------------------------------
                                     23 	.area DABS (ABS)
                                     24 ;--------------------------------------------------------
                                     25 ; global & static initialisations
                                     26 ;--------------------------------------------------------
                                     27 	.area HOME
                                     28 	.area GSINIT
                                     29 	.area GSFINAL
                                     30 	.area GSINIT
                                     31 ;--------------------------------------------------------
                                     32 ; Home
                                     33 ;--------------------------------------------------------
                                     34 	.area HOME
                                     35 	.area HOME
                                     36 ;--------------------------------------------------------
                                     37 ; code
                                     38 ;--------------------------------------------------------
                                     39 	.area CODE
                                     40 ;	../_strcpy.c: 34: char * strcpy (
                                     41 ;	-----------------------------------------
                                     42 ;	 function strcpy
                                     43 ;	-----------------------------------------
      000000                         44 _strcpy:
                                     45 ;	../_strcpy.c: 39: register char * to = d;
      000000 1E 03            [ 2]   46 	ldw	x, (0x03, sp)
                                     47 ;	../_strcpy.c: 40: register const char * from = s;
      000002 16 05            [ 2]   48 	ldw	y, (0x05, sp)
                                     49 ;	../_strcpy.c: 42: while (*to++ = *from++) ;
      000004                         50 00101$:
      000004 90 F6            [ 1]   51 	ld	a, (y)
      000006 90 5C            [ 2]   52 	incw	y
      000008 F7               [ 1]   53 	ld	(x), a
      000009 5C               [ 2]   54 	incw	x
      00000A 4D               [ 1]   55 	tnz	a
      00000B 26 F7            [ 1]   56 	jrne	00101$
                                     57 ;	../_strcpy.c: 44: return d;
      00000D 1E 03            [ 2]   58 	ldw	x, (0x03, sp)
      00000F 81               [ 4]   59 	ret
                                     60 	.area CODE
                                     61 	.area INITIALIZER
                                     62 	.area CABS (ABS)
