                                      1 ;--------------------------------------------------------
                                      2 ; File Created by SDCC : free open source ANSI-C Compiler
                                      3 ; Version 3.3.1 #8898 (Nov 27 2013) (Linux)
                                      4 ; This file was generated Wed Nov 27 12:28:51 2013
                                      5 ;--------------------------------------------------------
                                      6 	.module _strncmp
                                      7 	
                                      8 ;--------------------------------------------------------
                                      9 ; Public variables in this module
                                     10 ;--------------------------------------------------------
                                     11 	.globl _strncmp
                                     12 ;--------------------------------------------------------
                                     13 ; ram data
                                     14 ;--------------------------------------------------------
                                     15 	.area DATA
                                     16 ;--------------------------------------------------------
                                     17 ; ram data
                                     18 ;--------------------------------------------------------
                                     19 	.area INITIALIZED
                                     20 ;--------------------------------------------------------
                                     21 ; absolute external ram data
                                     22 ;--------------------------------------------------------
                                     23 	.area DABS (ABS)
                                     24 ;--------------------------------------------------------
                                     25 ; global & static initialisations
                                     26 ;--------------------------------------------------------
                                     27 	.area HOME
                                     28 	.area GSINIT
                                     29 	.area GSFINAL
                                     30 	.area GSINIT
                                     31 ;--------------------------------------------------------
                                     32 ; Home
                                     33 ;--------------------------------------------------------
                                     34 	.area HOME
                                     35 	.area HOME
                                     36 ;--------------------------------------------------------
                                     37 ; code
                                     38 ;--------------------------------------------------------
                                     39 	.area CODE
                                     40 ;	../_strncmp.c: 31: int strncmp (
                                     41 ;	-----------------------------------------
                                     42 ;	 function strncmp
                                     43 ;	-----------------------------------------
      000000                         44 _strncmp:
      000000 52 07            [ 2]   45 	sub	sp, #7
                                     46 ;	../_strncmp.c: 37: if (!count)
      000002 1E 0E            [ 2]   47 	ldw	x, (0x0e, sp)
      000004 26 03            [ 1]   48 	jrne	00114$
                                     49 ;	../_strncmp.c: 38: return(0);
      000006 5F               [ 1]   50 	clrw	x
      000007 20 43            [ 2]   51 	jra	00108$
                                     52 ;	../_strncmp.c: 40: while (--count && *first && *first == *last) {
      000009                         53 00114$:
      000009 16 0A            [ 2]   54 	ldw	y, (0x0a, sp)
      00000B 17 06            [ 2]   55 	ldw	(0x06, sp), y
      00000D 16 0C            [ 2]   56 	ldw	y, (0x0c, sp)
      00000F 17 01            [ 2]   57 	ldw	(0x01, sp), y
      000011 16 0E            [ 2]   58 	ldw	y, (0x0e, sp)
      000013                         59 00105$:
      000013 90 5A            [ 2]   60 	decw	y
      000015 1E 06            [ 2]   61 	ldw	x, (0x06, sp)
      000017 F6               [ 1]   62 	ld	a, (x)
      000018 1E 01            [ 2]   63 	ldw	x, (0x01, sp)
      00001A 88               [ 1]   64 	push	a
      00001B F6               [ 1]   65 	ld	a, (x)
      00001C 6B 06            [ 1]   66 	ld	(0x06, sp), a
      00001E 84               [ 1]   67 	pop	a
      00001F 90 5D            [ 2]   68 	tnzw	y
      000021 27 13            [ 1]   69 	jreq	00107$
      000023 4D               [ 1]   70 	tnz	a
      000024 27 10            [ 1]   71 	jreq	00107$
      000026 11 05            [ 1]   72 	cp	a, (0x05, sp)
      000028 26 0C            [ 1]   73 	jrne	00107$
                                     74 ;	../_strncmp.c: 41: first++;
      00002A 1E 06            [ 2]   75 	ldw	x, (0x06, sp)
      00002C 5C               [ 2]   76 	incw	x
      00002D 1F 06            [ 2]   77 	ldw	(0x06, sp), x
                                     78 ;	../_strncmp.c: 42: last++;
      00002F 1E 01            [ 2]   79 	ldw	x, (0x01, sp)
      000031 5C               [ 2]   80 	incw	x
      000032 1F 01            [ 2]   81 	ldw	(0x01, sp), x
      000034 20 DD            [ 2]   82 	jra	00105$
      000036                         83 00107$:
                                     84 ;	../_strncmp.c: 45: return( *first - *last );
      000036 97               [ 1]   85 	ld	xl, a
      000037 9F               [ 1]   86 	ld	a, xl
      000038 49               [ 1]   87 	rlc	a
      000039 4F               [ 1]   88 	clr	a
      00003A A2 00            [ 1]   89 	sbc	a, #0x00
      00003C 95               [ 1]   90 	ld	xh, a
      00003D 7B 05            [ 1]   91 	ld	a, (0x05, sp)
      00003F 6B 04            [ 1]   92 	ld	(0x04, sp), a
      000041 7B 04            [ 1]   93 	ld	a, (0x04, sp)
      000043 49               [ 1]   94 	rlc	a
      000044 4F               [ 1]   95 	clr	a
      000045 A2 00            [ 1]   96 	sbc	a, #0x00
      000047 6B 03            [ 1]   97 	ld	(0x03, sp), a
      000049 72 F0 03         [ 2]   98 	subw	x, (0x03, sp)
      00004C                         99 00108$:
      00004C 5B 07            [ 2]  100 	addw	sp, #7
      00004E 81               [ 4]  101 	ret
                                    102 	.area CODE
                                    103 	.area INITIALIZER
                                    104 	.area CABS (ABS)
