                                      1 ;--------------------------------------------------------
                                      2 ; File Created by SDCC : free open source ANSI-C Compiler
                                      3 ; Version 3.3.1 #8898 (Nov 27 2013) (Linux)
                                      4 ; This file was generated Wed Nov 27 12:29:01 2013
                                      5 ;--------------------------------------------------------
                                      6 	.module _strlen
                                      7 	
                                      8 ;--------------------------------------------------------
                                      9 ; Public variables in this module
                                     10 ;--------------------------------------------------------
                                     11 	.globl _strlen
                                     12 ;--------------------------------------------------------
                                     13 ; ram data
                                     14 ;--------------------------------------------------------
                                     15 	.area DATA
                                     16 ;--------------------------------------------------------
                                     17 ; ram data
                                     18 ;--------------------------------------------------------
                                     19 	.area INITIALIZED
                                     20 ;--------------------------------------------------------
                                     21 ; absolute external ram data
                                     22 ;--------------------------------------------------------
                                     23 	.area DABS (ABS)
                                     24 ;--------------------------------------------------------
                                     25 ; global & static initialisations
                                     26 ;--------------------------------------------------------
                                     27 	.area HOME
                                     28 	.area GSINIT
                                     29 	.area GSFINAL
                                     30 	.area GSINIT
                                     31 ;--------------------------------------------------------
                                     32 ; Home
                                     33 ;--------------------------------------------------------
                                     34 	.area HOME
                                     35 	.area HOME
                                     36 ;--------------------------------------------------------
                                     37 ; code
                                     38 ;--------------------------------------------------------
                                     39 	.area CODE
                                     40 ;	../_strlen.c: 35: size_t strlen ( const char * str )
                                     41 ;	-----------------------------------------
                                     42 ;	 function strlen
                                     43 ;	-----------------------------------------
      000000                         44 _strlen:
                                     45 ;	../_strlen.c: 39: while (*str++)
      000000 5F               [ 1]   46 	clrw	x
      000001 16 03            [ 2]   47 	ldw	y, (0x03, sp)
      000003                         48 00101$:
      000003 90 F6            [ 1]   49 	ld	a, (y)
      000005 90 5C            [ 2]   50 	incw	y
      000007 4D               [ 1]   51 	tnz	a
      000008 27 03            [ 1]   52 	jreq	00103$
                                     53 ;	../_strlen.c: 40: i++ ;
      00000A 5C               [ 2]   54 	incw	x
      00000B 20 F6            [ 2]   55 	jra	00101$
      00000D                         56 00103$:
                                     57 ;	../_strlen.c: 42: return i;
      00000D 81               [ 4]   58 	ret
                                     59 	.area CODE
                                     60 	.area INITIALIZER
                                     61 	.area CABS (ABS)
