                                      1 ;--------------------------------------------------------
                                      2 ; File Created by SDCC : free open source ANSI-C Compiler
                                      3 ; Version 3.3.1 #8898 (Nov 27 2013) (Linux)
                                      4 ; This file was generated Wed Nov 27 12:28:32 2013
                                      5 ;--------------------------------------------------------
                                      6 	.module _uint2fs
                                      7 	
                                      8 ;--------------------------------------------------------
                                      9 ; Public variables in this module
                                     10 ;--------------------------------------------------------
                                     11 	.globl ___ulong2fs
                                     12 	.globl ___uint2fs
                                     13 ;--------------------------------------------------------
                                     14 ; ram data
                                     15 ;--------------------------------------------------------
                                     16 	.area DATA
                                     17 ;--------------------------------------------------------
                                     18 ; ram data
                                     19 ;--------------------------------------------------------
                                     20 	.area INITIALIZED
                                     21 ;--------------------------------------------------------
                                     22 ; absolute external ram data
                                     23 ;--------------------------------------------------------
                                     24 	.area DABS (ABS)
                                     25 ;--------------------------------------------------------
                                     26 ; global & static initialisations
                                     27 ;--------------------------------------------------------
                                     28 	.area HOME
                                     29 	.area GSINIT
                                     30 	.area GSFINAL
                                     31 	.area GSINIT
                                     32 ;--------------------------------------------------------
                                     33 ; Home
                                     34 ;--------------------------------------------------------
                                     35 	.area HOME
                                     36 	.area HOME
                                     37 ;--------------------------------------------------------
                                     38 ; code
                                     39 ;--------------------------------------------------------
                                     40 	.area CODE
                                     41 ;	../_uint2fs.c: 54: float __uint2fs (unsigned int ui) {
                                     42 ;	-----------------------------------------
                                     43 ;	 function __uint2fs
                                     44 ;	-----------------------------------------
      000000                         45 ___uint2fs:
                                     46 ;	../_uint2fs.c: 55: return __ulong2fs(ui);
      000000 16 03            [ 2]   47 	ldw	y, (0x03, sp)
      000002 5F               [ 1]   48 	clrw	x
      000003 90 89            [ 2]   49 	pushw	y
      000005 89               [ 2]   50 	pushw	x
      000006 CDr00r00         [ 4]   51 	call	___ulong2fs
      000009 5B 04            [ 2]   52 	addw	sp, #4
      00000B 81               [ 4]   53 	ret
                                     54 	.area CODE
                                     55 	.area INITIALIZER
                                     56 	.area CABS (ABS)
