                                      1 ;--------------------------------------------------------
                                      2 ; File Created by SDCC : free open source ANSI-C Compiler
                                      3 ; Version 3.3.1 #8898 (Nov 27 2013) (Linux)
                                      4 ; This file was generated Wed Nov 27 12:28:38 2013
                                      5 ;--------------------------------------------------------
                                      6 	.module frexpf
                                      7 	
                                      8 ;--------------------------------------------------------
                                      9 ; Public variables in this module
                                     10 ;--------------------------------------------------------
                                     11 	.globl _frexpf
                                     12 ;--------------------------------------------------------
                                     13 ; ram data
                                     14 ;--------------------------------------------------------
                                     15 	.area DATA
                                     16 ;--------------------------------------------------------
                                     17 ; ram data
                                     18 ;--------------------------------------------------------
                                     19 	.area INITIALIZED
                                     20 ;--------------------------------------------------------
                                     21 ; absolute external ram data
                                     22 ;--------------------------------------------------------
                                     23 	.area DABS (ABS)
                                     24 ;--------------------------------------------------------
                                     25 ; global & static initialisations
                                     26 ;--------------------------------------------------------
                                     27 	.area HOME
                                     28 	.area GSINIT
                                     29 	.area GSFINAL
                                     30 	.area GSINIT
                                     31 ;--------------------------------------------------------
                                     32 ; Home
                                     33 ;--------------------------------------------------------
                                     34 	.area HOME
                                     35 	.area HOME
                                     36 ;--------------------------------------------------------
                                     37 ; code
                                     38 ;--------------------------------------------------------
                                     39 	.area CODE
                                     40 ;	../frexpf.c: 34: float frexpf(const float x, int *pw2)
                                     41 ;	-----------------------------------------
                                     42 ;	 function frexpf
                                     43 ;	-----------------------------------------
      000000                         44 _frexpf:
      000000 52 12            [ 2]   45 	sub	sp, #18
                                     46 ;	../frexpf.c: 39: fl.f=x;
      000002 96               [ 1]   47 	ldw	x, sp
      000003 1C 00 05         [ 2]   48 	addw	x, #5
      000006 16 17            [ 2]   49 	ldw	y, (0x17, sp)
      000008 EF 02            [ 2]   50 	ldw	(0x2, x), y
      00000A 16 15            [ 2]   51 	ldw	y, (0x15, sp)
      00000C FF               [ 2]   52 	ldw	(x), y
                                     53 ;	../frexpf.c: 41: i  = ( fl.l >> 23) & 0x000000ff;
      00000D 96               [ 1]   54 	ldw	x, sp
      00000E 1C 00 05         [ 2]   55 	addw	x, #5
      000011 1F 11            [ 2]   56 	ldw	(0x11, sp), x
      000013 1E 11            [ 2]   57 	ldw	x, (0x11, sp)
      000015 E6 03            [ 1]   58 	ld	a, (0x3, x)
      000017 90 97            [ 1]   59 	ld	yl, a
      000019 E6 02            [ 1]   60 	ld	a, (0x2, x)
      00001B 90 95            [ 1]   61 	ld	yh, a
      00001D FE               [ 2]   62 	ldw	x, (x)
      00001E A6 17            [ 1]   63 	ld	a, #0x17
      000020 4D               [ 1]   64 	tnz	a
      000021 27 06            [ 1]   65 	jreq	00104$
      000023                         66 00103$:
      000023 57               [ 2]   67 	sraw	x
      000024 90 56            [ 2]   68 	rrcw	y
      000026 4A               [ 1]   69 	dec	a
      000027 26 FA            [ 1]   70 	jrne	00103$
      000029                         71 00104$:
      000029 4F               [ 1]   72 	clr	a
      00002A 90 95            [ 1]   73 	ld	yh, a
      00002C 4F               [ 1]   74 	clr	a
      00002D 97               [ 1]   75 	ld	xl, a
      00002E 4F               [ 1]   76 	clr	a
                                     77 ;	../frexpf.c: 42: i -= 0x7e;
      00002F 72 A2 00 7E      [ 2]   78 	subw	y, #0x007e
      000033 88               [ 1]   79 	push	a
      000034 9F               [ 1]   80 	ld	a, xl
      000035 A2 00            [ 1]   81 	sbc	a, #0x00
      000037 97               [ 1]   82 	ld	xl, a
      000038 7B 01            [ 1]   83 	ld	a, (1, sp)
      00003A A2 00            [ 1]   84 	sbc	a, #0x00
      00003C 95               [ 1]   85 	ld	xh, a
      00003D 84               [ 1]   86 	pop	a
      00003E 1F 01            [ 2]   87 	ldw	(0x01, sp), x
                                     88 ;	../frexpf.c: 43: *pw2 = i;
      000040 1E 19            [ 2]   89 	ldw	x, (0x19, sp)
      000042 FF               [ 2]   90 	ldw	(x), y
                                     91 ;	../frexpf.c: 44: fl.l &= 0x807fffff; /* strip all exponent bits */
      000043 1E 11            [ 2]   92 	ldw	x, (0x11, sp)
      000045 E6 03            [ 1]   93 	ld	a, (0x3, x)
      000047 90 97            [ 1]   94 	ld	yl, a
      000049 E6 02            [ 1]   95 	ld	a, (0x2, x)
      00004B FE               [ 2]   96 	ldw	x, (x)
      00004C 90 95            [ 1]   97 	ld	yh, a
      00004E 9F               [ 1]   98 	ld	a, xl
      00004F A4 7F            [ 1]   99 	and	a, #0x7f
      000051 6B 0E            [ 1]  100 	ld	(0x0e, sp), a
      000053 9E               [ 1]  101 	ld	a, xh
      000054 A4 80            [ 1]  102 	and	a, #0x80
      000056 6B 0D            [ 1]  103 	ld	(0x0d, sp), a
      000058 1E 11            [ 2]  104 	ldw	x, (0x11, sp)
      00005A EF 02            [ 2]  105 	ldw	(0x2, x), y
      00005C 16 0D            [ 2]  106 	ldw	y, (0x0d, sp)
      00005E FF               [ 2]  107 	ldw	(x), y
                                    108 ;	../frexpf.c: 45: fl.l |= 0x3f000000; /* mantissa between 0.5 and 1 */
      00005F 1E 11            [ 2]  109 	ldw	x, (0x11, sp)
      000061 E6 03            [ 1]  110 	ld	a, (0x3, x)
      000063 90 97            [ 1]  111 	ld	yl, a
      000065 E6 02            [ 1]  112 	ld	a, (0x2, x)
      000067 90 95            [ 1]  113 	ld	yh, a
      000069 FE               [ 2]  114 	ldw	x, (x)
      00006A 9F               [ 1]  115 	ld	a, xl
      00006B 6B 0A            [ 1]  116 	ld	(0x0a, sp), a
      00006D 9E               [ 1]  117 	ld	a, xh
      00006E AA 3F            [ 1]  118 	or	a, #0x3f
      000070 6B 09            [ 1]  119 	ld	(0x09, sp), a
      000072 1E 11            [ 2]  120 	ldw	x, (0x11, sp)
      000074 EF 02            [ 2]  121 	ldw	(0x2, x), y
      000076 16 09            [ 2]  122 	ldw	y, (0x09, sp)
      000078 FF               [ 2]  123 	ldw	(x), y
                                    124 ;	../frexpf.c: 46: return(fl.f);
      000079 96               [ 1]  125 	ldw	x, sp
      00007A 1C 00 05         [ 2]  126 	addw	x, #5
      00007D E6 03            [ 1]  127 	ld	a, (0x3, x)
      00007F 90 97            [ 1]  128 	ld	yl, a
      000081 E6 02            [ 1]  129 	ld	a, (0x2, x)
      000083 90 95            [ 1]  130 	ld	yh, a
      000085 FE               [ 2]  131 	ldw	x, (x)
      000086 51               [ 1]  132 	exgw	x, y
      000087 5B 12            [ 2]  133 	addw	sp, #18
      000089 81               [ 4]  134 	ret
                                    135 	.area CODE
                                    136 	.area INITIALIZER
                                    137 	.area CABS (ABS)
