                                      1 ;--------------------------------------------------------
                                      2 ; File Created by SDCC : free open source ANSI-C Compiler
                                      3 ; Version 3.3.1 #8898 (Nov 27 2013) (Linux)
                                      4 ; This file was generated Wed Nov 27 12:28:50 2013
                                      5 ;--------------------------------------------------------
                                      6 	.module labs
                                      7 	
                                      8 ;--------------------------------------------------------
                                      9 ; Public variables in this module
                                     10 ;--------------------------------------------------------
                                     11 	.globl _labs
                                     12 ;--------------------------------------------------------
                                     13 ; ram data
                                     14 ;--------------------------------------------------------
                                     15 	.area DATA
                                     16 ;--------------------------------------------------------
                                     17 ; ram data
                                     18 ;--------------------------------------------------------
                                     19 	.area INITIALIZED
                                     20 ;--------------------------------------------------------
                                     21 ; absolute external ram data
                                     22 ;--------------------------------------------------------
                                     23 	.area DABS (ABS)
                                     24 ;--------------------------------------------------------
                                     25 ; global & static initialisations
                                     26 ;--------------------------------------------------------
                                     27 	.area HOME
                                     28 	.area GSINIT
                                     29 	.area GSFINAL
                                     30 	.area GSINIT
                                     31 ;--------------------------------------------------------
                                     32 ; Home
                                     33 ;--------------------------------------------------------
                                     34 	.area HOME
                                     35 	.area HOME
                                     36 ;--------------------------------------------------------
                                     37 ; code
                                     38 ;--------------------------------------------------------
                                     39 	.area CODE
                                     40 ;	../labs.c: 63: long int labs(long int j)
                                     41 ;	-----------------------------------------
                                     42 ;	 function labs
                                     43 ;	-----------------------------------------
      000000                         44 _labs:
                                     45 ;	../labs.c: 65: return (j < 0) ? -j : j;
      000000 1E 05            [ 2]   46 	ldw	x, (0x05, sp)
      000002 A3 00 00         [ 2]   47 	cpw	x, #0x0000
      000005 7B 04            [ 1]   48 	ld	a, (0x04, sp)
      000007 A2 00            [ 1]   49 	sbc	a, #0x00
      000009 7B 03            [ 1]   50 	ld	a, (0x03, sp)
      00000B A2 00            [ 1]   51 	sbc	a, #0x00
      00000D 2E 0E            [ 1]   52 	jrsge	00103$
      00000F 16 05            [ 2]   53 	ldw	y, (0x05, sp)
      000011 90 50            [ 2]   54 	negw	y
      000013 4F               [ 1]   55 	clr	a
      000014 12 04            [ 1]   56 	sbc	a, (0x04, sp)
      000016 97               [ 1]   57 	ld	xl, a
      000017 4F               [ 1]   58 	clr	a
      000018 12 03            [ 1]   59 	sbc	a, (0x03, sp)
      00001A 95               [ 1]   60 	ld	xh, a
      00001B 20 04            [ 2]   61 	jra	00104$
      00001D                         62 00103$:
      00001D 16 05            [ 2]   63 	ldw	y, (0x05, sp)
      00001F 1E 03            [ 2]   64 	ldw	x, (0x03, sp)
      000021                         65 00104$:
      000021 51               [ 1]   66 	exgw	x, y
      000022 81               [ 4]   67 	ret
                                     68 	.area CODE
                                     69 	.area INITIALIZER
                                     70 	.area CABS (ABS)
