                                      1 ;--------------------------------------------------------
                                      2 ; File Created by SDCC : free open source ANSI-C Compiler
                                      3 ; Version 3.3.1 #8898 (Nov 27 2013) (Linux)
                                      4 ; This file was generated Wed Nov 27 12:28:45 2013
                                      5 ;--------------------------------------------------------
                                      6 	.module sinhf
                                      7 	
                                      8 ;--------------------------------------------------------
                                      9 ; Public variables in this module
                                     10 ;--------------------------------------------------------
                                     11 	.globl _sincoshf
                                     12 	.globl _sinhf
                                     13 ;--------------------------------------------------------
                                     14 ; ram data
                                     15 ;--------------------------------------------------------
                                     16 	.area DATA
                                     17 ;--------------------------------------------------------
                                     18 ; ram data
                                     19 ;--------------------------------------------------------
                                     20 	.area INITIALIZED
                                     21 ;--------------------------------------------------------
                                     22 ; absolute external ram data
                                     23 ;--------------------------------------------------------
                                     24 	.area DABS (ABS)
                                     25 ;--------------------------------------------------------
                                     26 ; global & static initialisations
                                     27 ;--------------------------------------------------------
                                     28 	.area HOME
                                     29 	.area GSINIT
                                     30 	.area GSFINAL
                                     31 	.area GSINIT
                                     32 ;--------------------------------------------------------
                                     33 ; Home
                                     34 ;--------------------------------------------------------
                                     35 	.area HOME
                                     36 	.area HOME
                                     37 ;--------------------------------------------------------
                                     38 ; code
                                     39 ;--------------------------------------------------------
                                     40 	.area CODE
                                     41 ;	../sinhf.c: 35: float sinhf(const float x) _FLOAT_FUNC_REENTRANT
                                     42 ;	-----------------------------------------
                                     43 ;	 function sinhf
                                     44 ;	-----------------------------------------
      000000                         45 _sinhf:
                                     46 ;	../sinhf.c: 37: return sincoshf(x, 0);
      000000 5F               [ 1]   47 	clrw	x
      000001 89               [ 2]   48 	pushw	x
      000002 1E 07            [ 2]   49 	ldw	x, (0x07, sp)
      000004 89               [ 2]   50 	pushw	x
      000005 1E 07            [ 2]   51 	ldw	x, (0x07, sp)
      000007 89               [ 2]   52 	pushw	x
      000008 CDr00r00         [ 4]   53 	call	_sincoshf
      00000B 5B 06            [ 2]   54 	addw	sp, #6
      00000D 81               [ 4]   55 	ret
                                     56 	.area CODE
                                     57 	.area INITIALIZER
                                     58 	.area CABS (ABS)
