                                      1 ;--------------------------------------------------------
                                      2 ; File Created by SDCC : free open source ANSI-C Compiler
                                      3 ; Version 3.3.1 #8898 (Nov 27 2013) (Linux)
                                      4 ; This file was generated Wed Nov 27 12:28:01 2013
                                      5 ;--------------------------------------------------------
                                      6 	.module _calloc
                                      7 	.optsdcc -mmcs51 --model-huge
                                      8 	
                                      9 ;--------------------------------------------------------
                                     10 ; Public variables in this module
                                     11 ;--------------------------------------------------------
                                     12 	.globl _memset
                                     13 	.globl _malloc
                                     14 	.globl _calloc_PARM_2
                                     15 	.globl _calloc
                                     16 ;--------------------------------------------------------
                                     17 ; special function registers
                                     18 ;--------------------------------------------------------
                                     19 	.area RSEG    (ABS,DATA)
      000000                         20 	.org 0x0000
                                     21 ;--------------------------------------------------------
                                     22 ; special function bits
                                     23 ;--------------------------------------------------------
                                     24 	.area RSEG    (ABS,DATA)
      000000                         25 	.org 0x0000
                                     26 ;--------------------------------------------------------
                                     27 ; overlayable register banks
                                     28 ;--------------------------------------------------------
                                     29 	.area REG_BANK_0	(REL,OVR,DATA)
      000000                         30 	.ds 8
                                     31 ;--------------------------------------------------------
                                     32 ; internal ram data
                                     33 ;--------------------------------------------------------
                                     34 	.area DSEG    (DATA)
                                     35 ;--------------------------------------------------------
                                     36 ; overlayable items in internal ram 
                                     37 ;--------------------------------------------------------
                                     38 ;--------------------------------------------------------
                                     39 ; indirectly addressable internal ram data
                                     40 ;--------------------------------------------------------
                                     41 	.area ISEG    (DATA)
                                     42 ;--------------------------------------------------------
                                     43 ; absolute internal ram data
                                     44 ;--------------------------------------------------------
                                     45 	.area IABS    (ABS,DATA)
                                     46 	.area IABS    (ABS,DATA)
                                     47 ;--------------------------------------------------------
                                     48 ; bit data
                                     49 ;--------------------------------------------------------
                                     50 	.area BSEG    (BIT)
                                     51 ;--------------------------------------------------------
                                     52 ; paged external ram data
                                     53 ;--------------------------------------------------------
                                     54 	.area PSEG    (PAG,XDATA)
                                     55 ;--------------------------------------------------------
                                     56 ; external ram data
                                     57 ;--------------------------------------------------------
                                     58 	.area XSEG    (XDATA)
      000000                         59 _calloc_PARM_2:
      000000                         60 	.ds 2
      000002                         61 _calloc_nmemb_1_25:
      000002                         62 	.ds 2
                                     63 ;--------------------------------------------------------
                                     64 ; absolute external ram data
                                     65 ;--------------------------------------------------------
                                     66 	.area XABS    (ABS,XDATA)
                                     67 ;--------------------------------------------------------
                                     68 ; external initialized ram data
                                     69 ;--------------------------------------------------------
                                     70 	.area XISEG   (XDATA)
                                     71 	.area HOME    (CODE)
                                     72 	.area GSINIT0 (CODE)
                                     73 	.area GSINIT1 (CODE)
                                     74 	.area GSINIT2 (CODE)
                                     75 	.area GSINIT3 (CODE)
                                     76 	.area GSINIT4 (CODE)
                                     77 	.area GSINIT5 (CODE)
                                     78 	.area GSINIT  (CODE)
                                     79 	.area GSFINAL (CODE)
                                     80 	.area CSEG    (CODE)
                                     81 ;--------------------------------------------------------
                                     82 ; global & static initialisations
                                     83 ;--------------------------------------------------------
                                     84 	.area HOME    (CODE)
                                     85 	.area GSINIT  (CODE)
                                     86 	.area GSFINAL (CODE)
                                     87 	.area GSINIT  (CODE)
                                     88 ;--------------------------------------------------------
                                     89 ; Home
                                     90 ;--------------------------------------------------------
                                     91 	.area HOME    (CODE)
                                     92 	.area HOME    (CODE)
                                     93 ;--------------------------------------------------------
                                     94 ; code
                                     95 ;--------------------------------------------------------
                                     96 	.area CSEG    (CODE)
                                     97 ;------------------------------------------------------------
                                     98 ;Allocation info for local variables in function 'calloc'
                                     99 ;------------------------------------------------------------
                                    100 ;size                      Allocated with name '_calloc_PARM_2'
                                    101 ;nmemb                     Allocated with name '_calloc_nmemb_1_25'
                                    102 ;ptr                       Allocated with name '_calloc_ptr_1_26'
                                    103 ;------------------------------------------------------------
                                    104 ;	_calloc.c:70: void __xdata * calloc (size_t nmemb, size_t size)
                                    105 ;	-----------------------------------------
                                    106 ;	 function calloc
                                    107 ;	-----------------------------------------
      000000                        108 _calloc:
                           000007   109 	ar7 = 0x07
                           000006   110 	ar6 = 0x06
                           000005   111 	ar5 = 0x05
                           000004   112 	ar4 = 0x04
                           000003   113 	ar3 = 0x03
                           000002   114 	ar2 = 0x02
                           000001   115 	ar1 = 0x01
                           000000   116 	ar0 = 0x00
      000000 AF 83            [24]  117 	mov	r7,dph
      000002 E5 82            [12]  118 	mov	a,dpl
      000004 90r00r02         [24]  119 	mov	dptr,#_calloc_nmemb_1_25
      000007 F0               [24]  120 	movx	@dptr,a
      000008 EF               [12]  121 	mov	a,r7
      000009 A3               [24]  122 	inc	dptr
      00000A F0               [24]  123 	movx	@dptr,a
                                    124 ;	_calloc.c:74: ptr = malloc(nmemb * size);
      00000B 90r00r00         [24]  125 	mov	dptr,#_calloc_PARM_2
      00000E E0               [24]  126 	movx	a,@dptr
      00000F FE               [12]  127 	mov	r6,a
      000010 A3               [24]  128 	inc	dptr
      000011 E0               [24]  129 	movx	a,@dptr
      000012 FF               [12]  130 	mov	r7,a
      000013 90r00r02         [24]  131 	mov	dptr,#_calloc_nmemb_1_25
      000016 E0               [24]  132 	movx	a,@dptr
      000017 FC               [12]  133 	mov	r4,a
      000018 A3               [24]  134 	inc	dptr
      000019 E0               [24]  135 	movx	a,@dptr
      00001A FD               [12]  136 	mov	r5,a
      00001B 90r00r00         [24]  137 	mov	dptr,#__mulint_PARM_2
      00001E EE               [12]  138 	mov	a,r6
      00001F F0               [24]  139 	movx	@dptr,a
      000020 EF               [12]  140 	mov	a,r7
      000021 A3               [24]  141 	inc	dptr
      000022 F0               [24]  142 	movx	@dptr,a
      000023 8C 82            [24]  143 	mov	dpl,r4
      000025 8D 83            [24]  144 	mov	dph,r5
      000027 12r00r00         [24]  145 	lcall	__mulint
      00002A AE 82            [24]  146 	mov	r6,dpl
      00002C AF 83            [24]  147 	mov  r7,dph
      00002E C0 07            [24]  148 	push	ar7
      000030 C0 06            [24]  149 	push	ar6
      000032 78r00            [12]  150 	mov	r0,#_malloc
      000034 79s00            [12]  151 	mov	r1,#(_malloc >> 8)
      000036 7As00            [12]  152 	mov	r2,#(_malloc >> 16)
      000038 12r00r00         [24]  153 	lcall	__sdcc_banked_call
      00003B AC 82            [24]  154 	mov	r4,dpl
      00003D AD 83            [24]  155 	mov	r5,dph
      00003F D0 06            [24]  156 	pop	ar6
      000041 D0 07            [24]  157 	pop	ar7
                                    158 ;	_calloc.c:75: if (ptr)
      000043 EC               [12]  159 	mov	a,r4
      000044 4D               [12]  160 	orl	a,r5
      000045 60 2C            [24]  161 	jz	00102$
                                    162 ;	_calloc.c:77: memset(ptr, 0, nmemb * size);
      000047 8C 02            [24]  163 	mov	ar2,r4
      000049 8D 03            [24]  164 	mov	ar3,r5
      00004B 8B 01            [24]  165 	mov	ar1,r3
      00004D 7B 00            [12]  166 	mov	r3,#0x00
      00004F 90r00r00         [24]  167 	mov	dptr,#_memset_PARM_2
      000052 E4               [12]  168 	clr	a
      000053 F0               [24]  169 	movx	@dptr,a
      000054 90r00r00         [24]  170 	mov	dptr,#_memset_PARM_3
      000057 EE               [12]  171 	mov	a,r6
      000058 F0               [24]  172 	movx	@dptr,a
      000059 EF               [12]  173 	mov	a,r7
      00005A A3               [24]  174 	inc	dptr
      00005B F0               [24]  175 	movx	@dptr,a
      00005C 8A 82            [24]  176 	mov	dpl,r2
      00005E 89 83            [24]  177 	mov	dph,r1
      000060 8B F0            [24]  178 	mov	b,r3
      000062 C0 05            [24]  179 	push	ar5
      000064 C0 04            [24]  180 	push	ar4
      000066 78r00            [12]  181 	mov	r0,#_memset
      000068 79s00            [12]  182 	mov	r1,#(_memset >> 8)
      00006A 7As00            [12]  183 	mov	r2,#(_memset >> 16)
      00006C 12r00r00         [24]  184 	lcall	__sdcc_banked_call
      00006F D0 04            [24]  185 	pop	ar4
      000071 D0 05            [24]  186 	pop	ar5
      000073                        187 00102$:
                                    188 ;	_calloc.c:79: return ptr;
      000073 8C 82            [24]  189 	mov	dpl,r4
      000075 8D 83            [24]  190 	mov	dph,r5
      000077 02r00r00         [24]  191 	ljmp	__sdcc_banked_ret
                                    192 	.area CSEG    (CODE)
                                    193 	.area CONST   (CODE)
                                    194 	.area XINIT   (CODE)
                                    195 	.area CABS    (ABS,CODE)
