                                      1 ;--------------------------------------------------------
                                      2 ; File Created by SDCC : free open source ANSI-C Compiler
                                      3 ; Version 3.3.1 #8898 (Nov 27 2013) (Linux)
                                      4 ; This file was generated Wed Nov 27 12:28:00 2013
                                      5 ;--------------------------------------------------------
                                      6 	.module _modsint
                                      7 	.optsdcc -mmcs51 --model-huge
                                      8 	
                                      9 ;--------------------------------------------------------
                                     10 ; Public variables in this module
                                     11 ;--------------------------------------------------------
                                     12 	.globl __modsint_PARM_2
                                     13 	.globl __modsint
                                     14 ;--------------------------------------------------------
                                     15 ; special function registers
                                     16 ;--------------------------------------------------------
                                     17 	.area RSEG    (ABS,DATA)
      000000                         18 	.org 0x0000
                                     19 ;--------------------------------------------------------
                                     20 ; special function bits
                                     21 ;--------------------------------------------------------
                                     22 	.area RSEG    (ABS,DATA)
      000000                         23 	.org 0x0000
                                     24 ;--------------------------------------------------------
                                     25 ; overlayable register banks
                                     26 ;--------------------------------------------------------
                                     27 	.area REG_BANK_0	(REL,OVR,DATA)
      000000                         28 	.ds 8
                                     29 ;--------------------------------------------------------
                                     30 ; internal ram data
                                     31 ;--------------------------------------------------------
                                     32 	.area DSEG    (DATA)
                                     33 ;--------------------------------------------------------
                                     34 ; overlayable items in internal ram 
                                     35 ;--------------------------------------------------------
                                     36 ;--------------------------------------------------------
                                     37 ; indirectly addressable internal ram data
                                     38 ;--------------------------------------------------------
                                     39 	.area ISEG    (DATA)
                                     40 ;--------------------------------------------------------
                                     41 ; absolute internal ram data
                                     42 ;--------------------------------------------------------
                                     43 	.area IABS    (ABS,DATA)
                                     44 	.area IABS    (ABS,DATA)
                                     45 ;--------------------------------------------------------
                                     46 ; bit data
                                     47 ;--------------------------------------------------------
                                     48 	.area BSEG    (BIT)
                                     49 ;--------------------------------------------------------
                                     50 ; paged external ram data
                                     51 ;--------------------------------------------------------
                                     52 	.area PSEG    (PAG,XDATA)
                                     53 ;--------------------------------------------------------
                                     54 ; external ram data
                                     55 ;--------------------------------------------------------
                                     56 	.area XSEG    (XDATA)
      000000                         57 __modsint_PARM_2:
      000000                         58 	.ds 2
      000002                         59 __modsint_a_1_1:
      000002                         60 	.ds 2
                                     61 ;--------------------------------------------------------
                                     62 ; absolute external ram data
                                     63 ;--------------------------------------------------------
                                     64 	.area XABS    (ABS,XDATA)
                                     65 ;--------------------------------------------------------
                                     66 ; external initialized ram data
                                     67 ;--------------------------------------------------------
                                     68 	.area XISEG   (XDATA)
                                     69 	.area HOME    (CODE)
                                     70 	.area GSINIT0 (CODE)
                                     71 	.area GSINIT1 (CODE)
                                     72 	.area GSINIT2 (CODE)
                                     73 	.area GSINIT3 (CODE)
                                     74 	.area GSINIT4 (CODE)
                                     75 	.area GSINIT5 (CODE)
                                     76 	.area GSINIT  (CODE)
                                     77 	.area GSFINAL (CODE)
                                     78 	.area CSEG    (CODE)
                                     79 ;--------------------------------------------------------
                                     80 ; global & static initialisations
                                     81 ;--------------------------------------------------------
                                     82 	.area HOME    (CODE)
                                     83 	.area GSINIT  (CODE)
                                     84 	.area GSFINAL (CODE)
                                     85 	.area GSINIT  (CODE)
                                     86 ;--------------------------------------------------------
                                     87 ; Home
                                     88 ;--------------------------------------------------------
                                     89 	.area HOME    (CODE)
                                     90 	.area HOME    (CODE)
                                     91 ;--------------------------------------------------------
                                     92 ; code
                                     93 ;--------------------------------------------------------
                                     94 	.area CSEG    (CODE)
                                     95 ;------------------------------------------------------------
                                     96 ;Allocation info for local variables in function '_modsint'
                                     97 ;------------------------------------------------------------
                                     98 ;r                         Allocated to registers r6 r7 
                                     99 ;b                         Allocated with name '__modsint_PARM_2'
                                    100 ;a                         Allocated with name '__modsint_a_1_1'
                                    101 ;------------------------------------------------------------
                                    102 ;	_modsint.c:203: int _modsint (int a, int b)
                                    103 ;	-----------------------------------------
                                    104 ;	 function _modsint
                                    105 ;	-----------------------------------------
      000000                        106 __modsint:
                           000007   107 	ar7 = 0x07
                           000006   108 	ar6 = 0x06
                           000005   109 	ar5 = 0x05
                           000004   110 	ar4 = 0x04
                           000003   111 	ar3 = 0x03
                           000002   112 	ar2 = 0x02
                           000001   113 	ar1 = 0x01
                           000000   114 	ar0 = 0x00
      000000 AF 83            [24]  115 	mov	r7,dph
      000002 E5 82            [12]  116 	mov	a,dpl
      000004 90r00r02         [24]  117 	mov	dptr,#__modsint_a_1_1
      000007 F0               [24]  118 	movx	@dptr,a
      000008 EF               [12]  119 	mov	a,r7
      000009 A3               [24]  120 	inc	dptr
      00000A F0               [24]  121 	movx	@dptr,a
                                    122 ;	_modsint.c:207: r = (unsigned)(a < 0 ? -a : a) % (unsigned)(b < 0 ? -b : b);
      00000B 90r00r02         [24]  123 	mov	dptr,#__modsint_a_1_1
      00000E E0               [24]  124 	movx	a,@dptr
      00000F FE               [12]  125 	mov	r6,a
      000010 A3               [24]  126 	inc	dptr
      000011 E0               [24]  127 	movx	a,@dptr
      000012 FF               [12]  128 	mov	r7,a
      000013 33               [12]  129 	rlc	a
      000014 E4               [12]  130 	clr	a
      000015 33               [12]  131 	rlc	a
      000016 FD               [12]  132 	mov	r5,a
      000017 60 09            [24]  133 	jz	00106$
      000019 C3               [12]  134 	clr	c
      00001A E4               [12]  135 	clr	a
      00001B 9E               [12]  136 	subb	a,r6
      00001C FB               [12]  137 	mov	r3,a
      00001D E4               [12]  138 	clr	a
      00001E 9F               [12]  139 	subb	a,r7
      00001F FC               [12]  140 	mov	r4,a
      000020 80 04            [24]  141 	sjmp	00107$
      000022                        142 00106$:
      000022 8E 03            [24]  143 	mov	ar3,r6
      000024 8F 04            [24]  144 	mov	ar4,r7
      000026                        145 00107$:
      000026 90r00r00         [24]  146 	mov	dptr,#__modsint_PARM_2
      000029 E0               [24]  147 	movx	a,@dptr
      00002A FE               [12]  148 	mov	r6,a
      00002B A3               [24]  149 	inc	dptr
      00002C E0               [24]  150 	movx	a,@dptr
      00002D FF               [12]  151 	mov	r7,a
      00002E 30 E7 09         [24]  152 	jnb	acc.7,00108$
      000031 C3               [12]  153 	clr	c
      000032 E4               [12]  154 	clr	a
      000033 9E               [12]  155 	subb	a,r6
      000034 F9               [12]  156 	mov	r1,a
      000035 E4               [12]  157 	clr	a
      000036 9F               [12]  158 	subb	a,r7
      000037 FA               [12]  159 	mov	r2,a
      000038 80 04            [24]  160 	sjmp	00109$
      00003A                        161 00108$:
      00003A 8E 01            [24]  162 	mov	ar1,r6
      00003C 8F 02            [24]  163 	mov	ar2,r7
      00003E                        164 00109$:
      00003E 90r00r00         [24]  165 	mov	dptr,#__moduint_PARM_2
      000041 E9               [12]  166 	mov	a,r1
      000042 F0               [24]  167 	movx	@dptr,a
      000043 EA               [12]  168 	mov	a,r2
      000044 A3               [24]  169 	inc	dptr
      000045 F0               [24]  170 	movx	@dptr,a
      000046 8B 82            [24]  171 	mov	dpl,r3
      000048 8C 83            [24]  172 	mov	dph,r4
      00004A C0 05            [24]  173 	push	ar5
      00004C 12r00r00         [24]  174 	lcall	__moduint
      00004F AE 82            [24]  175 	mov	r6,dpl
      000051 AF 83            [24]  176 	mov	r7,dph
      000053 D0 05            [24]  177 	pop	ar5
                                    178 ;	_modsint.c:209: if (a < 0)
      000055 ED               [12]  179 	mov	a,r5
      000056 60 0C            [24]  180 	jz	00102$
                                    181 ;	_modsint.c:210: return -r;
      000058 C3               [12]  182 	clr	c
      000059 E4               [12]  183 	clr	a
      00005A 9E               [12]  184 	subb	a,r6
      00005B FC               [12]  185 	mov	r4,a
      00005C E4               [12]  186 	clr	a
      00005D 9F               [12]  187 	subb	a,r7
      00005E FD               [12]  188 	mov	r5,a
      00005F 8C 82            [24]  189 	mov	dpl,r4
      000061 8D 83            [24]  190 	mov	dph,r5
      000063 22               [24]  191 	ret
      000064                        192 00102$:
                                    193 ;	_modsint.c:212: return r;
      000064 8E 82            [24]  194 	mov	dpl,r6
      000066 8F 83            [24]  195 	mov	dph,r7
      000068 22               [24]  196 	ret
                                    197 	.area CSEG    (CODE)
                                    198 	.area CONST   (CODE)
                                    199 	.area XINIT   (CODE)
                                    200 	.area CABS    (ABS,CODE)
