                                      1 ;--------------------------------------------------------
                                      2 ; File Created by SDCC : free open source ANSI-C Compiler
                                      3 ; Version 3.3.1 #8898 (Nov 27 2013) (Linux)
                                      4 ; This file was generated Wed Nov 27 12:28:02 2013
                                      5 ;--------------------------------------------------------
                                      6 	.module _startup
                                      7 	.optsdcc -mmcs51 --model-huge
                                      8 	
                                      9 ;--------------------------------------------------------
                                     10 ; Public variables in this module
                                     11 ;--------------------------------------------------------
                                     12 	.globl __sdcc_external_startup
                                     13 ;--------------------------------------------------------
                                     14 ; special function registers
                                     15 ;--------------------------------------------------------
                                     16 	.area RSEG    (ABS,DATA)
      000000                         17 	.org 0x0000
                                     18 ;--------------------------------------------------------
                                     19 ; special function bits
                                     20 ;--------------------------------------------------------
                                     21 	.area RSEG    (ABS,DATA)
      000000                         22 	.org 0x0000
                                     23 ;--------------------------------------------------------
                                     24 ; overlayable register banks
                                     25 ;--------------------------------------------------------
                                     26 	.area REG_BANK_0	(REL,OVR,DATA)
      000000                         27 	.ds 8
                                     28 ;--------------------------------------------------------
                                     29 ; internal ram data
                                     30 ;--------------------------------------------------------
                                     31 	.area DSEG    (DATA)
                                     32 ;--------------------------------------------------------
                                     33 ; overlayable items in internal ram 
                                     34 ;--------------------------------------------------------
                                     35 ;--------------------------------------------------------
                                     36 ; indirectly addressable internal ram data
                                     37 ;--------------------------------------------------------
                                     38 	.area ISEG    (DATA)
                                     39 ;--------------------------------------------------------
                                     40 ; absolute internal ram data
                                     41 ;--------------------------------------------------------
                                     42 	.area IABS    (ABS,DATA)
                                     43 	.area IABS    (ABS,DATA)
                                     44 ;--------------------------------------------------------
                                     45 ; bit data
                                     46 ;--------------------------------------------------------
                                     47 	.area BSEG    (BIT)
                                     48 ;--------------------------------------------------------
                                     49 ; paged external ram data
                                     50 ;--------------------------------------------------------
                                     51 	.area PSEG    (PAG,XDATA)
                                     52 ;--------------------------------------------------------
                                     53 ; external ram data
                                     54 ;--------------------------------------------------------
                                     55 	.area XSEG    (XDATA)
                                     56 ;--------------------------------------------------------
                                     57 ; absolute external ram data
                                     58 ;--------------------------------------------------------
                                     59 	.area XABS    (ABS,XDATA)
                                     60 ;--------------------------------------------------------
                                     61 ; external initialized ram data
                                     62 ;--------------------------------------------------------
                                     63 	.area XISEG   (XDATA)
                                     64 	.area HOME    (CODE)
                                     65 	.area GSINIT0 (CODE)
                                     66 	.area GSINIT1 (CODE)
                                     67 	.area GSINIT2 (CODE)
                                     68 	.area GSINIT3 (CODE)
                                     69 	.area GSINIT4 (CODE)
                                     70 	.area GSINIT5 (CODE)
                                     71 	.area GSINIT  (CODE)
                                     72 	.area GSFINAL (CODE)
                                     73 	.area CSEG    (CODE)
                                     74 ;--------------------------------------------------------
                                     75 ; global & static initialisations
                                     76 ;--------------------------------------------------------
                                     77 	.area HOME    (CODE)
                                     78 	.area GSINIT  (CODE)
                                     79 	.area GSFINAL (CODE)
                                     80 	.area GSINIT  (CODE)
                                     81 ;--------------------------------------------------------
                                     82 ; Home
                                     83 ;--------------------------------------------------------
                                     84 	.area HOME    (CODE)
                                     85 	.area HOME    (CODE)
                                     86 ;--------------------------------------------------------
                                     87 ; code
                                     88 ;--------------------------------------------------------
                                     89 	.area CSEG    (CODE)
                                     90 ;------------------------------------------------------------
                                     91 ;Allocation info for local variables in function '_sdcc_external_startup'
                                     92 ;------------------------------------------------------------
                                     93 ;	_startup.c:45: unsigned char _sdcc_external_startup (void) __nonbanked
                                     94 ;	-----------------------------------------
                                     95 ;	 function _sdcc_external_startup
                                     96 ;	-----------------------------------------
      000000                         97 __sdcc_external_startup:
                           000007    98 	ar7 = 0x07
                           000006    99 	ar6 = 0x06
                           000005   100 	ar5 = 0x05
                           000004   101 	ar4 = 0x04
                           000003   102 	ar3 = 0x03
                           000002   103 	ar2 = 0x02
                           000001   104 	ar1 = 0x01
                           000000   105 	ar0 = 0x00
                                    106 ;	_startup.c:47: return 0;
      000000 75 82 00         [24]  107 	mov	dpl,#0x00
      000003 22               [24]  108 	ret
                                    109 	.area CSEG    (CODE)
                                    110 	.area CONST   (CODE)
                                    111 	.area XINIT   (CODE)
                                    112 	.area CABS    (ABS,CODE)
